{"timestamp":"2025-07-13T16:20:58.869042","level":"info","event":"DAG bundles loaded: dags-folder, example_dags","logger":"airflow.dag_processing.bundles.manager.DagBundlesManager"}
{"timestamp":"2025-07-13T16:20:58.869859","level":"info","event":"Filling up the DagBag from /opt/airflow/dags/dag_analisis.py","logger":"airflow.models.dagbag.DagBag"}
{"timestamp":"2025-07-13T16:20:58.931186Z","level":"info","event":"Task instance is in running state","chan":"stdout","logger":"task"}
{"timestamp":"2025-07-13T16:20:58.934400Z","level":"info","event":" Previous state of the Task instance: TaskInstanceState.QUEUED","chan":"stdout","logger":"task"}
{"timestamp":"2025-07-13T16:20:58.935071Z","level":"info","event":"Current task name:detectar_pico","chan":"stdout","logger":"task"}
{"timestamp":"2025-07-13T16:20:58.935798Z","level":"info","event":"Dag name:a2","chan":"stdout","logger":"task"}
{"timestamp":"2025-07-13T16:20:58.900142","level":"warning","event":"/opt/airflow/dags/dag_analisis.py:103: UserWarning: pandas only supports SQLAlchemy connectable (engine/connection) or database string URI or sqlite3 DBAPI2 connection. Other DBAPI2 objects are not tested. Please consider using SQLAlchemy.\n  ultimos_df = pd.read_sql(\"\"\"\n","logger":"py.warnings"}
{"timestamp":"2025-07-13T16:20:58.949230","level":"warning","event":"/opt/airflow/dags/dag_analisis.py:110: UserWarning: pandas only supports SQLAlchemy connectable (engine/connection) or database string URI or sqlite3 DBAPI2 connection. Other DBAPI2 objects are not tested. Please consider using SQLAlchemy.\n  historico_df = pd.read_sql(\"SELECT * FROM franja_valores_historicos\", conn)\n","logger":"py.warnings"}
{"timestamp":"2025-07-13T16:20:59.057133Z","level":"info","event":"breve","chan":"stdout","logger":"task"}
{"timestamp":"2025-07-13T16:20:59.060560Z","level":"info","event":"breve","chan":"stdout","logger":"task"}
{"timestamp":"2025-07-13T16:20:59.064476Z","level":"info","event":"breve","chan":"stdout","logger":"task"}
{"timestamp":"2025-07-13T16:20:59.068141Z","level":"info","event":"breve","chan":"stdout","logger":"task"}
{"timestamp":"2025-07-13T16:20:59.071890Z","level":"info","event":"breve","chan":"stdout","logger":"task"}
{"timestamp":"2025-07-13T16:20:59.075404Z","level":"info","event":"breve","chan":"stdout","logger":"task"}
{"timestamp":"2025-07-13T16:20:59.079121Z","level":"info","event":"breve","chan":"stdout","logger":"task"}
{"timestamp":"2025-07-13T16:20:59.083080Z","level":"info","event":"breve","chan":"stdout","logger":"task"}
{"timestamp":"2025-07-13T16:20:59.086633Z","level":"info","event":"breve","chan":"stdout","logger":"task"}
{"timestamp":"2025-07-13T16:20:59.089623Z","level":"info","event":"breve","chan":"stdout","logger":"task"}
{"timestamp":"2025-07-13T16:20:59.092386Z","level":"info","event":"breve","chan":"stdout","logger":"task"}
{"timestamp":"2025-07-13T16:20:59.095311Z","level":"info","event":"breve","chan":"stdout","logger":"task"}
{"timestamp":"2025-07-13T16:20:59.098256Z","level":"info","event":"breve","chan":"stdout","logger":"task"}
{"timestamp":"2025-07-13T16:20:59.100966Z","level":"info","event":"breve","chan":"stdout","logger":"task"}
{"timestamp":"2025-07-13T16:20:59.103623Z","level":"info","event":"breve","chan":"stdout","logger":"task"}
{"timestamp":"2025-07-13T16:20:59.106466Z","level":"info","event":"breve","chan":"stdout","logger":"task"}
{"timestamp":"2025-07-13T16:20:59.109101Z","level":"info","event":"breve","chan":"stdout","logger":"task"}
{"timestamp":"2025-07-13T16:20:59.111830Z","level":"info","event":"breve","chan":"stdout","logger":"task"}
{"timestamp":"2025-07-13T16:20:59.114928Z","level":"info","event":"breve","chan":"stdout","logger":"task"}
{"timestamp":"2025-07-13T16:20:59.117607Z","level":"info","event":"breve","chan":"stdout","logger":"task"}
{"timestamp":"2025-07-13T16:20:59.120739Z","level":"info","event":"breve","chan":"stdout","logger":"task"}
{"timestamp":"2025-07-13T16:20:59.123767Z","level":"info","event":"breve","chan":"stdout","logger":"task"}
{"timestamp":"2025-07-13T16:20:59.127211Z","level":"info","event":"breve","chan":"stdout","logger":"task"}
{"timestamp":"2025-07-13T16:20:59.131370Z","level":"info","event":"breve","chan":"stdout","logger":"task"}
{"timestamp":"2025-07-13T16:20:59.134889Z","level":"info","event":"breve","chan":"stdout","logger":"task"}
{"timestamp":"2025-07-13T16:20:59.139385Z","level":"info","event":"breve","chan":"stdout","logger":"task"}
{"timestamp":"2025-07-13T16:20:59.142308Z","level":"info","event":"breve","chan":"stdout","logger":"task"}
{"timestamp":"2025-07-13T16:20:59.145978Z","level":"info","event":"breve","chan":"stdout","logger":"task"}
{"timestamp":"2025-07-13T16:20:59.150648Z","level":"info","event":"breve","chan":"stdout","logger":"task"}
{"timestamp":"2025-07-13T16:20:59.154415Z","level":"info","event":"breve","chan":"stdout","logger":"task"}
{"timestamp":"2025-07-13T16:20:59.157047Z","level":"info","event":"breve","chan":"stdout","logger":"task"}
{"timestamp":"2025-07-13T16:20:59.160623Z","level":"info","event":"breve","chan":"stdout","logger":"task"}
{"timestamp":"2025-07-13T16:20:59.164664Z","level":"info","event":"breve","chan":"stdout","logger":"task"}
{"timestamp":"2025-07-13T16:20:59.168332Z","level":"info","event":"breve","chan":"stdout","logger":"task"}
{"timestamp":"2025-07-13T16:20:59.172156Z","level":"info","event":"breve","chan":"stdout","logger":"task"}
{"timestamp":"2025-07-13T16:20:59.175445Z","level":"info","event":"breve","chan":"stdout","logger":"task"}
{"timestamp":"2025-07-13T16:20:59.178587Z","level":"info","event":"breve","chan":"stdout","logger":"task"}
{"timestamp":"2025-07-13T16:20:59.182007Z","level":"info","event":"breve","chan":"stdout","logger":"task"}
{"timestamp":"2025-07-13T16:20:59.185670Z","level":"info","event":"breve","chan":"stdout","logger":"task"}
{"timestamp":"2025-07-13T16:20:59.189238Z","level":"info","event":"breve","chan":"stdout","logger":"task"}
{"timestamp":"2025-07-13T16:20:59.192380Z","level":"info","event":"breve","chan":"stdout","logger":"task"}
{"timestamp":"2025-07-13T16:20:59.195852Z","level":"info","event":"breve","chan":"stdout","logger":"task"}
{"timestamp":"2025-07-13T16:20:59.199421Z","level":"info","event":"breve","chan":"stdout","logger":"task"}
{"timestamp":"2025-07-13T16:20:59.202942Z","level":"info","event":"breve","chan":"stdout","logger":"task"}
{"timestamp":"2025-07-13T16:20:59.205826Z","level":"info","event":"breve","chan":"stdout","logger":"task"}
{"timestamp":"2025-07-13T16:20:59.208617Z","level":"info","event":"breve","chan":"stdout","logger":"task"}
{"timestamp":"2025-07-13T16:20:59.211290Z","level":"info","event":"breve","chan":"stdout","logger":"task"}
{"timestamp":"2025-07-13T16:20:59.214393Z","level":"info","event":"breve","chan":"stdout","logger":"task"}
{"timestamp":"2025-07-13T16:20:59.217222Z","level":"info","event":"breve","chan":"stdout","logger":"task"}
{"timestamp":"2025-07-13T16:20:59.220478Z","level":"info","event":"breve","chan":"stdout","logger":"task"}
{"timestamp":"2025-07-13T16:20:59.223682Z","level":"info","event":"breve","chan":"stdout","logger":"task"}
{"timestamp":"2025-07-13T16:20:59.226568Z","level":"info","event":"breve","chan":"stdout","logger":"task"}
{"timestamp":"2025-07-13T16:20:59.230515Z","level":"info","event":"breve","chan":"stdout","logger":"task"}
{"timestamp":"2025-07-13T16:20:59.232784Z","level":"info","event":"breve","chan":"stdout","logger":"task"}
{"timestamp":"2025-07-13T16:20:59.236364Z","level":"info","event":"breve","chan":"stdout","logger":"task"}
{"timestamp":"2025-07-13T16:20:59.239980Z","level":"info","event":"breve","chan":"stdout","logger":"task"}
{"timestamp":"2025-07-13T16:20:59.243248Z","level":"info","event":"breve","chan":"stdout","logger":"task"}
{"timestamp":"2025-07-13T16:20:59.246508Z","level":"info","event":"breve","chan":"stdout","logger":"task"}
{"timestamp":"2025-07-13T16:20:59.250058Z","level":"info","event":"breve","chan":"stdout","logger":"task"}
{"timestamp":"2025-07-13T16:20:59.252819Z","level":"info","event":"breve","chan":"stdout","logger":"task"}
{"timestamp":"2025-07-13T16:20:59.255098Z","level":"info","event":"breve","chan":"stdout","logger":"task"}
{"timestamp":"2025-07-13T16:20:59.257396Z","level":"info","event":"breve","chan":"stdout","logger":"task"}
{"timestamp":"2025-07-13T16:20:59.259584Z","level":"info","event":"breve","chan":"stdout","logger":"task"}
{"timestamp":"2025-07-13T16:20:59.262133Z","level":"info","event":"breve","chan":"stdout","logger":"task"}
{"timestamp":"2025-07-13T16:20:59.265096Z","level":"info","event":"breve","chan":"stdout","logger":"task"}
{"timestamp":"2025-07-13T16:20:59.267378Z","level":"info","event":"breve","chan":"stdout","logger":"task"}
{"timestamp":"2025-07-13T16:20:59.269594Z","level":"info","event":"breve","chan":"stdout","logger":"task"}
{"timestamp":"2025-07-13T16:20:59.272942Z","level":"info","event":"breve","chan":"stdout","logger":"task"}
{"timestamp":"2025-07-13T16:20:59.276114Z","level":"info","event":"breve","chan":"stdout","logger":"task"}
{"timestamp":"2025-07-13T16:20:59.279868Z","level":"info","event":"breve","chan":"stdout","logger":"task"}
{"timestamp":"2025-07-13T16:20:59.282834Z","level":"info","event":"breve","chan":"stdout","logger":"task"}
{"timestamp":"2025-07-13T16:20:59.286293Z","level":"info","event":"breve","chan":"stdout","logger":"task"}
{"timestamp":"2025-07-13T16:20:59.289846Z","level":"info","event":"breve","chan":"stdout","logger":"task"}
{"timestamp":"2025-07-13T16:20:59.293104Z","level":"info","event":"breve","chan":"stdout","logger":"task"}
{"timestamp":"2025-07-13T16:20:59.295914Z","level":"info","event":"breve","chan":"stdout","logger":"task"}
{"timestamp":"2025-07-13T16:20:59.298972Z","level":"info","event":"breve","chan":"stdout","logger":"task"}
{"timestamp":"2025-07-13T16:20:59.303008Z","level":"info","event":"breve","chan":"stdout","logger":"task"}
{"timestamp":"2025-07-13T16:20:59.305619Z","level":"info","event":"breve","chan":"stdout","logger":"task"}
{"timestamp":"2025-07-13T16:20:59.308200Z","level":"info","event":"breve","chan":"stdout","logger":"task"}
{"timestamp":"2025-07-13T16:20:59.310753Z","level":"info","event":"breve","chan":"stdout","logger":"task"}
{"timestamp":"2025-07-13T16:20:59.314477Z","level":"info","event":"breve","chan":"stdout","logger":"task"}
{"timestamp":"2025-07-13T16:20:59.317070Z","level":"info","event":"breve","chan":"stdout","logger":"task"}
{"timestamp":"2025-07-13T16:20:59.320491Z","level":"info","event":"breve","chan":"stdout","logger":"task"}
{"timestamp":"2025-07-13T16:20:59.324166Z","level":"info","event":"breve","chan":"stdout","logger":"task"}
{"timestamp":"2025-07-13T16:20:59.326967Z","level":"info","event":"breve","chan":"stdout","logger":"task"}
{"timestamp":"2025-07-13T16:20:59.330385Z","level":"info","event":"breve","chan":"stdout","logger":"task"}
{"timestamp":"2025-07-13T16:20:59.333338Z","level":"info","event":"breve","chan":"stdout","logger":"task"}
{"timestamp":"2025-07-13T16:20:59.335904Z","level":"info","event":"breve","chan":"stdout","logger":"task"}
{"timestamp":"2025-07-13T16:20:59.338513Z","level":"info","event":"breve","chan":"stdout","logger":"task"}
{"timestamp":"2025-07-13T16:20:59.341051Z","level":"info","event":"breve","chan":"stdout","logger":"task"}
{"timestamp":"2025-07-13T16:20:59.343517Z","level":"info","event":"breve","chan":"stdout","logger":"task"}
{"timestamp":"2025-07-13T16:20:59.346970Z","level":"info","event":"breve","chan":"stdout","logger":"task"}
{"timestamp":"2025-07-13T16:20:59.350249Z","level":"info","event":"breve","chan":"stdout","logger":"task"}
{"timestamp":"2025-07-13T16:20:59.352873Z","level":"info","event":"breve","chan":"stdout","logger":"task"}
{"timestamp":"2025-07-13T16:20:59.355838Z","level":"info","event":"breve","chan":"stdout","logger":"task"}
{"timestamp":"2025-07-13T16:20:59.358446Z","level":"info","event":"breve","chan":"stdout","logger":"task"}
{"timestamp":"2025-07-13T16:20:59.361118Z","level":"info","event":"breve","chan":"stdout","logger":"task"}
{"timestamp":"2025-07-13T16:20:59.364119Z","level":"info","event":"breve","chan":"stdout","logger":"task"}
{"timestamp":"2025-07-13T16:20:59.366770Z","level":"info","event":"breve","chan":"stdout","logger":"task"}
{"timestamp":"2025-07-13T16:20:59.369321Z","level":"info","event":"breve","chan":"stdout","logger":"task"}
{"timestamp":"2025-07-13T16:20:59.370542","level":"info","event":"Done. Returned value was: None","logger":"airflow.task.operators.airflow.providers.standard.operators.python.PythonOperator"}
{"timestamp":"2025-07-13T16:20:59.399408Z","level":"info","event":"Task instance in success state","chan":"stdout","logger":"task"}
{"timestamp":"2025-07-13T16:20:59.399674Z","level":"info","event":" Previous state of the Task instance: TaskInstanceState.RUNNING","chan":"stdout","logger":"task"}
{"timestamp":"2025-07-13T16:20:59.399838Z","level":"info","event":"Task operator:<Task(PythonOperator): detectar_pico>","chan":"stdout","logger":"task"}
