{"timestamp":"2025-07-14T11:03:17.222418","level":"info","event":"DAG bundles loaded: dags-folder, example_dags","logger":"airflow.dag_processing.bundles.manager.DagBundlesManager"}
{"timestamp":"2025-07-14T11:03:17.223319","level":"info","event":"Filling up the DagBag from /opt/airflow/dags/dag_analisis.py","logger":"airflow.models.dagbag.DagBag"}
{"timestamp":"2025-07-14T11:03:17.268336Z","level":"info","event":"Task instance is in running state","chan":"stdout","logger":"task"}
{"timestamp":"2025-07-14T11:03:17.268571Z","level":"info","event":" Previous state of the Task instance: TaskInstanceState.QUEUED","chan":"stdout","logger":"task"}
{"timestamp":"2025-07-14T11:03:17.268711Z","level":"info","event":"Current task name:detectar_desviacion","chan":"stdout","logger":"task"}
{"timestamp":"2025-07-14T11:03:17.268861Z","level":"info","event":"Dag name:a2","chan":"stdout","logger":"task"}
{"timestamp":"2025-07-14T11:03:17.269006Z","level":"info","event":"ultimo (198154, 1, datetime.datetime(2025, 7, 7, 14, 45), 220.99, 'valido')","chan":"stdout","logger":"task"}
{"timestamp":"2025-07-14T11:03:17.269138Z","level":"info","event":"[21.43, 22.7, 23.73, 24.76, 54.92, 55.47, 56.25, 56.87, 85.03, 85.82, 86.33, 87.22, 117.94, 119.08, 120.02, 121.27, 149.14, 150.26, 151.24, 152.43, 186.15, 186.89, 187.58, 188.51, 219.42, 220.46, 220.46, 220.99]","chan":"stdout","logger":"task"}
{"timestamp":"2025-07-14T11:03:17.269251Z","level":"info","event":"media 120.44178571428571 - desviacion 65.66757778242795","chan":"stdout","logger":"task"}
{"timestamp":"2025-07-14T11:03:17.269356Z","level":"info","event":"lim_inf -10.893369850570195","chan":"stdout","logger":"task"}
{"timestamp":"2025-07-14T11:03:17.269458Z","level":"info","event":"lim_sup 251.77694127914162","chan":"stdout","logger":"task"}
{"timestamp":"2025-07-14T11:03:17.269560Z","level":"info","event":"CORRECTO","chan":"stdout","logger":"task"}
{"timestamp":"2025-07-14T11:03:17.269662Z","level":"info","event":"ultimo (198518, 2, datetime.datetime(2025, 7, 7, 14, 45), 205.6, 'valido')","chan":"stdout","logger":"task"}
{"timestamp":"2025-07-14T11:03:17.270848Z","level":"info","event":"[21.09, 22.22, 22.79, 23.69, 49.2, 49.69, 50.55, 51.22, 78.21, 78.85, 79.54, 80.8, 109.92, 110.4, 111.05, 111.54, 139.39, 140.61, 141.46, 142.72, 174.5, 175.56, 176.36, 176.8, 202.92, 203.74, 204.45, 205.6]","chan":"stdout","logger":"task"}
{"timestamp":"2025-07-14T11:03:17.271218Z","level":"info","event":"media 111.95964285714284 - desviacion 61.328431036868025","chan":"stdout","logger":"task"}
{"timestamp":"2025-07-14T11:03:17.271446Z","level":"info","event":"lim_inf -10.697219216593211","chan":"stdout","logger":"task"}
{"timestamp":"2025-07-14T11:03:17.271608Z","level":"info","event":"lim_sup 234.61650493087888","chan":"stdout","logger":"task"}
{"timestamp":"2025-07-14T11:03:17.271779Z","level":"info","event":"CORRECTO","chan":"stdout","logger":"task"}
{"timestamp":"2025-07-14T11:03:17.276459Z","level":"info","event":"ultimo (198882, 3, datetime.datetime(2025, 7, 7, 14, 45), 214.59, 'valido')","chan":"stdout","logger":"task"}
{"timestamp":"2025-07-14T11:03:17.282359Z","level":"info","event":"[20.61, 21.45, 22.28, 23.22, 56.7, 57.95, 58.71, 59.19, 87.21, 87.84, 88.65, 89.2, 114.1, 115.2, 116.44, 117.11, 144.96, 145.93, 146.9, 148.18, 175.78, 176.87, 177.91, 178.92, 212.3, 213.28, 213.79, 214.59]","chan":"stdout","logger":"task"}
{"timestamp":"2025-07-14T11:03:17.283443Z","level":"info","event":"media 117.33107142857146 - desviacion 62.30280384307903","chan":"stdout","logger":"task"}
{"timestamp":"2025-07-14T11:03:17.283703Z","level":"info","event":"lim_inf -7.274536257586604","chan":"stdout","logger":"task"}
{"timestamp":"2025-07-14T11:03:17.283855Z","level":"info","event":"lim_sup 241.93667911472954","chan":"stdout","logger":"task"}
{"timestamp":"2025-07-14T11:03:17.283995Z","level":"info","event":"CORRECTO","chan":"stdout","logger":"task"}
{"timestamp":"2025-07-14T11:03:17.288001Z","level":"info","event":"ultimo (199246, 4, datetime.datetime(2025, 7, 7, 14, 45), 212.89, 'valido')","chan":"stdout","logger":"task"}
{"timestamp":"2025-07-14T11:03:17.292660Z","level":"info","event":"[30.99, 31.56, 32.59, 33.33, 57.0, 57.77, 59.0, 60.19, 87.37, 88.59, 88.59, 89.04, 116.79, 117.82, 118.98, 119.74, 148.84, 149.68, 150.92, 151.83, 181.55, 182.71, 183.98, 184.44, 210.13, 210.84, 211.6, 212.89]","chan":"stdout","logger":"task"}
{"timestamp":"2025-07-14T11:03:17.293066Z","level":"info","event":"media 120.31285714285715 - desviacion 60.67755432595806","chan":"stdout","logger":"task"}
{"timestamp":"2025-07-14T11:03:17.293205Z","level":"info","event":"lim_inf -1.0422515090589712","chan":"stdout","logger":"task"}
{"timestamp":"2025-07-14T11:03:17.293298Z","level":"info","event":"lim_sup 241.6679657947733","chan":"stdout","logger":"task"}
{"timestamp":"2025-07-14T11:03:17.293387Z","level":"info","event":"CORRECTO","chan":"stdout","logger":"task"}
{"timestamp":"2025-07-14T11:03:17.297730Z","level":"info","event":"ultimo (199710, 5, datetime.datetime(2025, 7, 7, 14, 45), 230.75, 'valido')","chan":"stdout","logger":"task"}
{"timestamp":"2025-07-14T11:03:17.302461Z","level":"info","event":"[24.36, 25.05, 26.02, 26.76, 61.63, 61.63, 62.24, 63.25, 90.6, 91.72, 92.23, 93.48, 122.95, 124.0, 124.94, 125.93, 153.17, 153.88, 154.76, 155.85, 192.46, 193.39, 193.92, 195.09, 227.74, 229.02, 229.98, 230.75]","chan":"stdout","logger":"task"}
{"timestamp":"2025-07-14T11:03:17.302735Z","level":"info","event":"media 125.95714285714287 - desviacion 66.98181996723027","chan":"stdout","logger":"task"}
{"timestamp":"2025-07-14T11:03:17.302837Z","level":"info","event":"lim_inf -8.006497077317661","chan":"stdout","logger":"task"}
{"timestamp":"2025-07-14T11:03:17.302927Z","level":"info","event":"lim_sup 259.9207827916034","chan":"stdout","logger":"task"}
{"timestamp":"2025-07-14T11:03:17.303014Z","level":"info","event":"CORRECTO","chan":"stdout","logger":"task"}
{"timestamp":"2025-07-14T11:03:17.307839Z","level":"info","event":"ultimo (200074, 6, datetime.datetime(2025, 7, 7, 14, 45), 213.9, 'valido')","chan":"stdout","logger":"task"}
{"timestamp":"2025-07-14T11:03:17.312188Z","level":"info","event":"[20.54, 21.66, 22.17, 23.37, 50.95, 51.83, 52.29, 52.83, 81.78, 82.55, 83.06, 83.89, 110.34, 110.96, 111.74, 112.87, 141.45, 141.45, 141.45, 142.73, 171.47, 172.62, 173.68, 174.74, 201.73, 209.15, 213.05, 213.9]","chan":"stdout","logger":"task"}
{"timestamp":"2025-07-14T11:03:17.312849Z","level":"info","event":"media 113.2232142857143 - desviacion 61.76528561842413","chan":"stdout","logger":"task"}
{"timestamp":"2025-07-14T11:03:17.313020Z","level":"info","event":"lim_inf -10.307356951133954","chan":"stdout","logger":"task"}
{"timestamp":"2025-07-14T11:03:17.313108Z","level":"info","event":"lim_sup 236.75378552256257","chan":"stdout","logger":"task"}
{"timestamp":"2025-07-14T11:03:17.313194Z","level":"info","event":"CORRECTO","chan":"stdout","logger":"task"}
{"timestamp":"2025-07-14T11:03:17.316747Z","level":"info","event":"ultimo (200438, 7, datetime.datetime(2025, 7, 7, 14, 45), 209.0, 'valido')","chan":"stdout","logger":"task"}
{"timestamp":"2025-07-14T11:03:17.321750Z","level":"info","event":"[21.62, 22.57, 23.2, 24.39, 52.79, 54.06, 54.75, 55.61, 82.44, 83.57, 84.16, 85.01, 109.66, 110.47, 110.47, 110.93, 145.58, 146.4, 147.66, 148.55, 180.27, 180.82, 181.6, 181.6, 207.5, 207.5, 208.1, 209.0]","chan":"stdout","logger":"task"}
{"timestamp":"2025-07-14T11:03:17.322004Z","level":"info","event":"media 115.36714285714287 - desviacion 62.339922364470134","chan":"stdout","logger":"task"}
{"timestamp":"2025-07-14T11:03:17.322112Z","level":"info","event":"lim_inf -9.312701871797401","chan":"stdout","logger":"task"}
{"timestamp":"2025-07-14T11:03:17.322209Z","level":"info","event":"lim_sup 240.04698758608313","chan":"stdout","logger":"task"}
{"timestamp":"2025-07-14T11:03:17.322304Z","level":"info","event":"CORRECTO","chan":"stdout","logger":"task"}
{"timestamp":"2025-07-14T11:03:17.325623Z","level":"info","event":"ultimo (200802, 8, datetime.datetime(2025, 7, 7, 14, 45), 238.36, 'valido')","chan":"stdout","logger":"task"}
{"timestamp":"2025-07-14T11:03:17.329374Z","level":"info","event":"[22.77, 23.44, 24.31, 25.39, 50.76, 51.74, 52.51, 53.78, 88.84, 89.43, 90.54, 91.69, 128.74, 129.61, 130.82, 132.04, 163.48, 164.08, 164.81, 165.83, 206.26, 207.21, 207.73, 208.54, 235.16, 236.43, 237.31, 238.36]","chan":"stdout","logger":"task"}
{"timestamp":"2025-07-14T11:03:17.329666Z","level":"info","event":"media 129.34321428571428 - desviacion 73.18095873798885","chan":"stdout","logger":"task"}
{"timestamp":"2025-07-14T11:03:17.329802Z","level":"info","event":"lim_inf -17.01870319026341","chan":"stdout","logger":"task"}
{"timestamp":"2025-07-14T11:03:17.329922Z","level":"info","event":"lim_sup 275.705131761692","chan":"stdout","logger":"task"}
{"timestamp":"2025-07-14T11:03:17.330036Z","level":"info","event":"CORRECTO","chan":"stdout","logger":"task"}
{"timestamp":"2025-07-14T11:03:17.333288Z","level":"info","event":"ultimo (201166, 9, datetime.datetime(2025, 7, 7, 14, 45), 213.06, 'valido')","chan":"stdout","logger":"task"}
{"timestamp":"2025-07-14T11:03:17.336574Z","level":"info","event":"[22.71, 23.61, 24.49, 25.54, 53.85, 54.43, 55.15, 55.94, 82.33, 83.32, 84.15, 84.88, 111.43, 112.56, 113.4, 114.48, 142.81, 143.38, 143.97, 144.99, 173.16, 174.3, 175.11, 175.62, 211.16, 211.8, 212.5, 213.06]","chan":"stdout","logger":"task"}
{"timestamp":"2025-07-14T11:03:17.336843Z","level":"info","event":"media 115.14750000000001 - desviacion 61.74175541404004","chan":"stdout","logger":"task"}
{"timestamp":"2025-07-14T11:03:17.336970Z","level":"info","event":"lim_inf -8.336010828080077","chan":"stdout","logger":"task"}
{"timestamp":"2025-07-14T11:03:17.337086Z","level":"info","event":"lim_sup 238.6310108280801","chan":"stdout","logger":"task"}
{"timestamp":"2025-07-14T11:03:17.337199Z","level":"info","event":"CORRECTO","chan":"stdout","logger":"task"}
{"timestamp":"2025-07-14T11:03:17.339895Z","level":"info","event":"ultimo (201530, 10, datetime.datetime(2025, 7, 7, 14, 45), 209.27, 'valido')","chan":"stdout","logger":"task"}
{"timestamp":"2025-07-14T11:03:17.342881Z","level":"info","event":"[20.26, 21.48, 27.78, 28.83, 58.84, 60.02, 61.09, 61.7, 90.29, 90.79, 91.58, 92.83, 118.94, 118.94, 119.96, 120.47, 147.61, 148.45, 149.45, 150.32, 178.27, 178.74, 179.28, 180.1, 206.56, 207.14, 208.36, 209.27]","chan":"stdout","logger":"task"}
{"timestamp":"2025-07-14T11:03:17.343134Z","level":"info","event":"media 118.83392857142857 - desviacion 60.39076752636507","chan":"stdout","logger":"task"}
{"timestamp":"2025-07-14T11:03:17.343285Z","level":"info","event":"lim_inf -1.9476064813015626","chan":"stdout","logger":"task"}
{"timestamp":"2025-07-14T11:03:17.343403Z","level":"info","event":"lim_sup 239.6154636241587","chan":"stdout","logger":"task"}
{"timestamp":"2025-07-14T11:03:17.343517Z","level":"info","event":"CORRECTO","chan":"stdout","logger":"task"}
{"timestamp":"2025-07-14T11:03:17.346223Z","level":"info","event":"ultimo (201894, 11, datetime.datetime(2025, 7, 7, 14, 45), 245.89, 'valido')","chan":"stdout","logger":"task"}
{"timestamp":"2025-07-14T11:03:17.349367Z","level":"info","event":"[26.56, 27.69, 28.26, 28.96, 56.45, 57.6, 58.15, 58.6, 87.51, 88.55, 89.47, 90.41, 118.2, 126.31, 132.27, 132.83, 167.31, 167.8, 168.97, 170.27, 208.93, 209.87, 211.06, 211.7, 242.75, 243.97, 245.21, 245.89]","chan":"stdout","logger":"task"}
{"timestamp":"2025-07-14T11:03:17.349611Z","level":"info","event":"media 132.19821428571427 - desviacion 74.07159620710469","chan":"stdout","logger":"task"}
{"timestamp":"2025-07-14T11:03:17.349735Z","level":"info","event":"lim_inf -15.944978128495109","chan":"stdout","logger":"task"}
{"timestamp":"2025-07-14T11:03:17.349846Z","level":"info","event":"lim_sup 280.34140669992365","chan":"stdout","logger":"task"}
{"timestamp":"2025-07-14T11:03:17.349961Z","level":"info","event":"CORRECTO","chan":"stdout","logger":"task"}
{"timestamp":"2025-07-14T11:03:17.353052Z","level":"info","event":"ultimo (202258, 12, datetime.datetime(2025, 7, 7, 14, 45), 247.91, 'valido')","chan":"stdout","logger":"task"}
{"timestamp":"2025-07-14T11:03:17.356659Z","level":"info","event":"[22.17, 23.42, 24.46, 25.75, 62.73, 63.45, 63.45, 64.53, 97.71, 98.37, 98.88, 99.83, 132.18, 133.14, 134.41, 134.92, 179.86, 180.54, 181.54, 182.19, 209.6, 210.7, 211.97, 213.0, 244.64, 245.87, 246.89, 247.91]","chan":"stdout","logger":"task"}
{"timestamp":"2025-07-14T11:03:17.356948Z","level":"info","event":"media 136.93249999999998 - desviacion 74.71578479358581","chan":"stdout","logger":"task"}
{"timestamp":"2025-07-14T11:03:17.357077Z","level":"info","event":"lim_inf -12.499069587171647","chan":"stdout","logger":"task"}
{"timestamp":"2025-07-14T11:03:17.357190Z","level":"info","event":"lim_sup 286.36406958717157","chan":"stdout","logger":"task"}
{"timestamp":"2025-07-14T11:03:17.357299Z","level":"info","event":"CORRECTO","chan":"stdout","logger":"task"}
{"timestamp":"2025-07-14T11:03:17.360468Z","level":"info","event":"ultimo (202622, 13, datetime.datetime(2025, 7, 7, 14, 45), 214.15, 'valido')","chan":"stdout","logger":"task"}
{"timestamp":"2025-07-14T11:03:17.363931Z","level":"info","event":"[21.09, 22.16, 23.32, 24.45, 52.48, 53.35, 54.01, 55.27, 82.85, 84.02, 85.15, 86.32, 121.14, 121.72, 122.22, 123.2, 149.58, 150.45, 151.33, 152.36, 182.18, 182.63, 183.17, 184.12, 212.28, 213.38, 214.15, 214.15]","chan":"stdout","logger":"task"}
{"timestamp":"2025-07-14T11:03:17.364176Z","level":"info","event":"media 118.66178571428573 - desviacion 64.10282298517255","chan":"stdout","logger":"task"}
{"timestamp":"2025-07-14T11:03:17.364300Z","level":"info","event":"lim_inf -9.543860256059375","chan":"stdout","logger":"task"}
{"timestamp":"2025-07-14T11:03:17.364411Z","level":"info","event":"lim_sup 246.86743168463084","chan":"stdout","logger":"task"}
{"timestamp":"2025-07-14T11:03:17.364525Z","level":"info","event":"CORRECTO","chan":"stdout","logger":"task"}
{"timestamp":"2025-07-14T11:03:17.367995Z","level":"info","event":"ultimo (202986, 14, datetime.datetime(2025, 7, 7, 14, 45), 197.27, 'valido')","chan":"stdout","logger":"task"}
{"timestamp":"2025-07-14T11:03:17.372436Z","level":"info","event":"[19.37, 20.3, 21.45, 22.41, 49.61, 50.57, 51.33, 52.57, 79.17, 79.72, 81.0, 81.94, 107.77, 109.02, 109.9, 110.45, 136.05, 137.04, 137.93, 138.74, 164.73, 165.93, 166.51, 167.66, 194.89, 195.78, 196.61, 197.27]","chan":"stdout","logger":"task"}
{"timestamp":"2025-07-14T11:03:17.372788Z","level":"info","event":"media 108.7757142857143 - desviacion 58.092122678956564","chan":"stdout","logger":"task"}
{"timestamp":"2025-07-14T11:03:17.372957Z","level":"info","event":"lim_inf -7.4085310721988265","chan":"stdout","logger":"task"}
{"timestamp":"2025-07-14T11:03:17.373070Z","level":"info","event":"lim_sup 224.95995964362743","chan":"stdout","logger":"task"}
{"timestamp":"2025-07-14T11:03:17.373178Z","level":"info","event":"CORRECTO","chan":"stdout","logger":"task"}
{"timestamp":"2025-07-14T11:03:17.377612Z","level":"info","event":"ultimo (203350, 15, datetime.datetime(2025, 7, 7, 14, 45), 211.41, 'valido')","chan":"stdout","logger":"task"}
{"timestamp":"2025-07-14T11:03:17.381243Z","level":"info","event":"[24.8, 25.23, 25.75, 26.92, 54.46, 55.26, 55.9, 56.65, 83.16, 83.72, 84.59, 84.59, 109.06, 109.78, 110.22, 111.19, 137.63, 138.28, 139.56, 140.42, 172.51, 173.45, 174.2, 175.38, 201.27, 202.17, 210.94, 211.41]","chan":"stdout","logger":"task"}
{"timestamp":"2025-07-14T11:03:17.381537Z","level":"info","event":"media 113.51785714285714 - desviacion 59.65618967749059","chan":"stdout","logger":"task"}
{"timestamp":"2025-07-14T11:03:17.381664Z","level":"info","event":"lim_inf -5.794522212124036","chan":"stdout","logger":"task"}
{"timestamp":"2025-07-14T11:03:17.381772Z","level":"info","event":"lim_sup 232.8302364978383","chan":"stdout","logger":"task"}
{"timestamp":"2025-07-14T11:03:17.381883Z","level":"info","event":"CORRECTO","chan":"stdout","logger":"task"}
{"timestamp":"2025-07-14T11:03:17.385760Z","level":"info","event":"ultimo (203814, 16, datetime.datetime(2025, 7, 7, 14, 45), 220.37, 'valido')","chan":"stdout","logger":"task"}
{"timestamp":"2025-07-14T11:03:17.390735Z","level":"info","event":"[25.89, 26.69, 27.32, 27.87, 69.56, 70.27, 70.88, 71.96, 96.65, 97.38, 98.25, 98.77, 126.71, 127.57, 128.04, 128.67, 156.63, 157.5, 158.5, 159.75, 186.39, 187.67, 188.81, 189.9, 217.15, 218.36, 219.26, 220.37]","chan":"stdout","logger":"task"}
{"timestamp":"2025-07-14T11:03:17.391029Z","level":"info","event":"media 126.88464285714288 - desviacion 62.31601556823912","chan":"stdout","logger":"task"}
{"timestamp":"2025-07-14T11:03:17.391195Z","level":"info","event":"lim_inf 2.252611720664632","chan":"stdout","logger":"task"}
{"timestamp":"2025-07-14T11:03:17.391336Z","level":"info","event":"lim_sup 251.5166739936211","chan":"stdout","logger":"task"}
{"timestamp":"2025-07-14T11:03:17.391460Z","level":"info","event":"CORRECTO","chan":"stdout","logger":"task"}
{"timestamp":"2025-07-14T11:03:17.394662Z","level":"info","event":"ultimo (204178, 17, datetime.datetime(2025, 7, 7, 14, 45), 215.1, 'valido')","chan":"stdout","logger":"task"}
{"timestamp":"2025-07-14T11:03:17.398074Z","level":"info","event":"[21.92, 23.17, 24.34, 25.44, 59.18, 60.31, 61.25, 62.51, 90.82, 91.91, 93.2, 94.09, 121.97, 123.05, 123.67, 124.88, 153.68, 154.65, 155.83, 156.88, 182.22, 182.71, 183.46, 184.63, 212.77, 213.98, 214.67, 215.1]","chan":"stdout","logger":"task"}
{"timestamp":"2025-07-14T11:03:17.398355Z","level":"info","event":"media 121.86750000000002 - desviacion 62.82674610301616","chan":"stdout","logger":"task"}
{"timestamp":"2025-07-14T11:03:17.398468Z","level":"info","event":"lim_inf -3.7859922060323044","chan":"stdout","logger":"task"}
{"timestamp":"2025-07-14T11:03:17.398569Z","level":"info","event":"lim_sup 247.52099220603236","chan":"stdout","logger":"task"}
{"timestamp":"2025-07-14T11:03:17.398669Z","level":"info","event":"CORRECTO","chan":"stdout","logger":"task"}
{"timestamp":"2025-07-14T11:03:17.402120Z","level":"info","event":"ultimo (204542, 18, datetime.datetime(2025, 7, 7, 14, 45), 221.4, 'valido')","chan":"stdout","logger":"task"}
{"timestamp":"2025-07-14T11:03:17.405766Z","level":"info","event":"[20.06, 21.02, 22.18, 23.25, 55.39, 56.02, 56.55, 57.01, 83.02, 83.54, 84.38, 85.46, 112.99, 113.69, 114.84, 115.29, 145.82, 147.09, 147.65, 148.38, 190.43, 191.43, 192.39, 193.36, 219.14, 220.27, 220.89, 221.4]","chan":"stdout","logger":"task"}
{"timestamp":"2025-07-14T11:03:17.406074Z","level":"info","event":"media 119.39071428571427 - desviacion 66.61740361028423","chan":"stdout","logger":"task"}
{"timestamp":"2025-07-14T11:03:17.406214Z","level":"info","event":"lim_inf -13.844092934854189","chan":"stdout","logger":"task"}
{"timestamp":"2025-07-14T11:03:17.406343Z","level":"info","event":"lim_sup 252.62552150628272","chan":"stdout","logger":"task"}
{"timestamp":"2025-07-14T11:03:17.406462Z","level":"info","event":"CORRECTO","chan":"stdout","logger":"task"}
{"timestamp":"2025-07-14T11:03:17.409511Z","level":"info","event":"ultimo (204906, 19, datetime.datetime(2025, 7, 7, 14, 45), 209.97, 'valido')","chan":"stdout","logger":"task"}
{"timestamp":"2025-07-14T11:03:17.412750Z","level":"info","event":"[22.64, 23.68, 24.44, 25.04, 58.64, 59.3, 60.27, 61.54, 88.59, 89.81, 90.38, 91.21, 116.71, 117.85, 118.45, 119.66, 145.85, 146.67, 147.52, 148.14, 178.92, 179.88, 180.64, 181.19, 207.36, 207.83, 208.93, 209.97]","chan":"stdout","logger":"task"}
{"timestamp":"2025-07-14T11:03:17.413033Z","level":"info","event":"media 118.25392857142856 - desviacion 60.83748711228756","chan":"stdout","logger":"task"}
{"timestamp":"2025-07-14T11:03:17.413144Z","level":"info","event":"lim_inf -3.421045653146564","chan":"stdout","logger":"task"}
{"timestamp":"2025-07-14T11:03:17.413244Z","level":"info","event":"lim_sup 239.92890279600368","chan":"stdout","logger":"task"}
{"timestamp":"2025-07-14T11:03:17.413341Z","level":"info","event":"CORRECTO","chan":"stdout","logger":"task"}
{"timestamp":"2025-07-14T11:03:17.416750Z","level":"info","event":"ultimo (205270, 20, datetime.datetime(2025, 7, 7, 14, 45), 206.14, 'valido')","chan":"stdout","logger":"task"}
{"timestamp":"2025-07-14T11:03:17.420046Z","level":"info","event":"[21.83, 22.68, 23.68, 24.14, 60.2, 61.01, 61.58, 62.22, 89.9, 90.72, 91.88, 92.75, 118.98, 119.68, 120.93, 121.62, 146.6, 147.89, 148.82, 149.37, 175.06, 175.88, 176.54, 177.31, 204.14, 204.65, 205.26, 206.14]","chan":"stdout","logger":"task"}
{"timestamp":"2025-07-14T11:03:17.420322Z","level":"info","event":"media 117.9092857142857 - desviacion 59.55486113831583","chan":"stdout","logger":"task"}
{"timestamp":"2025-07-14T11:03:17.420473Z","level":"info","event":"lim_inf -1.2004365623459563","chan":"stdout","logger":"task"}
{"timestamp":"2025-07-14T11:03:17.420606Z","level":"info","event":"lim_sup 237.01900799091737","chan":"stdout","logger":"task"}
{"timestamp":"2025-07-14T11:03:17.420737Z","level":"info","event":"CORRECTO","chan":"stdout","logger":"task"}
{"timestamp":"2025-07-14T11:03:17.423767Z","level":"info","event":"ultimo (205634, 21, datetime.datetime(2025, 7, 7, 14, 45), 201.96, 'valido')","chan":"stdout","logger":"task"}
{"timestamp":"2025-07-14T11:03:17.427754Z","level":"info","event":"[24.0, 25.0, 25.94, 26.73, 55.7, 56.6, 57.08, 57.57, 85.15, 86.01, 87.16, 88.4, 114.97, 115.4, 115.4, 115.88, 142.15, 143.04, 144.06, 145.15, 172.51, 173.31, 174.15, 175.29, 199.41, 200.7, 201.18, 201.96]","chan":"stdout","logger":"task"}
{"timestamp":"2025-07-14T11:03:17.428030Z","level":"info","event":"media 114.6392857142857 - desviacion 58.392845447792624","chan":"stdout","logger":"task"}
{"timestamp":"2025-07-14T11:03:17.428175Z","level":"info","event":"lim_inf -2.146405181299542","chan":"stdout","logger":"task"}
{"timestamp":"2025-07-14T11:03:17.428302Z","level":"info","event":"lim_sup 231.42497660987095","chan":"stdout","logger":"task"}
{"timestamp":"2025-07-14T11:03:17.428432Z","level":"info","event":"CORRECTO","chan":"stdout","logger":"task"}
{"timestamp":"2025-07-14T11:03:17.431236Z","level":"info","event":"ultimo (205998, 22, datetime.datetime(2025, 7, 7, 14, 45), 218.41, 'valido')","chan":"stdout","logger":"task"}
{"timestamp":"2025-07-14T11:03:17.434481Z","level":"info","event":"[22.93, 24.22, 24.94, 25.86, 50.89, 51.76, 52.61, 53.76, 85.84, 86.57, 87.77, 88.38, 114.84, 115.35, 116.33, 117.05, 151.96, 152.57, 153.82, 154.27, 183.78, 184.28, 185.07, 186.1, 215.46, 216.45, 217.65, 218.41]","chan":"stdout","logger":"task"}
{"timestamp":"2025-07-14T11:03:17.434784Z","level":"info","event":"media 119.24714285714285 - desviacion 64.9377864826428","chan":"stdout","logger":"task"}
{"timestamp":"2025-07-14T11:03:17.434927Z","level":"info","event":"lim_inf -10.628430108142766","chan":"stdout","logger":"task"}
{"timestamp":"2025-07-14T11:03:17.435050Z","level":"info","event":"lim_sup 249.12271582242846","chan":"stdout","logger":"task"}
{"timestamp":"2025-07-14T11:03:17.435170Z","level":"info","event":"CORRECTO","chan":"stdout","logger":"task"}
{"timestamp":"2025-07-14T11:03:17.437914Z","level":"info","event":"ultimo (206362, 23, datetime.datetime(2025, 7, 7, 14, 45), 216.6, 'valido')","chan":"stdout","logger":"task"}
{"timestamp":"2025-07-14T11:03:17.441063Z","level":"info","event":"[20.7, 21.18, 22.3, 22.79, 57.67, 58.7, 59.16, 60.41, 85.96, 86.51, 87.2, 87.75, 122.24, 123.44, 124.6, 125.66, 152.81, 153.56, 154.51, 155.02, 184.88, 185.92, 186.85, 188.02, 214.09, 215.28, 215.73, 216.6]","chan":"stdout","logger":"task"}
{"timestamp":"2025-07-14T11:03:17.441300Z","level":"info","event":"media 121.05500000000002 - desviacion 64.544793056561","chan":"stdout","logger":"task"}
{"timestamp":"2025-07-14T11:03:17.441401Z","level":"info","event":"lim_inf -8.03458611312199","chan":"stdout","logger":"task"}
{"timestamp":"2025-07-14T11:03:17.441491Z","level":"info","event":"lim_sup 250.14458611312205","chan":"stdout","logger":"task"}
{"timestamp":"2025-07-14T11:03:17.441580Z","level":"info","event":"CORRECTO","chan":"stdout","logger":"task"}
{"timestamp":"2025-07-14T11:03:17.444502Z","level":"info","event":"ultimo (206726, 24, datetime.datetime(2025, 7, 7, 14, 45), 221.28, 'valido')","chan":"stdout","logger":"task"}
{"timestamp":"2025-07-14T11:03:17.447762Z","level":"info","event":"[26.65, 27.23, 27.98, 29.12, 56.4, 57.13, 57.64, 58.07, 89.99, 91.27, 92.37, 93.03, 119.7, 120.83, 122.13, 123.0, 150.56, 151.84, 152.42, 153.57, 183.76, 184.67, 185.39, 185.39, 218.17, 219.42, 220.59, 221.28]","chan":"stdout","logger":"task"}
{"timestamp":"2025-07-14T11:03:17.448037Z","level":"info","event":"media 122.12857142857145 - desviacion 63.72259308430373","chan":"stdout","logger":"task"}
{"timestamp":"2025-07-14T11:03:17.448187Z","level":"info","event":"lim_inf -5.316614740036016","chan":"stdout","logger":"task"}
{"timestamp":"2025-07-14T11:03:17.448315Z","level":"info","event":"lim_sup 249.5737575971789","chan":"stdout","logger":"task"}
{"timestamp":"2025-07-14T11:03:17.448441Z","level":"info","event":"CORRECTO","chan":"stdout","logger":"task"}
{"timestamp":"2025-07-14T11:03:17.451648Z","level":"info","event":"ultimo (207090, 25, datetime.datetime(2025, 7, 7, 14, 45), 198.05, 'valido')","chan":"stdout","logger":"task"}
{"timestamp":"2025-07-14T11:03:17.454998Z","level":"info","event":"[21.33, 22.33, 22.93, 24.18, 51.5, 52.21, 52.93, 53.97, 80.62, 81.88, 83.18, 83.18, 107.9, 108.77, 109.8, 110.25, 139.66, 140.87, 141.33, 142.19, 166.37, 166.97, 167.54, 168.07, 195.71, 196.2, 197.41, 198.05]","chan":"stdout","logger":"task"}
{"timestamp":"2025-07-14T11:03:17.455248Z","level":"info","event":"media 110.26178571428571 - desviacion 57.90266204425514","chan":"stdout","logger":"task"}
{"timestamp":"2025-07-14T11:03:17.455424Z","level":"info","event":"lim_inf -5.543538374224568","chan":"stdout","logger":"task"}
{"timestamp":"2025-07-14T11:03:17.455549Z","level":"info","event":"lim_sup 226.06710980279598","chan":"stdout","logger":"task"}
{"timestamp":"2025-07-14T11:03:17.455674Z","level":"info","event":"CORRECTO","chan":"stdout","logger":"task"}
{"timestamp":"2025-07-14T11:03:17.458416Z","level":"info","event":"ultimo (207454, 26, datetime.datetime(2025, 7, 7, 14, 45), 201.83, 'valido')","chan":"stdout","logger":"task"}
{"timestamp":"2025-07-14T11:03:17.461723Z","level":"info","event":"[20.7, 21.48, 22.43, 23.58, 51.84, 52.99, 53.79, 55.0, 84.38, 85.25, 86.04, 87.31, 114.21, 114.96, 115.83, 116.76, 143.23, 143.77, 144.48, 145.42, 171.27, 171.97, 173.06, 173.72, 199.88, 200.53, 201.24, 201.83]","chan":"stdout","logger":"task"}
{"timestamp":"2025-07-14T11:03:17.461958Z","level":"info","event":"media 113.46250000000002 - desviacion 59.53973736835641","chan":"stdout","logger":"task"}
{"timestamp":"2025-07-14T11:03:17.462057Z","level":"info","event":"lim_inf -5.616974736712805","chan":"stdout","logger":"task"}
{"timestamp":"2025-07-14T11:03:17.462147Z","level":"info","event":"lim_sup 232.54197473671286","chan":"stdout","logger":"task"}
{"timestamp":"2025-07-14T11:03:17.462234Z","level":"info","event":"CORRECTO","chan":"stdout","logger":"task"}
{"timestamp":"2025-07-14T11:03:17.465575Z","level":"info","event":"ultimo (207918, 27, datetime.datetime(2025, 7, 7, 14, 45), 199.67, 'valido')","chan":"stdout","logger":"task"}
{"timestamp":"2025-07-14T11:03:17.468721Z","level":"info","event":"[21.92, 22.4, 22.92, 23.99, 53.26, 54.49, 55.59, 56.69, 82.76, 83.27, 84.1, 85.17, 111.35, 112.43, 113.63, 114.44, 139.64, 140.74, 141.7, 142.36, 167.9, 168.66, 169.46, 170.0, 197.22, 197.8, 198.62, 199.67]","chan":"stdout","logger":"task"}
{"timestamp":"2025-07-14T11:03:17.469013Z","level":"info","event":"media 111.86357142857142 - desviacion 58.00792022365109","chan":"stdout","logger":"task"}
{"timestamp":"2025-07-14T11:03:17.469141Z","level":"info","event":"lim_inf -4.152269018730763","chan":"stdout","logger":"task"}
{"timestamp":"2025-07-14T11:03:17.469257Z","level":"info","event":"lim_sup 227.8794118758736","chan":"stdout","logger":"task"}
{"timestamp":"2025-07-14T11:03:17.469371Z","level":"info","event":"CORRECTO","chan":"stdout","logger":"task"}
{"timestamp":"2025-07-14T11:03:17.472186Z","level":"info","event":"ultimo (208282, 28, datetime.datetime(2025, 7, 7, 14, 45), 212.26, 'valido')","chan":"stdout","logger":"task"}
{"timestamp":"2025-07-14T11:03:17.476006Z","level":"info","event":"[19.09, 20.26, 21.05, 22.11, 50.63, 51.23, 51.99, 52.5, 78.52, 79.3, 80.25, 81.33, 108.96, 110.05, 110.69, 111.22, 140.01, 140.56, 149.74, 150.87, 179.44, 179.94, 181.21, 181.71, 208.87, 210.16, 211.13, 212.26]","chan":"stdout","logger":"task"}
{"timestamp":"2025-07-14T11:03:17.476252Z","level":"info","event":"media 114.11 - desviacion 63.88546738388272","chan":"stdout","logger":"task"}
{"timestamp":"2025-07-14T11:03:17.476351Z","level":"info","event":"lim_inf -13.66093476776544","chan":"stdout","logger":"task"}
{"timestamp":"2025-07-14T11:03:17.476440Z","level":"info","event":"lim_sup 241.88093476776544","chan":"stdout","logger":"task"}
{"timestamp":"2025-07-14T11:03:17.476527Z","level":"info","event":"CORRECTO","chan":"stdout","logger":"task"}
{"timestamp":"2025-07-14T11:03:17.479462Z","level":"info","event":"ultimo (208646, 29, datetime.datetime(2025, 7, 7, 14, 45), 214.44, 'valido')","chan":"stdout","logger":"task"}
{"timestamp":"2025-07-14T11:03:17.482514Z","level":"info","event":"[22.82, 23.26, 23.75, 24.34, 50.84, 51.5, 52.66, 53.55, 86.92, 87.75, 88.28, 89.47, 117.87, 118.63, 119.1, 125.12, 153.46, 154.49, 155.54, 156.76, 185.44, 186.31, 187.36, 188.4, 211.76, 212.99, 213.82, 214.44]","chan":"stdout","logger":"task"}
{"timestamp":"2025-07-14T11:03:17.482766Z","level":"info","event":"media 119.87964285714285 - desviacion 64.74006721840716","chan":"stdout","logger":"task"}
{"timestamp":"2025-07-14T11:03:17.482883Z","level":"info","event":"lim_inf -9.60049157967147","chan":"stdout","logger":"task"}
{"timestamp":"2025-07-14T11:03:17.482988Z","level":"info","event":"lim_sup 249.35977729395717","chan":"stdout","logger":"task"}
{"timestamp":"2025-07-14T11:03:17.483091Z","level":"info","event":"CORRECTO","chan":"stdout","logger":"task"}
{"timestamp":"2025-07-14T11:03:17.485897Z","level":"info","event":"ultimo (209010, 30, datetime.datetime(2025, 7, 7, 14, 45), 222.51, 'valido')","chan":"stdout","logger":"task"}
{"timestamp":"2025-07-14T11:03:17.488953Z","level":"info","event":"[20.76, 21.57, 22.37, 22.96, 50.4, 51.43, 52.13, 52.59, 81.39, 85.07, 86.14, 86.75, 112.31, 113.54, 114.25, 115.49, 160.1, 160.64, 161.86, 162.96, 190.0, 190.0, 190.8, 191.66, 219.28, 220.42, 221.51, 222.51]","chan":"stdout","logger":"task"}
{"timestamp":"2025-07-14T11:03:17.489227Z","level":"info","event":"media 120.74607142857144 - desviacion 68.09708570118765","chan":"stdout","logger":"task"}
{"timestamp":"2025-07-14T11:03:17.489387Z","level":"info","event":"lim_inf -15.448099973803863","chan":"stdout","logger":"task"}
{"timestamp":"2025-07-14T11:03:17.489532Z","level":"info","event":"lim_sup 256.9402428309468","chan":"stdout","logger":"task"}
{"timestamp":"2025-07-14T11:03:17.489679Z","level":"info","event":"CORRECTO","chan":"stdout","logger":"task"}
{"timestamp":"2025-07-14T11:03:17.492336Z","level":"info","event":"ultimo (209374, 31, datetime.datetime(2025, 7, 7, 14, 45), 208.71, 'valido')","chan":"stdout","logger":"task"}
{"timestamp":"2025-07-14T11:03:17.495483Z","level":"info","event":"[19.67, 20.67, 21.51, 22.0, 48.97, 50.18, 50.84, 51.79, 77.28, 77.85, 78.69, 79.69, 109.25, 110.19, 110.92, 111.76, 138.55, 139.42, 145.41, 146.26, 171.77, 172.26, 173.3, 174.25, 206.18, 207.16, 207.68, 208.71]","chan":"stdout","logger":"task"}
{"timestamp":"2025-07-14T11:03:17.495818Z","level":"info","event":"media 111.86464285714284 - desviacion 62.06777853294982","chan":"stdout","logger":"task"}
{"timestamp":"2025-07-14T11:03:17.495971Z","level":"info","event":"lim_inf -12.270914208756807","chan":"stdout","logger":"task"}
{"timestamp":"2025-07-14T11:03:17.496108Z","level":"info","event":"lim_sup 236.0001999230425","chan":"stdout","logger":"task"}
{"timestamp":"2025-07-14T11:03:17.496250Z","level":"info","event":"CORRECTO","chan":"stdout","logger":"task"}
{"timestamp":"2025-07-14T11:03:17.499094Z","level":"info","event":"ultimo (209738, 32, datetime.datetime(2025, 7, 7, 14, 45), 216.27, 'valido')","chan":"stdout","logger":"task"}
{"timestamp":"2025-07-14T11:03:17.502592Z","level":"info","event":"[21.18, 21.73, 22.79, 23.88, 50.6, 51.69, 51.69, 52.98, 88.59, 89.18, 90.16, 90.63, 117.67, 118.65, 119.53, 120.66, 149.62, 150.86, 151.3, 152.24, 180.84, 181.78, 183.06, 184.06, 213.56, 214.49, 215.33, 216.27]","chan":"stdout","logger":"task"}
{"timestamp":"2025-07-14T11:03:17.502864Z","level":"info","event":"media 118.75071428571428 - desviacion 64.33459844152797","chan":"stdout","logger":"task"}
{"timestamp":"2025-07-14T11:03:17.503045Z","level":"info","event":"lim_inf -9.918482597341665","chan":"stdout","logger":"task"}
{"timestamp":"2025-07-14T11:03:17.503189Z","level":"info","event":"lim_sup 247.41991116877023","chan":"stdout","logger":"task"}
{"timestamp":"2025-07-14T11:03:17.503362Z","level":"info","event":"CORRECTO","chan":"stdout","logger":"task"}
{"timestamp":"2025-07-14T11:03:17.506020Z","level":"info","event":"ultimo (210102, 33, datetime.datetime(2025, 7, 7, 14, 45), 209.16, 'valido')","chan":"stdout","logger":"task"}
{"timestamp":"2025-07-14T11:03:17.509312Z","level":"info","event":"[21.41, 22.01, 23.3, 23.81, 55.63, 56.7, 57.79, 59.07, 86.82, 87.51, 88.75, 89.52, 117.88, 118.93, 119.98, 121.11, 149.9, 151.08, 151.95, 152.99, 179.68, 179.68, 180.74, 181.85, 206.82, 207.58, 208.54, 209.16]","chan":"stdout","logger":"task"}
{"timestamp":"2025-07-14T11:03:17.509621Z","level":"info","event":"media 118.22107142857143 - desviacion 61.88781292094394","chan":"stdout","logger":"task"}
{"timestamp":"2025-07-14T11:03:17.509789Z","level":"info","event":"lim_inf -5.554554413316438","chan":"stdout","logger":"task"}
{"timestamp":"2025-07-14T11:03:17.509932Z","level":"info","event":"lim_sup 241.99669727045932","chan":"stdout","logger":"task"}
{"timestamp":"2025-07-14T11:03:17.510078Z","level":"info","event":"CORRECTO","chan":"stdout","logger":"task"}
{"timestamp":"2025-07-14T11:03:17.513310Z","level":"info","event":"ultimo (210466, 34, datetime.datetime(2025, 7, 7, 14, 45), 216.06, 'valido')","chan":"stdout","logger":"task"}
{"timestamp":"2025-07-14T11:03:17.516487Z","level":"info","event":"[31.26, 32.12, 32.81, 33.26, 60.77, 61.88, 62.48, 63.48, 88.79, 89.4, 90.1, 90.91, 115.38, 115.98, 116.42, 117.33, 141.41, 142.01, 143.31, 144.01, 173.32, 174.41, 175.39, 176.09, 212.65, 213.85, 214.79, 216.06]","chan":"stdout","logger":"task"}
{"timestamp":"2025-07-14T11:03:17.516764Z","level":"info","event":"media 118.9167857142857 - desviacion 59.00146487609872","chan":"stdout","logger":"task"}
{"timestamp":"2025-07-14T11:03:17.516920Z","level":"info","event":"lim_inf 0.9138559620882489","chan":"stdout","logger":"task"}
{"timestamp":"2025-07-14T11:03:17.517062Z","level":"info","event":"lim_sup 236.91971546648313","chan":"stdout","logger":"task"}
{"timestamp":"2025-07-14T11:03:17.517204Z","level":"info","event":"CORRECTO","chan":"stdout","logger":"task"}
{"timestamp":"2025-07-14T11:03:17.520026Z","level":"info","event":"ultimo (210830, 35, datetime.datetime(2025, 7, 7, 14, 45), 218.46, 'valido')","chan":"stdout","logger":"task"}
{"timestamp":"2025-07-14T11:03:17.523657Z","level":"info","event":"[21.95, 23.24, 24.2, 25.02, 63.4, 64.21, 65.08, 65.69, 92.54, 93.42, 94.19, 95.12, 121.91, 123.21, 124.02, 124.94, 152.7, 157.08, 157.62, 158.41, 184.59, 185.29, 186.17, 186.77, 215.94, 216.77, 217.27, 218.46]","chan":"stdout","logger":"task"}
{"timestamp":"2025-07-14T11:03:17.523937Z","level":"info","event":"media 123.54321428571427 - desviacion 63.31232767871467","chan":"stdout","logger":"task"}
{"timestamp":"2025-07-14T11:03:17.524095Z","level":"info","event":"lim_inf -3.081441071715062","chan":"stdout","logger":"task"}
{"timestamp":"2025-07-14T11:03:17.524235Z","level":"info","event":"lim_sup 250.1678696431436","chan":"stdout","logger":"task"}
{"timestamp":"2025-07-14T11:03:17.524378Z","level":"info","event":"CORRECTO","chan":"stdout","logger":"task"}
{"timestamp":"2025-07-14T11:03:17.527077Z","level":"info","event":"ultimo (211194, 36, datetime.datetime(2025, 7, 7, 14, 45), 210.52, 'valido')","chan":"stdout","logger":"task"}
{"timestamp":"2025-07-14T11:03:17.530136Z","level":"info","event":"[20.93, 21.66, 22.7, 23.46, 49.88, 50.95, 51.65, 52.26, 79.31, 80.07, 80.94, 81.95, 107.36, 108.12, 109.3, 109.9, 143.17, 144.26, 145.41, 145.87, 180.09, 180.81, 181.44, 182.41, 208.34, 208.84, 209.85, 210.52]","chan":"stdout","logger":"task"}
{"timestamp":"2025-07-14T11:03:17.530436Z","level":"info","event":"media 113.98035714285716 - desviacion 63.337714700199584","chan":"stdout","logger":"task"}
{"timestamp":"2025-07-14T11:03:17.530624Z","level":"info","event":"lim_inf -12.695072257542009","chan":"stdout","logger":"task"}
{"timestamp":"2025-07-14T11:03:17.530770Z","level":"info","event":"lim_sup 240.65578654325634","chan":"stdout","logger":"task"}
{"timestamp":"2025-07-14T11:03:17.530913Z","level":"info","event":"CORRECTO","chan":"stdout","logger":"task"}
{"timestamp":"2025-07-14T11:03:17.534159Z","level":"info","event":"ultimo (211658, 37, datetime.datetime(2025, 7, 7, 14, 45), 231.39, 'valido')","chan":"stdout","logger":"task"}
{"timestamp":"2025-07-14T11:03:17.538250Z","level":"info","event":"[22.91, 23.45, 24.42, 25.45, 61.14, 61.95, 63.11, 63.63, 98.02, 98.92, 100.08, 100.08, 125.73, 127.0, 127.64, 128.38, 154.07, 154.99, 155.56, 155.56, 193.56, 194.56, 195.73, 196.6, 228.33, 229.61, 230.59, 231.39]","chan":"stdout","logger":"task"}
{"timestamp":"2025-07-14T11:03:17.538555Z","level":"info","event":"media 127.58785714285716 - desviacion 67.15279604630574","chan":"stdout","logger":"task"}
{"timestamp":"2025-07-14T11:03:17.538704Z","level":"info","event":"lim_inf -6.717734949754316","chan":"stdout","logger":"task"}
{"timestamp":"2025-07-14T11:03:17.538838Z","level":"info","event":"lim_sup 261.89344923546867","chan":"stdout","logger":"task"}
{"timestamp":"2025-07-14T11:03:17.538957Z","level":"info","event":"CORRECTO","chan":"stdout","logger":"task"}
{"timestamp":"2025-07-14T11:03:17.542607Z","level":"info","event":"ultimo (212022, 38, datetime.datetime(2025, 7, 7, 14, 45), 212.39, 'valido')","chan":"stdout","logger":"task"}
{"timestamp":"2025-07-14T11:03:17.546468Z","level":"info","event":"[26.53, 27.62, 28.19, 28.62, 56.01, 56.89, 58.07, 58.91, 83.03, 83.52, 84.06, 85.34, 111.23, 112.4, 112.4, 113.7, 142.09, 142.91, 143.78, 144.24, 180.2, 180.82, 181.52, 182.42, 209.81, 210.38, 211.28, 212.39]","chan":"stdout","logger":"task"}
{"timestamp":"2025-07-14T11:03:17.546765Z","level":"info","event":"media 116.72714285714287 - desviacion 61.263503517716856","chan":"stdout","logger":"task"}
{"timestamp":"2025-07-14T11:03:17.546921Z","level":"info","event":"lim_inf -5.799864178290846","chan":"stdout","logger":"task"}
{"timestamp":"2025-07-14T11:03:17.547063Z","level":"info","event":"lim_sup 239.25414989257658","chan":"stdout","logger":"task"}
{"timestamp":"2025-07-14T11:03:17.547205Z","level":"info","event":"CORRECTO","chan":"stdout","logger":"task"}
{"timestamp":"2025-07-14T11:03:17.550775Z","level":"info","event":"ultimo (212386, 39, datetime.datetime(2025, 7, 7, 14, 45), 215.69, 'valido')","chan":"stdout","logger":"task"}
{"timestamp":"2025-07-14T11:03:17.554195Z","level":"info","event":"[22.9, 23.46, 24.59, 25.82, 59.31, 59.92, 59.92, 61.07, 91.27, 92.49, 93.14, 93.68, 121.26, 122.52, 123.45, 124.67, 155.13, 155.77, 156.47, 157.7, 184.57, 185.44, 185.98, 187.01, 214.11, 214.63, 214.63, 215.69]","chan":"stdout","logger":"task"}
{"timestamp":"2025-07-14T11:03:17.554514Z","level":"info","event":"media 122.37857142857145 - desviacion 63.37515543594835","chan":"stdout","logger":"task"}
{"timestamp":"2025-07-14T11:03:17.554679Z","level":"info","event":"lim_inf -4.371739443325254","chan":"stdout","logger":"task"}
{"timestamp":"2025-07-14T11:03:17.554829Z","level":"info","event":"lim_sup 249.12888230046815","chan":"stdout","logger":"task"}
{"timestamp":"2025-07-14T11:03:17.554978Z","level":"info","event":"CORRECTO","chan":"stdout","logger":"task"}
{"timestamp":"2025-07-14T11:03:17.558037Z","level":"info","event":"ultimo (212750, 40, datetime.datetime(2025, 7, 7, 14, 45), 213.66, 'valido')","chan":"stdout","logger":"task"}
{"timestamp":"2025-07-14T11:03:17.561680Z","level":"info","event":"[22.82, 23.44, 24.2, 25.14, 53.39, 54.46, 55.19, 56.11, 84.21, 84.88, 85.33, 86.47, 114.33, 115.43, 116.22, 117.49, 146.37, 146.99, 148.13, 149.04, 180.43, 181.6, 182.77, 183.67, 211.67, 212.48, 212.48, 213.66]","chan":"stdout","logger":"task"}
{"timestamp":"2025-07-14T11:03:17.561959Z","level":"info","event":"media 117.44285714285715 - desviacion 63.09546739760669","chan":"stdout","logger":"task"}
{"timestamp":"2025-07-14T11:03:17.562078Z","level":"info","event":"lim_inf -8.74807765235623","chan":"stdout","logger":"task"}
{"timestamp":"2025-07-14T11:03:17.562159Z","level":"info","event":"lim_sup 243.63379193807054","chan":"stdout","logger":"task"}
{"timestamp":"2025-07-14T11:03:17.562234Z","level":"info","event":"CORRECTO","chan":"stdout","logger":"task"}
{"timestamp":"2025-07-14T11:03:17.566029Z","level":"info","event":"ultimo (213114, 41, datetime.datetime(2025, 7, 7, 14, 45), 196.69, 'valido')","chan":"stdout","logger":"task"}
{"timestamp":"2025-07-14T11:03:17.569264Z","level":"info","event":"[20.47, 21.22, 21.9, 22.49, 48.35, 49.29, 49.95, 50.52, 76.98, 77.49, 78.31, 79.01, 104.6, 105.06, 105.53, 106.25, 132.49, 133.5, 134.65, 135.86, 165.05, 166.03, 166.99, 167.45, 193.95, 194.81, 195.59, 196.69]","chan":"stdout","logger":"task"}
{"timestamp":"2025-07-14T11:03:17.569574Z","level":"info","event":"media 107.16 - desviacion 57.95775148453274","chan":"stdout","logger":"task"}
{"timestamp":"2025-07-14T11:03:17.569691Z","level":"info","event":"lim_inf -8.755502969065489","chan":"stdout","logger":"task"}
{"timestamp":"2025-07-14T11:03:17.569789Z","level":"info","event":"lim_sup 223.0755029690655","chan":"stdout","logger":"task"}
{"timestamp":"2025-07-14T11:03:17.569884Z","level":"info","event":"CORRECTO","chan":"stdout","logger":"task"}
{"timestamp":"2025-07-14T11:03:17.572650Z","level":"info","event":"ultimo (213478, 42, datetime.datetime(2025, 7, 7, 14, 45), 236.73, 'valido')","chan":"stdout","logger":"task"}
{"timestamp":"2025-07-14T11:03:17.576489Z","level":"info","event":"[24.92, 25.92, 27.14, 27.74, 57.06, 57.82, 58.98, 59.78, 96.94, 97.52, 98.62, 99.9, 127.4, 128.13, 129.01, 130.21, 162.01, 162.7, 163.73, 164.18, 202.22, 203.19, 203.19, 204.25, 235.1, 235.1, 236.21, 236.73]","chan":"stdout","logger":"task"}
{"timestamp":"2025-07-14T11:03:17.576723Z","level":"info","event":"media 130.56071428571425 - desviacion 70.22002832569369","chan":"stdout","logger":"task"}
{"timestamp":"2025-07-14T11:03:17.576808Z","level":"info","event":"lim_inf -9.879342365673125","chan":"stdout","logger":"task"}
{"timestamp":"2025-07-14T11:03:17.576882Z","level":"info","event":"lim_sup 271.0007709371016","chan":"stdout","logger":"task"}
{"timestamp":"2025-07-14T11:03:17.576955Z","level":"info","event":"CORRECTO","chan":"stdout","logger":"task"}
{"timestamp":"2025-07-14T11:03:17.580611Z","level":"info","event":"ultimo (213842, 43, datetime.datetime(2025, 7, 7, 14, 45), 194.14, 'valido')","chan":"stdout","logger":"task"}
{"timestamp":"2025-07-14T11:03:17.584246Z","level":"info","event":"[20.69, 21.73, 22.82, 24.05, 51.06, 52.06, 52.82, 53.63, 78.3, 78.82, 79.89, 81.15, 105.9, 106.99, 107.69, 108.43, 133.53, 134.74, 135.26, 136.27, 162.21, 162.89, 163.76, 163.76, 191.66, 192.78, 193.6, 194.14]","chan":"stdout","logger":"task"}
{"timestamp":"2025-07-14T11:03:17.584493Z","level":"info","event":"media 107.5225 - desviacion 56.378297599152205","chan":"stdout","logger":"task"}
{"timestamp":"2025-07-14T11:03:17.584603Z","level":"info","event":"lim_inf -5.234095198304416","chan":"stdout","logger":"task"}
{"timestamp":"2025-07-14T11:03:17.584699Z","level":"info","event":"lim_sup 220.2790951983044","chan":"stdout","logger":"task"}
{"timestamp":"2025-07-14T11:03:17.584795Z","level":"info","event":"CORRECTO","chan":"stdout","logger":"task"}
{"timestamp":"2025-07-14T11:03:17.587663Z","level":"info","event":"ultimo (214206, 44, datetime.datetime(2025, 7, 7, 14, 45), 198.85, 'valido')","chan":"stdout","logger":"task"}
{"timestamp":"2025-07-14T11:03:17.590833Z","level":"info","event":"[22.6, 23.81, 24.51, 25.78, 55.69, 56.28, 56.28, 57.27, 82.08, 83.25, 83.76, 84.41, 113.32, 114.0, 114.99, 115.61, 141.25, 141.8, 142.37, 143.27, 170.19, 170.86, 172.02, 172.87, 195.87, 197.11, 197.81, 198.85]","chan":"stdout","logger":"task"}
{"timestamp":"2025-07-14T11:03:17.591108Z","level":"info","event":"media 112.7825 - desviacion 57.78993607547203","chan":"stdout","logger":"task"}
{"timestamp":"2025-07-14T11:03:17.591263Z","level":"info","event":"lim_inf -2.7973721509440566","chan":"stdout","logger":"task"}
{"timestamp":"2025-07-14T11:03:17.591428Z","level":"info","event":"lim_sup 228.36237215094405","chan":"stdout","logger":"task"}
{"timestamp":"2025-07-14T11:03:17.591552Z","level":"info","event":"CORRECTO","chan":"stdout","logger":"task"}
{"timestamp":"2025-07-14T11:03:17.594834Z","level":"info","event":"ultimo (214570, 45, datetime.datetime(2025, 7, 7, 14, 45), 214.57, 'valido')","chan":"stdout","logger":"task"}
{"timestamp":"2025-07-14T11:03:17.597999Z","level":"info","event":"[21.54, 22.2, 23.02, 23.6, 59.62, 60.89, 61.48, 62.14, 92.42, 93.59, 94.16, 94.87, 122.6, 123.22, 123.86, 124.82, 152.21, 152.88, 154.14, 154.91, 182.29, 183.01, 183.01, 184.03, 211.5, 212.53, 213.4, 214.57]","chan":"stdout","logger":"task"}
{"timestamp":"2025-07-14T11:03:17.598296Z","level":"info","event":"media 121.51821428571431 - desviacion 62.57618608279324","chan":"stdout","logger":"task"}
{"timestamp":"2025-07-14T11:03:17.598408Z","level":"info","event":"lim_inf -3.634157879872177","chan":"stdout","logger":"task"}
{"timestamp":"2025-07-14T11:03:17.598501Z","level":"info","event":"lim_sup 246.67058645130078","chan":"stdout","logger":"task"}
{"timestamp":"2025-07-14T11:03:17.598592Z","level":"info","event":"CORRECTO","chan":"stdout","logger":"task"}
{"timestamp":"2025-07-14T11:03:17.601378Z","level":"info","event":"ultimo (214934, 46, datetime.datetime(2025, 7, 7, 14, 45), 204.46, 'valido')","chan":"stdout","logger":"task"}
{"timestamp":"2025-07-14T11:03:17.604680Z","level":"info","event":"[21.3, 22.39, 23.31, 24.34, 50.68, 51.34, 52.05, 52.67, 80.24, 81.06, 82.09, 83.3, 110.22, 111.18, 111.74, 112.65, 140.36, 140.36, 141.06, 141.99, 174.25, 174.25, 175.13, 175.86, 201.99, 202.71, 203.65, 204.46]","chan":"stdout","logger":"task"}
{"timestamp":"2025-07-14T11:03:17.604897Z","level":"info","event":"media 112.37964285714288 - desviacion 60.49976401855648","chan":"stdout","logger":"task"}
{"timestamp":"2025-07-14T11:03:17.604996Z","level":"info","event":"lim_inf -8.619885179970083","chan":"stdout","logger":"task"}
{"timestamp":"2025-07-14T11:03:17.605087Z","level":"info","event":"lim_sup 233.37917089425585","chan":"stdout","logger":"task"}
{"timestamp":"2025-07-14T11:03:17.605175Z","level":"info","event":"CORRECTO","chan":"stdout","logger":"task"}
{"timestamp":"2025-07-14T11:03:17.608174Z","level":"info","event":"ultimo (215298, 47, datetime.datetime(2025, 7, 7, 14, 45), 205.34, 'valido')","chan":"stdout","logger":"task"}
{"timestamp":"2025-07-14T11:03:17.611135Z","level":"info","event":"[25.67, 26.56, 27.14, 28.33, 57.53, 58.13, 58.66, 59.18, 82.77, 83.78, 84.87, 85.78, 112.88, 113.52, 114.28, 114.87, 142.21, 142.79, 143.85, 144.91, 174.08, 174.88, 176.05, 177.13, 203.13, 204.03, 204.75, 205.34]","chan":"stdout","logger":"task"}
{"timestamp":"2025-07-14T11:03:17.611426Z","level":"info","event":"media 115.25357142857145 - desviacion 58.99535031401601","chan":"stdout","logger":"task"}
{"timestamp":"2025-07-14T11:03:17.611530Z","level":"info","event":"lim_inf -2.7371291994605684","chan":"stdout","logger":"task"}
{"timestamp":"2025-07-14T11:03:17.611622Z","level":"info","event":"lim_sup 233.24427205660345","chan":"stdout","logger":"task"}
{"timestamp":"2025-07-14T11:03:17.611712Z","level":"info","event":"CORRECTO","chan":"stdout","logger":"task"}
{"timestamp":"2025-07-14T11:03:17.614527Z","level":"info","event":"ultimo (215662, 48, datetime.datetime(2025, 7, 7, 14, 45), 207.98, 'valido')","chan":"stdout","logger":"task"}
{"timestamp":"2025-07-14T11:03:17.617551Z","level":"info","event":"[21.2, 22.23, 23.07, 23.65, 55.42, 56.38, 57.12, 57.89, 86.1, 87.22, 88.06, 88.56, 116.13, 116.85, 117.3, 117.84, 147.78, 148.9, 149.48, 150.53, 177.84, 178.31, 178.9, 180.08, 205.61, 206.31, 206.93, 207.98]","chan":"stdout","logger":"task"}
{"timestamp":"2025-07-14T11:03:17.617855Z","level":"info","event":"media 116.91678571428572 - desviacion 61.33632855317192","chan":"stdout","logger":"task"}
{"timestamp":"2025-07-14T11:03:17.617999Z","level":"info","event":"lim_inf -5.755871392058111","chan":"stdout","logger":"task"}
{"timestamp":"2025-07-14T11:03:17.618138Z","level":"info","event":"lim_sup 239.58944282062956","chan":"stdout","logger":"task"}
{"timestamp":"2025-07-14T11:03:17.618261Z","level":"info","event":"CORRECTO","chan":"stdout","logger":"task"}
{"timestamp":"2025-07-14T11:03:17.620821Z","level":"info","event":"ultimo (216026, 49, datetime.datetime(2025, 7, 7, 14, 45), 225.0, 'valido')","chan":"stdout","logger":"task"}
{"timestamp":"2025-07-14T11:03:17.623781Z","level":"info","event":"[24.83, 26.09, 27.16, 28.27, 61.44, 62.24, 62.69, 63.45, 110.13, 111.35, 112.21, 112.93, 138.18, 139.1, 140.04, 140.66, 167.28, 168.14, 168.64, 169.3, 195.18, 196.31, 197.22, 198.22, 222.06, 222.72, 223.99, 225.0]","chan":"stdout","logger":"task"}
{"timestamp":"2025-07-14T11:03:17.624051Z","level":"info","event":"media 132.67249999999999 - desviacion 65.7865311673728","chan":"stdout","logger":"task"}
{"timestamp":"2025-07-14T11:03:17.624157Z","level":"info","event":"lim_inf 1.099437665254385","chan":"stdout","logger":"task"}
{"timestamp":"2025-07-14T11:03:17.624250Z","level":"info","event":"lim_sup 264.2455623347456","chan":"stdout","logger":"task"}
{"timestamp":"2025-07-14T11:03:17.624340Z","level":"info","event":"CORRECTO","chan":"stdout","logger":"task"}
{"timestamp":"2025-07-14T11:03:17.627198Z","level":"info","event":"ultimo (216490, 50, datetime.datetime(2025, 7, 7, 14, 45), 229.1, 'valido')","chan":"stdout","logger":"task"}
{"timestamp":"2025-07-14T11:03:17.630693Z","level":"info","event":"[22.02, 22.93, 23.63, 24.33, 49.66, 50.14, 50.87, 51.75, 77.01, 77.81, 78.78, 79.86, 111.83, 112.33, 113.27, 114.39, 159.98, 160.41, 161.4, 162.27, 198.5, 199.31, 200.05, 200.64, 226.35, 226.94, 227.9, 229.1]","chan":"stdout","logger":"task"}
{"timestamp":"2025-07-14T11:03:17.630970Z","level":"info","event":"media 121.90928571428572 - desviacion 71.2524154943221","chan":"stdout","logger":"task"}
{"timestamp":"2025-07-14T11:03:17.631076Z","level":"info","event":"lim_inf -20.59554527435847","chan":"stdout","logger":"task"}
{"timestamp":"2025-07-14T11:03:17.631167Z","level":"info","event":"lim_sup 264.4141167029299","chan":"stdout","logger":"task"}
{"timestamp":"2025-07-14T11:03:17.631256Z","level":"info","event":"CORRECTO","chan":"stdout","logger":"task"}
{"timestamp":"2025-07-14T11:03:17.633943Z","level":"info","event":"ultimo (216854, 51, datetime.datetime(2025, 7, 7, 14, 45), 212.29, 'valido')","chan":"stdout","logger":"task"}
{"timestamp":"2025-07-14T11:03:17.637077Z","level":"info","event":"[18.71, 19.49, 20.03, 20.54, 56.53, 56.53, 57.78, 58.8, 84.79, 85.34, 85.97, 87.02, 115.97, 117.22, 118.15, 118.72, 145.63, 146.65, 147.35, 148.35, 172.13, 173.05, 173.93, 174.71, 208.95, 210.21, 211.38, 212.29]","chan":"stdout","logger":"task"}
{"timestamp":"2025-07-14T11:03:17.637382Z","level":"info","event":"media 115.93642857142856 - desviacion 61.946218852340294","chan":"stdout","logger":"task"}
{"timestamp":"2025-07-14T11:03:17.637515Z","level":"info","event":"lim_inf -7.956009133252024","chan":"stdout","logger":"task"}
{"timestamp":"2025-07-14T11:03:17.637632Z","level":"info","event":"lim_sup 239.82886627610915","chan":"stdout","logger":"task"}
{"timestamp":"2025-07-14T11:03:17.637746Z","level":"info","event":"CORRECTO","chan":"stdout","logger":"task"}
{"timestamp":"2025-07-14T11:03:17.640314Z","level":"info","event":"ultimo (217218, 52, datetime.datetime(2025, 7, 7, 14, 45), 213.03, 'valido')","chan":"stdout","logger":"task"}
{"timestamp":"2025-07-14T11:03:17.643302Z","level":"info","event":"[22.52, 23.57, 24.27, 24.76, 53.53, 54.29, 54.75, 55.28, 85.12, 86.12, 87.16, 87.76, 115.16, 115.96, 116.54, 117.65, 142.33, 143.01, 143.6, 144.05, 170.09, 170.86, 171.94, 172.67, 210.78, 211.32, 212.17, 213.03]","chan":"stdout","logger":"task"}
{"timestamp":"2025-07-14T11:03:17.643616Z","level":"info","event":"media 115.36750000000002 - desviacion 61.12584668563466","chan":"stdout","logger":"task"}
{"timestamp":"2025-07-14T11:03:17.643771Z","level":"info","event":"lim_inf -6.884193371269305","chan":"stdout","logger":"task"}
{"timestamp":"2025-07-14T11:03:17.643900Z","level":"info","event":"lim_sup 237.61919337126935","chan":"stdout","logger":"task"}
{"timestamp":"2025-07-14T11:03:17.644047Z","level":"info","event":"CORRECTO","chan":"stdout","logger":"task"}
{"timestamp":"2025-07-14T11:03:17.646644Z","level":"info","event":"ultimo (217582, 53, datetime.datetime(2025, 7, 7, 14, 45), 201.78, 'valido')","chan":"stdout","logger":"task"}
{"timestamp":"2025-07-14T11:03:17.649812Z","level":"info","event":"[22.69, 23.13, 23.6, 24.6, 50.64, 51.64, 52.76, 54.0, 79.8, 80.72, 81.52, 82.07, 107.41, 108.32, 109.23, 110.38, 137.26, 138.2, 138.77, 139.81, 171.48, 171.94, 172.57, 173.02, 198.86, 199.96, 201.12, 201.78]","chan":"stdout","logger":"task"}
{"timestamp":"2025-07-14T11:03:17.650090Z","level":"info","event":"media 110.97428571428573 - desviacion 59.186935299980526","chan":"stdout","logger":"task"}
{"timestamp":"2025-07-14T11:03:17.650195Z","level":"info","event":"lim_inf -7.399584885675324","chan":"stdout","logger":"task"}
{"timestamp":"2025-07-14T11:03:17.650286Z","level":"info","event":"lim_sup 229.34815631424678","chan":"stdout","logger":"task"}
{"timestamp":"2025-07-14T11:03:17.650376Z","level":"info","event":"CORRECTO","chan":"stdout","logger":"task"}
{"timestamp":"2025-07-14T11:03:17.653718Z","level":"info","event":"ultimo (217946, 54, datetime.datetime(2025, 7, 7, 14, 45), 227.18, 'valido')","chan":"stdout","logger":"task"}
{"timestamp":"2025-07-14T11:03:17.656816Z","level":"info","event":"[26.47, 27.56, 28.72, 29.24, 60.61, 61.23, 62.51, 63.37, 92.26, 93.16, 93.7, 94.92, 120.17, 121.03, 122.33, 123.28, 156.19, 156.91, 157.48, 158.46, 192.9, 193.76, 194.77, 195.27, 224.67, 225.29, 226.01, 227.18]","chan":"stdout","logger":"task"}
{"timestamp":"2025-07-14T11:03:17.657093Z","level":"info","event":"media 126.05178571428573 - desviacion 65.87121884261155","chan":"stdout","logger":"task"}
{"timestamp":"2025-07-14T11:03:17.657211Z","level":"info","event":"lim_inf -5.690651970937381","chan":"stdout","logger":"task"}
{"timestamp":"2025-07-14T11:03:17.657320Z","level":"info","event":"lim_sup 257.79422339950884","chan":"stdout","logger":"task"}
{"timestamp":"2025-07-14T11:03:17.657425Z","level":"info","event":"CORRECTO","chan":"stdout","logger":"task"}
{"timestamp":"2025-07-14T11:03:17.660236Z","level":"info","event":"ultimo (218310, 55, datetime.datetime(2025, 7, 7, 14, 45), 218.12, 'valido')","chan":"stdout","logger":"task"}
{"timestamp":"2025-07-14T11:03:17.663696Z","level":"info","event":"[22.06, 22.71, 23.61, 24.55, 55.26, 55.26, 55.99, 56.44, 83.43, 83.87, 85.04, 86.11, 115.39, 116.5, 117.39, 118.29, 154.9, 155.52, 156.14, 157.29, 182.86, 183.77, 184.25, 184.92, 215.37, 216.0, 217.05, 218.12]","chan":"stdout","logger":"task"}
{"timestamp":"2025-07-14T11:03:17.663930Z","level":"info","event":"media 119.57464285714286 - desviacion 64.8969838327386","chan":"stdout","logger":"task"}
{"timestamp":"2025-07-14T11:03:17.664026Z","level":"info","event":"lim_inf -10.219324808334335","chan":"stdout","logger":"task"}
{"timestamp":"2025-07-14T11:03:17.664111Z","level":"info","event":"lim_sup 249.36861052262006","chan":"stdout","logger":"task"}
{"timestamp":"2025-07-14T11:03:17.664221Z","level":"info","event":"CORRECTO","chan":"stdout","logger":"task"}
{"timestamp":"2025-07-14T11:03:17.667089Z","level":"info","event":"ultimo (218674, 56, datetime.datetime(2025, 7, 7, 14, 45), 203.26, 'valido')","chan":"stdout","logger":"task"}
{"timestamp":"2025-07-14T11:03:17.670106Z","level":"info","event":"[18.87, 20.13, 20.71, 21.37, 48.92, 49.42, 50.31, 51.33, 81.64, 82.26, 82.95, 84.08, 110.7, 111.41, 112.61, 113.55, 143.53, 144.6, 145.84, 146.88, 170.54, 171.38, 172.13, 173.09, 200.13, 201.01, 202.25, 203.26]","chan":"stdout","logger":"task"}
{"timestamp":"2025-07-14T11:03:17.670366Z","level":"info","event":"media 111.9607142857143 - desviacion 60.756982898415615","chan":"stdout","logger":"task"}
{"timestamp":"2025-07-14T11:03:17.670491Z","level":"info","event":"lim_inf -9.553251511116926","chan":"stdout","logger":"task"}
{"timestamp":"2025-07-14T11:03:17.670594Z","level":"info","event":"lim_sup 233.47468008254555","chan":"stdout","logger":"task"}
{"timestamp":"2025-07-14T11:03:17.670704Z","level":"info","event":"CORRECTO","chan":"stdout","logger":"task"}
{"timestamp":"2025-07-14T11:03:17.673533Z","level":"info","event":"ultimo (219038, 57, datetime.datetime(2025, 7, 7, 14, 45), 214.43, 'valido')","chan":"stdout","logger":"task"}
{"timestamp":"2025-07-14T11:03:17.677247Z","level":"info","event":"[21.28, 22.47, 23.76, 24.44, 52.63, 53.2, 53.2, 54.27, 84.76, 86.05, 87.28, 88.36, 113.63, 114.33, 114.85, 116.11, 153.12, 153.62, 154.75, 155.68, 183.95, 184.48, 184.48, 185.65, 212.1, 212.54, 213.64, 214.43]","chan":"stdout","logger":"task"}
{"timestamp":"2025-07-14T11:03:17.677509Z","level":"info","event":"media 118.53785714285712 - desviacion 64.39558388569507","chan":"stdout","logger":"task"}
{"timestamp":"2025-07-14T11:03:17.677613Z","level":"info","event":"lim_inf -10.253310628533029","chan":"stdout","logger":"task"}
{"timestamp":"2025-07-14T11:03:17.677704Z","level":"info","event":"lim_sup 247.32902491424727","chan":"stdout","logger":"task"}
{"timestamp":"2025-07-14T11:03:17.677827Z","level":"info","event":"CORRECTO","chan":"stdout","logger":"task"}
{"timestamp":"2025-07-14T11:03:17.680642Z","level":"info","event":"ultimo (219402, 58, datetime.datetime(2025, 7, 7, 14, 45), 207.89, 'valido')","chan":"stdout","logger":"task"}
{"timestamp":"2025-07-14T11:03:17.683783Z","level":"info","event":"[20.38, 21.21, 21.83, 22.47, 50.75, 52.01, 52.93, 53.72, 81.47, 82.1, 83.39, 84.24, 114.77, 115.93, 116.93, 118.2, 145.19, 146.16, 146.91, 147.73, 176.45, 177.63, 178.35, 179.33, 204.62, 205.88, 206.99, 207.89]","chan":"stdout","logger":"task"}
{"timestamp":"2025-07-14T11:03:17.684080Z","level":"info","event":"media 114.83785714285713 - desviacion 62.12475233392098","chan":"stdout","logger":"task"}
{"timestamp":"2025-07-14T11:03:17.684210Z","level":"info","event":"lim_inf -9.41164752498483","chan":"stdout","logger":"task"}
{"timestamp":"2025-07-14T11:03:17.684329Z","level":"info","event":"lim_sup 239.0873618106991","chan":"stdout","logger":"task"}
{"timestamp":"2025-07-14T11:03:17.684449Z","level":"info","event":"CORRECTO","chan":"stdout","logger":"task"}
{"timestamp":"2025-07-14T11:03:17.687090Z","level":"info","event":"ultimo (219766, 59, datetime.datetime(2025, 7, 7, 14, 45), 215.15, 'valido')","chan":"stdout","logger":"task"}
{"timestamp":"2025-07-14T11:03:17.690105Z","level":"info","event":"[20.65, 21.52, 22.05, 23.07, 49.19, 50.0, 50.79, 51.49, 83.19, 84.13, 85.2, 86.06, 115.48, 116.02, 116.66, 117.39, 146.89, 147.73, 148.81, 149.68, 182.8, 183.51, 184.18, 185.47, 212.53, 213.03, 213.98, 215.15]","chan":"stdout","logger":"task"}
{"timestamp":"2025-07-14T11:03:17.690419Z","level":"info","event":"media 117.0232142857143 - desviacion 64.76733695387621","chan":"stdout","logger":"task"}
{"timestamp":"2025-07-14T11:03:17.690571Z","level":"info","event":"lim_inf -12.511459622038117","chan":"stdout","logger":"task"}
{"timestamp":"2025-07-14T11:03:17.690703Z","level":"info","event":"lim_sup 246.55788819346674","chan":"stdout","logger":"task"}
{"timestamp":"2025-07-14T11:03:17.690826Z","level":"info","event":"CORRECTO","chan":"stdout","logger":"task"}
{"timestamp":"2025-07-14T11:03:17.694365Z","level":"info","event":"ultimo (220130, 60, datetime.datetime(2025, 7, 7, 14, 45), 201.86, 'valido')","chan":"stdout","logger":"task"}
{"timestamp":"2025-07-14T11:03:17.697685Z","level":"info","event":"[26.04, 26.96, 28.02, 28.64, 53.01, 54.05, 54.6, 55.54, 83.12, 83.89, 84.32, 85.18, 114.0, 114.6, 115.34, 115.99, 142.64, 143.91, 145.07, 145.99, 170.95, 171.55, 172.8, 173.88, 199.59, 200.05, 200.99, 201.86]","chan":"stdout","logger":"task"}
{"timestamp":"2025-07-14T11:03:17.697939Z","level":"info","event":"media 114.0207142857143 - desviacion 58.29363013036253","chan":"stdout","logger":"task"}
{"timestamp":"2025-07-14T11:03:17.698027Z","level":"info","event":"lim_inf -2.5665459750107544","chan":"stdout","logger":"task"}
{"timestamp":"2025-07-14T11:03:17.698104Z","level":"info","event":"lim_sup 230.60797454643938","chan":"stdout","logger":"task"}
{"timestamp":"2025-07-14T11:03:17.698196Z","level":"info","event":"CORRECTO","chan":"stdout","logger":"task"}
{"timestamp":"2025-07-14T11:03:17.701368Z","level":"info","event":"ultimo (220494, 61, datetime.datetime(2025, 7, 7, 14, 45), 222.24, 'valido')","chan":"stdout","logger":"task"}
{"timestamp":"2025-07-14T11:03:17.704797Z","level":"info","event":"[22.83, 24.01, 24.84, 25.72, 53.04, 53.8, 55.01, 56.0, 82.18, 82.78, 83.91, 84.46, 130.42, 131.32, 132.04, 132.86, 160.88, 161.44, 162.03, 163.33, 190.7, 191.63, 192.22, 192.69, 219.64, 220.5, 220.97, 222.24]","chan":"stdout","logger":"task"}
{"timestamp":"2025-07-14T11:03:17.705046Z","level":"info","event":"media 124.05321428571428 - desviacion 67.50450863532701","chan":"stdout","logger":"task"}
{"timestamp":"2025-07-14T11:03:17.705185Z","level":"info","event":"lim_inf -10.955802984939751","chan":"stdout","logger":"task"}
{"timestamp":"2025-07-14T11:03:17.705308Z","level":"info","event":"lim_sup 259.0622315563683","chan":"stdout","logger":"task"}
{"timestamp":"2025-07-14T11:03:17.705429Z","level":"info","event":"CORRECTO","chan":"stdout","logger":"task"}
{"timestamp":"2025-07-14T11:03:17.708258Z","level":"info","event":"ultimo (220858, 62, datetime.datetime(2025, 7, 7, 14, 45), 205.88, 'valido')","chan":"stdout","logger":"task"}
{"timestamp":"2025-07-14T11:03:17.711981Z","level":"info","event":"[22.91, 23.49, 24.55, 25.49, 57.85, 58.83, 59.66, 60.73, 89.94, 90.86, 91.64, 92.72, 118.51, 119.56, 120.37, 121.01, 147.98, 149.08, 149.86, 150.68, 175.94, 176.64, 177.64, 178.46, 203.39, 204.4, 204.92, 205.88]","chan":"stdout","logger":"task"}
{"timestamp":"2025-07-14T11:03:17.712238Z","level":"info","event":"media 117.96392857142857 - desviacion 59.74147048140523","chan":"stdout","logger":"task"}
{"timestamp":"2025-07-14T11:03:17.712348Z","level":"info","event":"lim_inf -1.5190123913818923","chan":"stdout","logger":"task"}
{"timestamp":"2025-07-14T11:03:17.712451Z","level":"info","event":"lim_sup 237.44686953423903","chan":"stdout","logger":"task"}
{"timestamp":"2025-07-14T11:03:17.712555Z","level":"info","event":"CORRECTO","chan":"stdout","logger":"task"}
{"timestamp":"2025-07-14T11:03:17.715419Z","level":"info","event":"ultimo (221322, 63, datetime.datetime(2025, 7, 7, 14, 45), 203.5, 'valido')","chan":"stdout","logger":"task"}
{"timestamp":"2025-07-14T11:03:17.718573Z","level":"info","event":"[20.64, 21.27, 22.5, 23.39, 52.16, 52.97, 53.9, 54.83, 83.32, 84.26, 84.93, 85.93, 116.01, 116.75, 117.72, 118.75, 143.98, 145.23, 145.69, 146.35, 170.82, 171.73, 173.02, 174.11, 201.28, 202.17, 202.94, 203.5]","chan":"stdout","logger":"task"}
{"timestamp":"2025-07-14T11:03:17.718831Z","level":"info","event":"media 113.9339285714286 - desviacion 60.047886149263384","chan":"stdout","logger":"task"}
{"timestamp":"2025-07-14T11:03:17.718936Z","level":"info","event":"lim_inf -6.161843727098173","chan":"stdout","logger":"task"}
{"timestamp":"2025-07-14T11:03:17.719037Z","level":"info","event":"lim_sup 234.02970086995538","chan":"stdout","logger":"task"}
{"timestamp":"2025-07-14T11:03:17.719133Z","level":"info","event":"CORRECTO","chan":"stdout","logger":"task"}
{"timestamp":"2025-07-14T11:03:17.722438Z","level":"info","event":"ultimo (221686, 64, datetime.datetime(2025, 7, 7, 14, 45), 219.32, 'valido')","chan":"stdout","logger":"task"}
{"timestamp":"2025-07-14T11:03:17.727710Z","level":"info","event":"[18.59, 19.74, 20.84, 22.1, 58.85, 59.53, 60.69, 61.71, 91.52, 92.37, 93.17, 94.06, 121.28, 121.79, 122.39, 123.05, 149.33, 150.56, 151.14, 151.61, 184.23, 185.13, 186.26, 187.21, 215.93, 216.97, 218.15, 219.32]","chan":"stdout","logger":"task"}
{"timestamp":"2025-07-14T11:03:17.727988Z","level":"info","event":"media 121.33999999999999 - desviacion 64.40469742184959","chan":"stdout","logger":"task"}
{"timestamp":"2025-07-14T11:03:17.728113Z","level":"info","event":"lim_inf -7.469394843699192","chan":"stdout","logger":"task"}
{"timestamp":"2025-07-14T11:03:17.728194Z","level":"info","event":"lim_sup 250.14939484369916","chan":"stdout","logger":"task"}
{"timestamp":"2025-07-14T11:03:17.728268Z","level":"info","event":"CORRECTO","chan":"stdout","logger":"task"}
{"timestamp":"2025-07-14T11:03:17.731946Z","level":"info","event":"ultimo (222050, 65, datetime.datetime(2025, 7, 7, 14, 45), 209.78, 'valido')","chan":"stdout","logger":"task"}
{"timestamp":"2025-07-14T11:03:17.735430Z","level":"info","event":"[21.46, 22.6, 23.49, 24.11, 54.06, 54.9, 55.89, 56.94, 83.38, 83.91, 84.66, 85.34, 114.08, 115.32, 116.06, 116.84, 146.91, 147.61, 148.7, 149.9, 175.97, 177.1, 177.64, 178.54, 208.61, 209.32, 209.32, 209.78]","chan":"stdout","logger":"task"}
{"timestamp":"2025-07-14T11:03:17.735710Z","level":"info","event":"media 116.15857142857146 - desviacion 61.92061402163521","chan":"stdout","logger":"task"}
{"timestamp":"2025-07-14T11:03:17.735797Z","level":"info","event":"lim_inf -7.682656614698956","chan":"stdout","logger":"task"}
{"timestamp":"2025-07-14T11:03:17.735876Z","level":"info","event":"lim_sup 239.99979947184187","chan":"stdout","logger":"task"}
{"timestamp":"2025-07-14T11:03:17.735950Z","level":"info","event":"CORRECTO","chan":"stdout","logger":"task"}
{"timestamp":"2025-07-14T11:03:17.739833Z","level":"info","event":"ultimo (222414, 66, datetime.datetime(2025, 7, 7, 14, 45), 206.76, 'valido')","chan":"stdout","logger":"task"}
{"timestamp":"2025-07-14T11:03:17.744120Z","level":"info","event":"[18.65, 19.31, 20.42, 21.15, 51.39, 52.18, 53.1, 54.19, 83.04, 83.6, 84.26, 85.1, 110.37, 110.37, 110.99, 111.44, 137.98, 138.46, 139.75, 140.55, 168.9, 169.51, 169.98, 170.42, 203.74, 204.65, 205.82, 206.76]","chan":"stdout","logger":"task"}
{"timestamp":"2025-07-14T11:03:17.744372Z","level":"info","event":"media 111.64571428571428 - desviacion 60.41899071298286","chan":"stdout","logger":"task"}
{"timestamp":"2025-07-14T11:03:17.744464Z","level":"info","event":"lim_inf -9.192267140251445","chan":"stdout","logger":"task"}
{"timestamp":"2025-07-14T11:03:17.744540Z","level":"info","event":"lim_sup 232.48369571168","chan":"stdout","logger":"task"}
{"timestamp":"2025-07-14T11:03:17.744614Z","level":"info","event":"CORRECTO","chan":"stdout","logger":"task"}
{"timestamp":"2025-07-14T11:03:17.747997Z","level":"info","event":"ultimo (222778, 67, datetime.datetime(2025, 7, 7, 14, 45), 207.53, 'valido')","chan":"stdout","logger":"task"}
{"timestamp":"2025-07-14T11:03:17.751654Z","level":"info","event":"[20.1, 21.34, 21.79, 22.58, 48.98, 49.98, 50.64, 51.28, 78.69, 79.58, 80.71, 81.68, 111.82, 112.69, 113.14, 113.79, 142.56, 143.72, 144.43, 145.57, 174.09, 174.74, 175.56, 176.6, 204.86, 206.06, 206.72, 207.53]","chan":"stdout","logger":"task"}
{"timestamp":"2025-07-14T11:03:17.751876Z","level":"info","event":"media 112.90107142857143 - desviacion 62.048715212857765","chan":"stdout","logger":"task"}
{"timestamp":"2025-07-14T11:03:17.751957Z","level":"info","event":"lim_inf -11.196358997144102","chan":"stdout","logger":"task"}
{"timestamp":"2025-07-14T11:03:17.752027Z","level":"info","event":"lim_sup 236.99850185428696","chan":"stdout","logger":"task"}
{"timestamp":"2025-07-14T11:03:17.752095Z","level":"info","event":"CORRECTO","chan":"stdout","logger":"task"}
{"timestamp":"2025-07-14T11:03:17.755593Z","level":"info","event":"ultimo (223142, 68, datetime.datetime(2025, 7, 7, 14, 45), 225.67, 'valido')","chan":"stdout","logger":"task"}
{"timestamp":"2025-07-14T11:03:17.759498Z","level":"info","event":"[27.61, 28.82, 28.82, 29.94, 55.28, 56.17, 57.45, 58.67, 85.48, 85.96, 87.03, 87.8, 131.13, 132.23, 133.38, 134.43, 163.12, 163.62, 164.36, 164.93, 195.01, 195.73, 196.68, 197.14, 223.27, 224.2, 224.63, 225.67]","chan":"stdout","logger":"task"}
{"timestamp":"2025-07-14T11:03:17.759732Z","level":"info","event":"media 127.09142857142857 - desviacion 67.4839568614161","chan":"stdout","logger":"task"}
{"timestamp":"2025-07-14T11:03:17.759816Z","level":"info","event":"lim_inf -7.876485151403642","chan":"stdout","logger":"task"}
{"timestamp":"2025-07-14T11:03:17.759891Z","level":"info","event":"lim_sup 262.0593422942608","chan":"stdout","logger":"task"}
{"timestamp":"2025-07-14T11:03:17.759964Z","level":"info","event":"CORRECTO","chan":"stdout","logger":"task"}
{"timestamp":"2025-07-14T11:03:17.763470Z","level":"info","event":"ultimo (223506, 69, datetime.datetime(2025, 7, 7, 14, 45), 216.19, 'valido')","chan":"stdout","logger":"task"}
{"timestamp":"2025-07-14T11:03:17.767121Z","level":"info","event":"[30.55, 31.01, 31.73, 32.86, 59.98, 61.24, 61.92, 62.61, 89.86, 89.86, 90.38, 91.55, 115.15, 116.39, 117.51, 118.36, 148.58, 149.52, 150.67, 151.6, 185.44, 186.15, 186.67, 187.81, 213.21, 213.73, 214.95, 216.19]","chan":"stdout","logger":"task"}
{"timestamp":"2025-07-14T11:03:17.767379Z","level":"info","event":"media 121.62428571428572 - desviacion 61.40407207463475","chan":"stdout","logger":"task"}
{"timestamp":"2025-07-14T11:03:17.767470Z","level":"info","event":"lim_inf -1.183858434983776","chan":"stdout","logger":"task"}
{"timestamp":"2025-07-14T11:03:17.767546Z","level":"info","event":"lim_sup 244.43242986355523","chan":"stdout","logger":"task"}
{"timestamp":"2025-07-14T11:03:17.767619Z","level":"info","event":"CORRECTO","chan":"stdout","logger":"task"}
{"timestamp":"2025-07-14T11:03:17.771143Z","level":"info","event":"ultimo (223870, 70, datetime.datetime(2025, 7, 7, 14, 45), 206.51, 'valido')","chan":"stdout","logger":"task"}
{"timestamp":"2025-07-14T11:03:17.775437Z","level":"info","event":"[22.92, 23.99, 24.45, 25.62, 51.88, 52.5, 53.73, 54.83, 80.99, 81.68, 82.38, 82.9, 113.73, 114.86, 115.61, 116.13, 144.25, 144.72, 145.89, 146.96, 175.49, 175.49, 176.36, 177.53, 204.9, 206.07, 206.07, 206.51]","chan":"stdout","logger":"task"}
{"timestamp":"2025-07-14T11:03:17.775766Z","level":"info","event":"media 114.58714285714288 - desviacion 61.04024742841766","chan":"stdout","logger":"task"}
{"timestamp":"2025-07-14T11:03:17.775919Z","level":"info","event":"lim_inf -7.493351999692436","chan":"stdout","logger":"task"}
{"timestamp":"2025-07-14T11:03:17.776052Z","level":"info","event":"lim_sup 236.6676377139782","chan":"stdout","logger":"task"}
{"timestamp":"2025-07-14T11:03:17.776191Z","level":"info","event":"CORRECTO","chan":"stdout","logger":"task"}
{"timestamp":"2025-07-14T11:03:17.779897Z","level":"info","event":"ultimo (224234, 71, datetime.datetime(2025, 7, 7, 14, 45), 200.48, 'valido')","chan":"stdout","logger":"task"}
{"timestamp":"2025-07-14T11:03:17.783588Z","level":"info","event":"[22.31, 23.05, 23.88, 24.59, 52.72, 53.95, 54.91, 55.79, 83.48, 84.02, 84.49, 85.77, 112.0, 112.54, 113.31, 114.11, 138.69, 139.98, 140.9, 141.69, 168.68, 169.64, 169.64, 170.71, 197.67, 198.69, 199.36, 200.48]","chan":"stdout","logger":"task"}
{"timestamp":"2025-07-14T11:03:17.783871Z","level":"info","event":"media 112.03750000000001 - desviacion 58.10810483333137","chan":"stdout","logger":"task"}
{"timestamp":"2025-07-14T11:03:17.784009Z","level":"info","event":"lim_inf -4.178709666662726","chan":"stdout","logger":"task"}
{"timestamp":"2025-07-14T11:03:17.784140Z","level":"info","event":"lim_sup 228.25370966666276","chan":"stdout","logger":"task"}
{"timestamp":"2025-07-14T11:03:17.784263Z","level":"info","event":"CORRECTO","chan":"stdout","logger":"task"}
{"timestamp":"2025-07-14T11:03:17.787667Z","level":"info","event":"ultimo (224598, 72, datetime.datetime(2025, 7, 7, 14, 45), 211.6, 'valido')","chan":"stdout","logger":"task"}
{"timestamp":"2025-07-14T11:03:17.791393Z","level":"info","event":"[21.73, 22.51, 23.33, 24.25, 51.66, 52.67, 53.14, 53.95, 80.52, 81.51, 82.81, 83.33, 112.4, 113.38, 114.15, 115.23, 149.81, 150.42, 151.29, 151.93, 178.25, 179.22, 179.93, 180.59, 208.46, 209.04, 210.33, 211.6]","chan":"stdout","logger":"task"}
{"timestamp":"2025-07-14T11:03:17.791681Z","level":"info","event":"media 115.98 - desviacion 63.09397260096584","chan":"stdout","logger":"task"}
{"timestamp":"2025-07-14T11:03:17.791801Z","level":"info","event":"lim_inf -10.207945201931679","chan":"stdout","logger":"task"}
{"timestamp":"2025-07-14T11:03:17.791907Z","level":"info","event":"lim_sup 242.16794520193167","chan":"stdout","logger":"task"}
{"timestamp":"2025-07-14T11:03:17.791997Z","level":"info","event":"CORRECTO","chan":"stdout","logger":"task"}
{"timestamp":"2025-07-14T11:03:17.795587Z","level":"info","event":"ultimo (224962, 73, datetime.datetime(2025, 7, 7, 14, 45), 222.65, 'valido')","chan":"stdout","logger":"task"}
{"timestamp":"2025-07-14T11:03:17.799472Z","level":"info","event":"[22.59, 23.1, 23.56, 24.73, 61.46, 62.28, 62.95, 63.93, 92.31, 92.85, 94.11, 94.87, 122.74, 123.53, 124.15, 124.58, 152.25, 152.98, 153.74, 154.74, 180.73, 181.42, 182.65, 183.69, 220.05, 220.88, 221.68, 222.65]","chan":"stdout","logger":"task"}
{"timestamp":"2025-07-14T11:03:17.799779Z","level":"info","event":"media 122.9 - desviacion 63.81289748721873","chan":"stdout","logger":"task"}
{"timestamp":"2025-07-14T11:03:17.799922Z","level":"info","event":"lim_inf -4.725794974437449","chan":"stdout","logger":"task"}
{"timestamp":"2025-07-14T11:03:17.800055Z","level":"info","event":"lim_sup 250.52579497443747","chan":"stdout","logger":"task"}
{"timestamp":"2025-07-14T11:03:17.800176Z","level":"info","event":"CORRECTO","chan":"stdout","logger":"task"}
{"timestamp":"2025-07-14T11:03:17.803720Z","level":"info","event":"ultimo (225326, 74, datetime.datetime(2025, 7, 7, 14, 45), 221.31, 'valido')","chan":"stdout","logger":"task"}
{"timestamp":"2025-07-14T11:03:17.807845Z","level":"info","event":"[21.99, 23.27, 23.27, 24.31, 54.37, 55.38, 56.41, 57.1, 90.0, 90.61, 91.62, 92.8, 120.85, 121.99, 122.79, 123.87, 157.57, 158.46, 159.57, 160.24, 187.77, 189.03, 189.95, 190.61, 219.03, 219.63, 220.28, 221.31]","chan":"stdout","logger":"task"}
{"timestamp":"2025-07-14T11:03:17.808167Z","level":"info","event":"media 123.00285714285715 - desviacion 66.11903253425074","chan":"stdout","logger":"task"}
{"timestamp":"2025-07-14T11:03:17.808286Z","level":"info","event":"lim_inf -9.235207925644318","chan":"stdout","logger":"task"}
{"timestamp":"2025-07-14T11:03:17.808382Z","level":"info","event":"lim_sup 255.24092221135862","chan":"stdout","logger":"task"}
{"timestamp":"2025-07-14T11:03:17.808476Z","level":"info","event":"CORRECTO","chan":"stdout","logger":"task"}
{"timestamp":"2025-07-14T11:03:17.811285Z","level":"info","event":"ultimo (225776, 75, datetime.datetime(2025, 7, 7, 14, 45), 210.79, 'valido')","chan":"stdout","logger":"task"}
{"timestamp":"2025-07-14T11:03:17.814894Z","level":"info","event":"[20.44, 21.49, 22.21, 23.26, 51.7, 52.15, 52.83, 53.6, 79.01, 79.91, 79.91, 81.15, 108.02, 108.62, 109.57, 109.57, 135.88, 136.86, 137.45, 143.91, 171.51, 172.15, 173.43, 174.45, 208.32, 208.95, 209.89, 210.79]","chan":"stdout","logger":"task"}
{"timestamp":"2025-07-14T11:03:17.815215Z","level":"info","event":"media 112.0367857142857 - desviacion 61.66928443917439","chan":"stdout","logger":"task"}
{"timestamp":"2025-07-14T11:03:17.815395Z","level":"info","event":"lim_inf -11.301783164063082","chan":"stdout","logger":"task"}
{"timestamp":"2025-07-14T11:03:17.815533Z","level":"info","event":"lim_sup 235.3753545926345","chan":"stdout","logger":"task"}
{"timestamp":"2025-07-14T11:03:17.815657Z","level":"info","event":"CORRECTO","chan":"stdout","logger":"task"}
{"timestamp":"2025-07-14T11:03:17.818835Z","level":"info","event":"ultimo (226154, 76, datetime.datetime(2025, 7, 7, 14, 45), 212.92, 'valido')","chan":"stdout","logger":"task"}
{"timestamp":"2025-07-14T11:03:17.822161Z","level":"info","event":"[27.35, 27.94, 29.12, 29.58, 56.7, 57.35, 58.65, 59.11, 86.06, 87.33, 87.97, 88.8, 125.0, 125.68, 126.38, 127.41, 155.12, 156.34, 157.36, 158.22, 182.81, 183.26, 184.27, 185.01, 211.04, 211.8, 212.27, 212.92]","chan":"stdout","logger":"task"}
{"timestamp":"2025-07-14T11:03:17.822426Z","level":"info","event":"media 121.81607142857142 - desviacion 62.322402148555916","chan":"stdout","logger":"task"}
{"timestamp":"2025-07-14T11:03:17.822571Z","level":"info","event":"lim_inf -2.8287328685404134","chan":"stdout","logger":"task"}
{"timestamp":"2025-07-14T11:03:17.822703Z","level":"info","event":"lim_sup 246.46087572568325","chan":"stdout","logger":"task"}
{"timestamp":"2025-07-14T11:03:17.822826Z","level":"info","event":"CORRECTO","chan":"stdout","logger":"task"}
{"timestamp":"2025-07-14T11:03:17.826028Z","level":"info","event":"ultimo (226518, 77, datetime.datetime(2025, 7, 7, 14, 45), 215.69, 'valido')","chan":"stdout","logger":"task"}
{"timestamp":"2025-07-14T11:03:17.829973Z","level":"info","event":"[20.19, 21.1, 21.83, 23.0, 52.47, 53.64, 54.33, 55.46, 81.76, 82.52, 83.65, 84.32, 112.73, 113.47, 114.08, 115.12, 140.37, 141.35, 142.13, 142.84, 175.28, 175.82, 176.56, 177.52, 212.87, 213.61, 214.51, 215.69]","chan":"stdout","logger":"task"}
{"timestamp":"2025-07-14T11:03:17.830257Z","level":"info","event":"media 114.93642857142856 - desviacion 63.00999417406994","chan":"stdout","logger":"task"}
{"timestamp":"2025-07-14T11:03:17.830369Z","level":"info","event":"lim_inf -11.083559776711311","chan":"stdout","logger":"task"}
{"timestamp":"2025-07-14T11:03:17.830467Z","level":"info","event":"lim_sup 240.95641691956843","chan":"stdout","logger":"task"}
{"timestamp":"2025-07-14T11:03:17.830562Z","level":"info","event":"CORRECTO","chan":"stdout","logger":"task"}
{"timestamp":"2025-07-14T11:03:17.833434Z","level":"info","event":"ultimo None","chan":"stdout","logger":"task"}
{"timestamp":"2025-07-14T11:03:17.833549","level":"error","event":"Task failed with exception","logger":"task","error_detail":[{"exc_type":"TypeError","exc_value":"object of type 'NoneType' has no len()","exc_notes":[],"syntax_error":null,"is_cause":false,"frames":[{"filename":"/home/airflow/.local/lib/python3.12/site-packages/airflow/sdk/execution_time/task_runner.py","lineno":867,"name":"run"},{"filename":"/home/airflow/.local/lib/python3.12/site-packages/airflow/sdk/execution_time/task_runner.py","lineno":1159,"name":"_execute_task"},{"filename":"/home/airflow/.local/lib/python3.12/site-packages/airflow/sdk/bases/operator.py","lineno":397,"name":"wrapper"},{"filename":"/home/airflow/.local/lib/python3.12/site-packages/airflow/providers/standard/operators/python.py","lineno":216,"name":"execute"},{"filename":"/home/airflow/.local/lib/python3.12/site-packages/airflow/providers/standard/operators/python.py","lineno":239,"name":"execute_callable"},{"filename":"/home/airflow/.local/lib/python3.12/site-packages/airflow/sdk/execution_time/callback_runner.py","lineno":81,"name":"run"},{"filename":"/opt/airflow/dags/dag_analisis.py","lineno":115,"name":"detectar_desviacion"}],"is_group":false,"exceptions":[]}]}
{"timestamp":"2025-07-14T11:03:17.834681Z","level":"info","event":"Task instance in failure state","chan":"stdout","logger":"task"}
{"timestamp":"2025-07-14T11:03:17.834885Z","level":"info","event":"Task start","chan":"stdout","logger":"task"}
{"timestamp":"2025-07-14T11:03:17.834993Z","level":"info","event":"Task:<Task(PythonOperator): detectar_desviacion>","chan":"stdout","logger":"task"}
{"timestamp":"2025-07-14T11:03:17.835091Z","level":"info","event":"Failure caused by object of type 'NoneType' has no len()","chan":"stdout","logger":"task"}
