{"timestamp":"2025-07-13T20:46:46.708758","level":"info","event":"DAG bundles loaded: dags-folder, example_dags","logger":"airflow.dag_processing.bundles.manager.DagBundlesManager"}
{"timestamp":"2025-07-13T20:46:46.711998","level":"info","event":"Filling up the DagBag from /opt/airflow/dags/dag_analisis.py","logger":"airflow.models.dagbag.DagBag"}
{"timestamp":"2025-07-13T20:46:46.773776Z","level":"info","event":"Task instance is in running state","chan":"stdout","logger":"task"}
{"timestamp":"2025-07-13T20:46:46.774047Z","level":"info","event":" Previous state of the Task instance: TaskInstanceState.QUEUED","chan":"stdout","logger":"task"}
{"timestamp":"2025-07-13T20:46:46.774212Z","level":"info","event":"Current task name:deteccion_valores_congelados","chan":"stdout","logger":"task"}
{"timestamp":"2025-07-13T20:46:46.774360Z","level":"info","event":"Dag name:a2","chan":"stdout","logger":"task"}
{"timestamp":"2025-07-13T20:46:46.743417","level":"warning","event":"/opt/airflow/dags/dag_analisis.py:69: UserWarning: pandas only supports SQLAlchemy connectable (engine/connection) or database string URI or sqlite3 DBAPI2 connection. Other DBAPI2 objects are not tested. Please consider using SQLAlchemy.\n  df = pd.read_sql(query, conn)\n","logger":"py.warnings"}
{"timestamp":"2025-07-13T20:46:46.828533Z","level":"info","event":"         id  device_id           timestamp   value  rn","chan":"stdout","logger":"task"}
{"timestamp":"2025-07-13T20:46:46.828792Z","level":"info","event":"0    276141          1 2025-07-07 17:15:00  226.71   3","chan":"stdout","logger":"task"}
{"timestamp":"2025-07-13T20:46:46.828942Z","level":"info","event":"1    276142          1 2025-07-07 17:30:00  226.96   2","chan":"stdout","logger":"task"}
{"timestamp":"2025-07-13T20:46:46.829066Z","level":"info","event":"2    276143          1 2025-07-07 17:45:00  227.20   1","chan":"stdout","logger":"task"}
{"timestamp":"2025-07-13T20:46:46.829192Z","level":"info","event":"3    276505          2 2025-07-07 17:15:00  205.96   3","chan":"stdout","logger":"task"}
{"timestamp":"2025-07-13T20:46:46.829309Z","level":"info","event":"4    276506          2 2025-07-07 17:30:00  206.26   2","chan":"stdout","logger":"task"}
{"timestamp":"2025-07-13T20:46:46.829423Z","level":"info","event":"..      ...        ...                 ...     ...  ..","chan":"stdout","logger":"task"}
{"timestamp":"2025-07-13T20:46:46.829536Z","level":"info","event":"295  311814         99 2025-07-07 17:30:00  205.94   2","chan":"stdout","logger":"task"}
{"timestamp":"2025-07-13T20:46:46.829679Z","level":"info","event":"296  311815         99 2025-07-07 17:45:00  206.28   1","chan":"stdout","logger":"task"}
{"timestamp":"2025-07-13T20:46:46.829840Z","level":"info","event":"297  312177        100 2025-07-07 17:15:00  228.82   3","chan":"stdout","logger":"task"}
{"timestamp":"2025-07-13T20:46:46.829971Z","level":"info","event":"298  312178        100 2025-07-07 17:30:00  229.20   2","chan":"stdout","logger":"task"}
{"timestamp":"2025-07-13T20:46:46.830091Z","level":"info","event":"299  312179        100 2025-07-07 17:45:00  229.59   1","chan":"stdout","logger":"task"}
{"timestamp":"2025-07-13T20:46:46.830214Z","level":"info","event":"","chan":"stdout","logger":"task"}
{"timestamp":"2025-07-13T20:46:46.830378Z","level":"info","event":"[300 rows x 5 columns]","chan":"stdout","logger":"task"}
{"timestamp":"2025-07-13T20:46:46.845523Z","level":"info","event":"todo bien","chan":"stdout","logger":"task"}
{"timestamp":"2025-07-13T20:46:46.846498","level":"info","event":"Done. Returned value was: None","logger":"airflow.task.operators.airflow.providers.standard.operators.python.PythonOperator"}
{"timestamp":"2025-07-13T20:46:46.876224Z","level":"info","event":"Task instance in success state","chan":"stdout","logger":"task"}
{"timestamp":"2025-07-13T20:46:46.876470Z","level":"info","event":" Previous state of the Task instance: TaskInstanceState.RUNNING","chan":"stdout","logger":"task"}
{"timestamp":"2025-07-13T20:46:46.876619Z","level":"info","event":"Task operator:<Task(PythonOperator): deteccion_valores_congelados>","chan":"stdout","logger":"task"}
