{"timestamp":"2025-07-13T21:25:55.202529","level":"info","event":"DAG bundles loaded: dags-folder, example_dags","logger":"airflow.dag_processing.bundles.manager.DagBundlesManager"}
{"timestamp":"2025-07-13T21:25:55.203512","level":"info","event":"Filling up the DagBag from /opt/airflow/dags/dag_analisis.py","logger":"airflow.models.dagbag.DagBag"}
{"timestamp":"2025-07-13T21:25:55.282675Z","level":"info","event":"Task instance is in running state","chan":"stdout","logger":"task"}
{"timestamp":"2025-07-13T21:25:55.282958Z","level":"info","event":" Previous state of the Task instance: TaskInstanceState.QUEUED","chan":"stdout","logger":"task"}
{"timestamp":"2025-07-13T21:25:55.283158Z","level":"info","event":"Current task name:detectar_desviacion","chan":"stdout","logger":"task"}
{"timestamp":"2025-07-13T21:25:55.283375Z","level":"info","event":"Dag name:a2","chan":"stdout","logger":"task"}
{"timestamp":"2025-07-13T21:25:55.283550Z","level":"info","event":"<class 'tuple'>","chan":"stdout","logger":"task"}
{"timestamp":"2025-07-13T21:25:55.283724Z","level":"info","event":"[]","chan":"stdout","logger":"task"}
{"timestamp":"2025-07-13T21:25:55.283894Z","level":"info","event":"<class 'tuple'>","chan":"stdout","logger":"task"}
{"timestamp":"2025-07-13T21:25:55.284062Z","level":"info","event":"[]","chan":"stdout","logger":"task"}
{"timestamp":"2025-07-13T21:25:55.284229Z","level":"info","event":"<class 'tuple'>","chan":"stdout","logger":"task"}
{"timestamp":"2025-07-13T21:25:55.284393Z","level":"info","event":"[]","chan":"stdout","logger":"task"}
{"timestamp":"2025-07-13T21:25:55.284713Z","level":"info","event":"<class 'tuple'>","chan":"stdout","logger":"task"}
{"timestamp":"2025-07-13T21:25:55.284911Z","level":"info","event":"[]","chan":"stdout","logger":"task"}
{"timestamp":"2025-07-13T21:25:55.285079Z","level":"info","event":"<class 'tuple'>","chan":"stdout","logger":"task"}
{"timestamp":"2025-07-13T21:25:55.285244Z","level":"info","event":"[]","chan":"stdout","logger":"task"}
{"timestamp":"2025-07-13T21:25:55.285407Z","level":"info","event":"<class 'tuple'>","chan":"stdout","logger":"task"}
{"timestamp":"2025-07-13T21:25:55.285575Z","level":"info","event":"[]","chan":"stdout","logger":"task"}
{"timestamp":"2025-07-13T21:25:55.286239Z","level":"info","event":"<class 'tuple'>","chan":"stdout","logger":"task"}
{"timestamp":"2025-07-13T21:25:55.286527Z","level":"info","event":"[]","chan":"stdout","logger":"task"}
{"timestamp":"2025-07-13T21:25:55.293748Z","level":"info","event":"<class 'tuple'>","chan":"stdout","logger":"task"}
{"timestamp":"2025-07-13T21:25:55.294078Z","level":"info","event":"[]","chan":"stdout","logger":"task"}
{"timestamp":"2025-07-13T21:25:55.301361Z","level":"info","event":"<class 'tuple'>","chan":"stdout","logger":"task"}
{"timestamp":"2025-07-13T21:25:55.301653Z","level":"info","event":"[]","chan":"stdout","logger":"task"}
{"timestamp":"2025-07-13T21:25:55.309619Z","level":"info","event":"<class 'tuple'>","chan":"stdout","logger":"task"}
{"timestamp":"2025-07-13T21:25:55.309897Z","level":"info","event":"[]","chan":"stdout","logger":"task"}
{"timestamp":"2025-07-13T21:25:55.318169Z","level":"info","event":"<class 'tuple'>","chan":"stdout","logger":"task"}
{"timestamp":"2025-07-13T21:25:55.318434Z","level":"info","event":"[]","chan":"stdout","logger":"task"}
{"timestamp":"2025-07-13T21:25:55.325403Z","level":"info","event":"<class 'tuple'>","chan":"stdout","logger":"task"}
{"timestamp":"2025-07-13T21:25:55.325734Z","level":"info","event":"[]","chan":"stdout","logger":"task"}
{"timestamp":"2025-07-13T21:25:55.333816Z","level":"info","event":"<class 'tuple'>","chan":"stdout","logger":"task"}
{"timestamp":"2025-07-13T21:25:55.334075Z","level":"info","event":"[]","chan":"stdout","logger":"task"}
{"timestamp":"2025-07-13T21:25:55.340697Z","level":"info","event":"<class 'tuple'>","chan":"stdout","logger":"task"}
{"timestamp":"2025-07-13T21:25:55.340945Z","level":"info","event":"[]","chan":"stdout","logger":"task"}
{"timestamp":"2025-07-13T21:25:55.348485Z","level":"info","event":"<class 'tuple'>","chan":"stdout","logger":"task"}
{"timestamp":"2025-07-13T21:25:55.348852Z","level":"info","event":"[]","chan":"stdout","logger":"task"}
{"timestamp":"2025-07-13T21:25:55.356106Z","level":"info","event":"<class 'tuple'>","chan":"stdout","logger":"task"}
{"timestamp":"2025-07-13T21:25:55.356364Z","level":"info","event":"[]","chan":"stdout","logger":"task"}
{"timestamp":"2025-07-13T21:25:55.363524Z","level":"info","event":"<class 'tuple'>","chan":"stdout","logger":"task"}
{"timestamp":"2025-07-13T21:25:55.363845Z","level":"info","event":"[]","chan":"stdout","logger":"task"}
{"timestamp":"2025-07-13T21:25:55.369538Z","level":"info","event":"<class 'tuple'>","chan":"stdout","logger":"task"}
{"timestamp":"2025-07-13T21:25:55.369799Z","level":"info","event":"[]","chan":"stdout","logger":"task"}
{"timestamp":"2025-07-13T21:25:55.374754Z","level":"info","event":"<class 'tuple'>","chan":"stdout","logger":"task"}
{"timestamp":"2025-07-13T21:25:55.375001Z","level":"info","event":"[]","chan":"stdout","logger":"task"}
{"timestamp":"2025-07-13T21:25:55.380525Z","level":"info","event":"<class 'tuple'>","chan":"stdout","logger":"task"}
{"timestamp":"2025-07-13T21:25:55.380814Z","level":"info","event":"[]","chan":"stdout","logger":"task"}
{"timestamp":"2025-07-13T21:25:55.385376Z","level":"info","event":"<class 'tuple'>","chan":"stdout","logger":"task"}
{"timestamp":"2025-07-13T21:25:55.385719Z","level":"info","event":"[]","chan":"stdout","logger":"task"}
{"timestamp":"2025-07-13T21:25:55.391840Z","level":"info","event":"<class 'tuple'>","chan":"stdout","logger":"task"}
{"timestamp":"2025-07-13T21:25:55.392188Z","level":"info","event":"[]","chan":"stdout","logger":"task"}
{"timestamp":"2025-07-13T21:25:55.398518Z","level":"info","event":"<class 'tuple'>","chan":"stdout","logger":"task"}
{"timestamp":"2025-07-13T21:25:55.398836Z","level":"info","event":"[]","chan":"stdout","logger":"task"}
{"timestamp":"2025-07-13T21:25:55.404208Z","level":"info","event":"<class 'tuple'>","chan":"stdout","logger":"task"}
{"timestamp":"2025-07-13T21:25:55.404500Z","level":"info","event":"[]","chan":"stdout","logger":"task"}
{"timestamp":"2025-07-13T21:25:55.409669Z","level":"info","event":"<class 'tuple'>","chan":"stdout","logger":"task"}
{"timestamp":"2025-07-13T21:25:55.409962Z","level":"info","event":"[]","chan":"stdout","logger":"task"}
{"timestamp":"2025-07-13T21:25:55.415036Z","level":"info","event":"<class 'tuple'>","chan":"stdout","logger":"task"}
{"timestamp":"2025-07-13T21:25:55.415366Z","level":"info","event":"[]","chan":"stdout","logger":"task"}
{"timestamp":"2025-07-13T21:25:55.420167Z","level":"info","event":"<class 'tuple'>","chan":"stdout","logger":"task"}
{"timestamp":"2025-07-13T21:25:55.420427Z","level":"info","event":"[]","chan":"stdout","logger":"task"}
{"timestamp":"2025-07-13T21:25:55.424896Z","level":"info","event":"<class 'tuple'>","chan":"stdout","logger":"task"}
{"timestamp":"2025-07-13T21:25:55.425130Z","level":"info","event":"[]","chan":"stdout","logger":"task"}
{"timestamp":"2025-07-13T21:25:55.429959Z","level":"info","event":"<class 'tuple'>","chan":"stdout","logger":"task"}
{"timestamp":"2025-07-13T21:25:55.430198Z","level":"info","event":"[]","chan":"stdout","logger":"task"}
{"timestamp":"2025-07-13T21:25:55.434671Z","level":"info","event":"<class 'tuple'>","chan":"stdout","logger":"task"}
{"timestamp":"2025-07-13T21:25:55.434895Z","level":"info","event":"[]","chan":"stdout","logger":"task"}
{"timestamp":"2025-07-13T21:25:55.439344Z","level":"info","event":"<class 'tuple'>","chan":"stdout","logger":"task"}
{"timestamp":"2025-07-13T21:25:55.439575Z","level":"info","event":"[]","chan":"stdout","logger":"task"}
{"timestamp":"2025-07-13T21:25:55.444146Z","level":"info","event":"<class 'tuple'>","chan":"stdout","logger":"task"}
{"timestamp":"2025-07-13T21:25:55.444391Z","level":"info","event":"[]","chan":"stdout","logger":"task"}
{"timestamp":"2025-07-13T21:25:55.449061Z","level":"info","event":"<class 'tuple'>","chan":"stdout","logger":"task"}
{"timestamp":"2025-07-13T21:25:55.449288Z","level":"info","event":"[]","chan":"stdout","logger":"task"}
{"timestamp":"2025-07-13T21:25:55.454589Z","level":"info","event":"<class 'tuple'>","chan":"stdout","logger":"task"}
{"timestamp":"2025-07-13T21:25:55.454853Z","level":"info","event":"[]","chan":"stdout","logger":"task"}
{"timestamp":"2025-07-13T21:25:55.460748Z","level":"info","event":"<class 'tuple'>","chan":"stdout","logger":"task"}
{"timestamp":"2025-07-13T21:25:55.460984Z","level":"info","event":"[]","chan":"stdout","logger":"task"}
{"timestamp":"2025-07-13T21:25:55.466227Z","level":"info","event":"<class 'tuple'>","chan":"stdout","logger":"task"}
{"timestamp":"2025-07-13T21:25:55.466470Z","level":"info","event":"[]","chan":"stdout","logger":"task"}
{"timestamp":"2025-07-13T21:25:55.471383Z","level":"info","event":"<class 'tuple'>","chan":"stdout","logger":"task"}
{"timestamp":"2025-07-13T21:25:55.471614Z","level":"info","event":"[]","chan":"stdout","logger":"task"}
{"timestamp":"2025-07-13T21:25:55.476414Z","level":"info","event":"<class 'tuple'>","chan":"stdout","logger":"task"}
{"timestamp":"2025-07-13T21:25:55.476639Z","level":"info","event":"[]","chan":"stdout","logger":"task"}
{"timestamp":"2025-07-13T21:25:55.481618Z","level":"info","event":"<class 'tuple'>","chan":"stdout","logger":"task"}
{"timestamp":"2025-07-13T21:25:55.481830Z","level":"info","event":"[]","chan":"stdout","logger":"task"}
{"timestamp":"2025-07-13T21:25:55.486570Z","level":"info","event":"<class 'tuple'>","chan":"stdout","logger":"task"}
{"timestamp":"2025-07-13T21:25:55.486788Z","level":"info","event":"[]","chan":"stdout","logger":"task"}
{"timestamp":"2025-07-13T21:25:55.491536Z","level":"info","event":"<class 'tuple'>","chan":"stdout","logger":"task"}
{"timestamp":"2025-07-13T21:25:55.491760Z","level":"info","event":"[]","chan":"stdout","logger":"task"}
{"timestamp":"2025-07-13T21:25:55.497037Z","level":"info","event":"<class 'tuple'>","chan":"stdout","logger":"task"}
{"timestamp":"2025-07-13T21:25:55.497394Z","level":"info","event":"[]","chan":"stdout","logger":"task"}
{"timestamp":"2025-07-13T21:25:55.503304Z","level":"info","event":"<class 'tuple'>","chan":"stdout","logger":"task"}
{"timestamp":"2025-07-13T21:25:55.503616Z","level":"info","event":"[]","chan":"stdout","logger":"task"}
{"timestamp":"2025-07-13T21:25:55.509408Z","level":"info","event":"<class 'tuple'>","chan":"stdout","logger":"task"}
{"timestamp":"2025-07-13T21:25:55.509723Z","level":"info","event":"[]","chan":"stdout","logger":"task"}
{"timestamp":"2025-07-13T21:25:55.515102Z","level":"info","event":"<class 'tuple'>","chan":"stdout","logger":"task"}
{"timestamp":"2025-07-13T21:25:55.515443Z","level":"info","event":"[]","chan":"stdout","logger":"task"}
{"timestamp":"2025-07-13T21:25:55.520727Z","level":"info","event":"<class 'tuple'>","chan":"stdout","logger":"task"}
{"timestamp":"2025-07-13T21:25:55.521036Z","level":"info","event":"[]","chan":"stdout","logger":"task"}
{"timestamp":"2025-07-13T21:25:55.527072Z","level":"info","event":"<class 'tuple'>","chan":"stdout","logger":"task"}
{"timestamp":"2025-07-13T21:25:55.527340Z","level":"info","event":"[]","chan":"stdout","logger":"task"}
{"timestamp":"2025-07-13T21:25:55.532567Z","level":"info","event":"<class 'tuple'>","chan":"stdout","logger":"task"}
{"timestamp":"2025-07-13T21:25:55.532833Z","level":"info","event":"[]","chan":"stdout","logger":"task"}
{"timestamp":"2025-07-13T21:25:55.537733Z","level":"info","event":"<class 'tuple'>","chan":"stdout","logger":"task"}
{"timestamp":"2025-07-13T21:25:55.537974Z","level":"info","event":"[]","chan":"stdout","logger":"task"}
{"timestamp":"2025-07-13T21:25:55.542989Z","level":"info","event":"<class 'tuple'>","chan":"stdout","logger":"task"}
{"timestamp":"2025-07-13T21:25:55.543293Z","level":"info","event":"[]","chan":"stdout","logger":"task"}
{"timestamp":"2025-07-13T21:25:55.547995Z","level":"info","event":"<class 'tuple'>","chan":"stdout","logger":"task"}
{"timestamp":"2025-07-13T21:25:55.548283Z","level":"info","event":"[]","chan":"stdout","logger":"task"}
{"timestamp":"2025-07-13T21:25:55.552965Z","level":"info","event":"<class 'tuple'>","chan":"stdout","logger":"task"}
{"timestamp":"2025-07-13T21:25:55.553211Z","level":"info","event":"[]","chan":"stdout","logger":"task"}
{"timestamp":"2025-07-13T21:25:55.558042Z","level":"info","event":"<class 'tuple'>","chan":"stdout","logger":"task"}
{"timestamp":"2025-07-13T21:25:55.558258Z","level":"info","event":"[]","chan":"stdout","logger":"task"}
{"timestamp":"2025-07-13T21:25:55.563174Z","level":"info","event":"<class 'tuple'>","chan":"stdout","logger":"task"}
{"timestamp":"2025-07-13T21:25:55.563491Z","level":"info","event":"[]","chan":"stdout","logger":"task"}
{"timestamp":"2025-07-13T21:25:55.568056Z","level":"info","event":"<class 'tuple'>","chan":"stdout","logger":"task"}
{"timestamp":"2025-07-13T21:25:55.568351Z","level":"info","event":"[]","chan":"stdout","logger":"task"}
{"timestamp":"2025-07-13T21:25:55.573036Z","level":"info","event":"<class 'tuple'>","chan":"stdout","logger":"task"}
{"timestamp":"2025-07-13T21:25:55.573251Z","level":"info","event":"[]","chan":"stdout","logger":"task"}
{"timestamp":"2025-07-13T21:25:55.577581Z","level":"info","event":"<class 'tuple'>","chan":"stdout","logger":"task"}
{"timestamp":"2025-07-13T21:25:55.577890Z","level":"info","event":"[]","chan":"stdout","logger":"task"}
{"timestamp":"2025-07-13T21:25:55.583575Z","level":"info","event":"<class 'tuple'>","chan":"stdout","logger":"task"}
{"timestamp":"2025-07-13T21:25:55.583852Z","level":"info","event":"[]","chan":"stdout","logger":"task"}
{"timestamp":"2025-07-13T21:25:55.589507Z","level":"info","event":"<class 'tuple'>","chan":"stdout","logger":"task"}
{"timestamp":"2025-07-13T21:25:55.589753Z","level":"info","event":"[]","chan":"stdout","logger":"task"}
{"timestamp":"2025-07-13T21:25:55.594262Z","level":"info","event":"<class 'tuple'>","chan":"stdout","logger":"task"}
{"timestamp":"2025-07-13T21:25:55.594551Z","level":"info","event":"[]","chan":"stdout","logger":"task"}
{"timestamp":"2025-07-13T21:25:55.599080Z","level":"info","event":"<class 'tuple'>","chan":"stdout","logger":"task"}
{"timestamp":"2025-07-13T21:25:55.599344Z","level":"info","event":"[]","chan":"stdout","logger":"task"}
{"timestamp":"2025-07-13T21:25:55.604525Z","level":"info","event":"<class 'tuple'>","chan":"stdout","logger":"task"}
{"timestamp":"2025-07-13T21:25:55.604741Z","level":"info","event":"[]","chan":"stdout","logger":"task"}
{"timestamp":"2025-07-13T21:25:55.609313Z","level":"info","event":"<class 'tuple'>","chan":"stdout","logger":"task"}
{"timestamp":"2025-07-13T21:25:55.609580Z","level":"info","event":"[]","chan":"stdout","logger":"task"}
{"timestamp":"2025-07-13T21:25:55.613356Z","level":"info","event":"<class 'tuple'>","chan":"stdout","logger":"task"}
{"timestamp":"2025-07-13T21:25:55.613563Z","level":"info","event":"[]","chan":"stdout","logger":"task"}
{"timestamp":"2025-07-13T21:25:55.617298Z","level":"info","event":"<class 'tuple'>","chan":"stdout","logger":"task"}
{"timestamp":"2025-07-13T21:25:55.617507Z","level":"info","event":"[]","chan":"stdout","logger":"task"}
{"timestamp":"2025-07-13T21:25:55.621691Z","level":"info","event":"<class 'tuple'>","chan":"stdout","logger":"task"}
{"timestamp":"2025-07-13T21:25:55.621897Z","level":"info","event":"[]","chan":"stdout","logger":"task"}
{"timestamp":"2025-07-13T21:25:55.626171Z","level":"info","event":"<class 'tuple'>","chan":"stdout","logger":"task"}
{"timestamp":"2025-07-13T21:25:55.626367Z","level":"info","event":"[]","chan":"stdout","logger":"task"}
{"timestamp":"2025-07-13T21:25:55.632328Z","level":"info","event":"<class 'tuple'>","chan":"stdout","logger":"task"}
{"timestamp":"2025-07-13T21:25:55.632565Z","level":"info","event":"[]","chan":"stdout","logger":"task"}
{"timestamp":"2025-07-13T21:25:55.638003Z","level":"info","event":"<class 'tuple'>","chan":"stdout","logger":"task"}
{"timestamp":"2025-07-13T21:25:55.638228Z","level":"info","event":"[]","chan":"stdout","logger":"task"}
{"timestamp":"2025-07-13T21:25:55.643586Z","level":"info","event":"<class 'tuple'>","chan":"stdout","logger":"task"}
{"timestamp":"2025-07-13T21:25:55.643845Z","level":"info","event":"[]","chan":"stdout","logger":"task"}
{"timestamp":"2025-07-13T21:25:55.647662Z","level":"info","event":"<class 'tuple'>","chan":"stdout","logger":"task"}
{"timestamp":"2025-07-13T21:25:55.647934Z","level":"info","event":"[]","chan":"stdout","logger":"task"}
{"timestamp":"2025-07-13T21:25:55.653149Z","level":"info","event":"<class 'tuple'>","chan":"stdout","logger":"task"}
{"timestamp":"2025-07-13T21:25:55.653333Z","level":"info","event":"[]","chan":"stdout","logger":"task"}
{"timestamp":"2025-07-13T21:25:55.658549Z","level":"info","event":"<class 'tuple'>","chan":"stdout","logger":"task"}
{"timestamp":"2025-07-13T21:25:55.658762Z","level":"info","event":"[]","chan":"stdout","logger":"task"}
{"timestamp":"2025-07-13T21:25:55.663883Z","level":"info","event":"<class 'tuple'>","chan":"stdout","logger":"task"}
{"timestamp":"2025-07-13T21:25:55.664079Z","level":"info","event":"[]","chan":"stdout","logger":"task"}
{"timestamp":"2025-07-13T21:25:55.669323Z","level":"info","event":"<class 'tuple'>","chan":"stdout","logger":"task"}
{"timestamp":"2025-07-13T21:25:55.669549Z","level":"info","event":"[]","chan":"stdout","logger":"task"}
{"timestamp":"2025-07-13T21:25:55.674165Z","level":"info","event":"<class 'tuple'>","chan":"stdout","logger":"task"}
{"timestamp":"2025-07-13T21:25:55.674402Z","level":"info","event":"[]","chan":"stdout","logger":"task"}
{"timestamp":"2025-07-13T21:25:55.679470Z","level":"info","event":"<class 'tuple'>","chan":"stdout","logger":"task"}
{"timestamp":"2025-07-13T21:25:55.679825Z","level":"info","event":"[]","chan":"stdout","logger":"task"}
{"timestamp":"2025-07-13T21:25:55.686184Z","level":"info","event":"<class 'tuple'>","chan":"stdout","logger":"task"}
{"timestamp":"2025-07-13T21:25:55.686464Z","level":"info","event":"[]","chan":"stdout","logger":"task"}
{"timestamp":"2025-07-13T21:25:55.692404Z","level":"info","event":"<class 'tuple'>","chan":"stdout","logger":"task"}
{"timestamp":"2025-07-13T21:25:55.692710Z","level":"info","event":"[]","chan":"stdout","logger":"task"}
{"timestamp":"2025-07-13T21:25:55.697822Z","level":"info","event":"<class 'tuple'>","chan":"stdout","logger":"task"}
{"timestamp":"2025-07-13T21:25:55.698122Z","level":"info","event":"[]","chan":"stdout","logger":"task"}
{"timestamp":"2025-07-13T21:25:55.704348Z","level":"info","event":"<class 'tuple'>","chan":"stdout","logger":"task"}
{"timestamp":"2025-07-13T21:25:55.704571Z","level":"info","event":"[]","chan":"stdout","logger":"task"}
{"timestamp":"2025-07-13T21:25:55.710366Z","level":"info","event":"<class 'tuple'>","chan":"stdout","logger":"task"}
{"timestamp":"2025-07-13T21:25:55.710692Z","level":"info","event":"[]","chan":"stdout","logger":"task"}
{"timestamp":"2025-07-13T21:25:55.716931Z","level":"info","event":"<class 'tuple'>","chan":"stdout","logger":"task"}
{"timestamp":"2025-07-13T21:25:55.717140Z","level":"info","event":"[]","chan":"stdout","logger":"task"}
{"timestamp":"2025-07-13T21:25:55.722961Z","level":"info","event":"<class 'tuple'>","chan":"stdout","logger":"task"}
{"timestamp":"2025-07-13T21:25:55.723260Z","level":"info","event":"[]","chan":"stdout","logger":"task"}
{"timestamp":"2025-07-13T21:25:55.729223Z","level":"info","event":"<class 'tuple'>","chan":"stdout","logger":"task"}
{"timestamp":"2025-07-13T21:25:55.729627Z","level":"info","event":"[]","chan":"stdout","logger":"task"}
{"timestamp":"2025-07-13T21:25:55.735875Z","level":"info","event":"<class 'tuple'>","chan":"stdout","logger":"task"}
{"timestamp":"2025-07-13T21:25:55.736176Z","level":"info","event":"[]","chan":"stdout","logger":"task"}
{"timestamp":"2025-07-13T21:25:55.742160Z","level":"info","event":"<class 'tuple'>","chan":"stdout","logger":"task"}
{"timestamp":"2025-07-13T21:25:55.742389Z","level":"info","event":"[]","chan":"stdout","logger":"task"}
{"timestamp":"2025-07-13T21:25:55.748991Z","level":"info","event":"<class 'tuple'>","chan":"stdout","logger":"task"}
{"timestamp":"2025-07-13T21:25:55.749245Z","level":"info","event":"[]","chan":"stdout","logger":"task"}
{"timestamp":"2025-07-13T21:25:55.755391Z","level":"info","event":"<class 'tuple'>","chan":"stdout","logger":"task"}
{"timestamp":"2025-07-13T21:25:55.755622Z","level":"info","event":"[]","chan":"stdout","logger":"task"}
{"timestamp":"2025-07-13T21:25:55.761454Z","level":"info","event":"<class 'tuple'>","chan":"stdout","logger":"task"}
{"timestamp":"2025-07-13T21:25:55.761738Z","level":"info","event":"[]","chan":"stdout","logger":"task"}
{"timestamp":"2025-07-13T21:25:55.767468Z","level":"info","event":"<class 'tuple'>","chan":"stdout","logger":"task"}
{"timestamp":"2025-07-13T21:25:55.767684Z","level":"info","event":"[]","chan":"stdout","logger":"task"}
{"timestamp":"2025-07-13T21:25:55.772879Z","level":"info","event":"<class 'tuple'>","chan":"stdout","logger":"task"}
{"timestamp":"2025-07-13T21:25:55.773088Z","level":"info","event":"[]","chan":"stdout","logger":"task"}
{"timestamp":"2025-07-13T21:25:55.777913Z","level":"info","event":"<class 'tuple'>","chan":"stdout","logger":"task"}
{"timestamp":"2025-07-13T21:25:55.778248Z","level":"info","event":"[]","chan":"stdout","logger":"task"}
{"timestamp":"2025-07-13T21:25:55.784824Z","level":"info","event":"<class 'tuple'>","chan":"stdout","logger":"task"}
{"timestamp":"2025-07-13T21:25:55.785120Z","level":"info","event":"[]","chan":"stdout","logger":"task"}
{"timestamp":"2025-07-13T21:25:55.791882Z","level":"info","event":"<class 'tuple'>","chan":"stdout","logger":"task"}
{"timestamp":"2025-07-13T21:25:55.792103Z","level":"info","event":"[]","chan":"stdout","logger":"task"}
{"timestamp":"2025-07-13T21:25:55.798946Z","level":"info","event":"<class 'tuple'>","chan":"stdout","logger":"task"}
{"timestamp":"2025-07-13T21:25:55.799182Z","level":"info","event":"[]","chan":"stdout","logger":"task"}
{"timestamp":"2025-07-13T21:25:55.805741Z","level":"info","event":"<class 'tuple'>","chan":"stdout","logger":"task"}
{"timestamp":"2025-07-13T21:25:55.805967Z","level":"info","event":"[]","chan":"stdout","logger":"task"}
{"timestamp":"2025-07-13T21:25:55.811556Z","level":"info","event":"<class 'tuple'>","chan":"stdout","logger":"task"}
{"timestamp":"2025-07-13T21:25:55.811783Z","level":"info","event":"[]","chan":"stdout","logger":"task"}
{"timestamp":"2025-07-13T21:25:55.817425Z","level":"info","event":"<class 'tuple'>","chan":"stdout","logger":"task"}
{"timestamp":"2025-07-13T21:25:55.817657Z","level":"info","event":"[]","chan":"stdout","logger":"task"}
{"timestamp":"2025-07-13T21:25:55.823239Z","level":"info","event":"<class 'tuple'>","chan":"stdout","logger":"task"}
{"timestamp":"2025-07-13T21:25:55.823491Z","level":"info","event":"[]","chan":"stdout","logger":"task"}
{"timestamp":"2025-07-13T21:25:55.824405","level":"info","event":"Done. Returned value was: None","logger":"airflow.task.operators.airflow.providers.standard.operators.python.PythonOperator"}
{"timestamp":"2025-07-13T21:25:55.850314Z","level":"info","event":"Task instance in success state","chan":"stdout","logger":"task"}
{"timestamp":"2025-07-13T21:25:55.850543Z","level":"info","event":" Previous state of the Task instance: TaskInstanceState.RUNNING","chan":"stdout","logger":"task"}
{"timestamp":"2025-07-13T21:25:55.850670Z","level":"info","event":"Task operator:<Task(PythonOperator): detectar_desviacion>","chan":"stdout","logger":"task"}
