{"timestamp":"2025-07-11T16:10:22.918908","level":"info","event":"DAG bundles loaded: dags-folder, example_dags","logger":"airflow.dag_processing.bundles.manager.DagBundlesManager"}
{"timestamp":"2025-07-11T16:10:22.919795","level":"info","event":"Filling up the DagBag from /opt/airflow/dags/test1.py","logger":"airflow.models.dagbag.DagBag"}
{"timestamp":"2025-07-11T16:10:22.965097Z","level":"info","event":"Task instance is in running state","chan":"stdout","logger":"task"}
{"timestamp":"2025-07-11T16:10:22.965294Z","level":"info","event":" Previous state of the Task instance: TaskInstanceState.QUEUED","chan":"stdout","logger":"task"}
{"timestamp":"2025-07-11T16:10:22.965385Z","level":"info","event":"Current task name:templated","chan":"stdout","logger":"task"}
{"timestamp":"2025-07-11T16:10:22.965660Z","level":"info","event":"Dag name:tutorial-p","chan":"stdout","logger":"task"}
{"timestamp":"2025-07-11T16:10:22.940237","level":"info","event":"Tmp dir root location: /tmp","logger":"airflow.task.hooks.airflow.providers.standard.hooks.subprocess.SubprocessHook"}
{"timestamp":"2025-07-11T16:10:22.941905","level":"info","event":"Running command: ['/usr/bin/bash', '-c', '\\n\\n    echo \"2025-07-11\"\\n    echo \"2025-07-18\"\\n\\n    echo \"2025-07-11\"\\n    echo \"2025-07-18\"\\n\\n    echo \"2025-07-11\"\\n    echo \"2025-07-18\"\\n\\n    echo \"2025-07-11\"\\n    echo \"2025-07-18\"\\n\\n    echo \"2025-07-11\"\\n    echo \"2025-07-18\"\\n']","logger":"airflow.task.hooks.airflow.providers.standard.hooks.subprocess.SubprocessHook"}
{"timestamp":"2025-07-11T16:10:22.971489","level":"info","event":"Output:","logger":"airflow.task.hooks.airflow.providers.standard.hooks.subprocess.SubprocessHook"}
{"timestamp":"2025-07-11T16:10:22.974582","level":"info","event":"2025-07-11","logger":"airflow.task.hooks.airflow.providers.standard.hooks.subprocess.SubprocessHook"}
{"timestamp":"2025-07-11T16:10:22.974910","level":"info","event":"2025-07-18","logger":"airflow.task.hooks.airflow.providers.standard.hooks.subprocess.SubprocessHook"}
{"timestamp":"2025-07-11T16:10:22.975204","level":"info","event":"2025-07-11","logger":"airflow.task.hooks.airflow.providers.standard.hooks.subprocess.SubprocessHook"}
{"timestamp":"2025-07-11T16:10:22.975372","level":"info","event":"2025-07-18","logger":"airflow.task.hooks.airflow.providers.standard.hooks.subprocess.SubprocessHook"}
{"timestamp":"2025-07-11T16:10:22.975483","level":"info","event":"2025-07-11","logger":"airflow.task.hooks.airflow.providers.standard.hooks.subprocess.SubprocessHook"}
{"timestamp":"2025-07-11T16:10:22.975580","level":"info","event":"2025-07-18","logger":"airflow.task.hooks.airflow.providers.standard.hooks.subprocess.SubprocessHook"}
{"timestamp":"2025-07-11T16:10:22.975673","level":"info","event":"2025-07-11","logger":"airflow.task.hooks.airflow.providers.standard.hooks.subprocess.SubprocessHook"}
{"timestamp":"2025-07-11T16:10:22.975767","level":"info","event":"2025-07-18","logger":"airflow.task.hooks.airflow.providers.standard.hooks.subprocess.SubprocessHook"}
{"timestamp":"2025-07-11T16:10:22.975868","level":"info","event":"2025-07-11","logger":"airflow.task.hooks.airflow.providers.standard.hooks.subprocess.SubprocessHook"}
{"timestamp":"2025-07-11T16:10:22.976217","level":"info","event":"2025-07-18","logger":"airflow.task.hooks.airflow.providers.standard.hooks.subprocess.SubprocessHook"}
{"timestamp":"2025-07-11T16:10:22.976435","level":"info","event":"Command exited with return code 0","logger":"airflow.task.hooks.airflow.providers.standard.hooks.subprocess.SubprocessHook"}
{"timestamp":"2025-07-11T16:10:22.977400","level":"info","event":"Pushing xcom","ti":"RuntimeTaskInstance(id=UUID('0197fa40-81da-7737-8811-1d6248cea56f'), task_id='templated', dag_id='tutorial-p', run_id='scheduled__2025-07-11T16:10:09.296852+00:00', try_number=1, map_index=-1, hostname='669f07fecf71', context_carrier={}, task=<Task(BashOperator): templated>, bundle_instance=LocalDagBundle(name=dags-folder), max_tries=1, start_date=datetime.datetime(2025, 7, 11, 16, 10, 22, 235037, tzinfo=TzInfo(UTC)), end_date=None, state=<TaskInstanceState.RUNNING: 'running'>, is_mapped=False, rendered_map_index=None)","logger":"task"}
{"timestamp":"2025-07-11T16:10:23.015256Z","level":"info","event":"Task instance in success state","chan":"stdout","logger":"task"}
{"timestamp":"2025-07-11T16:10:23.015452Z","level":"info","event":" Previous state of the Task instance: TaskInstanceState.RUNNING","chan":"stdout","logger":"task"}
{"timestamp":"2025-07-11T16:10:23.015564Z","level":"info","event":"Task operator:<Task(BashOperator): templated>","chan":"stdout","logger":"task"}
