{"timestamp":"2025-07-14T00:55:32.087972","level":"info","event":"DAG bundles loaded: dags-folder, example_dags","logger":"airflow.dag_processing.bundles.manager.DagBundlesManager"}
{"timestamp":"2025-07-14T00:55:32.126397","level":"info","event":"Filling up the DagBag from /opt/airflow/dags/dag_analisis.py","logger":"airflow.models.dagbag.DagBag"}
{"timestamp":"2025-07-14T00:55:32.310100Z","level":"info","event":"Task instance is in running state","chan":"stdout","logger":"task"}
{"timestamp":"2025-07-14T00:55:32.310506Z","level":"info","event":" Previous state of the Task instance: TaskInstanceState.QUEUED","chan":"stdout","logger":"task"}
{"timestamp":"2025-07-14T00:55:32.310796Z","level":"info","event":"Current task name:detectar_desviacion","chan":"stdout","logger":"task"}
{"timestamp":"2025-07-14T00:55:32.311051Z","level":"info","event":"Dag name:a2","chan":"stdout","logger":"task"}
{"timestamp":"2025-07-14T00:55:32.311640Z","level":"info","event":"[20.45, 20.91, 21.93, 22.43, 47.77, 48.38, 49.34, 50.13, 82.97, 83.66, 84.31, 85.51, 113.11, 114.21, 115.33, 116.17, 148.16, 149.0, 149.89, 151.04, 178.63, 179.92, 180.88, 181.93, 208.32, 209.36, 209.82, 211.09]","chan":"stdout","logger":"task"}
{"timestamp":"2025-07-14T00:55:32.312020Z","level":"info","event":"media 115.5232142857143 - desviacion 63.810681542779975","chan":"stdout","logger":"task"}
{"timestamp":"2025-07-14T00:55:32.312293Z","level":"info","event":"lim_inf -12.098148799845646","chan":"stdout","logger":"task"}
{"timestamp":"2025-07-14T00:55:32.312517Z","level":"info","event":"lim_sup 243.14457737127424","chan":"stdout","logger":"task"}
{"timestamp":"2025-07-14T00:55:32.374905Z","level":"info","event":"[19.99, 21.11, 22.26, 22.92, 55.39, 56.6, 57.78, 58.26, 86.96, 87.64, 88.13, 88.94, 116.05, 117.04, 118.15, 119.08, 154.68, 155.86, 156.51, 157.0, 181.17, 182.23, 183.31, 184.01, 222.48, 223.11, 230.11, 230.69]","chan":"stdout","logger":"task"}
{"timestamp":"2025-07-14T00:55:32.375260Z","level":"info","event":"media 121.33785714285716 - desviacion 66.85658789833776","chan":"stdout","logger":"task"}
{"timestamp":"2025-07-14T00:55:32.375542Z","level":"info","event":"lim_inf -12.375318653818368","chan":"stdout","logger":"task"}
{"timestamp":"2025-07-14T00:55:32.375748Z","level":"info","event":"lim_sup 255.0510329395327","chan":"stdout","logger":"task"}
{"timestamp":"2025-07-14T00:55:32.412993Z","level":"info","event":"[27.94, 28.43, 29.07, 29.75, 56.32, 57.53, 58.73, 59.76, 87.86, 89.14, 89.63, 90.82, 116.96, 117.56, 118.42, 119.1, 146.69, 147.28, 148.46, 149.33, 180.33, 181.3, 181.77, 182.36, 211.63, 212.25, 213.02, 213.97]","chan":"stdout","logger":"task"}
{"timestamp":"2025-07-14T00:55:32.413449Z","level":"info","event":"media 119.47892857142857 - desviacion 61.2377260203035","chan":"stdout","logger":"task"}
{"timestamp":"2025-07-14T00:55:32.413735Z","level":"info","event":"lim_inf -2.9965234691784275","chan":"stdout","logger":"task"}
{"timestamp":"2025-07-14T00:55:32.413974Z","level":"info","event":"lim_sup 241.95438061203555","chan":"stdout","logger":"task"}
{"timestamp":"2025-07-14T00:55:32.434957Z","level":"info","event":"[22.66, 23.72, 24.83, 25.44, 52.16, 52.98, 54.2, 55.13, 81.49, 82.06, 82.73, 83.48, 112.65, 113.48, 114.23, 114.84, 141.62, 142.63, 143.51, 144.56, 172.48, 173.71, 174.34, 175.33, 202.52, 203.79, 205.02, 205.75]","chan":"stdout","logger":"task"}
{"timestamp":"2025-07-14T00:55:32.435376Z","level":"info","event":"media 113.61928571428572 - desviacion 60.130106194138456","chan":"stdout","logger":"task"}
{"timestamp":"2025-07-14T00:55:32.435666Z","level":"info","event":"lim_inf -6.6409266739911885","chan":"stdout","logger":"task"}
{"timestamp":"2025-07-14T00:55:32.435898Z","level":"info","event":"lim_sup 233.87949810256265","chan":"stdout","logger":"task"}
{"timestamp":"2025-07-14T00:55:32.475604Z","level":"info","event":"[20.74, 21.19, 22.03, 22.57, 49.95, 51.04, 52.13, 52.69, 88.16, 89.22, 89.99, 90.56, 116.81, 117.26, 118.17, 118.64, 149.84, 150.94, 151.57, 152.46, 180.9, 181.5, 182.15, 182.15, 209.61, 210.81, 211.27, 211.77]","chan":"stdout","logger":"task"}
{"timestamp":"2025-07-14T00:55:32.476081Z","level":"info","event":"media 117.71857142857142 - desviacion 63.59876558293777","chan":"stdout","logger":"task"}
{"timestamp":"2025-07-14T00:55:32.476407Z","level":"info","event":"lim_inf -9.478959737304123","chan":"stdout","logger":"task"}
{"timestamp":"2025-07-14T00:55:32.476672Z","level":"info","event":"lim_sup 244.91610259444695","chan":"stdout","logger":"task"}
{"timestamp":"2025-07-14T00:55:32.521470Z","level":"info","event":"[22.65, 23.38, 24.58, 25.83, 54.18, 55.37, 56.39, 56.89, 82.58, 83.65, 84.74, 85.76, 111.59, 112.05, 113.04, 113.64, 139.06, 140.28, 147.46, 148.02, 188.99, 188.99, 189.76, 190.38, 215.69, 216.53, 217.36, 217.79]","chan":"stdout","logger":"task"}
{"timestamp":"2025-07-14T00:55:32.521882Z","level":"info","event":"media 118.09392857142859 - desviacion 64.84910822931766","chan":"stdout","logger":"task"}
{"timestamp":"2025-07-14T00:55:32.522151Z","level":"info","event":"lim_inf -11.604287887206738","chan":"stdout","logger":"task"}
{"timestamp":"2025-07-14T00:55:32.522396Z","level":"info","event":"lim_sup 247.79214503006392","chan":"stdout","logger":"task"}
{"timestamp":"2025-07-14T00:55:32.581171Z","level":"info","event":"[18.52, 19.59, 20.87, 22.06, 55.73, 56.98, 58.23, 58.82, 90.29, 91.32, 91.81, 92.56, 119.81, 120.67, 121.67, 122.61, 152.13, 153.3, 154.01, 155.25, 182.67, 183.71, 184.2, 185.11, 213.29, 214.27, 215.21, 215.77]","chan":"stdout","logger":"task"}
{"timestamp":"2025-07-14T00:55:32.581607Z","level":"info","event":"media 120.37357142857142 - desviacion 64.20772117645564","chan":"stdout","logger":"task"}
{"timestamp":"2025-07-14T00:55:32.581888Z","level":"info","event":"lim_inf -8.041870924339847","chan":"stdout","logger":"task"}
{"timestamp":"2025-07-14T00:55:32.582152Z","level":"info","event":"lim_sup 248.7890137814827","chan":"stdout","logger":"task"}
{"timestamp":"2025-07-14T00:55:32.658769Z","level":"info","event":"[20.42, 21.37, 22.49, 23.33, 50.57, 51.44, 52.27, 53.33, 81.14, 81.76, 82.94, 84.01, 110.02, 110.75, 111.81, 112.24, 148.19, 148.73, 149.58, 150.76, 176.33, 176.91, 177.61, 178.29, 207.77, 208.39, 209.37, 210.62]","chan":"stdout","logger":"task"}
{"timestamp":"2025-07-14T00:55:32.659185Z","level":"info","event":"media 114.72999999999999 - desviacion 62.82389257735808","chan":"stdout","logger":"task"}
{"timestamp":"2025-07-14T00:55:32.659496Z","level":"info","event":"lim_inf -10.91778515471617","chan":"stdout","logger":"task"}
{"timestamp":"2025-07-14T00:55:32.659763Z","level":"info","event":"lim_sup 240.37778515471615","chan":"stdout","logger":"task"}
{"timestamp":"2025-07-14T00:55:32.715461Z","level":"info","event":"[18.83, 20.0, 20.97, 21.41, 48.7, 49.58, 50.34, 51.6, 82.79, 83.31, 84.28, 85.22, 112.78, 113.42, 114.31, 115.12, 144.43, 145.22, 145.94, 146.53, 173.72, 174.33, 175.03, 175.7, 206.19, 207.35, 207.79, 208.36]","chan":"stdout","logger":"task"}
{"timestamp":"2025-07-14T00:55:32.715872Z","level":"info","event":"media 113.68750000000001 - desviacion 62.31816867753279","chan":"stdout","logger":"task"}
{"timestamp":"2025-07-14T00:55:32.716141Z","level":"info","event":"lim_inf -10.948837355065564","chan":"stdout","logger":"task"}
{"timestamp":"2025-07-14T00:55:32.716389Z","level":"info","event":"lim_sup 238.3238373550656","chan":"stdout","logger":"task"}
{"timestamp":"2025-07-14T00:55:32.739890Z","level":"info","event":"[19.18, 20.24, 21.03, 21.68, 48.41, 49.0, 49.77, 50.86, 77.1, 77.84, 78.97, 78.97, 104.8, 106.03, 106.56, 107.28, 136.28, 137.01, 137.01, 138.03, 169.27, 169.79, 170.86, 171.82, 200.13, 201.07, 202.02, 203.24]","chan":"stdout","logger":"task"}
{"timestamp":"2025-07-14T00:55:32.740341Z","level":"info","event":"media 109.08035714285714 - desviacion 60.3172717790887","chan":"stdout","logger":"task"}
{"timestamp":"2025-07-14T00:55:32.740618Z","level":"info","event":"lim_inf -11.55418641532026","chan":"stdout","logger":"task"}
{"timestamp":"2025-07-14T00:55:32.740870Z","level":"info","event":"lim_sup 229.71490070103454","chan":"stdout","logger":"task"}
{"timestamp":"2025-07-14T00:55:32.761775Z","level":"info","event":"[20.43, 20.93, 22.03, 22.62, 48.25, 49.19, 50.14, 51.21, 80.72, 81.38, 81.96, 82.5, 113.25, 114.16, 115.17, 115.17, 142.91, 143.68, 144.25, 145.22, 171.97, 172.47, 173.29, 174.57, 201.68, 202.64, 203.29, 203.81]","chan":"stdout","logger":"task"}
{"timestamp":"2025-07-14T00:55:32.762159Z","level":"info","event":"media 112.46035714285713 - desviacion 60.95980177145679","chan":"stdout","logger":"task"}
{"timestamp":"2025-07-14T00:55:32.762366Z","level":"info","event":"lim_inf -9.459246400056443","chan":"stdout","logger":"task"}
{"timestamp":"2025-07-14T00:55:32.762555Z","level":"info","event":"lim_sup 234.3799606857707","chan":"stdout","logger":"task"}
{"timestamp":"2025-07-14T00:55:32.782066Z","level":"info","event":"[21.1, 22.02, 23.22, 23.75, 56.99, 57.78, 59.04, 59.91, 90.03, 90.52, 91.48, 92.58, 117.08, 117.75, 118.65, 119.39, 148.42, 149.44, 150.63, 150.63, 180.38, 181.11, 182.21, 183.03, 208.6, 209.84, 210.71, 211.7]","chan":"stdout","logger":"task"}
{"timestamp":"2025-07-14T00:55:32.782467Z","level":"info","event":"media 118.8567857142857 - desviacion 62.05532434009255","chan":"stdout","logger":"task"}
{"timestamp":"2025-07-14T00:55:32.782682Z","level":"info","event":"lim_inf -5.253862965899387","chan":"stdout","logger":"task"}
{"timestamp":"2025-07-14T00:55:32.782880Z","level":"info","event":"lim_sup 242.96743439447079","chan":"stdout","logger":"task"}
{"timestamp":"2025-07-14T00:55:32.804298Z","level":"info","event":"[18.84, 19.93, 20.85, 22.12, 51.97, 53.16, 54.04, 54.59, 93.63, 94.49, 95.16, 95.7, 121.72, 122.93, 123.8, 124.26, 154.38, 154.9, 155.94, 157.12, 186.03, 187.01, 187.65, 188.52, 217.89, 218.99, 220.13, 220.8]","chan":"stdout","logger":"task"}
{"timestamp":"2025-07-14T00:55:32.804667Z","level":"info","event":"media 122.01964285714287 - desviacion 66.17792891041884","chan":"stdout","logger":"task"}
{"timestamp":"2025-07-14T00:55:32.804884Z","level":"info","event":"lim_inf -10.336214963694815","chan":"stdout","logger":"task"}
{"timestamp":"2025-07-14T00:55:32.805158Z","level":"info","event":"lim_sup 254.37550067798054","chan":"stdout","logger":"task"}
{"timestamp":"2025-07-14T00:55:32.826424Z","level":"info","event":"[22.53, 23.02, 23.46, 24.4, 56.1, 57.23, 58.39, 59.48, 86.33, 86.79, 87.59, 88.53, 112.86, 113.8, 114.48, 115.63, 143.6, 144.12, 144.87, 145.54, 172.16, 172.99, 174.07, 174.79, 200.12, 201.16, 201.96, 202.48]","chan":"stdout","logger":"task"}
{"timestamp":"2025-07-14T00:55:32.826775Z","level":"info","event":"media 114.58857142857143 - desviacion 58.80755452650412","chan":"stdout","logger":"task"}
{"timestamp":"2025-07-14T00:55:32.826980Z","level":"info","event":"lim_inf -3.0265376244368127","chan":"stdout","logger":"task"}
{"timestamp":"2025-07-14T00:55:32.827174Z","level":"info","event":"lim_sup 232.20368048157968","chan":"stdout","logger":"task"}
{"timestamp":"2025-07-14T00:55:32.849108Z","level":"info","event":"[21.0, 21.62, 22.77, 23.54, 50.84, 51.37, 52.48, 53.33, 79.67, 80.12, 80.64, 81.92, 108.43, 109.38, 110.24, 110.72, 140.26, 141.06, 141.51, 142.74, 177.84, 179.09, 179.53, 180.05, 209.54, 210.13, 211.17, 211.72]","chan":"stdout","logger":"task"}
{"timestamp":"2025-07-14T00:55:32.849461Z","level":"info","event":"media 113.66821428571428 - desviacion 62.94628799072447","chan":"stdout","logger":"task"}
{"timestamp":"2025-07-14T00:55:32.849671Z","level":"info","event":"lim_inf -12.224361695734657","chan":"stdout","logger":"task"}
{"timestamp":"2025-07-14T00:55:32.849868Z","level":"info","event":"lim_sup 239.5607902671632","chan":"stdout","logger":"task"}
{"timestamp":"2025-07-14T00:55:32.870998Z","level":"info","event":"[19.02, 19.95, 20.6, 21.18, 49.85, 51.13, 51.59, 52.38, 79.03, 79.73, 80.95, 82.05, 109.46, 110.43, 110.88, 111.35, 136.31, 137.09, 138.17, 139.1, 166.31, 167.33, 176.26, 176.85, 206.48, 207.0, 207.48, 208.21]","chan":"stdout","logger":"task"}
{"timestamp":"2025-07-14T00:55:32.871370Z","level":"info","event":"media 111.29178571428572 - desviacion 61.46669208682812","chan":"stdout","logger":"task"}
{"timestamp":"2025-07-14T00:55:32.871587Z","level":"info","event":"lim_inf -11.641598459370513","chan":"stdout","logger":"task"}
{"timestamp":"2025-07-14T00:55:32.871816Z","level":"info","event":"lim_sup 234.22516988794195","chan":"stdout","logger":"task"}
{"timestamp":"2025-07-14T00:55:32.893046Z","level":"info","event":"[19.14, 20.4, 21.21, 22.49, 49.48, 50.37, 50.86, 52.01, 78.79, 79.7, 80.63, 81.54, 110.87, 111.67, 112.7, 113.52, 142.46, 143.31, 144.09, 144.83, 173.53, 174.51, 175.24, 176.24, 213.45, 214.23, 214.98, 215.77]","chan":"stdout","logger":"task"}
{"timestamp":"2025-07-14T00:55:32.893391Z","level":"info","event":"media 113.85785714285714 - desviacion 63.87189284347352","chan":"stdout","logger":"task"}
{"timestamp":"2025-07-14T00:55:32.893597Z","level":"info","event":"lim_inf -13.885928544089893","chan":"stdout","logger":"task"}
{"timestamp":"2025-07-14T00:55:32.893792Z","level":"info","event":"lim_sup 241.60164282980418","chan":"stdout","logger":"task"}
{"timestamp":"2025-07-14T00:55:32.914440Z","level":"info","event":"[21.48, 22.3, 23.01, 24.23, 50.11, 50.81, 51.45, 52.34, 82.13, 83.15, 83.73, 84.85, 111.54, 112.2, 112.77, 113.36, 148.68, 149.74, 150.81, 151.99, 182.59, 183.49, 184.6, 185.09, 211.83, 212.39, 213.44, 213.91]","chan":"stdout","logger":"task"}
{"timestamp":"2025-07-14T00:55:32.914800Z","level":"info","event":"media 116.71499999999999 - desviacion 64.53287077694813","chan":"stdout","logger":"task"}
{"timestamp":"2025-07-14T00:55:32.915018Z","level":"info","event":"lim_inf -12.35074155389627","chan":"stdout","logger":"task"}
{"timestamp":"2025-07-14T00:55:32.915214Z","level":"info","event":"lim_sup 245.78074155389623","chan":"stdout","logger":"task"}
{"timestamp":"2025-07-14T00:55:32.937854Z","level":"info","event":"[21.04, 21.56, 22.33, 23.43, 49.74, 50.57, 51.21, 52.42, 83.94, 84.39, 85.1, 85.76, 118.51, 119.33, 120.13, 120.83, 155.1, 156.21, 156.97, 157.99, 188.75, 189.48, 190.03, 190.77, 217.58, 218.08, 218.88, 219.58]","chan":"stdout","logger":"task"}
{"timestamp":"2025-07-14T00:55:32.938201Z","level":"info","event":"media 120.34678571428572 - desviacion 67.08693938537469","chan":"stdout","logger":"task"}
{"timestamp":"2025-07-14T00:55:32.938411Z","level":"info","event":"lim_inf -13.827093056463667","chan":"stdout","logger":"task"}
{"timestamp":"2025-07-14T00:55:32.938618Z","level":"info","event":"lim_sup 254.5206644850351","chan":"stdout","logger":"task"}
{"timestamp":"2025-07-14T00:55:32.959565Z","level":"info","event":"[22.51, 23.51, 23.95, 24.86, 70.83, 71.96, 73.13, 73.84, 110.75, 111.52, 112.27, 113.23, 139.52, 140.42, 141.14, 141.88, 168.84, 170.13, 171.16, 172.38, 201.26, 201.26, 201.78, 202.27, 229.91, 230.57, 231.42, 232.68]","chan":"stdout","logger":"task"}
{"timestamp":"2025-07-14T00:55:32.959909Z","level":"info","event":"media 136.035 - desviacion 67.41964033997385","chan":"stdout","logger":"task"}
{"timestamp":"2025-07-14T00:55:32.960147Z","level":"info","event":"lim_inf 1.1957193200522909","chan":"stdout","logger":"task"}
{"timestamp":"2025-07-14T00:55:32.960345Z","level":"info","event":"lim_sup 270.8742806799477","chan":"stdout","logger":"task"}
{"timestamp":"2025-07-14T00:55:32.982316Z","level":"info","event":"[31.24, 32.41, 33.07, 33.83, 68.43, 69.34, 70.55, 71.63, 94.72, 95.87, 96.69, 97.95, 126.2, 126.74, 127.62, 128.08, 155.4, 156.35, 157.38, 158.09, 184.46, 185.49, 186.21, 186.75, 219.09, 220.3, 220.73, 221.62]","chan":"stdout","logger":"task"}
{"timestamp":"2025-07-14T00:55:32.982707Z","level":"info","event":"media 127.00857142857144 - desviacion 61.14504954347056","chan":"stdout","logger":"task"}
{"timestamp":"2025-07-14T00:55:32.983005Z","level":"info","event":"lim_inf 4.718472341630317","chan":"stdout","logger":"task"}
{"timestamp":"2025-07-14T00:55:32.983223Z","level":"info","event":"lim_sup 249.29867051551258","chan":"stdout","logger":"task"}
{"timestamp":"2025-07-14T00:55:33.004867Z","level":"info","event":"[22.64, 23.14, 23.66, 24.57, 51.11, 52.36, 53.03, 54.07, 82.39, 83.12, 83.96, 84.78, 109.49, 110.3, 111.42, 112.62, 148.58, 149.53, 150.53, 151.61, 178.88, 179.58, 180.61, 181.5, 208.58, 209.08, 209.88, 210.33]","chan":"stdout","logger":"task"}
{"timestamp":"2025-07-14T00:55:33.005441Z","level":"info","event":"media 115.7625 - desviacion 62.86545568712598","chan":"stdout","logger":"task"}
{"timestamp":"2025-07-14T00:55:33.005899Z","level":"info","event":"lim_inf -9.968411374251957","chan":"stdout","logger":"task"}
{"timestamp":"2025-07-14T00:55:33.006204Z","level":"info","event":"lim_sup 241.49341137425196","chan":"stdout","logger":"task"}
{"timestamp":"2025-07-14T00:55:33.028281Z","level":"info","event":"[19.68, 20.63, 21.89, 22.84, 54.69, 55.68, 56.71, 57.51, 85.58, 86.75, 88.04, 89.13, 118.35, 119.1, 120.04, 120.49, 146.03, 146.57, 147.24, 148.38, 176.48, 176.97, 177.75, 178.82, 206.79, 207.69, 208.32, 209.16]","chan":"stdout","logger":"task"}
{"timestamp":"2025-07-14T00:55:33.028654Z","level":"info","event":"media 116.68964285714286 - desviacion 61.647678816350236","chan":"stdout","logger":"task"}
{"timestamp":"2025-07-14T00:55:33.028897Z","level":"info","event":"lim_inf -6.605714775557615","chan":"stdout","logger":"task"}
{"timestamp":"2025-07-14T00:55:33.029103Z","level":"info","event":"lim_sup 239.98500048984334","chan":"stdout","logger":"task"}
{"timestamp":"2025-07-14T00:55:33.051730Z","level":"info","event":"[20.91, 22.01, 22.5, 23.33, 50.76, 51.52, 52.57, 53.37, 81.93, 82.37, 83.32, 84.07, 113.76, 114.77, 115.65, 116.65, 143.98, 144.57, 145.77, 146.25, 188.29, 189.28, 190.03, 190.83, 224.14, 225.09, 225.99, 226.61]","chan":"stdout","logger":"task"}
{"timestamp":"2025-07-14T00:55:33.052144Z","level":"info","event":"media 118.94000000000001 - desviacion 67.80059881741458","chan":"stdout","logger":"task"}
{"timestamp":"2025-07-14T00:55:33.052385Z","level":"info","event":"lim_inf -16.66119763482915","chan":"stdout","logger":"task"}
{"timestamp":"2025-07-14T00:55:33.052686Z","level":"info","event":"lim_sup 254.5411976348292","chan":"stdout","logger":"task"}
{"timestamp":"2025-07-14T00:55:33.073542Z","level":"info","event":"[19.84, 20.5, 21.75, 22.98, 50.79, 51.34, 52.39, 53.59, 81.18, 82.39, 83.52, 84.75, 110.38, 111.49, 112.73, 113.72, 141.43, 142.43, 143.26, 143.82, 180.13, 181.38, 181.38, 182.11, 216.16, 217.37, 218.57, 219.09]","chan":"stdout","logger":"task"}
{"timestamp":"2025-07-14T00:55:33.073914Z","level":"info","event":"media 115.73107142857143 - desviacion 64.9360316189977","chan":"stdout","logger":"task"}
{"timestamp":"2025-07-14T00:55:33.074146Z","level":"info","event":"lim_inf -14.14099180942398","chan":"stdout","logger":"task"}
{"timestamp":"2025-07-14T00:55:33.074353Z","level":"info","event":"lim_sup 245.60313466656683","chan":"stdout","logger":"task"}
{"timestamp":"2025-07-14T00:55:33.108789Z","level":"info","event":"[20.84, 21.88, 31.52, 32.41, 64.13, 65.27, 66.29, 67.22, 95.79, 96.57, 97.79, 98.67, 136.84, 137.47, 137.47, 138.05, 170.69, 171.89, 172.62, 173.55, 200.72, 201.22, 201.89, 202.74, 235.62, 236.45, 237.5, 238.4]","chan":"stdout","logger":"task"}
{"timestamp":"2025-07-14T00:55:33.109168Z","level":"info","event":"media 133.98214285714283 - desviacion 69.9217936267341","chan":"stdout","logger":"task"}
{"timestamp":"2025-07-14T00:55:33.109432Z","level":"info","event":"lim_inf -5.861444396325368","chan":"stdout","logger":"task"}
{"timestamp":"2025-07-14T00:55:33.109642Z","level":"info","event":"lim_sup 273.82573011061106","chan":"stdout","logger":"task"}
{"timestamp":"2025-07-14T00:55:33.133178Z","level":"info","event":"[24.56, 25.39, 25.94, 27.07, 53.53, 54.24, 55.2, 56.05, 84.95, 86.1, 87.35, 87.84, 117.06, 118.05, 118.73, 119.75, 159.42, 160.49, 161.57, 162.01, 191.02, 192.05, 192.95, 193.73, 218.66, 219.78, 220.87, 221.5]","chan":"stdout","logger":"task"}
{"timestamp":"2025-07-14T00:55:33.133603Z","level":"info","event":"media 122.70928571428571 - desviacion 66.736952064942","chan":"stdout","logger":"task"}
{"timestamp":"2025-07-14T00:55:33.133834Z","level":"info","event":"lim_inf -10.764618415598292","chan":"stdout","logger":"task"}
{"timestamp":"2025-07-14T00:55:33.134039Z","level":"info","event":"lim_sup 256.1831898441697","chan":"stdout","logger":"task"}
{"timestamp":"2025-07-14T00:55:33.158135Z","level":"info","event":"[21.33, 22.03, 22.73, 23.42, 52.43, 52.86, 53.73, 54.95, 89.14, 90.31, 90.76, 91.36, 116.24, 117.06, 118.1, 118.95, 146.32, 146.98, 147.85, 148.65, 190.3, 191.29, 192.06, 197.86, 231.11, 231.79, 232.6, 233.57]","chan":"stdout","logger":"task"}
{"timestamp":"2025-07-14T00:55:33.158531Z","level":"info","event":"media 122.34928571428573 - desviacion 69.1575287156881","chan":"stdout","logger":"task"}
{"timestamp":"2025-07-14T00:55:33.158775Z","level":"info","event":"lim_inf -15.965771717090476","chan":"stdout","logger":"task"}
{"timestamp":"2025-07-14T00:55:33.159005Z","level":"info","event":"lim_sup 260.6643431456619","chan":"stdout","logger":"task"}
{"timestamp":"2025-07-14T00:55:33.185940Z","level":"info","event":"[30.64, 31.42, 31.97, 32.96, 58.47, 59.55, 59.99, 60.85, 90.86, 91.32, 92.49, 93.59, 123.21, 124.12, 125.29, 126.3, 153.76, 154.2, 155.37, 155.86, 182.36, 183.18, 184.14, 184.95, 208.79, 208.79, 209.46, 210.69]","chan":"stdout","logger":"task"}
{"timestamp":"2025-07-14T00:55:33.186313Z","level":"info","event":"media 122.30642857142858 - desviacion 60.30377927118461","chan":"stdout","logger":"task"}
{"timestamp":"2025-07-14T00:55:33.186529Z","level":"info","event":"lim_inf 1.6988700290593641","chan":"stdout","logger":"task"}
{"timestamp":"2025-07-14T00:55:33.186738Z","level":"info","event":"lim_sup 242.91398711379782","chan":"stdout","logger":"task"}
{"timestamp":"2025-07-14T00:55:33.240038Z","level":"info","event":"[20.84, 21.31, 22.41, 29.18, 56.97, 58.25, 58.74, 59.9, 93.25, 94.3, 94.96, 95.82, 122.82, 123.29, 123.8, 124.77, 160.92, 161.95, 163.04, 163.48, 191.96, 192.97, 193.94, 195.18, 223.87, 225.08, 225.55, 226.81]","chan":"stdout","logger":"task"}
{"timestamp":"2025-07-14T00:55:33.240332Z","level":"info","event":"media 125.9057142857143 - desviacion 67.43818637561847","chan":"stdout","logger":"task"}
{"timestamp":"2025-07-14T00:55:33.240544Z","level":"info","event":"lim_inf -8.970658465522646","chan":"stdout","logger":"task"}
{"timestamp":"2025-07-14T00:55:33.240745Z","level":"info","event":"lim_sup 260.7820870369512","chan":"stdout","logger":"task"}
{"timestamp":"2025-07-14T00:55:33.320530Z","level":"info","event":"[23.29, 23.92, 23.92, 24.96, 52.76, 53.26, 53.94, 55.22, 82.78, 83.55, 84.21, 84.69, 111.13, 112.25, 113.24, 114.36, 139.23, 140.0, 140.93, 141.84, 180.62, 181.36, 182.26, 183.01, 205.66, 206.65, 207.37, 208.03]","chan":"stdout","logger":"task"}
{"timestamp":"2025-07-14T00:55:33.320894Z","level":"info","event":"media 114.80142857142856 - desviacion 61.610838083796224","chan":"stdout","logger":"task"}
{"timestamp":"2025-07-14T00:55:33.321116Z","level":"info","event":"lim_inf -8.42024759616389","chan":"stdout","logger":"task"}
{"timestamp":"2025-07-14T00:55:33.321327Z","level":"info","event":"lim_sup 238.023104739021","chan":"stdout","logger":"task"}
{"timestamp":"2025-07-14T00:55:33.331765Z","level":"info","event":"[20.37, 21.61, 22.31, 22.97, 51.56, 52.2, 52.72, 53.44, 81.14, 82.18, 83.02, 83.79, 111.22, 111.85, 112.4, 112.89, 138.88, 139.74, 140.77, 141.7, 184.36, 185.24, 186.49, 187.64, 212.85, 213.69, 214.75, 215.52]","chan":"stdout","logger":"task"}
{"timestamp":"2025-07-14T00:55:33.332424Z","level":"info","event":"media 115.61785714285713 - desviacion 64.55324365852373","chan":"stdout","logger":"task"}
{"timestamp":"2025-07-14T00:55:33.332997Z","level":"info","event":"lim_inf -13.48863017419032","chan":"stdout","logger":"task"}
{"timestamp":"2025-07-14T00:55:33.333312Z","level":"info","event":"lim_sup 244.7243444599046","chan":"stdout","logger":"task"}
{"timestamp":"2025-07-14T00:55:33.364154Z","level":"info","event":"[20.24, 21.44, 22.35, 22.98, 50.22, 50.99, 51.79, 52.6, 87.64, 88.44, 89.27, 89.96, 116.88, 117.34, 118.23, 118.67, 152.43, 153.21, 153.87, 154.54, 181.05, 182.0, 183.01, 183.57, 210.24, 211.02, 211.63, 212.07]","chan":"stdout","logger":"task"}
{"timestamp":"2025-07-14T00:55:33.364498Z","level":"info","event":"media 118.13142857142859 - desviacion 63.98480772330066","chan":"stdout","logger":"task"}
{"timestamp":"2025-07-14T00:55:33.364707Z","level":"info","event":"lim_inf -9.838186875172738","chan":"stdout","logger":"task"}
{"timestamp":"2025-07-14T00:55:33.364934Z","level":"info","event":"lim_sup 246.1010440180299","chan":"stdout","logger":"task"}
{"timestamp":"2025-07-14T00:55:33.383072Z","level":"info","event":"[21.5, 21.96, 22.64, 23.16, 51.72, 52.6, 53.2, 53.75, 80.36, 81.03, 81.61, 82.29, 117.3, 117.74, 118.88, 119.86, 152.19, 153.1, 154.12, 154.12, 180.25, 180.88, 181.65, 182.87, 211.15, 211.93, 213.03, 214.18]","chan":"stdout","logger":"task"}
{"timestamp":"2025-07-14T00:55:33.383436Z","level":"info","event":"media 117.46678571428572 - desviacion 64.33198965708893","chan":"stdout","logger":"task"}
{"timestamp":"2025-07-14T00:55:33.383655Z","level":"info","event":"lim_inf -11.197193599892131","chan":"stdout","logger":"task"}
{"timestamp":"2025-07-14T00:55:33.383857Z","level":"info","event":"lim_sup 246.13076502846357","chan":"stdout","logger":"task"}
{"timestamp":"2025-07-14T00:55:33.402210Z","level":"info","event":"[21.3, 22.37, 23.53, 24.49, 52.81, 53.94, 54.42, 55.65, 83.27, 84.56, 85.34, 86.25, 113.21, 114.02, 114.8, 115.49, 141.5, 142.55, 143.46, 144.57, 175.3, 176.21, 177.03, 177.78, 206.63, 207.6, 208.65, 209.63]","chan":"stdout","logger":"task"}
{"timestamp":"2025-07-14T00:55:33.402583Z","level":"info","event":"media 114.87 - desviacion 61.34333448480189","chan":"stdout","logger":"task"}
{"timestamp":"2025-07-14T00:55:33.402816Z","level":"info","event":"lim_inf -7.816668969603782","chan":"stdout","logger":"task"}
{"timestamp":"2025-07-14T00:55:33.403033Z","level":"info","event":"lim_sup 237.55666896960378","chan":"stdout","logger":"task"}
{"timestamp":"2025-07-14T00:55:33.441924Z","level":"info","event":"[20.09, 20.61, 21.87, 22.37, 50.69, 51.61, 52.6, 53.8, 84.35, 85.15, 86.22, 87.27, 117.54, 118.74, 119.82, 120.54, 148.79, 149.56, 150.42, 151.05, 180.2, 185.38, 186.48, 187.08, 215.11, 215.93, 217.14, 218.39]","chan":"stdout","logger":"task"}
{"timestamp":"2025-07-14T00:55:33.442310Z","level":"info","event":"media 118.52857142857142 - desviacion 65.42394039287615","chan":"stdout","logger":"task"}
{"timestamp":"2025-07-14T00:55:33.442543Z","level":"info","event":"lim_inf -12.31930935718087","chan":"stdout","logger":"task"}
{"timestamp":"2025-07-14T00:55:33.442736Z","level":"info","event":"lim_sup 249.3764522143237","chan":"stdout","logger":"task"}
{"timestamp":"2025-07-14T00:55:33.468963Z","level":"info","event":"[32.94, 33.76, 35.03, 36.2, 63.0, 63.95, 64.57, 65.59, 95.46, 96.48, 97.56, 98.17, 129.05, 129.96, 129.96, 130.98, 156.88, 157.47, 158.05, 158.83, 187.08, 188.25, 188.84, 189.82, 216.36, 217.06, 217.55, 218.75]","chan":"stdout","logger":"task"}
{"timestamp":"2025-07-14T00:55:33.469366Z","level":"info","event":"media 127.05714285714286 - desviacion 61.321537981431646","chan":"stdout","logger":"task"}
{"timestamp":"2025-07-14T00:55:33.469610Z","level":"info","event":"lim_inf 4.414066894279571","chan":"stdout","logger":"task"}
{"timestamp":"2025-07-14T00:55:33.469828Z","level":"info","event":"lim_sup 249.70021882000617","chan":"stdout","logger":"task"}
{"timestamp":"2025-07-14T00:55:33.491200Z","level":"info","event":"[27.81, 29.02, 29.83, 30.36, 56.73, 57.32, 57.91, 58.38, 86.04, 86.7, 87.28, 88.04, 114.39, 115.45, 116.47, 117.59, 146.39, 147.46, 147.46, 148.67, 173.78, 174.88, 174.88, 175.59, 201.27, 202.1, 203.18, 203.98]","chan":"stdout","logger":"task"}
{"timestamp":"2025-07-14T00:55:33.491597Z","level":"info","event":"media 116.39142857142856 - desviacion 58.22857458292435","chan":"stdout","logger":"task"}
{"timestamp":"2025-07-14T00:55:33.491858Z","level":"info","event":"lim_inf -0.06572059442014222","chan":"stdout","logger":"task"}
{"timestamp":"2025-07-14T00:55:33.492088Z","level":"info","event":"lim_sup 232.84857773727725","chan":"stdout","logger":"task"}
{"timestamp":"2025-07-14T00:55:33.503899Z","level":"info","event":"[22.6, 23.27, 24.21, 25.45, 52.94, 53.74, 54.74, 56.02, 84.69, 90.06, 91.23, 92.27, 120.63, 121.27, 122.09, 122.56, 147.76, 148.66, 149.7, 150.43, 177.75, 178.26, 179.39, 180.47, 209.7, 210.91, 211.56, 212.77]","chan":"stdout","logger":"task"}
{"timestamp":"2025-07-14T00:55:33.504287Z","level":"info","event":"media 118.39749999999997 - desviacion 62.247463323243714","chan":"stdout","logger":"task"}
{"timestamp":"2025-07-14T00:55:33.504532Z","level":"info","event":"lim_inf -6.097426646487463","chan":"stdout","logger":"task"}
{"timestamp":"2025-07-14T00:55:33.504736Z","level":"info","event":"lim_sup 242.8924266464874","chan":"stdout","logger":"task"}
{"timestamp":"2025-07-14T00:55:33.526573Z","level":"info","event":"[41.34, 42.12, 42.76, 43.91, 71.73, 73.0, 74.13, 75.2, 115.59, 116.54, 117.6, 118.28, 144.51, 145.73, 146.89, 147.72, 175.27, 176.05, 177.02, 177.78, 207.96, 208.61, 209.73, 210.31, 238.31, 239.57, 240.66, 241.84]","chan":"stdout","logger":"task"}
{"timestamp":"2025-07-14T00:55:33.526975Z","level":"info","event":"media 143.57714285714286 - desviacion 66.05422274038759","chan":"stdout","logger":"task"}
{"timestamp":"2025-07-14T00:55:33.527229Z","level":"info","event":"lim_inf 11.468697376367686","chan":"stdout","logger":"task"}
{"timestamp":"2025-07-14T00:55:33.527504Z","level":"info","event":"lim_sup 275.68558833791803","chan":"stdout","logger":"task"}
{"timestamp":"2025-07-14T00:55:33.548380Z","level":"info","event":"[20.2, 21.31, 21.97, 23.08, 51.6, 52.16, 53.37, 54.62, 81.04, 81.83, 82.56, 83.06, 112.94, 113.96, 115.18, 116.1, 141.91, 142.9, 143.7, 144.96, 175.12, 176.35, 177.26, 178.05, 203.87, 205.08, 206.31, 207.28]","chan":"stdout","logger":"task"}
{"timestamp":"2025-07-14T00:55:33.548775Z","level":"info","event":"media 113.84892857142857 - desviacion 61.49789806740702","chan":"stdout","logger":"task"}
{"timestamp":"2025-07-14T00:55:33.549016Z","level":"info","event":"lim_inf -9.14686756338547","chan":"stdout","logger":"task"}
{"timestamp":"2025-07-14T00:55:33.549221Z","level":"info","event":"lim_sup 236.84472470624263","chan":"stdout","logger":"task"}
{"timestamp":"2025-07-14T00:55:33.569965Z","level":"info","event":"[21.65, 22.22, 23.16, 24.42, 52.59, 53.32, 54.19, 54.83, 82.24, 83.19, 83.93, 84.95, 113.07, 114.1, 114.62, 115.63, 146.87, 147.46, 148.43, 149.51, 177.55, 177.55, 178.45, 179.08, 208.1, 208.91, 210.11, 211.21]","chan":"stdout","logger":"task"}
{"timestamp":"2025-07-14T00:55:33.571138Z","level":"info","event":"media 115.76214285714286 - desviacion 62.40582140640538","chan":"stdout","logger":"task"}
{"timestamp":"2025-07-14T00:55:33.584486Z","level":"info","event":"lim_inf -9.049499955667898","chan":"stdout","logger":"task"}
{"timestamp":"2025-07-14T00:55:33.584848Z","level":"info","event":"lim_sup 240.57378566995362","chan":"stdout","logger":"task"}
{"timestamp":"2025-07-14T00:55:33.607433Z","level":"info","event":"[26.67, 27.37, 28.16, 29.39, 55.47, 56.67, 57.7, 58.34, 88.97, 90.15, 90.92, 92.11, 121.16, 122.38, 123.19, 123.19, 150.24, 151.1, 151.1, 161.03, 188.49, 189.44, 190.42, 191.53, 219.77, 220.34, 220.98, 222.25]","chan":"stdout","logger":"task"}
{"timestamp":"2025-07-14T00:55:33.607889Z","level":"info","event":"media 123.16178571428573 - desviacion 64.8661509270971","chan":"stdout","logger":"task"}
{"timestamp":"2025-07-14T00:55:33.608182Z","level":"info","event":"lim_inf -6.570516139908463","chan":"stdout","logger":"task"}
{"timestamp":"2025-07-14T00:55:33.608429Z","level":"info","event":"lim_sup 252.8940875684799","chan":"stdout","logger":"task"}
{"timestamp":"2025-07-14T00:55:33.629310Z","level":"info","event":"[27.29, 27.81, 28.29, 29.35, 56.08, 57.28, 58.46, 59.67, 89.02, 90.28, 91.02, 92.28, 120.08, 121.27, 121.97, 122.59, 152.15, 152.62, 153.37, 154.51, 192.05, 192.73, 193.81, 194.67, 221.42, 221.92, 223.0, 223.47]","chan":"stdout","logger":"task"}
{"timestamp":"2025-07-14T00:55:33.629746Z","level":"info","event":"media 123.87357142857141 - desviacion 65.49465584601354","chan":"stdout","logger":"task"}
{"timestamp":"2025-07-14T00:55:33.630048Z","level":"info","event":"lim_inf -7.1157402634556775","chan":"stdout","logger":"task"}
{"timestamp":"2025-07-14T00:55:33.630285Z","level":"info","event":"lim_sup 254.8628831205985","chan":"stdout","logger":"task"}
{"timestamp":"2025-07-14T00:55:33.651316Z","level":"info","event":"[21.26, 21.88, 23.03, 24.32, 54.24, 55.53, 56.56, 57.72, 83.3, 83.97, 84.51, 84.51, 110.22, 111.05, 111.79, 112.38, 138.36, 138.98, 139.91, 140.43, 171.09, 172.28, 173.43, 174.28, 202.43, 203.33, 204.27, 204.82]","chan":"stdout","logger":"task"}
{"timestamp":"2025-07-14T00:55:33.651785Z","level":"info","event":"media 112.85285714285715 - desviacion 59.47516647770749","chan":"stdout","logger":"task"}
{"timestamp":"2025-07-14T00:55:33.652095Z","level":"info","event":"lim_inf -6.097475812557832","chan":"stdout","logger":"task"}
{"timestamp":"2025-07-14T00:55:33.652360Z","level":"info","event":"lim_sup 231.80319009827213","chan":"stdout","logger":"task"}
{"timestamp":"2025-07-14T00:55:33.673742Z","level":"info","event":"[26.18, 27.31, 28.2, 29.37, 54.1, 54.82, 55.41, 55.97, 83.96, 84.74, 85.2, 85.99, 118.89, 119.33, 120.52, 120.52, 154.67, 155.26, 155.26, 155.7, 190.03, 191.14, 192.01, 193.0, 222.1, 222.63, 223.77, 224.24]","chan":"stdout","logger":"task"}
{"timestamp":"2025-07-14T00:55:33.674177Z","level":"info","event":"media 122.51142857142857 - desviacion 66.45814911411142","chan":"stdout","logger":"task"}
{"timestamp":"2025-07-14T00:55:33.674462Z","level":"info","event":"lim_inf -10.404869656794276","chan":"stdout","logger":"task"}
{"timestamp":"2025-07-14T00:55:33.674728Z","level":"info","event":"lim_sup 255.4277267996514","chan":"stdout","logger":"task"}
{"timestamp":"2025-07-14T00:55:33.696266Z","level":"info","event":"[30.21, 30.7, 31.41, 32.23, 58.88, 60.13, 61.32, 61.99, 96.53, 97.69, 98.55, 99.12, 128.61, 129.24, 130.27, 131.41, 159.78, 160.63, 161.71, 162.32, 190.4, 191.32, 192.54, 193.55, 220.55, 221.06, 221.83, 222.62]","chan":"stdout","logger":"task"}
{"timestamp":"2025-07-14T00:55:33.696655Z","level":"info","event":"media 127.73571428571428 - desviacion 64.1101968393134","chan":"stdout","logger":"task"}
{"timestamp":"2025-07-14T00:55:33.696927Z","level":"info","event":"lim_inf -0.4846793929125255","chan":"stdout","logger":"task"}
{"timestamp":"2025-07-14T00:55:33.697174Z","level":"info","event":"lim_sup 255.95610796434107","chan":"stdout","logger":"task"}
{"timestamp":"2025-07-14T00:55:33.723033Z","level":"info","event":"[21.65, 22.35, 22.93, 22.93, 54.52, 55.03, 55.03, 56.27, 93.97, 95.21, 95.94, 96.43, 123.46, 124.53, 125.01, 126.03, 159.77, 160.34, 161.44, 162.35, 192.53, 193.61, 194.59, 198.61, 225.71, 226.24, 226.73, 227.39]","chan":"stdout","logger":"task"}
{"timestamp":"2025-07-14T00:55:33.723466Z","level":"info","event":"media 125.73571428571427 - desviacion 68.39265198775645","chan":"stdout","logger":"task"}
{"timestamp":"2025-07-14T00:55:33.723733Z","level":"info","event":"lim_inf -11.049589689798637","chan":"stdout","logger":"task"}
{"timestamp":"2025-07-14T00:55:33.723953Z","level":"info","event":"lim_sup 262.52101826122714","chan":"stdout","logger":"task"}
{"timestamp":"2025-07-14T00:55:33.746330Z","level":"info","event":"[20.69, 21.84, 22.46, 23.58, 52.13, 52.66, 53.38, 53.38, 80.63, 81.21, 81.93, 83.21, 112.02, 112.66, 113.24, 114.5, 142.3, 143.14, 144.03, 144.88, 170.6, 171.75, 172.6, 173.21, 199.9, 201.18, 201.65, 202.1]","chan":"stdout","logger":"task"}
{"timestamp":"2025-07-14T00:55:33.746817Z","level":"info","event":"media 112.38785714285714 - desviacion 59.821687082597094","chan":"stdout","logger":"task"}
{"timestamp":"2025-07-14T00:55:33.747105Z","level":"info","event":"lim_inf -7.255517022337045","chan":"stdout","logger":"task"}
{"timestamp":"2025-07-14T00:55:33.747399Z","level":"info","event":"lim_sup 232.03123130805133","chan":"stdout","logger":"task"}
{"timestamp":"2025-07-14T00:55:33.768455Z","level":"info","event":"[20.92, 22.07, 23.27, 24.01, 53.78, 54.88, 55.95, 56.7, 84.84, 85.47, 86.65, 87.15, 115.12, 116.32, 116.89, 117.53, 149.47, 150.36, 150.85, 151.42, 178.14, 178.72, 179.41, 180.22, 206.21, 207.44, 207.44, 207.89]","chan":"stdout","logger":"task"}
{"timestamp":"2025-07-14T00:55:33.768871Z","level":"info","event":"media 116.75428571428571 - desviacion 61.89066329472665","chan":"stdout","logger":"task"}
{"timestamp":"2025-07-14T00:55:33.769168Z","level":"info","event":"lim_inf -7.027040875167586","chan":"stdout","logger":"task"}
{"timestamp":"2025-07-14T00:55:33.769479Z","level":"info","event":"lim_sup 240.53561230373901","chan":"stdout","logger":"task"}
{"timestamp":"2025-07-14T00:55:33.791284Z","level":"info","event":"[22.74, 23.77, 24.23, 25.35, 60.81, 62.07, 63.17, 63.73, 91.3, 92.13, 93.1, 93.95, 119.91, 121.16, 122.31, 123.19, 157.35, 158.05, 158.05, 159.2, 189.98, 191.14, 191.6, 192.38, 218.72, 219.66, 220.42, 221.64]","chan":"stdout","logger":"task"}
{"timestamp":"2025-07-14T00:55:33.791717Z","level":"info","event":"media 124.32535714285711 - desviacion 65.14944685008805","chan":"stdout","logger":"task"}
{"timestamp":"2025-07-14T00:55:33.792013Z","level":"info","event":"lim_inf -5.973536557318994","chan":"stdout","logger":"task"}
{"timestamp":"2025-07-14T00:55:33.792276Z","level":"info","event":"lim_sup 254.62425084303322","chan":"stdout","logger":"task"}
{"timestamp":"2025-07-14T00:55:33.818420Z","level":"info","event":"[19.52, 20.61, 21.2, 21.66, 48.27, 49.27, 50.26, 50.82, 76.54, 77.58, 78.69, 78.69, 106.52, 107.09, 107.78, 108.82, 134.56, 135.82, 136.55, 137.83, 167.62, 168.8, 169.69, 170.54, 197.12, 197.88, 198.37, 199.13]","chan":"stdout","logger":"task"}
{"timestamp":"2025-07-14T00:55:33.818848Z","level":"info","event":"media 108.4725 - desviacion 59.26642759757476","chan":"stdout","logger":"task"}
{"timestamp":"2025-07-14T00:55:33.819144Z","level":"info","event":"lim_inf -10.060355195149526","chan":"stdout","logger":"task"}
{"timestamp":"2025-07-14T00:55:33.828219Z","level":"info","event":"lim_sup 227.00535519514952","chan":"stdout","logger":"task"}
{"timestamp":"2025-07-14T00:55:33.855911Z","level":"info","event":"[22.69, 23.95, 25.2, 26.02, 52.62, 53.15, 53.94, 54.37, 86.11, 87.23, 87.85, 88.93, 117.61, 118.22, 119.1, 120.29, 149.18, 150.14, 151.2, 152.23, 177.44, 178.67, 179.97, 181.1, 206.86, 207.98, 208.72, 209.77]","chan":"stdout","logger":"task"}
{"timestamp":"2025-07-14T00:55:33.856430Z","level":"info","event":"media 117.51928571428572 - desviacion 61.90760182542618","chan":"stdout","logger":"task"}
{"timestamp":"2025-07-14T00:55:33.856693Z","level":"info","event":"lim_inf -6.295917936566639","chan":"stdout","logger":"task"}
{"timestamp":"2025-07-14T00:55:33.856915Z","level":"info","event":"lim_sup 241.33448936513807","chan":"stdout","logger":"task"}
{"timestamp":"2025-07-14T00:55:33.894339Z","level":"info","event":"[32.97, 33.87, 34.7, 35.9, 63.53, 64.23, 64.78, 65.37, 89.87, 90.91, 92.12, 93.02, 129.51, 130.19, 131.1, 131.94, 159.25, 160.03, 160.97, 162.0, 190.77, 191.91, 193.01, 193.52, 221.08, 222.1, 223.16, 224.3]","chan":"stdout","logger":"task"}
{"timestamp":"2025-07-14T00:55:33.894771Z","level":"info","event":"media 128.07535714285714 - desviacion 63.59199615417374","chan":"stdout","logger":"task"}
{"timestamp":"2025-07-14T00:55:33.895081Z","level":"info","event":"lim_inf 0.891364834509659","chan":"stdout","logger":"task"}
{"timestamp":"2025-07-14T00:55:33.895395Z","level":"info","event":"lim_sup 255.25934945120463","chan":"stdout","logger":"task"}
{"timestamp":"2025-07-14T00:55:33.915485Z","level":"info","event":"[22.43, 23.51, 23.98, 24.54, 58.29, 59.47, 59.91, 61.11, 86.75, 87.33, 88.38, 89.62, 122.33, 123.24, 123.24, 123.7, 151.83, 152.47, 152.92, 153.81, 187.6, 188.29, 188.96, 189.93, 217.99, 218.75, 219.89, 220.71]","chan":"stdout","logger":"task"}
{"timestamp":"2025-07-14T00:55:33.915900Z","level":"info","event":"media 122.17785714285715 - desviacion 65.01754501435653","chan":"stdout","logger":"task"}
{"timestamp":"2025-07-14T00:55:33.916171Z","level":"info","event":"lim_inf -7.8572328858559075","chan":"stdout","logger":"task"}
{"timestamp":"2025-07-14T00:55:33.916408Z","level":"info","event":"lim_sup 252.2129471715702","chan":"stdout","logger":"task"}
{"timestamp":"2025-07-14T00:55:33.932101Z","level":"info","event":"[21.01, 22.06, 23.33, 23.88, 50.24, 50.86, 51.33, 51.8, 84.11, 84.56, 85.24, 85.8, 117.46, 118.7, 119.41, 119.98, 152.74, 153.86, 154.75, 155.92, 186.34, 187.17, 187.64, 188.78, 216.54, 216.54, 217.43, 217.43]","chan":"stdout","logger":"task"}
{"timestamp":"2025-07-14T00:55:33.933642Z","level":"info","event":"media 119.46107142857143 - desviacion 66.13605718189078","chan":"stdout","logger":"task"}
{"timestamp":"2025-07-14T00:55:33.934018Z","level":"info","event":"lim_inf -12.811042935210125","chan":"stdout","logger":"task"}
{"timestamp":"2025-07-14T00:55:33.934275Z","level":"info","event":"lim_sup 251.73318579235297","chan":"stdout","logger":"task"}
{"timestamp":"2025-07-14T00:55:33.959095Z","level":"info","event":"[21.31, 22.29, 23.25, 23.81, 50.45, 58.75, 59.31, 60.07, 95.98, 96.83, 97.34, 98.37, 121.43, 122.47, 123.24, 123.88, 149.98, 149.98, 150.5, 151.64, 188.45, 188.96, 189.52, 190.29, 216.02, 216.53, 217.73, 218.37]","chan":"stdout","logger":"task"}
{"timestamp":"2025-07-14T00:55:33.959550Z","level":"info","event":"media 122.38392857142858 - desviacion 64.48771402031805","chan":"stdout","logger":"task"}
{"timestamp":"2025-07-14T00:55:33.959836Z","level":"info","event":"lim_inf -6.59149946920752","chan":"stdout","logger":"task"}
{"timestamp":"2025-07-14T00:55:33.960083Z","level":"info","event":"lim_sup 251.3593566120647","chan":"stdout","logger":"task"}
{"timestamp":"2025-07-14T00:55:33.983007Z","level":"info","event":"[22.91, 23.38, 23.85, 24.77, 55.89, 56.57, 57.15, 58.18, 85.95, 86.87, 88.11, 89.0, 113.44, 114.5, 115.15, 115.15, 139.9, 140.86, 141.32, 141.81, 175.23, 175.76, 175.76, 177.02, 204.89, 205.99, 206.59, 207.16]","chan":"stdout","logger":"task"}
{"timestamp":"2025-07-14T00:55:33.983457Z","level":"info","event":"media 115.11285714285714 - desviacion 59.95353729926098","chan":"stdout","logger":"task"}
{"timestamp":"2025-07-14T00:55:33.983747Z","level":"info","event":"lim_inf -4.794217455664821","chan":"stdout","logger":"task"}
{"timestamp":"2025-07-14T00:55:33.984002Z","level":"info","event":"lim_sup 235.01993174137908","chan":"stdout","logger":"task"}
{"timestamp":"2025-07-14T00:55:34.004732Z","level":"info","event":"[27.17, 28.18, 29.37, 29.37, 59.23, 60.22, 61.17, 61.78, 87.13, 87.88, 88.74, 89.97, 127.86, 129.09, 129.63, 130.49, 156.09, 156.09, 164.88, 165.77, 198.79, 199.97, 200.47, 201.6, 228.94, 230.13, 230.13, 231.38]","chan":"stdout","logger":"task"}
{"timestamp":"2025-07-14T00:55:34.005125Z","level":"info","event":"media 128.26857142857142 - desviacion 68.39978324497223","chan":"stdout","logger":"task"}
{"timestamp":"2025-07-14T00:55:34.005386Z","level":"info","event":"lim_inf -8.530995061373034","chan":"stdout","logger":"task"}
{"timestamp":"2025-07-14T00:55:34.005630Z","level":"info","event":"lim_sup 265.06813791851584","chan":"stdout","logger":"task"}
{"timestamp":"2025-07-14T00:55:34.026174Z","level":"info","event":"[31.12, 31.7, 31.7, 32.15, 60.45, 61.42, 62.55, 63.55, 91.18, 92.17, 93.05, 93.51, 122.1, 123.05, 124.21, 125.47, 162.11, 162.94, 163.83, 164.52, 190.99, 191.67, 192.74, 193.86, 222.51, 223.32, 223.84, 224.53]","chan":"stdout","logger":"task"}
{"timestamp":"2025-07-14T00:55:34.026580Z","level":"info","event":"media 127.00857142857146 - desviacion 64.84334428419916","chan":"stdout","logger":"task"}
{"timestamp":"2025-07-14T00:55:34.026834Z","level":"info","event":"lim_inf -2.678117139826867","chan":"stdout","logger":"task"}
{"timestamp":"2025-07-14T00:55:34.027074Z","level":"info","event":"lim_sup 256.69525999696975","chan":"stdout","logger":"task"}
{"timestamp":"2025-07-14T00:55:34.047622Z","level":"info","event":"[22.11, 22.88, 23.5, 24.14, 51.31, 51.94, 53.18, 53.62, 81.83, 82.93, 83.52, 84.64, 110.83, 112.06, 112.68, 113.65, 138.41, 139.46, 140.41, 141.67, 173.03, 173.03, 173.78, 174.95, 200.94, 201.48, 202.75, 203.56]","chan":"stdout","logger":"task"}
{"timestamp":"2025-07-14T00:55:34.048029Z","level":"info","event":"media 112.43892857142858 - desviacion 59.746610444160986","chan":"stdout","logger":"task"}
{"timestamp":"2025-07-14T00:55:34.048309Z","level":"info","event":"lim_inf -7.054292316893395","chan":"stdout","logger":"task"}
{"timestamp":"2025-07-14T00:55:34.048605Z","level":"info","event":"lim_sup 231.93214945975055","chan":"stdout","logger":"task"}
{"timestamp":"2025-07-14T00:55:34.070376Z","level":"info","event":"[20.93, 22.2, 23.39, 27.76, 52.96, 53.61, 54.11, 54.96, 83.21, 84.14, 85.37, 86.0, 116.82, 117.56, 118.51, 119.39, 146.45, 147.39, 148.56, 149.39, 182.55, 183.8, 184.27, 185.13, 214.87, 216.09, 216.84, 217.57]","chan":"stdout","logger":"task"}
{"timestamp":"2025-07-14T00:55:34.070785Z","level":"info","event":"media 118.35107142857144 - desviacion 64.43395230440491","chan":"stdout","logger":"task"}
{"timestamp":"2025-07-14T00:55:34.071039Z","level":"info","event":"lim_inf -10.516833180238379","chan":"stdout","logger":"task"}
{"timestamp":"2025-07-14T00:55:34.071985Z","level":"info","event":"lim_sup 247.21897603738125","chan":"stdout","logger":"task"}
{"timestamp":"2025-07-14T00:55:34.094670Z","level":"info","event":"[21.13, 22.04, 22.96, 23.77, 53.04, 53.04, 53.57, 54.61, 80.0, 81.21, 81.86, 82.97, 110.32, 111.45, 112.17, 112.78, 139.15, 139.15, 139.84, 140.29, 164.53, 165.68, 166.26, 167.24, 192.78, 193.68, 194.79, 195.9]","chan":"stdout","logger":"task"}
{"timestamp":"2025-07-14T00:55:34.095090Z","level":"info","event":"media 109.86464285714285 - desviacion 57.039752772088875","chan":"stdout","logger":"task"}
{"timestamp":"2025-07-14T00:55:34.095398Z","level":"info","event":"lim_inf -4.214862687034895","chan":"stdout","logger":"task"}
{"timestamp":"2025-07-14T00:55:34.095619Z","level":"info","event":"lim_sup 223.9441484013206","chan":"stdout","logger":"task"}
{"timestamp":"2025-07-14T00:55:34.116145Z","level":"info","event":"[28.89, 29.65, 30.88, 31.93, 60.33, 61.01, 61.81, 62.9, 87.78, 88.29, 88.94, 90.21, 117.52, 118.74, 119.47, 120.54, 148.4, 149.07, 150.04, 150.7, 178.71, 179.87, 180.88, 181.37, 207.44, 208.13, 208.93, 210.2]","chan":"stdout","logger":"task"}
{"timestamp":"2025-07-14T00:55:34.116553Z","level":"info","event":"media 119.73678571428572 - desviacion 59.52476795740286","chan":"stdout","logger":"task"}
{"timestamp":"2025-07-14T00:55:34.116792Z","level":"info","event":"lim_inf 0.68724979948","chan":"stdout","logger":"task"}
{"timestamp":"2025-07-14T00:55:34.116998Z","level":"info","event":"lim_sup 238.78632162909145","chan":"stdout","logger":"task"}
{"timestamp":"2025-07-14T00:55:34.136798Z","level":"info","event":"[21.45, 22.43, 22.91, 23.77, 51.81, 52.84, 53.63, 54.64, 82.48, 83.53, 84.16, 84.75, 111.75, 112.89, 114.08, 114.84, 141.84, 142.99, 143.59, 144.13, 170.42, 171.47, 172.06, 172.76, 197.5, 198.58, 199.35, 199.79]","chan":"stdout","logger":"task"}
{"timestamp":"2025-07-14T00:55:34.137202Z","level":"info","event":"media 112.37285714285714 - desviacion 58.932665017988526","chan":"stdout","logger":"task"}
{"timestamp":"2025-07-14T00:55:34.137477Z","level":"info","event":"lim_inf -5.49247289311991","chan":"stdout","logger":"task"}
{"timestamp":"2025-07-14T00:55:34.137716Z","level":"info","event":"lim_sup 230.2381871788342","chan":"stdout","logger":"task"}
{"timestamp":"2025-07-14T00:55:34.157920Z","level":"info","event":"[16.57, 17.75, 18.55, 19.82, 49.65, 50.68, 51.35, 52.46, 78.92, 79.71, 80.83, 81.64, 106.33, 107.05, 108.16, 108.66, 134.1, 134.6, 135.06, 136.17, 170.4, 171.3, 172.57, 173.34, 195.67, 196.94, 197.84, 198.81]","chan":"stdout","logger":"task"}
{"timestamp":"2025-07-14T00:55:34.158317Z","level":"info","event":"media 108.74750000000002 - desviacion 59.61217664591929","chan":"stdout","logger":"task"}
{"timestamp":"2025-07-14T00:55:34.158581Z","level":"info","event":"lim_inf -10.476853291838566","chan":"stdout","logger":"task"}
{"timestamp":"2025-07-14T00:55:34.158821Z","level":"info","event":"lim_sup 227.9718532918386","chan":"stdout","logger":"task"}
{"timestamp":"2025-07-14T00:55:34.178771Z","level":"info","event":"[23.32, 23.82, 24.64, 25.67, 52.72, 53.56, 53.99, 54.67, 82.46, 83.43, 83.92, 85.0, 114.7, 115.84, 116.52, 117.59, 146.64, 147.54, 148.7, 149.65, 180.85, 181.78, 182.84, 182.84, 216.25, 217.36, 218.19, 219.08]","chan":"stdout","logger":"task"}
{"timestamp":"2025-07-14T00:55:34.179204Z","level":"info","event":"media 117.98464285714286 - desviacion 64.41156592470368","chan":"stdout","logger":"task"}
{"timestamp":"2025-07-14T00:55:34.179507Z","level":"info","event":"lim_inf -10.838488992264502","chan":"stdout","logger":"task"}
{"timestamp":"2025-07-14T00:55:34.179760Z","level":"info","event":"lim_sup 246.80777470655022","chan":"stdout","logger":"task"}
{"timestamp":"2025-07-14T00:55:34.200520Z","level":"info","event":"[23.53, 24.31, 25.23, 26.14, 57.3, 57.3, 58.39, 58.89, 83.86, 84.48, 85.34, 86.5, 115.05, 115.52, 115.52, 115.96, 149.21, 150.31, 151.52, 152.71, 177.69, 178.45, 179.16, 180.44, 205.52, 206.67, 207.1, 208.35]","chan":"stdout","logger":"task"}
{"timestamp":"2025-07-14T00:55:34.200911Z","level":"info","event":"media 117.15892857142856 - desviacion 61.04550155061655","chan":"stdout","logger":"task"}
{"timestamp":"2025-07-14T00:55:34.201202Z","level":"info","event":"lim_inf -4.932074529804538","chan":"stdout","logger":"task"}
{"timestamp":"2025-07-14T00:55:34.201429Z","level":"info","event":"lim_sup 239.24993167266166","chan":"stdout","logger":"task"}
{"timestamp":"2025-07-14T00:55:34.222296Z","level":"info","event":"[19.81, 20.99, 21.78, 22.92, 54.22, 54.66, 55.74, 56.27, 82.64, 83.48, 84.68, 85.53, 113.99, 114.62, 120.07, 120.07, 145.89, 146.9, 147.85, 148.84, 174.88, 176.18, 176.83, 177.54, 211.96, 212.79, 213.72, 214.19]","chan":"stdout","logger":"task"}
{"timestamp":"2025-07-14T00:55:34.222714Z","level":"info","event":"media 116.39428571428572 - desviacion 62.961920999270404","chan":"stdout","logger":"task"}
{"timestamp":"2025-07-14T00:55:34.222975Z","level":"info","event":"lim_inf -9.529556284255094","chan":"stdout","logger":"task"}
{"timestamp":"2025-07-14T00:55:34.223210Z","level":"info","event":"lim_sup 242.31812771282654","chan":"stdout","logger":"task"}
{"timestamp":"2025-07-14T00:55:34.247920Z","level":"info","event":"[23.0, 23.0, 23.69, 24.13, 55.36, 55.98, 57.11, 61.5, 87.9, 88.55, 89.85, 90.33, 121.49, 122.43, 123.03, 124.22, 159.72, 159.72, 160.19, 161.33, 188.48, 189.02, 189.49, 190.44, 215.11, 216.05, 216.72, 217.3]","chan":"stdout","logger":"task"}
{"timestamp":"2025-07-14T00:55:34.248362Z","level":"info","event":"media 122.68357142857144 - desviacion 65.30082285711511","chan":"stdout","logger":"task"}
{"timestamp":"2025-07-14T00:55:34.248612Z","level":"info","event":"lim_inf -7.918074285658776","chan":"stdout","logger":"task"}
{"timestamp":"2025-07-14T00:55:34.248824Z","level":"info","event":"lim_sup 253.28521714280166","chan":"stdout","logger":"task"}
{"timestamp":"2025-07-14T00:55:34.270231Z","level":"info","event":"[23.4, 24.48, 25.61, 26.36, 52.37, 52.37, 53.65, 53.65, 80.81, 81.53, 82.58, 83.02, 112.03, 112.78, 113.64, 114.09, 143.21, 144.23, 145.48, 146.09, 177.35, 178.26, 179.25, 180.51, 216.04, 216.78, 217.87, 217.87]","chan":"stdout","logger":"task"}
{"timestamp":"2025-07-14T00:55:34.270616Z","level":"info","event":"media 116.26107142857143 - desviacion 63.7313320756577","chan":"stdout","logger":"task"}
{"timestamp":"2025-07-14T00:55:34.270866Z","level":"info","event":"lim_inf -11.201592722743968","chan":"stdout","logger":"task"}
{"timestamp":"2025-07-14T00:55:34.271109Z","level":"info","event":"lim_sup 243.7237355798868","chan":"stdout","logger":"task"}
{"timestamp":"2025-07-14T00:55:34.290590Z","level":"info","event":"[30.78, 31.54, 32.04, 32.93, 62.6, 63.71, 64.55, 65.55, 92.39, 93.31, 93.92, 94.99, 142.9, 143.88, 144.65, 145.62, 173.13, 174.16, 175.37, 176.02, 213.02, 214.28, 214.92, 215.99, 244.82, 245.75, 246.98, 247.57]","chan":"stdout","logger":"task"}
{"timestamp":"2025-07-14T00:55:34.290967Z","level":"info","event":"media 138.47750000000002 - desviacion 73.36364483199914","chan":"stdout","logger":"task"}
{"timestamp":"2025-07-14T00:55:34.291204Z","level":"info","event":"lim_inf -8.249789663998257","chan":"stdout","logger":"task"}
{"timestamp":"2025-07-14T00:55:34.291459Z","level":"info","event":"lim_sup 285.2047896639983","chan":"stdout","logger":"task"}
{"timestamp":"2025-07-14T00:55:34.312310Z","level":"info","event":"[19.51, 20.7, 21.99, 22.97, 49.89, 51.06, 52.3, 52.94, 81.23, 81.92, 82.47, 83.34, 109.0, 109.47, 110.54, 111.4, 137.66, 138.76, 139.23, 139.71, 168.82, 170.12, 170.83, 171.78, 197.98, 198.53, 199.76, 199.76]","chan":"stdout","logger":"task"}
{"timestamp":"2025-07-14T00:55:34.312744Z","level":"info","event":"media 110.48821428571429 - desviacion 59.11526440858519","chan":"stdout","logger":"task"}
{"timestamp":"2025-07-14T00:55:34.313022Z","level":"info","event":"lim_inf -7.742314531456088","chan":"stdout","logger":"task"}
{"timestamp":"2025-07-14T00:55:34.313260Z","level":"info","event":"lim_sup 228.71874310288467","chan":"stdout","logger":"task"}
{"timestamp":"2025-07-14T00:55:34.333546Z","level":"info","event":"[19.88, 20.7, 21.29, 21.76, 49.25, 50.22, 50.76, 51.23, 77.62, 78.55, 79.23, 80.24, 110.94, 112.02, 112.91, 113.72, 141.93, 143.02, 144.25, 145.44, 173.86, 174.83, 175.46, 176.6, 203.95, 204.74, 206.01, 206.94]","chan":"stdout","logger":"task"}
{"timestamp":"2025-07-14T00:55:34.333940Z","level":"info","event":"media 112.40535714285714 - desviacion 62.011724092081565","chan":"stdout","logger":"task"}
{"timestamp":"2025-07-14T00:55:34.334205Z","level":"info","event":"lim_inf -11.618091041305988","chan":"stdout","logger":"task"}
{"timestamp":"2025-07-14T00:55:34.334436Z","level":"info","event":"lim_sup 236.42880532702026","chan":"stdout","logger":"task"}
{"timestamp":"2025-07-14T00:55:34.355070Z","level":"info","event":"[20.51, 21.55, 22.8, 23.69, 50.93, 51.85, 53.08, 53.54, 81.51, 82.24, 83.35, 84.59, 113.11, 114.01, 114.58, 115.3, 145.88, 146.62, 147.45, 147.95, 178.18, 179.22, 180.13, 181.28, 208.65, 209.44, 210.49, 211.1]","chan":"stdout","logger":"task"}
{"timestamp":"2025-07-14T00:55:34.355477Z","level":"info","event":"media 115.46535714285714 - desviacion 63.02202945241466","chan":"stdout","logger":"task"}
{"timestamp":"2025-07-14T00:55:34.355716Z","level":"info","event":"lim_inf -10.57870176197217","chan":"stdout","logger":"task"}
{"timestamp":"2025-07-14T00:55:34.355930Z","level":"info","event":"lim_sup 241.50941604768644","chan":"stdout","logger":"task"}
{"timestamp":"2025-07-14T00:55:34.382121Z","level":"info","event":"[23.3, 24.26, 24.73, 25.75, 53.26, 54.08, 54.56, 55.81, 84.08, 84.08, 84.82, 86.04, 110.82, 111.38, 112.2, 113.09, 145.9, 146.87, 147.62, 148.19, 175.05, 175.61, 176.64, 177.24, 204.23, 204.84, 205.45, 206.69]","chan":"stdout","logger":"task"}
{"timestamp":"2025-07-14T00:55:34.382540Z","level":"info","event":"media 114.8782142857143 - desviacion 60.60709512057216","chan":"stdout","logger":"task"}
{"timestamp":"2025-07-14T00:55:34.382824Z","level":"info","event":"lim_inf -6.33597595543003","chan":"stdout","logger":"task"}
{"timestamp":"2025-07-14T00:55:34.383064Z","level":"info","event":"lim_sup 236.09240452685862","chan":"stdout","logger":"task"}
{"timestamp":"2025-07-14T00:55:34.407285Z","level":"info","event":"[27.57, 28.47, 29.06, 29.82, 57.26, 57.79, 58.94, 59.46, 91.08, 92.28, 92.98, 93.97, 120.43, 121.04, 121.61, 122.19, 150.09, 150.86, 151.86, 152.89, 180.69, 180.69, 181.6, 182.55, 208.25, 209.14, 209.73, 210.95]","chan":"stdout","logger":"task"}
{"timestamp":"2025-07-14T00:55:34.407700Z","level":"info","event":"media 120.47321428571426 - desviacion 60.540338090375236","chan":"stdout","logger":"task"}
{"timestamp":"2025-07-14T00:55:34.407991Z","level":"info","event":"lim_inf -0.6074618950362094","chan":"stdout","logger":"task"}
{"timestamp":"2025-07-14T00:55:34.408232Z","level":"info","event":"lim_sup 241.55389046646474","chan":"stdout","logger":"task"}
{"timestamp":"2025-07-14T00:55:34.428585Z","level":"info","event":"[17.3, 17.81, 18.55, 19.26, 48.18, 49.39, 50.13, 51.26, 77.36, 78.07, 86.03, 86.03, 111.71, 112.72, 113.24, 114.0, 142.43, 143.26, 144.43, 145.21, 172.07, 172.66, 173.17, 173.84, 202.83, 203.87, 204.35, 205.25]","chan":"stdout","logger":"task"}
{"timestamp":"2025-07-14T00:55:34.429026Z","level":"info","event":"media 111.94321428571426 - desviacion 61.88002753332864","chan":"stdout","logger":"task"}
{"timestamp":"2025-07-14T00:55:34.429330Z","level":"info","event":"lim_inf -11.81684078094301","chan":"stdout","logger":"task"}
{"timestamp":"2025-07-14T00:55:34.429589Z","level":"info","event":"lim_sup 235.70326935237154","chan":"stdout","logger":"task"}
{"timestamp":"2025-07-14T00:55:34.453215Z","level":"info","event":"[21.67, 22.31, 23.54, 24.74, 49.87, 50.49, 51.15, 51.92, 86.62, 87.33, 88.07, 89.14, 130.04, 130.84, 131.58, 131.58, 159.87, 160.63, 161.86, 163.03, 187.91, 188.66, 189.87, 190.92, 223.76, 224.26, 225.24, 225.78]","chan":"stdout","logger":"task"}
{"timestamp":"2025-07-14T00:55:34.453621Z","level":"info","event":"media 124.02428571428571 - desviacion 68.37018039574664","chan":"stdout","logger":"task"}
{"timestamp":"2025-07-14T00:55:34.453886Z","level":"info","event":"lim_inf -12.716075077207577","chan":"stdout","logger":"task"}
{"timestamp":"2025-07-14T00:55:34.454137Z","level":"info","event":"lim_sup 260.764646505779","chan":"stdout","logger":"task"}
{"timestamp":"2025-07-14T00:55:34.473803Z","level":"info","event":"[21.39, 21.94, 22.53, 23.16, 49.12, 50.21, 51.18, 51.7, 81.45, 82.01, 83.24, 83.81, 116.17, 117.25, 117.77, 118.44, 144.78, 145.48, 146.76, 147.43, 176.23, 176.97, 177.9, 178.68, 207.87, 212.4, 213.58, 214.03]","chan":"stdout","logger":"task"}
{"timestamp":"2025-07-14T00:55:34.474190Z","level":"info","event":"media 115.4814285714286 - desviacion 63.34564178910393","chan":"stdout","logger":"task"}
{"timestamp":"2025-07-14T00:55:34.474416Z","level":"info","event":"lim_inf -11.209855006779264","chan":"stdout","logger":"task"}
{"timestamp":"2025-07-14T00:55:34.474615Z","level":"info","event":"lim_sup 242.17271214963645","chan":"stdout","logger":"task"}
{"timestamp":"2025-07-14T00:55:34.494887Z","level":"info","event":"[20.03, 21.08, 21.65, 22.41, 49.78, 50.27, 51.46, 51.91, 81.01, 81.66, 82.4, 83.25, 111.68, 112.93, 113.84, 114.82, 158.58, 159.24, 159.24, 160.39, 187.57, 188.58, 189.17, 190.16, 214.08, 214.57, 215.29, 216.33]","chan":"stdout","logger":"task"}
{"timestamp":"2025-07-14T00:55:34.495317Z","level":"info","event":"media 118.69214285714285 - desviacion 66.90150875712439","chan":"stdout","logger":"task"}
{"timestamp":"2025-07-14T00:55:34.495591Z","level":"info","event":"lim_inf -15.110874657105924","chan":"stdout","logger":"task"}
{"timestamp":"2025-07-14T00:55:34.495806Z","level":"info","event":"lim_sup 252.49516037139165","chan":"stdout","logger":"task"}
{"timestamp":"2025-07-14T00:55:34.516068Z","level":"info","event":"[21.66, 22.13, 22.71, 23.46, 49.42, 49.89, 50.88, 51.32, 78.4, 79.27, 79.89, 80.61, 108.68, 109.46, 110.74, 111.93, 153.44, 154.17, 155.19, 155.65, 190.14, 190.57, 191.28, 192.46, 220.64, 221.48, 222.38, 223.15]","chan":"stdout","logger":"task"}
{"timestamp":"2025-07-14T00:55:34.516485Z","level":"info","event":"media 118.60714285714286 - desviacion 68.37032516571283","chan":"stdout","logger":"task"}
{"timestamp":"2025-07-14T00:55:34.516763Z","level":"info","event":"lim_inf -18.133507474282794","chan":"stdout","logger":"task"}
{"timestamp":"2025-07-14T00:55:34.517004Z","level":"info","event":"lim_sup 255.34779318856852","chan":"stdout","logger":"task"}
{"timestamp":"2025-07-14T00:55:34.537377Z","level":"info","event":"[19.62, 20.14, 21.35, 21.93, 49.09, 49.79, 50.25, 51.42, 82.3, 83.34, 83.81, 84.64, 112.32, 112.99, 114.13, 115.34, 137.94, 138.94, 139.47, 139.47, 165.26, 166.45, 167.11, 168.35, 195.82, 196.77, 197.52, 198.17]","chan":"stdout","logger":"task"}
{"timestamp":"2025-07-14T00:55:34.537748Z","level":"info","event":"media 110.13321428571429 - desviacion 58.447604805719024","chan":"stdout","logger":"task"}
{"timestamp":"2025-07-14T00:55:34.537987Z","level":"info","event":"lim_inf -6.76199532572376","chan":"stdout","logger":"task"}
{"timestamp":"2025-07-14T00:55:34.538208Z","level":"info","event":"lim_sup 227.02842389715232","chan":"stdout","logger":"task"}
{"timestamp":"2025-07-14T00:55:34.560782Z","level":"info","event":"[22.15, 22.73, 23.68, 24.22, 57.14, 57.59, 58.86, 59.69, 83.98, 84.86, 85.4, 86.17, 115.7, 116.27, 117.46, 118.0, 148.41, 149.18, 149.73, 150.71, 187.91, 188.78, 189.87, 190.62, 216.5, 217.34, 218.04, 218.86]","chan":"stdout","logger":"task"}
{"timestamp":"2025-07-14T00:55:34.561243Z","level":"info","event":"media 119.99464285714285 - desviacion 65.05367407446512","chan":"stdout","logger":"task"}
{"timestamp":"2025-07-14T00:55:34.561560Z","level":"info","event":"lim_inf -10.112705291787393","chan":"stdout","logger":"task"}
{"timestamp":"2025-07-14T00:55:34.561787Z","level":"info","event":"lim_sup 250.1019910060731","chan":"stdout","logger":"task"}
{"timestamp":"2025-07-14T00:55:34.582056Z","level":"info","event":"[22.02, 22.9, 23.9, 24.8, 52.23, 53.46, 54.42, 55.53, 84.26, 85.06, 85.94, 86.75, 134.18, 135.13, 136.19, 136.19, 164.66, 164.66, 165.63, 166.73, 190.0, 190.64, 191.11, 192.39, 220.28, 221.02, 221.53, 222.02]","chan":"stdout","logger":"task"}
{"timestamp":"2025-07-14T00:55:34.582437Z","level":"info","event":"media 125.12964285714285 - desviacion 67.9297865699862","chan":"stdout","logger":"task"}
{"timestamp":"2025-07-14T00:55:34.582655Z","level":"info","event":"lim_inf -10.729930282829557","chan":"stdout","logger":"task"}
{"timestamp":"2025-07-14T00:55:34.582853Z","level":"info","event":"lim_sup 260.98921599711525","chan":"stdout","logger":"task"}
{"timestamp":"2025-07-14T00:55:34.602432Z","level":"info","event":"[26.79, 28.08, 29.17, 29.97, 55.66, 56.96, 58.02, 58.72, 87.36, 88.31, 89.04, 89.63, 116.44, 117.01, 117.91, 118.68, 149.22, 156.14, 156.96, 157.5, 189.08, 189.6, 190.2, 191.03, 218.54, 218.98, 220.08, 220.57]","chan":"stdout","logger":"task"}
{"timestamp":"2025-07-14T00:55:34.602853Z","level":"info","event":"media 122.34464285714286 - desviacion 64.69345548056083","chan":"stdout","logger":"task"}
{"timestamp":"2025-07-14T00:55:34.603130Z","level":"info","event":"lim_inf -7.042268103978799","chan":"stdout","logger":"task"}
{"timestamp":"2025-07-14T00:55:34.603388Z","level":"info","event":"lim_sup 251.7315538182645","chan":"stdout","logger":"task"}
{"timestamp":"2025-07-14T00:55:34.622435Z","level":"info","event":"[18.78, 19.53, 19.53, 20.03, 45.17, 45.69, 46.85, 48.05, 73.93, 74.6, 75.61, 76.2, 120.76, 121.66, 122.23, 122.72, 147.31, 148.45, 149.48, 150.59, 175.09, 175.94, 177.02, 178.19, 206.6, 207.38, 208.15, 209.06]","chan":"stdout","logger":"task"}
{"timestamp":"2025-07-14T00:55:34.622781Z","level":"info","event":"media 113.73571428571428 - desviacion 64.38310633724232","chan":"stdout","logger":"task"}
{"timestamp":"2025-07-14T00:55:34.622975Z","level":"info","event":"lim_inf -15.030498388770368","chan":"stdout","logger":"task"}
{"timestamp":"2025-07-14T00:55:34.623157Z","level":"info","event":"lim_sup 242.50192696019894","chan":"stdout","logger":"task"}
{"timestamp":"2025-07-14T00:55:34.642295Z","level":"info","event":"[25.35, 26.28, 27.54, 28.1, 59.62, 60.07, 61.12, 61.9, 94.02, 94.9, 95.5, 96.36, 124.96, 125.7, 126.61, 126.61, 154.98, 155.45, 156.18, 156.62, 186.3, 186.94, 186.94, 187.92, 215.61, 215.61, 216.05, 217.24]","chan":"stdout","logger":"task"}
{"timestamp":"2025-07-14T00:55:34.642662Z","level":"info","event":"media 123.9457142857143 - desviacion 62.97782690465473","chan":"stdout","logger":"task"}
{"timestamp":"2025-07-14T00:55:34.642886Z","level":"info","event":"lim_inf -2.0099395235951505","chan":"stdout","logger":"task"}
{"timestamp":"2025-07-14T00:55:34.643092Z","level":"info","event":"lim_sup 249.90136809502377","chan":"stdout","logger":"task"}
{"timestamp":"2025-07-14T00:55:34.662211Z","level":"info","event":"[21.59, 22.09, 22.66, 23.84, 51.01, 51.9, 52.55, 52.55, 79.14, 79.98, 80.44, 80.99, 107.93, 108.92, 108.92, 109.43, 134.97, 135.7, 136.49, 136.49, 162.74, 163.27, 163.88, 164.6, 191.32, 192.52, 193.04, 193.04]","chan":"stdout","logger":"task"}
{"timestamp":"2025-07-14T00:55:34.662557Z","level":"info","event":"media 107.92857142857143 - desviacion 56.351285935022034","chan":"stdout","logger":"task"}
{"timestamp":"2025-07-14T00:55:34.662760Z","level":"info","event":"lim_inf -4.774000441472637","chan":"stdout","logger":"task"}
{"timestamp":"2025-07-14T00:55:34.662941Z","level":"info","event":"lim_sup 220.63114329861548","chan":"stdout","logger":"task"}
{"timestamp":"2025-07-14T00:55:34.681819Z","level":"info","event":"[29.44, 30.24, 31.05, 32.15, 59.1, 59.96, 60.78, 61.76, 87.1, 88.21, 89.44, 90.36, 118.9, 119.36, 120.4, 121.19, 150.37, 151.02, 151.69, 152.96, 181.81, 182.74, 183.41, 184.29, 217.89, 218.5, 219.28, 220.5]","chan":"stdout","logger":"task"}
{"timestamp":"2025-07-14T00:55:34.682207Z","level":"info","event":"media 121.92500000000003 - desviacion 62.40209208374806","chan":"stdout","logger":"task"}
{"timestamp":"2025-07-14T00:55:34.682434Z","level":"info","event":"lim_inf -2.879184167496092","chan":"stdout","logger":"task"}
{"timestamp":"2025-07-14T00:55:34.682620Z","level":"info","event":"lim_sup 246.72918416749616","chan":"stdout","logger":"task"}
{"timestamp":"2025-07-14T00:55:34.701626Z","level":"info","event":"[22.66, 23.68, 24.47, 25.58, 52.9, 53.88, 54.43, 55.63, 83.24, 83.73, 84.96, 86.16, 115.88, 116.56, 116.56, 117.68, 155.28, 156.51, 157.36, 158.45, 183.86, 184.46, 185.3, 185.83, 212.95, 213.76, 214.28, 214.28]","chan":"stdout","logger":"task"}
{"timestamp":"2025-07-14T00:55:34.702005Z","level":"info","event":"media 119.29714285714287 - desviacion 64.55165389367002","chan":"stdout","logger":"task"}
{"timestamp":"2025-07-14T00:55:34.702303Z","level":"info","event":"lim_inf -9.80616493019717","chan":"stdout","logger":"task"}
{"timestamp":"2025-07-14T00:55:34.702545Z","level":"info","event":"lim_sup 248.40045064448293","chan":"stdout","logger":"task"}
{"timestamp":"2025-07-14T00:55:34.732438Z","level":"info","event":"[21.21, 22.35, 23.17, 24.12, 50.29, 50.75, 51.36, 52.17, 78.96, 79.59, 80.22, 81.31, 106.04, 107.15, 107.15, 107.73, 141.46, 142.4, 143.55, 144.51, 175.52, 176.79, 177.3, 177.84, 205.83, 206.29, 206.95, 208.05]","chan":"stdout","logger":"task"}
{"timestamp":"2025-07-14T00:55:34.732832Z","level":"info","event":"media 112.50214285714286 - desviacion 61.9646877755585","chan":"stdout","logger":"task"}
{"timestamp":"2025-07-14T00:55:34.733073Z","level":"info","event":"lim_inf -11.427232693974148","chan":"stdout","logger":"task"}
{"timestamp":"2025-07-14T00:55:34.733291Z","level":"info","event":"lim_sup 236.43151840825988","chan":"stdout","logger":"task"}
{"timestamp":"2025-07-14T00:55:34.767807Z","level":"info","event":"[22.32, 23.3, 24.04, 24.9, 50.19, 51.1, 52.03, 53.25, 80.67, 81.51, 82.59, 83.32, 112.05, 113.02, 113.92, 114.89, 140.48, 141.3, 142.58, 143.13, 171.92, 172.73, 173.7, 174.8, 202.25, 202.86, 203.88, 204.52]","chan":"stdout","logger":"task"}
{"timestamp":"2025-07-14T00:55:34.768223Z","level":"info","event":"media 112.75892857142857 - desviacion 60.181878225169946","chan":"stdout","logger":"task"}
{"timestamp":"2025-07-14T00:55:34.768491Z","level":"info","event":"lim_inf -7.604827878911323","chan":"stdout","logger":"task"}
{"timestamp":"2025-07-14T00:55:34.768721Z","level":"info","event":"lim_sup 233.12268502176846","chan":"stdout","logger":"task"}
{"timestamp":"2025-07-14T00:55:34.779614Z","level":"info","event":"[21.37, 21.86, 22.33, 23.4, 51.55, 52.41, 53.6, 54.45, 90.36, 91.38, 91.97, 92.93, 126.13, 126.6, 127.59, 128.75, 154.42, 155.44, 156.7, 157.64, 184.01, 184.63, 185.45, 186.67, 215.8, 216.47, 217.35, 218.3]","chan":"stdout","logger":"task"}
{"timestamp":"2025-07-14T00:55:34.780018Z","level":"info","event":"media 121.77 - desviacion 65.2918984254555","chan":"stdout","logger":"task"}
{"timestamp":"2025-07-14T00:55:34.780280Z","level":"info","event":"lim_inf -8.813796850911004","chan":"stdout","logger":"task"}
{"timestamp":"2025-07-14T00:55:34.780495Z","level":"info","event":"lim_sup 252.353796850911","chan":"stdout","logger":"task"}
{"timestamp":"2025-07-14T00:55:34.801348Z","level":"info","event":"[19.44, 20.26, 21.06, 21.8, 50.75, 51.27, 51.99, 52.65, 80.18, 81.39, 82.19, 83.42, 111.23, 111.95, 112.73, 113.72, 148.97, 149.94, 150.88, 151.7, 180.49, 181.57, 182.57, 183.3, 217.74, 218.54, 219.36, 220.18]","chan":"stdout","logger":"task"}
{"timestamp":"2025-07-14T00:55:34.801781Z","level":"info","event":"media 116.8310714285714 - desviacion 66.06490246823766","chan":"stdout","logger":"task"}
{"timestamp":"2025-07-14T00:55:34.802082Z","level":"info","event":"lim_inf -15.298733507903918","chan":"stdout","logger":"task"}
{"timestamp":"2025-07-14T00:55:34.802338Z","level":"info","event":"lim_sup 248.96087636504672","chan":"stdout","logger":"task"}
{"timestamp":"2025-07-14T00:55:34.824024Z","level":"info","event":"[21.47, 22.35, 23.33, 24.03, 48.98, 50.22, 50.8, 51.73, 79.04, 79.81, 80.39, 81.68, 108.76, 109.67, 110.57, 111.05, 138.69, 139.42, 139.95, 140.47, 173.43, 174.44, 175.68, 176.23, 208.34, 208.85, 209.58, 210.08]","chan":"stdout","logger":"task"}
{"timestamp":"2025-07-14T00:55:34.824443Z","level":"info","event":"media 112.46571428571428 - desviacion 62.03852451896157","chan":"stdout","logger":"task"}
{"timestamp":"2025-07-14T00:55:34.824719Z","level":"info","event":"lim_inf -11.611334752208862","chan":"stdout","logger":"task"}
{"timestamp":"2025-07-14T00:55:34.824941Z","level":"info","event":"lim_sup 236.54276332363742","chan":"stdout","logger":"task"}
{"timestamp":"2025-07-14T00:55:34.845583Z","level":"info","event":"[23.48, 24.22, 25.37, 25.9, 56.29, 57.49, 58.77, 60.06, 95.5, 96.38, 97.18, 98.11, 124.23, 125.21, 125.97, 126.68, 152.13, 153.33, 153.77, 154.42, 180.59, 181.47, 182.33, 183.07, 214.57, 215.66, 222.21, 223.27]","chan":"stdout","logger":"task"}
{"timestamp":"2025-07-14T00:55:34.846042Z","level":"info","event":"media 122.77357142857143 - desviacion 63.43240650005134","chan":"stdout","logger":"task"}
{"timestamp":"2025-07-14T00:55:34.846324Z","level":"info","event":"lim_inf -4.091241571531256","chan":"stdout","logger":"task"}
{"timestamp":"2025-07-14T00:55:34.846560Z","level":"info","event":"lim_sup 249.6383844286741","chan":"stdout","logger":"task"}
{"timestamp":"2025-07-14T00:55:34.866670Z","level":"info","event":"[29.07, 29.84, 30.64, 31.52, 61.35, 62.28, 63.44, 63.97, 91.83, 93.01, 94.29, 94.76, 123.1, 124.38, 124.92, 125.49, 153.75, 154.55, 154.55, 155.7, 183.26, 183.26, 184.2, 185.06, 212.81, 214.06, 214.06, 214.56]","chan":"stdout","logger":"task"}
{"timestamp":"2025-07-14T00:55:34.867061Z","level":"info","event":"media 123.3467857142857 - desviacion 61.03843151499901","chan":"stdout","logger":"task"}
{"timestamp":"2025-07-14T00:55:34.867295Z","level":"info","event":"lim_inf 1.2699226842876783","chan":"stdout","logger":"task"}
{"timestamp":"2025-07-14T00:55:34.867513Z","level":"info","event":"lim_sup 245.42364874428372","chan":"stdout","logger":"task"}
{"timestamp":"2025-07-14T00:55:34.887771Z","level":"info","event":"[18.77, 19.87, 21.0, 21.93, 49.53, 50.82, 51.87, 52.54, 80.16, 81.33, 82.51, 83.16, 117.5, 118.21, 118.69, 119.91, 146.09, 146.71, 147.19, 148.42, 182.57, 183.76, 184.32, 185.11, 219.02, 219.63, 220.83, 222.04]","chan":"stdout","logger":"task"}
{"timestamp":"2025-07-14T00:55:34.888193Z","level":"info","event":"media 117.62464285714285 - desviacion 66.53219937326496","chan":"stdout","logger":"task"}
{"timestamp":"2025-07-14T00:55:34.888459Z","level":"info","event":"lim_inf -15.439755889387072","chan":"stdout","logger":"task"}
{"timestamp":"2025-07-14T00:55:34.888726Z","level":"info","event":"lim_sup 250.68904160367276","chan":"stdout","logger":"task"}
{"timestamp":"2025-07-14T00:55:34.908741Z","level":"info","event":"[30.0, 31.23, 31.98, 32.88, 62.97, 63.63, 64.15, 65.16, 91.43, 92.16, 92.61, 102.55, 130.56, 131.72, 132.64, 133.36, 174.5, 175.56, 176.0, 177.13, 204.9, 205.97, 206.59, 207.64, 242.24, 242.84, 243.67, 244.84]","chan":"stdout","logger":"task"}
{"timestamp":"2025-07-14T00:55:34.909106Z","level":"info","event":"media 135.3896428571429 - desviacion 71.61948201044098","chan":"stdout","logger":"task"}
{"timestamp":"2025-07-14T00:55:34.909359Z","level":"info","event":"lim_inf -7.849321163739063","chan":"stdout","logger":"task"}
{"timestamp":"2025-07-14T00:55:34.909580Z","level":"info","event":"lim_sup 278.6286068780248","chan":"stdout","logger":"task"}
{"timestamp":"2025-07-14T00:55:34.911748","level":"info","event":"Done. Returned value was: None","logger":"airflow.task.operators.airflow.providers.standard.operators.python.PythonOperator"}
{"timestamp":"2025-07-14T00:55:34.975527Z","level":"info","event":"Task instance in success state","chan":"stdout","logger":"task"}
{"timestamp":"2025-07-14T00:55:34.975911Z","level":"info","event":" Previous state of the Task instance: TaskInstanceState.RUNNING","chan":"stdout","logger":"task"}
{"timestamp":"2025-07-14T00:55:34.976189Z","level":"info","event":"Task operator:<Task(PythonOperator): detectar_desviacion>","chan":"stdout","logger":"task"}
