{"timestamp":"2025-07-14T10:41:33.140374","level":"info","event":"DAG bundles loaded: dags-folder, example_dags","logger":"airflow.dag_processing.bundles.manager.DagBundlesManager"}
{"timestamp":"2025-07-14T10:41:33.141216","level":"info","event":"Filling up the DagBag from /opt/airflow/dags/dag_analisis.py","logger":"airflow.models.dagbag.DagBag"}
{"timestamp":"2025-07-14T10:41:33.190200Z","level":"info","event":"Task instance is in running state","chan":"stdout","logger":"task"}
{"timestamp":"2025-07-14T10:41:33.190426Z","level":"info","event":" Previous state of the Task instance: TaskInstanceState.QUEUED","chan":"stdout","logger":"task"}
{"timestamp":"2025-07-14T10:41:33.190549Z","level":"info","event":"Current task name:deteccion_valores_congelados","chan":"stdout","logger":"task"}
{"timestamp":"2025-07-14T10:41:33.190664Z","level":"info","event":"Dag name:a2","chan":"stdout","logger":"task"}
{"timestamp":"2025-07-14T10:41:33.171186","level":"warning","event":"/opt/airflow/dags/dag_analisis.py:69: UserWarning: pandas only supports SQLAlchemy connectable (engine/connection) or database string URI or sqlite3 DBAPI2 connection. Other DBAPI2 objects are not tested. Please consider using SQLAlchemy.\n  df = pd.read_sql(query, conn)\n","logger":"py.warnings"}
{"timestamp":"2025-07-14T10:41:33.247634Z","level":"info","event":"0      158964","chan":"stdout","logger":"task"}
{"timestamp":"2025-07-14T10:41:33.247901Z","level":"info","event":"1      158965","chan":"stdout","logger":"task"}
{"timestamp":"2025-07-14T10:41:33.248034Z","level":"info","event":"2      158966","chan":"stdout","logger":"task"}
{"timestamp":"2025-07-14T10:41:33.248149Z","level":"info","event":"3      159328","chan":"stdout","logger":"task"}
{"timestamp":"2025-07-14T10:41:33.248256Z","level":"info","event":"4      159329","chan":"stdout","logger":"task"}
{"timestamp":"2025-07-14T10:41:33.248361Z","level":"info","event":"        ...","chan":"stdout","logger":"task"}
{"timestamp":"2025-07-14T10:41:33.248464Z","level":"info","event":"295    194637","chan":"stdout","logger":"task"}
{"timestamp":"2025-07-14T10:41:33.248565Z","level":"info","event":"296    194638","chan":"stdout","logger":"task"}
{"timestamp":"2025-07-14T10:41:33.248667Z","level":"info","event":"297    195000","chan":"stdout","logger":"task"}
{"timestamp":"2025-07-14T10:41:33.248768Z","level":"info","event":"298    195001","chan":"stdout","logger":"task"}
{"timestamp":"2025-07-14T10:41:33.248868Z","level":"info","event":"299    195002","chan":"stdout","logger":"task"}
{"timestamp":"2025-07-14T10:41:33.248969Z","level":"info","event":"Name: id, Length: 300, dtype: int64","chan":"stdout","logger":"task"}
{"timestamp":"2025-07-14T10:41:33.261105Z","level":"info","event":"todo bien","chan":"stdout","logger":"task"}
{"timestamp":"2025-07-14T10:41:33.261900","level":"info","event":"Done. Returned value was: None","logger":"airflow.task.operators.airflow.providers.standard.operators.python.PythonOperator"}
{"timestamp":"2025-07-14T10:41:33.289116Z","level":"info","event":"Task instance in success state","chan":"stdout","logger":"task"}
{"timestamp":"2025-07-14T10:41:33.289368Z","level":"info","event":" Previous state of the Task instance: TaskInstanceState.RUNNING","chan":"stdout","logger":"task"}
{"timestamp":"2025-07-14T10:41:33.289562Z","level":"info","event":"Task operator:<Task(PythonOperator): deteccion_valores_congelados>","chan":"stdout","logger":"task"}
