{"timestamp":"2025-07-14T00:55:38.618593","level":"info","event":"DAG bundles loaded: dags-folder, example_dags","logger":"airflow.dag_processing.bundles.manager.DagBundlesManager"}
{"timestamp":"2025-07-14T00:55:38.625287","level":"info","event":"Filling up the DagBag from /opt/airflow/dags/dag_analisis.py","logger":"airflow.models.dagbag.DagBag"}
{"timestamp":"2025-07-14T00:55:38.716704Z","level":"info","event":"Task instance is in running state","chan":"stdout","logger":"task"}
{"timestamp":"2025-07-14T00:55:38.717060Z","level":"info","event":" Previous state of the Task instance: TaskInstanceState.QUEUED","chan":"stdout","logger":"task"}
{"timestamp":"2025-07-14T00:55:38.717299Z","level":"info","event":"Current task name:deteccion_valores_congelados","chan":"stdout","logger":"task"}
{"timestamp":"2025-07-14T00:55:38.717502Z","level":"info","event":"Dag name:a2","chan":"stdout","logger":"task"}
{"timestamp":"2025-07-14T00:55:38.682447","level":"warning","event":"/opt/airflow/dags/dag_analisis.py:69: UserWarning: pandas only supports SQLAlchemy connectable (engine/connection) or database string URI or sqlite3 DBAPI2 connection. Other DBAPI2 objects are not tested. Please consider using SQLAlchemy.\n  df = pd.read_sql(query, conn)\n","logger":"py.warnings"}
{"timestamp":"2025-07-14T00:55:38.827175Z","level":"info","event":"        id  device_id           timestamp   value  rn","chan":"stdout","logger":"task"}
{"timestamp":"2025-07-14T00:55:38.827573Z","level":"info","event":"0      358          1 2025-07-07 17:15:00  216.65   3","chan":"stdout","logger":"task"}
{"timestamp":"2025-07-14T00:55:38.827829Z","level":"info","event":"1      359          1 2025-07-07 17:30:00  216.95   2","chan":"stdout","logger":"task"}
{"timestamp":"2025-07-14T00:55:38.828058Z","level":"info","event":"2      360          1 2025-07-07 17:45:00  217.30   1","chan":"stdout","logger":"task"}
{"timestamp":"2025-07-14T00:55:38.828283Z","level":"info","event":"3      722          2 2025-07-07 17:15:00  235.13   3","chan":"stdout","logger":"task"}
{"timestamp":"2025-07-14T00:55:38.828521Z","level":"info","event":"4      723          2 2025-07-07 17:30:00  235.29   2","chan":"stdout","logger":"task"}
{"timestamp":"2025-07-14T00:55:38.828744Z","level":"info","event":"..     ...        ...                 ...     ...  ..","chan":"stdout","logger":"task"}
{"timestamp":"2025-07-14T00:55:38.828984Z","level":"info","event":"295  36431         99 2025-07-07 17:30:00  227.67   2","chan":"stdout","logger":"task"}
{"timestamp":"2025-07-14T00:55:38.829215Z","level":"info","event":"296  36432         99 2025-07-07 17:45:00  227.80   1","chan":"stdout","logger":"task"}
{"timestamp":"2025-07-14T00:55:38.829440Z","level":"info","event":"297  36794        100 2025-07-07 17:15:00  249.78   3","chan":"stdout","logger":"task"}
{"timestamp":"2025-07-14T00:55:38.829662Z","level":"info","event":"298  36795        100 2025-07-07 17:30:00  250.14   2","chan":"stdout","logger":"task"}
{"timestamp":"2025-07-14T00:55:38.829886Z","level":"info","event":"299  36796        100 2025-07-07 17:45:00  250.43   1","chan":"stdout","logger":"task"}
{"timestamp":"2025-07-14T00:55:38.830110Z","level":"info","event":"","chan":"stdout","logger":"task"}
{"timestamp":"2025-07-14T00:55:38.830576Z","level":"info","event":"[300 rows x 5 columns]","chan":"stdout","logger":"task"}
{"timestamp":"2025-07-14T00:55:38.879209Z","level":"info","event":"todo bien","chan":"stdout","logger":"task"}
{"timestamp":"2025-07-14T00:55:38.881550","level":"info","event":"Done. Returned value was: None","logger":"airflow.task.operators.airflow.providers.standard.operators.python.PythonOperator"}
{"timestamp":"2025-07-14T00:55:38.943123Z","level":"info","event":"Task instance in success state","chan":"stdout","logger":"task"}
{"timestamp":"2025-07-14T00:55:38.943525Z","level":"info","event":" Previous state of the Task instance: TaskInstanceState.RUNNING","chan":"stdout","logger":"task"}
{"timestamp":"2025-07-14T00:55:38.943786Z","level":"info","event":"Task operator:<Task(PythonOperator): deteccion_valores_congelados>","chan":"stdout","logger":"task"}
