{"timestamp":"2025-07-13T15:15:49.200566","level":"info","event":"DAG bundles loaded: dags-folder, example_dags","logger":"airflow.dag_processing.bundles.manager.DagBundlesManager"}
{"timestamp":"2025-07-13T15:15:49.202289","level":"info","event":"Filling up the DagBag from /opt/airflow/dags/dag_analisis.py","logger":"airflow.models.dagbag.DagBag"}
{"timestamp":"2025-07-13T15:15:49.255967","level":"warning","event":"/opt/airflow/dags/dag_analisis.py:69: UserWarning: pandas only supports SQLAlchemy connectable (engine/connection) or database string URI or sqlite3 DBAPI2 connection. Other DBAPI2 objects are not tested. Please consider using SQLAlchemy.\n  df = pd.read_sql(query, conn)\n","logger":"py.warnings"}
{"timestamp":"2025-07-13T15:15:49.341582Z","level":"info","event":"Task instance is in running state","chan":"stdout","logger":"task"}
{"timestamp":"2025-07-13T15:15:49.341975Z","level":"info","event":" Previous state of the Task instance: TaskInstanceState.QUEUED","chan":"stdout","logger":"task"}
{"timestamp":"2025-07-13T15:15:49.342247Z","level":"info","event":"Current task name:deteccion_valores_congelados","chan":"stdout","logger":"task"}
{"timestamp":"2025-07-13T15:15:49.342504Z","level":"info","event":"Dag name:a2","chan":"stdout","logger":"task"}
{"timestamp":"2025-07-13T15:15:49.365248Z","level":"info","event":"         id  device_id           timestamp   value  rn","chan":"stdout","logger":"task"}
{"timestamp":"2025-07-13T15:15:49.365642Z","level":"info","event":"0    234041          1 2025-07-07 17:15:00  218.22   3","chan":"stdout","logger":"task"}
{"timestamp":"2025-07-13T15:15:49.365885Z","level":"info","event":"1    234042          1 2025-07-07 17:30:00  218.57   2","chan":"stdout","logger":"task"}
{"timestamp":"2025-07-13T15:15:49.366118Z","level":"info","event":"2    234043          1 2025-07-07 17:45:00  218.75   1","chan":"stdout","logger":"task"}
{"timestamp":"2025-07-13T15:15:49.366365Z","level":"info","event":"3    234405          2 2025-07-07 17:15:00  217.87   3","chan":"stdout","logger":"task"}
{"timestamp":"2025-07-13T15:15:49.366599Z","level":"info","event":"4    234406          2 2025-07-07 17:30:00  218.12   2","chan":"stdout","logger":"task"}
{"timestamp":"2025-07-13T15:15:49.366830Z","level":"info","event":"..      ...        ...                 ...     ...  ..","chan":"stdout","logger":"task"}
{"timestamp":"2025-07-13T15:15:49.367063Z","level":"info","event":"164  253699         55 2025-07-07 17:45:00  235.24   1","chan":"stdout","logger":"task"}
{"timestamp":"2025-07-13T15:15:49.367309Z","level":"info","event":"165  254061         56 2025-07-07 17:15:00  218.19   3","chan":"stdout","logger":"task"}
{"timestamp":"2025-07-13T15:15:49.367550Z","level":"info","event":"166  254062         56 2025-07-07 17:30:00  218.55   2","chan":"stdout","logger":"task"}
{"timestamp":"2025-07-13T15:15:49.367785Z","level":"info","event":"167  254063         56 2025-07-07 17:45:00  218.88   1","chan":"stdout","logger":"task"}
{"timestamp":"2025-07-13T15:15:49.368014Z","level":"info","event":"168  254072         57 2025-07-01 07:00:00    0.19   1","chan":"stdout","logger":"task"}
{"timestamp":"2025-07-13T15:15:49.368238Z","level":"info","event":"","chan":"stdout","logger":"task"}
{"timestamp":"2025-07-13T15:15:49.379511Z","level":"info","event":"[169 rows x 5 columns]","chan":"stdout","logger":"task"}
{"timestamp":"2025-07-13T15:15:49.389425Z","level":"info","event":"todo bien","chan":"stdout","logger":"task"}
{"timestamp":"2025-07-13T15:15:49.391819","level":"info","event":"Done. Returned value was: None","logger":"airflow.task.operators.airflow.providers.standard.operators.python.PythonOperator"}
{"timestamp":"2025-07-13T15:15:49.451823Z","level":"info","event":"Task instance in success state","chan":"stdout","logger":"task"}
{"timestamp":"2025-07-13T15:15:49.452264Z","level":"info","event":" Previous state of the Task instance: TaskInstanceState.RUNNING","chan":"stdout","logger":"task"}
{"timestamp":"2025-07-13T15:15:49.452573Z","level":"info","event":"Task operator:<Task(PythonOperator): deteccion_valores_congelados>","chan":"stdout","logger":"task"}
