{"timestamp":"2025-07-13T18:59:32.280037","level":"info","event":"DAG bundles loaded: dags-folder, example_dags","logger":"airflow.dag_processing.bundles.manager.DagBundlesManager"}
{"timestamp":"2025-07-13T18:59:32.280504","level":"info","event":"Filling up the DagBag from /opt/airflow/dags/dag_analisis.py","logger":"airflow.models.dagbag.DagBag"}
{"timestamp":"2025-07-13T18:59:32.320622Z","level":"info","event":"Task instance is in running state","chan":"stdout","logger":"task"}
{"timestamp":"2025-07-13T18:59:32.320877Z","level":"info","event":" Previous state of the Task instance: TaskInstanceState.QUEUED","chan":"stdout","logger":"task"}
{"timestamp":"2025-07-13T18:59:32.321013Z","level":"info","event":"Current task name:detectar_pico","chan":"stdout","logger":"task"}
{"timestamp":"2025-07-13T18:59:32.321141Z","level":"info","event":"Dag name:a2","chan":"stdout","logger":"task"}
{"timestamp":"2025-07-13T18:59:32.303000","level":"warning","event":"/opt/airflow/dags/dag_analisis.py:104: UserWarning: pandas only supports SQLAlchemy connectable (engine/connection) or database string URI or sqlite3 DBAPI2 connection. Other DBAPI2 objects are not tested. Please consider using SQLAlchemy.\n  ultimos_df = pd.read_sql(\"\"\"\n","logger":"py.warnings"}
{"timestamp":"2025-07-13T18:59:32.331061","level":"warning","event":"/opt/airflow/dags/dag_analisis.py:111: UserWarning: pandas only supports SQLAlchemy connectable (engine/connection) or database string URI or sqlite3 DBAPI2 connection. Other DBAPI2 objects are not tested. Please consider using SQLAlchemy.\n  historico_df = pd.read_sql(\"SELECT * FROM franja_valores_historicos\", conn)\n","logger":"py.warnings"}
{"timestamp":"2025-07-13T18:59:32.382157Z","level":"info","event":"breve","chan":"stdout","logger":"task"}
{"timestamp":"2025-07-13T18:59:32.383945Z","level":"info","event":"breve","chan":"stdout","logger":"task"}
{"timestamp":"2025-07-13T18:59:32.385688Z","level":"info","event":"breve","chan":"stdout","logger":"task"}
{"timestamp":"2025-07-13T18:59:32.387294Z","level":"info","event":"breve","chan":"stdout","logger":"task"}
{"timestamp":"2025-07-13T18:59:32.388785Z","level":"info","event":"breve","chan":"stdout","logger":"task"}
{"timestamp":"2025-07-13T18:59:32.390224Z","level":"info","event":"breve","chan":"stdout","logger":"task"}
{"timestamp":"2025-07-13T18:59:32.391845Z","level":"info","event":"breve","chan":"stdout","logger":"task"}
{"timestamp":"2025-07-13T18:59:32.393320Z","level":"info","event":"breve","chan":"stdout","logger":"task"}
{"timestamp":"2025-07-13T18:59:32.394762Z","level":"info","event":"breve","chan":"stdout","logger":"task"}
{"timestamp":"2025-07-13T18:59:32.396252Z","level":"info","event":"breve","chan":"stdout","logger":"task"}
{"timestamp":"2025-07-13T18:59:32.397776Z","level":"info","event":"breve","chan":"stdout","logger":"task"}
{"timestamp":"2025-07-13T18:59:32.399424Z","level":"info","event":"breve","chan":"stdout","logger":"task"}
{"timestamp":"2025-07-13T18:59:32.400956Z","level":"info","event":"breve","chan":"stdout","logger":"task"}
{"timestamp":"2025-07-13T18:59:32.402675Z","level":"info","event":"breve","chan":"stdout","logger":"task"}
{"timestamp":"2025-07-13T18:59:32.404273Z","level":"info","event":"breve","chan":"stdout","logger":"task"}
{"timestamp":"2025-07-13T18:59:32.405713Z","level":"info","event":"breve","chan":"stdout","logger":"task"}
{"timestamp":"2025-07-13T18:59:32.407153Z","level":"info","event":"breve","chan":"stdout","logger":"task"}
{"timestamp":"2025-07-13T18:59:32.408649Z","level":"info","event":"breve","chan":"stdout","logger":"task"}
{"timestamp":"2025-07-13T18:59:32.410093Z","level":"info","event":"breve","chan":"stdout","logger":"task"}
{"timestamp":"2025-07-13T18:59:32.411553Z","level":"info","event":"atipico","chan":"stdout","logger":"task"}
{"timestamp":"2025-07-13T18:59:32.426248Z","level":"info","event":"atipico","chan":"stdout","logger":"task"}
{"timestamp":"2025-07-13T18:59:32.440868Z","level":"info","event":"breve","chan":"stdout","logger":"task"}
{"timestamp":"2025-07-13T18:59:32.442976Z","level":"info","event":"breve","chan":"stdout","logger":"task"}
{"timestamp":"2025-07-13T18:59:32.445007Z","level":"info","event":"breve","chan":"stdout","logger":"task"}
{"timestamp":"2025-07-13T18:59:32.446837Z","level":"info","event":"breve","chan":"stdout","logger":"task"}
{"timestamp":"2025-07-13T18:59:32.448603Z","level":"info","event":"breve","chan":"stdout","logger":"task"}
{"timestamp":"2025-07-13T18:59:32.451497Z","level":"info","event":"breve","chan":"stdout","logger":"task"}
{"timestamp":"2025-07-13T18:59:32.454536Z","level":"info","event":"breve","chan":"stdout","logger":"task"}
{"timestamp":"2025-07-13T18:59:32.457184Z","level":"info","event":"breve","chan":"stdout","logger":"task"}
{"timestamp":"2025-07-13T18:59:32.460297Z","level":"info","event":"breve","chan":"stdout","logger":"task"}
{"timestamp":"2025-07-13T18:59:32.462969Z","level":"info","event":"breve","chan":"stdout","logger":"task"}
{"timestamp":"2025-07-13T18:59:32.465586Z","level":"info","event":"breve","chan":"stdout","logger":"task"}
{"timestamp":"2025-07-13T18:59:32.468158Z","level":"info","event":"breve","chan":"stdout","logger":"task"}
{"timestamp":"2025-07-13T18:59:32.471325Z","level":"info","event":"atipico","chan":"stdout","logger":"task"}
{"timestamp":"2025-07-13T18:59:32.487408Z","level":"info","event":"breve","chan":"stdout","logger":"task"}
{"timestamp":"2025-07-13T18:59:32.490455Z","level":"info","event":"breve","chan":"stdout","logger":"task"}
{"timestamp":"2025-07-13T18:59:32.493473Z","level":"info","event":"breve","chan":"stdout","logger":"task"}
{"timestamp":"2025-07-13T18:59:32.496432Z","level":"info","event":"breve","chan":"stdout","logger":"task"}
{"timestamp":"2025-07-13T18:59:32.499478Z","level":"info","event":"atipico","chan":"stdout","logger":"task"}
{"timestamp":"2025-07-13T18:59:32.512161Z","level":"info","event":"breve","chan":"stdout","logger":"task"}
{"timestamp":"2025-07-13T18:59:32.514146Z","level":"info","event":"breve","chan":"stdout","logger":"task"}
{"timestamp":"2025-07-13T18:59:32.516215Z","level":"info","event":"atipico","chan":"stdout","logger":"task"}
{"timestamp":"2025-07-13T18:59:32.530166Z","level":"info","event":"breve","chan":"stdout","logger":"task"}
{"timestamp":"2025-07-13T18:59:32.532269Z","level":"info","event":"breve","chan":"stdout","logger":"task"}
{"timestamp":"2025-07-13T18:59:32.534307Z","level":"info","event":"breve","chan":"stdout","logger":"task"}
{"timestamp":"2025-07-13T18:59:32.536585Z","level":"info","event":"breve","chan":"stdout","logger":"task"}
{"timestamp":"2025-07-13T18:59:32.538304Z","level":"info","event":"breve","chan":"stdout","logger":"task"}
{"timestamp":"2025-07-13T18:59:32.539836Z","level":"info","event":"breve","chan":"stdout","logger":"task"}
{"timestamp":"2025-07-13T18:59:32.541275Z","level":"info","event":"atipico","chan":"stdout","logger":"task"}
{"timestamp":"2025-07-13T18:59:32.555386Z","level":"info","event":"breve","chan":"stdout","logger":"task"}
{"timestamp":"2025-07-13T18:59:32.558753Z","level":"info","event":"breve","chan":"stdout","logger":"task"}
{"timestamp":"2025-07-13T18:59:32.562116Z","level":"info","event":"breve","chan":"stdout","logger":"task"}
{"timestamp":"2025-07-13T18:59:32.565507Z","level":"info","event":"breve","chan":"stdout","logger":"task"}
{"timestamp":"2025-07-13T18:59:32.569461Z","level":"info","event":"breve","chan":"stdout","logger":"task"}
{"timestamp":"2025-07-13T18:59:32.572931Z","level":"info","event":"breve","chan":"stdout","logger":"task"}
{"timestamp":"2025-07-13T18:59:32.576270Z","level":"info","event":"breve","chan":"stdout","logger":"task"}
{"timestamp":"2025-07-13T18:59:32.579639Z","level":"info","event":"breve","chan":"stdout","logger":"task"}
{"timestamp":"2025-07-13T18:59:32.583004Z","level":"info","event":"breve","chan":"stdout","logger":"task"}
{"timestamp":"2025-07-13T18:59:32.586791Z","level":"info","event":"breve","chan":"stdout","logger":"task"}
{"timestamp":"2025-07-13T18:59:32.590242Z","level":"info","event":"atipico","chan":"stdout","logger":"task"}
{"timestamp":"2025-07-13T18:59:32.605525Z","level":"info","event":"breve","chan":"stdout","logger":"task"}
{"timestamp":"2025-07-13T18:59:32.610111Z","level":"info","event":"atipico","chan":"stdout","logger":"task"}
{"timestamp":"2025-07-13T18:59:32.620404Z","level":"info","event":"breve","chan":"stdout","logger":"task"}
{"timestamp":"2025-07-13T18:59:32.623756Z","level":"info","event":"breve","chan":"stdout","logger":"task"}
{"timestamp":"2025-07-13T18:59:32.627226Z","level":"info","event":"breve","chan":"stdout","logger":"task"}
{"timestamp":"2025-07-13T18:59:32.630679Z","level":"info","event":"breve","chan":"stdout","logger":"task"}
{"timestamp":"2025-07-13T18:59:32.634091Z","level":"info","event":"breve","chan":"stdout","logger":"task"}
{"timestamp":"2025-07-13T18:59:32.637840Z","level":"info","event":"atipico","chan":"stdout","logger":"task"}
{"timestamp":"2025-07-13T18:59:32.648793Z","level":"info","event":"breve","chan":"stdout","logger":"task"}
{"timestamp":"2025-07-13T18:59:32.652607Z","level":"info","event":"breve","chan":"stdout","logger":"task"}
{"timestamp":"2025-07-13T18:59:32.656187Z","level":"info","event":"breve","chan":"stdout","logger":"task"}
{"timestamp":"2025-07-13T18:59:32.659579Z","level":"info","event":"breve","chan":"stdout","logger":"task"}
{"timestamp":"2025-07-13T18:59:32.662658Z","level":"info","event":"atipico","chan":"stdout","logger":"task"}
{"timestamp":"2025-07-13T18:59:32.677255Z","level":"info","event":"breve","chan":"stdout","logger":"task"}
{"timestamp":"2025-07-13T18:59:32.680362Z","level":"info","event":"breve","chan":"stdout","logger":"task"}
{"timestamp":"2025-07-13T18:59:32.683460Z","level":"info","event":"breve","chan":"stdout","logger":"task"}
{"timestamp":"2025-07-13T18:59:32.686776Z","level":"info","event":"breve","chan":"stdout","logger":"task"}
{"timestamp":"2025-07-13T18:59:32.690066Z","level":"info","event":"breve","chan":"stdout","logger":"task"}
{"timestamp":"2025-07-13T18:59:32.693340Z","level":"info","event":"breve","chan":"stdout","logger":"task"}
{"timestamp":"2025-07-13T18:59:32.696489Z","level":"info","event":"atipico","chan":"stdout","logger":"task"}
{"timestamp":"2025-07-13T18:59:32.712827Z","level":"info","event":"atipico","chan":"stdout","logger":"task"}
{"timestamp":"2025-07-13T18:59:32.728653Z","level":"info","event":"atipico","chan":"stdout","logger":"task"}
{"timestamp":"2025-07-13T18:59:32.743754Z","level":"info","event":"atipico","chan":"stdout","logger":"task"}
{"timestamp":"2025-07-13T18:59:32.758448Z","level":"info","event":"breve","chan":"stdout","logger":"task"}
{"timestamp":"2025-07-13T18:59:32.761571Z","level":"info","event":"breve","chan":"stdout","logger":"task"}
{"timestamp":"2025-07-13T18:59:32.764710Z","level":"info","event":"atipico","chan":"stdout","logger":"task"}
{"timestamp":"2025-07-13T18:59:32.779094Z","level":"info","event":"atipico","chan":"stdout","logger":"task"}
{"timestamp":"2025-07-13T18:59:32.793369Z","level":"info","event":"breve","chan":"stdout","logger":"task"}
{"timestamp":"2025-07-13T18:59:32.796482Z","level":"info","event":"breve","chan":"stdout","logger":"task"}
{"timestamp":"2025-07-13T18:59:32.800181Z","level":"info","event":"breve","chan":"stdout","logger":"task"}
{"timestamp":"2025-07-13T18:59:32.803579Z","level":"info","event":"breve","chan":"stdout","logger":"task"}
{"timestamp":"2025-07-13T18:59:32.806753Z","level":"info","event":"breve","chan":"stdout","logger":"task"}
{"timestamp":"2025-07-13T18:59:32.810190Z","level":"info","event":"breve","chan":"stdout","logger":"task"}
{"timestamp":"2025-07-13T18:59:32.813620Z","level":"info","event":"breve","chan":"stdout","logger":"task"}
{"timestamp":"2025-07-13T18:59:32.816974Z","level":"info","event":"breve","chan":"stdout","logger":"task"}
{"timestamp":"2025-07-13T18:59:32.820703Z","level":"info","event":"breve","chan":"stdout","logger":"task"}
{"timestamp":"2025-07-13T18:59:32.824228Z","level":"info","event":"breve","chan":"stdout","logger":"task"}
{"timestamp":"2025-07-13T18:59:32.827666Z","level":"info","event":"atipico","chan":"stdout","logger":"task"}
{"timestamp":"2025-07-13T18:59:32.843174Z","level":"info","event":"breve","chan":"stdout","logger":"task"}
{"timestamp":"2025-07-13T18:59:32.846653Z","level":"info","event":"breve","chan":"stdout","logger":"task"}
{"timestamp":"2025-07-13T18:59:32.848197","level":"info","event":"Done. Returned value was: None","logger":"airflow.task.operators.airflow.providers.standard.operators.python.PythonOperator"}
{"timestamp":"2025-07-13T18:59:32.878804Z","level":"info","event":"Task instance in success state","chan":"stdout","logger":"task"}
{"timestamp":"2025-07-13T18:59:32.879111Z","level":"info","event":" Previous state of the Task instance: TaskInstanceState.RUNNING","chan":"stdout","logger":"task"}
{"timestamp":"2025-07-13T18:59:32.879349Z","level":"info","event":"Task operator:<Task(PythonOperator): detectar_pico>","chan":"stdout","logger":"task"}
