{"timestamp":"2025-07-14T09:35:21.945558","level":"info","event":"DAG bundles loaded: dags-folder, example_dags","logger":"airflow.dag_processing.bundles.manager.DagBundlesManager"}
{"timestamp":"2025-07-14T09:35:21.946246","level":"info","event":"Filling up the DagBag from /opt/airflow/dags/dag_analisis.py","logger":"airflow.models.dagbag.DagBag"}
{"timestamp":"2025-07-14T09:35:21.983805Z","level":"info","event":"Task instance is in running state","chan":"stdout","logger":"task"}
{"timestamp":"2025-07-14T09:35:21.983997Z","level":"info","event":" Previous state of the Task instance: TaskInstanceState.QUEUED","chan":"stdout","logger":"task"}
{"timestamp":"2025-07-14T09:35:21.984096Z","level":"info","event":"Current task name:deteccion_valores_congelados","chan":"stdout","logger":"task"}
{"timestamp":"2025-07-14T09:35:21.984191Z","level":"info","event":"Dag name:a2","chan":"stdout","logger":"task"}
{"timestamp":"2025-07-14T09:35:21.969772","level":"warning","event":"/opt/airflow/dags/dag_analisis.py:69: UserWarning: pandas only supports SQLAlchemy connectable (engine/connection) or database string URI or sqlite3 DBAPI2 connection. Other DBAPI2 objects are not tested. Please consider using SQLAlchemy.\n  df = pd.read_sql(query, conn)\n","logger":"py.warnings"}
{"timestamp":"2025-07-14T09:35:22.021499Z","level":"info","event":"         id  device_id           timestamp   value  rn","chan":"stdout","logger":"task"}
{"timestamp":"2025-07-14T09:35:22.021742Z","level":"info","event":"0    122558          1 2025-07-07 17:15:00  220.08   3","chan":"stdout","logger":"task"}
{"timestamp":"2025-07-14T09:35:22.021889Z","level":"info","event":"1    122559          1 2025-07-07 17:30:00  220.39   2","chan":"stdout","logger":"task"}
{"timestamp":"2025-07-14T09:35:22.022033Z","level":"info","event":"2    122560          1 2025-07-07 17:45:00  220.65   1","chan":"stdout","logger":"task"}
{"timestamp":"2025-07-14T09:35:22.022177Z","level":"info","event":"3    122922          2 2025-07-07 17:15:00  205.88   3","chan":"stdout","logger":"task"}
{"timestamp":"2025-07-14T09:35:22.022312Z","level":"info","event":"4    122923          2 2025-07-07 17:30:00  206.23   2","chan":"stdout","logger":"task"}
{"timestamp":"2025-07-14T09:35:22.022446Z","level":"info","event":"..      ...        ...                 ...     ...  ..","chan":"stdout","logger":"task"}
{"timestamp":"2025-07-14T09:35:22.022578Z","level":"info","event":"295  158231         99 2025-07-07 17:30:00  231.85   2","chan":"stdout","logger":"task"}
{"timestamp":"2025-07-14T09:35:22.022706Z","level":"info","event":"296  158232         99 2025-07-07 17:45:00  232.13   1","chan":"stdout","logger":"task"}
{"timestamp":"2025-07-14T09:35:22.022823Z","level":"info","event":"297  158594        100 2025-07-07 17:15:00  245.25   3","chan":"stdout","logger":"task"}
{"timestamp":"2025-07-14T09:35:22.022941Z","level":"info","event":"298  158595        100 2025-07-07 17:30:00  245.56   2","chan":"stdout","logger":"task"}
{"timestamp":"2025-07-14T09:35:22.023058Z","level":"info","event":"299  158596        100 2025-07-07 17:45:00  245.83   1","chan":"stdout","logger":"task"}
{"timestamp":"2025-07-14T09:35:22.023177Z","level":"info","event":"","chan":"stdout","logger":"task"}
{"timestamp":"2025-07-14T09:35:22.023326Z","level":"info","event":"[300 rows x 5 columns]","chan":"stdout","logger":"task"}
{"timestamp":"2025-07-14T09:35:22.032878Z","level":"info","event":"todo bien","chan":"stdout","logger":"task"}
{"timestamp":"2025-07-14T09:35:22.033640","level":"info","event":"Done. Returned value was: None","logger":"airflow.task.operators.airflow.providers.standard.operators.python.PythonOperator"}
{"timestamp":"2025-07-14T09:35:22.055572Z","level":"info","event":"Task instance in success state","chan":"stdout","logger":"task"}
{"timestamp":"2025-07-14T09:35:22.055756Z","level":"info","event":" Previous state of the Task instance: TaskInstanceState.RUNNING","chan":"stdout","logger":"task"}
{"timestamp":"2025-07-14T09:35:22.055848Z","level":"info","event":"Task operator:<Task(PythonOperator): deteccion_valores_congelados>","chan":"stdout","logger":"task"}
