{"timestamp":"2025-07-14T10:38:32.252130","level":"info","event":"DAG bundles loaded: dags-folder, example_dags","logger":"airflow.dag_processing.bundles.manager.DagBundlesManager"}
{"timestamp":"2025-07-14T10:38:32.252905","level":"info","event":"Filling up the DagBag from /opt/airflow/dags/dag_analisis.py","logger":"airflow.models.dagbag.DagBag"}
{"timestamp":"2025-07-14T10:38:32.317803Z","level":"info","event":"Task instance is in running state","chan":"stdout","logger":"task"}
{"timestamp":"2025-07-14T10:38:32.318071Z","level":"info","event":" Previous state of the Task instance: TaskInstanceState.QUEUED","chan":"stdout","logger":"task"}
{"timestamp":"2025-07-14T10:38:32.318223Z","level":"info","event":"Current task name:deteccion_valores_congelados","chan":"stdout","logger":"task"}
{"timestamp":"2025-07-14T10:38:32.318363Z","level":"info","event":"Dag name:a2","chan":"stdout","logger":"task"}
{"timestamp":"2025-07-14T10:38:32.279959","level":"warning","event":"/opt/airflow/dags/dag_analisis.py:69: UserWarning: pandas only supports SQLAlchemy connectable (engine/connection) or database string URI or sqlite3 DBAPI2 connection. Other DBAPI2 objects are not tested. Please consider using SQLAlchemy.\n  df = pd.read_sql(query, conn)\n","logger":"py.warnings"}
{"timestamp":"2025-07-14T10:38:32.338300Z","level":"info","event":"0      158964","chan":"stdout","logger":"task"}
{"timestamp":"2025-07-14T10:38:32.338508Z","level":"info","event":"1      158965","chan":"stdout","logger":"task"}
{"timestamp":"2025-07-14T10:38:32.338616Z","level":"info","event":"2      158966","chan":"stdout","logger":"task"}
{"timestamp":"2025-07-14T10:38:32.338720Z","level":"info","event":"3      159328","chan":"stdout","logger":"task"}
{"timestamp":"2025-07-14T10:38:32.338840Z","level":"info","event":"4      159329","chan":"stdout","logger":"task"}
{"timestamp":"2025-07-14T10:38:32.338955Z","level":"info","event":"        ...","chan":"stdout","logger":"task"}
{"timestamp":"2025-07-14T10:38:32.339069Z","level":"info","event":"226    186265","chan":"stdout","logger":"task"}
{"timestamp":"2025-07-14T10:38:32.339182Z","level":"info","event":"227    186266","chan":"stdout","logger":"task"}
{"timestamp":"2025-07-14T10:38:32.339311Z","level":"info","event":"228    186296","chan":"stdout","logger":"task"}
{"timestamp":"2025-07-14T10:38:32.339411Z","level":"info","event":"229    186297","chan":"stdout","logger":"task"}
{"timestamp":"2025-07-14T10:38:32.339506Z","level":"info","event":"230    186298","chan":"stdout","logger":"task"}
{"timestamp":"2025-07-14T10:38:32.339602Z","level":"info","event":"Name: id, Length: 231, dtype: int64","chan":"stdout","logger":"task"}
{"timestamp":"2025-07-14T10:38:32.346925Z","level":"info","event":"todo bien","chan":"stdout","logger":"task"}
{"timestamp":"2025-07-14T10:38:32.348167","level":"info","event":"Done. Returned value was: None","logger":"airflow.task.operators.airflow.providers.standard.operators.python.PythonOperator"}
{"timestamp":"2025-07-14T10:38:32.384102Z","level":"info","event":"Task instance in success state","chan":"stdout","logger":"task"}
{"timestamp":"2025-07-14T10:38:32.384343Z","level":"info","event":" Previous state of the Task instance: TaskInstanceState.RUNNING","chan":"stdout","logger":"task"}
{"timestamp":"2025-07-14T10:38:32.384486Z","level":"info","event":"Task operator:<Task(PythonOperator): deteccion_valores_congelados>","chan":"stdout","logger":"task"}
