{"timestamp":"2025-07-14T00:55:29.552340","level":"info","event":"DAG bundles loaded: dags-folder, example_dags","logger":"airflow.dag_processing.bundles.manager.DagBundlesManager"}
{"timestamp":"2025-07-14T00:55:29.556784","level":"info","event":"Filling up the DagBag from /opt/airflow/dags/dag_analisis.py","logger":"airflow.models.dagbag.DagBag"}
{"timestamp":"2025-07-14T00:55:29.640187Z","level":"info","event":"Task instance is in running state","chan":"stdout","logger":"task"}
{"timestamp":"2025-07-14T00:55:29.640579Z","level":"info","event":" Previous state of the Task instance: TaskInstanceState.QUEUED","chan":"stdout","logger":"task"}
{"timestamp":"2025-07-14T00:55:29.640817Z","level":"info","event":"Current task name:deteccion_valores_congelados","chan":"stdout","logger":"task"}
{"timestamp":"2025-07-14T00:55:29.641032Z","level":"info","event":"Dag name:a2","chan":"stdout","logger":"task"}
{"timestamp":"2025-07-14T00:55:29.710983","level":"warning","event":"/opt/airflow/dags/dag_analisis.py:69: UserWarning: pandas only supports SQLAlchemy connectable (engine/connection) or database string URI or sqlite3 DBAPI2 connection. Other DBAPI2 objects are not tested. Please consider using SQLAlchemy.\n  df = pd.read_sql(query, conn)\n","logger":"py.warnings"}
{"timestamp":"2025-07-14T00:55:30.036944Z","level":"info","event":"        id  device_id           timestamp   value  rn","chan":"stdout","logger":"task"}
{"timestamp":"2025-07-14T00:55:30.037325Z","level":"info","event":"0      358          1 2025-07-07 17:15:00  216.65   3","chan":"stdout","logger":"task"}
{"timestamp":"2025-07-14T00:55:30.037600Z","level":"info","event":"1      359          1 2025-07-07 17:30:00  216.95   2","chan":"stdout","logger":"task"}
{"timestamp":"2025-07-14T00:55:30.037839Z","level":"info","event":"2      360          1 2025-07-07 17:45:00  217.30   1","chan":"stdout","logger":"task"}
{"timestamp":"2025-07-14T00:55:30.038068Z","level":"info","event":"3      722          2 2025-07-07 17:15:00  235.13   3","chan":"stdout","logger":"task"}
{"timestamp":"2025-07-14T00:55:30.038291Z","level":"info","event":"4      723          2 2025-07-07 17:30:00  235.29   2","chan":"stdout","logger":"task"}
{"timestamp":"2025-07-14T00:55:30.038508Z","level":"info","event":"..     ...        ...                 ...     ...  ..","chan":"stdout","logger":"task"}
{"timestamp":"2025-07-14T00:55:30.038725Z","level":"info","event":"295  36431         99 2025-07-07 17:30:00  227.67   2","chan":"stdout","logger":"task"}
{"timestamp":"2025-07-14T00:55:30.039125Z","level":"info","event":"296  36432         99 2025-07-07 17:45:00  227.80   1","chan":"stdout","logger":"task"}
{"timestamp":"2025-07-14T00:55:30.039642Z","level":"info","event":"297  36794        100 2025-07-07 17:15:00  249.78   3","chan":"stdout","logger":"task"}
{"timestamp":"2025-07-14T00:55:30.039888Z","level":"info","event":"298  36795        100 2025-07-07 17:30:00  250.14   2","chan":"stdout","logger":"task"}
{"timestamp":"2025-07-14T00:55:30.040104Z","level":"info","event":"299  36796        100 2025-07-07 17:45:00  250.43   1","chan":"stdout","logger":"task"}
{"timestamp":"2025-07-14T00:55:30.040323Z","level":"info","event":"","chan":"stdout","logger":"task"}
{"timestamp":"2025-07-14T00:55:30.040766Z","level":"info","event":"[300 rows x 5 columns]","chan":"stdout","logger":"task"}
{"timestamp":"2025-07-14T00:55:30.065799Z","level":"info","event":"todo bien","chan":"stdout","logger":"task"}
{"timestamp":"2025-07-14T00:55:30.067718","level":"info","event":"Done. Returned value was: None","logger":"airflow.task.operators.airflow.providers.standard.operators.python.PythonOperator"}
{"timestamp":"2025-07-14T00:55:30.164162Z","level":"info","event":"Task instance in success state","chan":"stdout","logger":"task"}
{"timestamp":"2025-07-14T00:55:30.164489Z","level":"info","event":" Previous state of the Task instance: TaskInstanceState.RUNNING","chan":"stdout","logger":"task"}
{"timestamp":"2025-07-14T00:55:30.164709Z","level":"info","event":"Task operator:<Task(PythonOperator): deteccion_valores_congelados>","chan":"stdout","logger":"task"}
