{"timestamp":"2025-07-13T06:20:43.349941","level":"info","event":"DAG bundles loaded: dags-folder, example_dags","logger":"airflow.dag_processing.bundles.manager.DagBundlesManager"}
{"timestamp":"2025-07-13T06:20:43.350812","level":"info","event":"Filling up the DagBag from /opt/airflow/dags/dag_analisis.py","logger":"airflow.models.dagbag.DagBag"}
{"timestamp":"2025-07-13T06:20:43.401803Z","level":"info","event":"Task instance is in running state","chan":"stdout","logger":"task"}
{"timestamp":"2025-07-13T06:20:43.402125Z","level":"info","event":" Previous state of the Task instance: TaskInstanceState.QUEUED","chan":"stdout","logger":"task"}
{"timestamp":"2025-07-13T06:20:43.402341Z","level":"info","event":"Current task name:detectar_pico","chan":"stdout","logger":"task"}
{"timestamp":"2025-07-13T06:20:43.402522Z","level":"info","event":"Dag name:a2","chan":"stdout","logger":"task"}
{"timestamp":"2025-07-13T06:20:43.431394Z","level":"info","event":"valores bien","chan":"stdout","logger":"task"}
{"timestamp":"2025-07-13T06:20:43.431857Z","level":"info","event":"valores bien","chan":"stdout","logger":"task"}
{"timestamp":"2025-07-13T06:20:43.432381Z","level":"info","event":"valores bien","chan":"stdout","logger":"task"}
{"timestamp":"2025-07-13T06:20:43.432863Z","level":"info","event":"valores bien","chan":"stdout","logger":"task"}
{"timestamp":"2025-07-13T06:20:43.433349Z","level":"info","event":"valores bien","chan":"stdout","logger":"task"}
{"timestamp":"2025-07-13T06:20:43.433790Z","level":"info","event":"valores bien","chan":"stdout","logger":"task"}
{"timestamp":"2025-07-13T06:20:43.434233Z","level":"info","event":"valores bien","chan":"stdout","logger":"task"}
{"timestamp":"2025-07-13T06:20:43.434650Z","level":"info","event":"valores bien","chan":"stdout","logger":"task"}
{"timestamp":"2025-07-13T06:20:43.435062Z","level":"info","event":"valores bien","chan":"stdout","logger":"task"}
{"timestamp":"2025-07-13T06:20:43.435481Z","level":"info","event":"valores bien","chan":"stdout","logger":"task"}
{"timestamp":"2025-07-13T06:20:43.436027Z","level":"info","event":"valores bien","chan":"stdout","logger":"task"}
{"timestamp":"2025-07-13T06:20:43.436975Z","level":"info","event":"valores bien","chan":"stdout","logger":"task"}
{"timestamp":"2025-07-13T06:20:43.437519Z","level":"info","event":"valores bien","chan":"stdout","logger":"task"}
{"timestamp":"2025-07-13T06:20:43.437977Z","level":"info","event":"valores bien","chan":"stdout","logger":"task"}
{"timestamp":"2025-07-13T06:20:43.438392Z","level":"info","event":"valores bien","chan":"stdout","logger":"task"}
{"timestamp":"2025-07-13T06:20:43.438796Z","level":"info","event":"valores bien","chan":"stdout","logger":"task"}
{"timestamp":"2025-07-13T06:20:43.439195Z","level":"info","event":"valores bien","chan":"stdout","logger":"task"}
{"timestamp":"2025-07-13T06:20:43.439643Z","level":"info","event":"valores bien","chan":"stdout","logger":"task"}
{"timestamp":"2025-07-13T06:20:43.440045Z","level":"info","event":"valores bien","chan":"stdout","logger":"task"}
{"timestamp":"2025-07-13T06:20:43.440545Z","level":"info","event":"valores bien","chan":"stdout","logger":"task"}
{"timestamp":"2025-07-13T06:20:43.441114Z","level":"info","event":"valores bien","chan":"stdout","logger":"task"}
{"timestamp":"2025-07-13T06:20:43.441639Z","level":"info","event":"valores bien","chan":"stdout","logger":"task"}
{"timestamp":"2025-07-13T06:20:43.442268Z","level":"info","event":"valores bien","chan":"stdout","logger":"task"}
{"timestamp":"2025-07-13T06:20:43.442546Z","level":"info","event":"valores bien","chan":"stdout","logger":"task"}
{"timestamp":"2025-07-13T06:20:43.443044Z","level":"info","event":"valores bien","chan":"stdout","logger":"task"}
{"timestamp":"2025-07-13T06:20:43.443542Z","level":"info","event":"valores bien","chan":"stdout","logger":"task"}
{"timestamp":"2025-07-13T06:20:43.444118Z","level":"info","event":"valores bien","chan":"stdout","logger":"task"}
{"timestamp":"2025-07-13T06:20:43.444865Z","level":"info","event":"valores bien","chan":"stdout","logger":"task"}
{"timestamp":"2025-07-13T06:20:43.445590Z","level":"info","event":"valores bien","chan":"stdout","logger":"task"}
{"timestamp":"2025-07-13T06:20:43.446231Z","level":"info","event":"valores bien","chan":"stdout","logger":"task"}
{"timestamp":"2025-07-13T06:20:43.446981Z","level":"info","event":"valores bien","chan":"stdout","logger":"task"}
{"timestamp":"2025-07-13T06:20:43.447538Z","level":"info","event":"valores bien","chan":"stdout","logger":"task"}
{"timestamp":"2025-07-13T06:20:43.448074Z","level":"info","event":"valores bien","chan":"stdout","logger":"task"}
{"timestamp":"2025-07-13T06:20:43.448573Z","level":"info","event":"valores bien","chan":"stdout","logger":"task"}
{"timestamp":"2025-07-13T06:20:43.449072Z","level":"info","event":"valores bien","chan":"stdout","logger":"task"}
{"timestamp":"2025-07-13T06:20:43.449661Z","level":"info","event":"valores bien","chan":"stdout","logger":"task"}
{"timestamp":"2025-07-13T06:20:43.450193Z","level":"info","event":"valores bien","chan":"stdout","logger":"task"}
{"timestamp":"2025-07-13T06:20:43.450714Z","level":"info","event":"valores bien","chan":"stdout","logger":"task"}
{"timestamp":"2025-07-13T06:20:43.451220Z","level":"info","event":"valores bien","chan":"stdout","logger":"task"}
{"timestamp":"2025-07-13T06:20:43.451679Z","level":"info","event":"valores bien","chan":"stdout","logger":"task"}
{"timestamp":"2025-07-13T06:20:43.452168Z","level":"info","event":"valores bien","chan":"stdout","logger":"task"}
{"timestamp":"2025-07-13T06:20:43.452687Z","level":"info","event":"valores bien","chan":"stdout","logger":"task"}
{"timestamp":"2025-07-13T06:20:43.453226Z","level":"info","event":"valores bien","chan":"stdout","logger":"task"}
{"timestamp":"2025-07-13T06:20:43.453770Z","level":"info","event":"valores bien","chan":"stdout","logger":"task"}
{"timestamp":"2025-07-13T06:20:43.454262Z","level":"info","event":"valores bien","chan":"stdout","logger":"task"}
{"timestamp":"2025-07-13T06:20:43.454701Z","level":"info","event":"valores bien","chan":"stdout","logger":"task"}
{"timestamp":"2025-07-13T06:20:43.455124Z","level":"info","event":"valores bien","chan":"stdout","logger":"task"}
{"timestamp":"2025-07-13T06:20:43.455550Z","level":"info","event":"valores bien","chan":"stdout","logger":"task"}
{"timestamp":"2025-07-13T06:20:43.456013Z","level":"info","event":"valores bien","chan":"stdout","logger":"task"}
{"timestamp":"2025-07-13T06:20:43.456515Z","level":"info","event":"valores bien","chan":"stdout","logger":"task"}
{"timestamp":"2025-07-13T06:20:43.457003Z","level":"info","event":"valores bien","chan":"stdout","logger":"task"}
{"timestamp":"2025-07-13T06:20:43.457464Z","level":"info","event":"valores bien","chan":"stdout","logger":"task"}
{"timestamp":"2025-07-13T06:20:43.457932Z","level":"info","event":"valores bien","chan":"stdout","logger":"task"}
{"timestamp":"2025-07-13T06:20:43.458364Z","level":"info","event":"valores bien","chan":"stdout","logger":"task"}
{"timestamp":"2025-07-13T06:20:43.458776Z","level":"info","event":"valores bien","chan":"stdout","logger":"task"}
{"timestamp":"2025-07-13T06:20:43.459194Z","level":"info","event":"valores bien","chan":"stdout","logger":"task"}
{"timestamp":"2025-07-13T06:20:43.459622Z","level":"info","event":"valores bien","chan":"stdout","logger":"task"}
{"timestamp":"2025-07-13T06:20:43.460079Z","level":"info","event":"valores bien","chan":"stdout","logger":"task"}
{"timestamp":"2025-07-13T06:20:43.460512Z","level":"info","event":"valores bien","chan":"stdout","logger":"task"}
{"timestamp":"2025-07-13T06:20:43.460930Z","level":"info","event":"valores bien","chan":"stdout","logger":"task"}
{"timestamp":"2025-07-13T06:20:43.461441Z","level":"info","event":"valores bien","chan":"stdout","logger":"task"}
{"timestamp":"2025-07-13T06:20:43.461997Z","level":"info","event":"valores bien","chan":"stdout","logger":"task"}
{"timestamp":"2025-07-13T06:20:43.462753Z","level":"info","event":"valores bien","chan":"stdout","logger":"task"}
{"timestamp":"2025-07-13T06:20:43.463505Z","level":"info","event":"valores bien","chan":"stdout","logger":"task"}
{"timestamp":"2025-07-13T06:20:43.464161Z","level":"info","event":"valores bien","chan":"stdout","logger":"task"}
{"timestamp":"2025-07-13T06:20:43.464818Z","level":"info","event":"valores bien","chan":"stdout","logger":"task"}
{"timestamp":"2025-07-13T06:20:43.465440Z","level":"info","event":"valores bien","chan":"stdout","logger":"task"}
{"timestamp":"2025-07-13T06:20:43.465987Z","level":"info","event":"valores bien","chan":"stdout","logger":"task"}
{"timestamp":"2025-07-13T06:20:43.466550Z","level":"info","event":"valores bien","chan":"stdout","logger":"task"}
{"timestamp":"2025-07-13T06:20:43.467099Z","level":"info","event":"valores bien","chan":"stdout","logger":"task"}
{"timestamp":"2025-07-13T06:20:43.467631Z","level":"info","event":"valores bien","chan":"stdout","logger":"task"}
{"timestamp":"2025-07-13T06:20:43.468201Z","level":"info","event":"valores bien","chan":"stdout","logger":"task"}
{"timestamp":"2025-07-13T06:20:43.468873Z","level":"info","event":"valores bien","chan":"stdout","logger":"task"}
{"timestamp":"2025-07-13T06:20:43.469550Z","level":"info","event":"valores bien","chan":"stdout","logger":"task"}
{"timestamp":"2025-07-13T06:20:43.470105Z","level":"info","event":"valores bien","chan":"stdout","logger":"task"}
{"timestamp":"2025-07-13T06:20:43.470573Z","level":"info","event":"valores bien","chan":"stdout","logger":"task"}
{"timestamp":"2025-07-13T06:20:43.471092Z","level":"info","event":"valores bien","chan":"stdout","logger":"task"}
{"timestamp":"2025-07-13T06:20:43.471625Z","level":"info","event":"valores bien","chan":"stdout","logger":"task"}
{"timestamp":"2025-07-13T06:20:43.472125Z","level":"info","event":"valores bien","chan":"stdout","logger":"task"}
{"timestamp":"2025-07-13T06:20:43.472612Z","level":"info","event":"valores bien","chan":"stdout","logger":"task"}
{"timestamp":"2025-07-13T06:20:43.473093Z","level":"info","event":"valores bien","chan":"stdout","logger":"task"}
{"timestamp":"2025-07-13T06:20:43.473647Z","level":"info","event":"valores bien","chan":"stdout","logger":"task"}
{"timestamp":"2025-07-13T06:20:43.474157Z","level":"info","event":"valores bien","chan":"stdout","logger":"task"}
{"timestamp":"2025-07-13T06:20:43.474661Z","level":"info","event":"valores bien","chan":"stdout","logger":"task"}
{"timestamp":"2025-07-13T06:20:43.475149Z","level":"info","event":"valores bien","chan":"stdout","logger":"task"}
{"timestamp":"2025-07-13T06:20:43.475651Z","level":"info","event":"valores bien","chan":"stdout","logger":"task"}
{"timestamp":"2025-07-13T06:20:43.476140Z","level":"info","event":"valores bien","chan":"stdout","logger":"task"}
{"timestamp":"2025-07-13T06:20:43.476629Z","level":"info","event":"valores bien","chan":"stdout","logger":"task"}
{"timestamp":"2025-07-13T06:20:43.477098Z","level":"info","event":"valores bien","chan":"stdout","logger":"task"}
{"timestamp":"2025-07-13T06:20:43.477693Z","level":"info","event":"valores bien","chan":"stdout","logger":"task"}
{"timestamp":"2025-07-13T06:20:43.478421Z","level":"info","event":"valores bien","chan":"stdout","logger":"task"}
{"timestamp":"2025-07-13T06:20:43.479078Z","level":"info","event":"valores bien","chan":"stdout","logger":"task"}
{"timestamp":"2025-07-13T06:20:43.479932Z","level":"info","event":"valores bien","chan":"stdout","logger":"task"}
{"timestamp":"2025-07-13T06:20:43.480566Z","level":"info","event":"valores bien","chan":"stdout","logger":"task"}
{"timestamp":"2025-07-13T06:20:43.481412Z","level":"info","event":"valores bien","chan":"stdout","logger":"task"}
{"timestamp":"2025-07-13T06:20:43.482110Z","level":"info","event":"valores bien","chan":"stdout","logger":"task"}
{"timestamp":"2025-07-13T06:20:43.482861Z","level":"info","event":"valores bien","chan":"stdout","logger":"task"}
{"timestamp":"2025-07-13T06:20:43.483672Z","level":"info","event":"valores bien","chan":"stdout","logger":"task"}
{"timestamp":"2025-07-13T06:20:43.484454Z","level":"info","event":"valores bien","chan":"stdout","logger":"task"}
{"timestamp":"2025-07-13T06:20:43.485215Z","level":"info","event":"valores bien","chan":"stdout","logger":"task"}
{"timestamp":"2025-07-13T06:20:43.486696","level":"info","event":"Done. Returned value was: None","logger":"airflow.task.operators.airflow.providers.standard.operators.python.PythonOperator"}
{"timestamp":"2025-07-13T06:20:43.516635Z","level":"info","event":"Task instance in success state","chan":"stdout","logger":"task"}
{"timestamp":"2025-07-13T06:20:43.516932Z","level":"info","event":" Previous state of the Task instance: TaskInstanceState.RUNNING","chan":"stdout","logger":"task"}
{"timestamp":"2025-07-13T06:20:43.517384Z","level":"info","event":"Task operator:<Task(PythonOperator): detectar_pico>","chan":"stdout","logger":"task"}
