{"timestamp":"2025-07-13T03:24:42.353316","level":"info","event":"DAG bundles loaded: dags-folder, example_dags","logger":"airflow.dag_processing.bundles.manager.DagBundlesManager"}
{"timestamp":"2025-07-13T03:24:42.354114","level":"info","event":"Filling up the DagBag from /opt/airflow/dags/dag_analisis.py","logger":"airflow.models.dagbag.DagBag"}
{"timestamp":"2025-07-13T03:24:42.401085Z","level":"info","event":"Task instance is in running state","chan":"stdout","logger":"task"}
{"timestamp":"2025-07-13T03:24:42.401349Z","level":"info","event":" Previous state of the Task instance: TaskInstanceState.QUEUED","chan":"stdout","logger":"task"}
{"timestamp":"2025-07-13T03:24:42.401491Z","level":"info","event":"Current task name:detectar_pico","chan":"stdout","logger":"task"}
{"timestamp":"2025-07-13T03:24:42.401623Z","level":"info","event":"Dag name:a2","chan":"stdout","logger":"task"}
{"timestamp":"2025-07-13T03:24:42.416156Z","level":"info","event":"[(232784, 1, datetime.datetime(2025, 7, 8, 11, 45), 1.16), (232785, 2, datetime.datetime(2025, 7, 8, 11, 45), 0.99), (232786, 3, datetime.datetime(2025, 7, 8, 11, 45), 0.59), (232787, 4, datetime.datetime(2025, 7, 8, 11, 45), 0.76), (232788, 5, datetime.datetime(2025, 7, 8, 11, 45), 0.87), (232789, 6, datetime.datetime(2025, 7, 8, 11, 45), 0.96), (232790, 7, datetime.datetime(2025, 7, 8, 11, 45), 1.21), (232791, 8, datetime.datetime(2025, 7, 8, 11, 45), 0.67), (232792, 9, datetime.datetime(2025, 7, 8, 11, 45), 0.71), (232793, 10, datetime.datetime(2025, 7, 8, 11, 45), 1.44), (232794, 11, datetime.datetime(2025, 7, 8, 11, 45), 1.0), (232795, 12, datetime.datetime(2025, 7, 8, 11, 45), 0.53), (232796, 13, datetime.datetime(2025, 7, 8, 11, 45), 1.38), (232797, 14, datetime.datetime(2025, 7, 8, 11, 45), 0.98), (232798, 15, datetime.datetime(2025, 7, 8, 11, 45), 1.18), (232799, 16, datetime.datetime(2025, 7, 8, 11, 45), 1.39), (232800, 17, datetime.datetime(2025, 7, 8, 11, 45), 0.97), (232801, 18, datetime.datetime(2025, 7, 8, 11, 45), 1.23), (232802, 19, datetime.datetime(2025, 7, 8, 11, 45), 0.66), (232803, 20, datetime.datetime(2025, 7, 8, 11, 45), 0.69), (232804, 21, datetime.datetime(2025, 7, 8, 11, 45), 0.74), (232805, 22, datetime.datetime(2025, 7, 8, 11, 45), 0.81), (232806, 23, datetime.datetime(2025, 7, 8, 11, 45), 0.98), (232807, 24, datetime.datetime(2025, 7, 8, 11, 45), 0.63), (232808, 25, datetime.datetime(2025, 7, 8, 11, 45), 1.09), (232809, 26, datetime.datetime(2025, 7, 8, 11, 45), 0.56), (232810, 27, datetime.datetime(2025, 7, 8, 11, 45), 1.01), (232811, 28, datetime.datetime(2025, 7, 8, 11, 45), 0.62), (232812, 29, datetime.datetime(2025, 7, 8, 11, 45), 0.96), (232813, 30, datetime.datetime(2025, 7, 8, 11, 45), 1.26), (232814, 31, datetime.datetime(2025, 7, 8, 11, 45), 1.43), (232815, 32, datetime.datetime(2025, 7, 8, 11, 45), 0.92), (232816, 33, datetime.datetime(2025, 7, 8, 11, 45), 0.74), (232817, 34, datetime.datetime(2025, 7, 8, 11, 45), 1.36), (232818, 35, datetime.datetime(2025, 7, 8, 11, 45), 1.13), (232819, 36, datetime.datetime(2025, 7, 8, 11, 45), 0.79), (232820, 37, datetime.datetime(2025, 7, 8, 11, 45), 1.37), (232821, 38, datetime.datetime(2025, 7, 8, 11, 45), 1.03), (232822, 39, datetime.datetime(2025, 7, 8, 11, 45), 1.38), (232823, 40, datetime.datetime(2025, 7, 8, 11, 45), 1.31), (232824, 41, datetime.datetime(2025, 7, 8, 11, 45), 1.22), (232825, 42, datetime.datetime(2025, 7, 8, 11, 45), 0.67), (232826, 43, datetime.datetime(2025, 7, 8, 11, 45), 0.71), (232827, 44, datetime.datetime(2025, 7, 8, 11, 45), 0.64), (232828, 45, datetime.datetime(2025, 7, 8, 11, 45), 0.5), (232829, 46, datetime.datetime(2025, 7, 8, 11, 45), 0.0), (232830, 47, datetime.datetime(2025, 7, 8, 11, 45), 0.8), (232831, 48, datetime.datetime(2025, 7, 8, 11, 45), 1.24), (232832, 49, datetime.datetime(2025, 7, 8, 11, 45), 1.19), (232833, 50, datetime.datetime(2025, 7, 8, 11, 45), 0.66), (232834, 51, datetime.datetime(2025, 7, 8, 11, 45), 1.19), (232835, 52, datetime.datetime(2025, 7, 8, 11, 45), 0.52), (232836, 53, datetime.datetime(2025, 7, 8, 11, 45), 1.18), (232837, 54, datetime.datetime(2025, 7, 8, 11, 45), 0.68), (232838, 55, datetime.datetime(2025, 7, 8, 11, 45), 1.08), (232839, 56, datetime.datetime(2025, 7, 8, 11, 45), 0.69), (232840, 57, datetime.datetime(2025, 7, 8, 11, 45), 1.37), (232841, 58, datetime.datetime(2025, 7, 8, 11, 45), 1.13), (232842, 59, datetime.datetime(2025, 7, 8, 11, 45), 0.51), (232843, 60, datetime.datetime(2025, 7, 8, 11, 45), 0.6), (232844, 61, datetime.datetime(2025, 7, 8, 11, 45), 0.0), (232845, 62, datetime.datetime(2025, 7, 8, 11, 45), 1.38), (232846, 63, datetime.datetime(2025, 7, 8, 11, 45), 0.93), (232847, 64, datetime.datetime(2025, 7, 8, 11, 45), 1.31), (232848, 65, datetime.datetime(2025, 7, 8, 11, 45), 1.2), (232849, 66, datetime.datetime(2025, 7, 8, 11, 45), 0.0), (232850, 67, datetime.datetime(2025, 7, 8, 11, 45), 1.1), (232851, 68, datetime.datetime(2025, 7, 8, 11, 45), 0.79), (232852, 69, datetime.datetime(2025, 7, 8, 11, 45), 0.7), (232853, 70, datetime.datetime(2025, 7, 8, 11, 45), 1.21), (232854, 71, datetime.datetime(2025, 7, 8, 11, 45), 1.1), (232855, 72, datetime.datetime(2025, 7, 8, 11, 45), 1.4), (232856, 73, datetime.datetime(2025, 7, 8, 11, 45), 0.84), (232857, 74, datetime.datetime(2025, 7, 8, 11, 45), 1.22), (232858, 75, datetime.datetime(2025, 7, 8, 11, 45), 1.04), (232859, 76, datetime.datetime(2025, 7, 8, 11, 45), 1.25), (232860, 77, datetime.datetime(2025, 7, 8, 11, 45), 0.93), (232861, 78, datetime.datetime(2025, 7, 8, 11, 45), 0.67), (232862, 79, datetime.datetime(2025, 7, 8, 11, 45), 0.58), (232863, 80, datetime.datetime(2025, 7, 8, 11, 45), 1.25), (232864, 81, datetime.datetime(2025, 7, 8, 11, 45), 1.34), (232865, 82, datetime.datetime(2025, 7, 8, 11, 45), 0.91), (232866, 83, datetime.datetime(2025, 7, 8, 11, 45), 1.35), (232867, 84, datetime.datetime(2025, 7, 8, 11, 45), 1.31), (232868, 85, datetime.datetime(2025, 7, 8, 11, 45), 0.99), (232869, 86, datetime.datetime(2025, 7, 8, 11, 45), 0.0), (232870, 87, datetime.datetime(2025, 7, 8, 11, 45), 1.37), (232871, 88, datetime.datetime(2025, 7, 8, 11, 45), 0.93), (232872, 89, datetime.datetime(2025, 7, 8, 11, 45), 1.26), (232873, 90, datetime.datetime(2025, 7, 8, 11, 45), 0.78), (232874, 91, datetime.datetime(2025, 7, 8, 11, 45), 1.03), (232875, 92, datetime.datetime(2025, 7, 8, 11, 45), 1.13), (232876, 93, datetime.datetime(2025, 7, 8, 11, 45), 0.52), (232877, 94, datetime.datetime(2025, 7, 8, 11, 45), 0.66), (232878, 95, datetime.datetime(2025, 7, 8, 11, 45), 0.87), (232879, 96, datetime.datetime(2025, 7, 8, 11, 45), 1.04), (232880, 97, datetime.datetime(2025, 7, 8, 11, 45), 0.93), (232881, 98, datetime.datetime(2025, 7, 8, 11, 45), 1.27), (232882, 99, datetime.datetime(2025, 7, 8, 11, 45), 1.34), (232883, 100, datetime.datetime(2025, 7, 8, 11, 45), 1.24)]","chan":"stdout","logger":"task"}
{"timestamp":"2025-07-13T03:24:42.422145","level":"warning","event":"/opt/airflow/dags/dag_analisis.py:117: UserWarning: pandas only supports SQLAlchemy connectable (engine/connection) or database string URI or sqlite3 DBAPI2 connection. Other DBAPI2 objects are not tested. Please consider using SQLAlchemy.\n  df = pd.read_sql(f\"\"\"\n","logger":"py.warnings"}
{"timestamp":"2025-07-13T03:24:42.425198Z","level":"info","event":"⚠️ Pico detectado en 1. Valor actual: 1.16 vs histórico: 179.05","chan":"stdout","logger":"task"}
{"timestamp":"2025-07-13T03:24:42.426970Z","level":"info","event":"⚠️ Pico detectado en 2. Valor actual: 0.99 vs histórico: 180.12","chan":"stdout","logger":"task"}
{"timestamp":"2025-07-13T03:24:42.428446Z","level":"info","event":"⚠️ Pico detectado en 3. Valor actual: 0.59 vs histórico: 181.46","chan":"stdout","logger":"task"}
{"timestamp":"2025-07-13T03:24:42.429867Z","level":"info","event":"⚠️ Pico detectado en 4. Valor actual: 0.76 vs histórico: 193.27","chan":"stdout","logger":"task"}
{"timestamp":"2025-07-13T03:24:42.431613Z","level":"info","event":"⚠️ Pico detectado en 5. Valor actual: 0.87 vs histórico: 189.89","chan":"stdout","logger":"task"}
{"timestamp":"2025-07-13T03:24:42.433344Z","level":"info","event":"⚠️ Pico detectado en 6. Valor actual: 0.96 vs histórico: 182.97","chan":"stdout","logger":"task"}
{"timestamp":"2025-07-13T03:24:42.434715Z","level":"info","event":"⚠️ Pico detectado en 7. Valor actual: 1.21 vs histórico: 192.93","chan":"stdout","logger":"task"}
{"timestamp":"2025-07-13T03:24:42.436003Z","level":"info","event":"⚠️ Pico detectado en 8. Valor actual: 0.67 vs histórico: 176.00","chan":"stdout","logger":"task"}
{"timestamp":"2025-07-13T03:24:42.437493Z","level":"info","event":"⚠️ Pico detectado en 9. Valor actual: 0.71 vs histórico: 201.49","chan":"stdout","logger":"task"}
{"timestamp":"2025-07-13T03:24:42.439043Z","level":"info","event":"⚠️ Pico detectado en 10. Valor actual: 1.44 vs histórico: 193.05","chan":"stdout","logger":"task"}
{"timestamp":"2025-07-13T03:24:42.440487Z","level":"info","event":"⚠️ Pico detectado en 11. Valor actual: 1.0 vs histórico: 186.11","chan":"stdout","logger":"task"}
{"timestamp":"2025-07-13T03:24:42.442041Z","level":"info","event":"⚠️ Pico detectado en 12. Valor actual: 0.53 vs histórico: 189.39","chan":"stdout","logger":"task"}
{"timestamp":"2025-07-13T03:24:42.443534Z","level":"info","event":"⚠️ Pico detectado en 13. Valor actual: 1.38 vs histórico: 197.11","chan":"stdout","logger":"task"}
{"timestamp":"2025-07-13T03:24:42.446073Z","level":"info","event":"⚠️ Pico detectado en 14. Valor actual: 0.98 vs histórico: 194.25","chan":"stdout","logger":"task"}
{"timestamp":"2025-07-13T03:24:42.448067Z","level":"info","event":"⚠️ Pico detectado en 15. Valor actual: 1.18 vs histórico: 209.53","chan":"stdout","logger":"task"}
{"timestamp":"2025-07-13T03:24:42.450312Z","level":"info","event":"⚠️ Pico detectado en 16. Valor actual: 1.39 vs histórico: 178.24","chan":"stdout","logger":"task"}
{"timestamp":"2025-07-13T03:24:42.452120Z","level":"info","event":"⚠️ Pico detectado en 17. Valor actual: 0.97 vs histórico: 199.80","chan":"stdout","logger":"task"}
{"timestamp":"2025-07-13T03:24:42.454123Z","level":"info","event":"⚠️ Pico detectado en 18. Valor actual: 1.23 vs histórico: 182.81","chan":"stdout","logger":"task"}
{"timestamp":"2025-07-13T03:24:42.455977Z","level":"info","event":"⚠️ Pico detectado en 19. Valor actual: 0.66 vs histórico: 179.27","chan":"stdout","logger":"task"}
{"timestamp":"2025-07-13T03:24:42.457766Z","level":"info","event":"⚠️ Pico detectado en 20. Valor actual: 0.69 vs histórico: 189.51","chan":"stdout","logger":"task"}
{"timestamp":"2025-07-13T03:24:42.459300Z","level":"info","event":"⚠️ Pico detectado en 21. Valor actual: 0.74 vs histórico: 171.58","chan":"stdout","logger":"task"}
{"timestamp":"2025-07-13T03:24:42.460877Z","level":"info","event":"⚠️ Pico detectado en 22. Valor actual: 0.81 vs histórico: 197.73","chan":"stdout","logger":"task"}
{"timestamp":"2025-07-13T03:24:42.462253Z","level":"info","event":"⚠️ Pico detectado en 23. Valor actual: 0.98 vs histórico: 185.53","chan":"stdout","logger":"task"}
{"timestamp":"2025-07-13T03:24:42.463591Z","level":"info","event":"⚠️ Pico detectado en 24. Valor actual: 0.63 vs histórico: 185.43","chan":"stdout","logger":"task"}
{"timestamp":"2025-07-13T03:24:42.464919Z","level":"info","event":"⚠️ Pico detectado en 25. Valor actual: 1.09 vs histórico: 176.23","chan":"stdout","logger":"task"}
{"timestamp":"2025-07-13T03:24:42.466467Z","level":"info","event":"⚠️ Pico detectado en 26. Valor actual: 0.56 vs histórico: 177.45","chan":"stdout","logger":"task"}
{"timestamp":"2025-07-13T03:24:42.468080Z","level":"info","event":"⚠️ Pico detectado en 27. Valor actual: 1.01 vs histórico: 182.93","chan":"stdout","logger":"task"}
{"timestamp":"2025-07-13T03:24:42.469598Z","level":"info","event":"⚠️ Pico detectado en 28. Valor actual: 0.62 vs histórico: 191.76","chan":"stdout","logger":"task"}
{"timestamp":"2025-07-13T03:24:42.470956Z","level":"info","event":"⚠️ Pico detectado en 29. Valor actual: 0.96 vs histórico: 181.36","chan":"stdout","logger":"task"}
{"timestamp":"2025-07-13T03:24:42.472535Z","level":"info","event":"⚠️ Pico detectado en 30. Valor actual: 1.26 vs histórico: 181.62","chan":"stdout","logger":"task"}
{"timestamp":"2025-07-13T03:24:42.474234Z","level":"info","event":"⚠️ Pico detectado en 31. Valor actual: 1.43 vs histórico: 181.41","chan":"stdout","logger":"task"}
{"timestamp":"2025-07-13T03:24:42.475890Z","level":"info","event":"⚠️ Pico detectado en 32. Valor actual: 0.92 vs histórico: 193.45","chan":"stdout","logger":"task"}
{"timestamp":"2025-07-13T03:24:42.477710Z","level":"info","event":"⚠️ Pico detectado en 33. Valor actual: 0.74 vs histórico: 192.65","chan":"stdout","logger":"task"}
{"timestamp":"2025-07-13T03:24:42.479360Z","level":"info","event":"⚠️ Pico detectado en 34. Valor actual: 1.36 vs histórico: 166.76","chan":"stdout","logger":"task"}
{"timestamp":"2025-07-13T03:24:42.480891Z","level":"info","event":"⚠️ Pico detectado en 35. Valor actual: 1.13 vs histórico: 171.83","chan":"stdout","logger":"task"}
{"timestamp":"2025-07-13T03:24:42.482380Z","level":"info","event":"⚠️ Pico detectado en 36. Valor actual: 0.79 vs histórico: 187.31","chan":"stdout","logger":"task"}
{"timestamp":"2025-07-13T03:24:42.484109Z","level":"info","event":"⚠️ Pico detectado en 37. Valor actual: 1.37 vs histórico: 194.07","chan":"stdout","logger":"task"}
{"timestamp":"2025-07-13T03:24:42.485828Z","level":"info","event":"⚠️ Pico detectado en 38. Valor actual: 1.03 vs histórico: 190.42","chan":"stdout","logger":"task"}
{"timestamp":"2025-07-13T03:24:42.487333Z","level":"info","event":"⚠️ Pico detectado en 39. Valor actual: 1.38 vs histórico: 177.52","chan":"stdout","logger":"task"}
{"timestamp":"2025-07-13T03:24:42.488952Z","level":"info","event":"⚠️ Pico detectado en 40. Valor actual: 1.31 vs histórico: 180.89","chan":"stdout","logger":"task"}
{"timestamp":"2025-07-13T03:24:42.490880Z","level":"info","event":"⚠️ Pico detectado en 41. Valor actual: 1.22 vs histórico: 188.19","chan":"stdout","logger":"task"}
{"timestamp":"2025-07-13T03:24:42.492779Z","level":"info","event":"⚠️ Pico detectado en 42. Valor actual: 0.67 vs histórico: 174.43","chan":"stdout","logger":"task"}
{"timestamp":"2025-07-13T03:24:42.494706Z","level":"info","event":"⚠️ Pico detectado en 43. Valor actual: 0.71 vs histórico: 192.32","chan":"stdout","logger":"task"}
{"timestamp":"2025-07-13T03:24:42.497022Z","level":"info","event":"⚠️ Pico detectado en 44. Valor actual: 0.64 vs histórico: 191.78","chan":"stdout","logger":"task"}
{"timestamp":"2025-07-13T03:24:42.499276Z","level":"info","event":"⚠️ Pico detectado en 45. Valor actual: 0.5 vs histórico: 183.37","chan":"stdout","logger":"task"}
{"timestamp":"2025-07-13T03:24:42.501671Z","level":"info","event":"⚠️ Pico detectado en 46. Valor actual: 0.0 vs histórico: 181.80","chan":"stdout","logger":"task"}
{"timestamp":"2025-07-13T03:24:42.503922Z","level":"info","event":"⚠️ Pico detectado en 47. Valor actual: 0.8 vs histórico: 203.00","chan":"stdout","logger":"task"}
{"timestamp":"2025-07-13T03:24:42.506257Z","level":"info","event":"⚠️ Pico detectado en 48. Valor actual: 1.24 vs histórico: 208.91","chan":"stdout","logger":"task"}
{"timestamp":"2025-07-13T03:24:42.508330Z","level":"info","event":"⚠️ Pico detectado en 49. Valor actual: 1.19 vs histórico: 171.00","chan":"stdout","logger":"task"}
{"timestamp":"2025-07-13T03:24:42.510466Z","level":"info","event":"⚠️ Pico detectado en 50. Valor actual: 0.66 vs histórico: 181.65","chan":"stdout","logger":"task"}
{"timestamp":"2025-07-13T03:24:42.512610Z","level":"info","event":"⚠️ Pico detectado en 51. Valor actual: 1.19 vs histórico: 188.25","chan":"stdout","logger":"task"}
{"timestamp":"2025-07-13T03:24:42.515491Z","level":"info","event":"⚠️ Pico detectado en 52. Valor actual: 0.52 vs histórico: 186.69","chan":"stdout","logger":"task"}
{"timestamp":"2025-07-13T03:24:42.517789Z","level":"info","event":"⚠️ Pico detectado en 53. Valor actual: 1.18 vs histórico: 183.27","chan":"stdout","logger":"task"}
{"timestamp":"2025-07-13T03:24:42.520125Z","level":"info","event":"⚠️ Pico detectado en 54. Valor actual: 0.68 vs histórico: 182.02","chan":"stdout","logger":"task"}
{"timestamp":"2025-07-13T03:24:42.522279Z","level":"info","event":"⚠️ Pico detectado en 55. Valor actual: 1.08 vs histórico: 176.88","chan":"stdout","logger":"task"}
{"timestamp":"2025-07-13T03:24:42.524243Z","level":"info","event":"⚠️ Pico detectado en 56. Valor actual: 0.69 vs histórico: 197.68","chan":"stdout","logger":"task"}
{"timestamp":"2025-07-13T03:24:42.526171Z","level":"info","event":"⚠️ Pico detectado en 57. Valor actual: 1.37 vs histórico: 172.06","chan":"stdout","logger":"task"}
{"timestamp":"2025-07-13T03:24:42.528019Z","level":"info","event":"⚠️ Pico detectado en 58. Valor actual: 1.13 vs histórico: 188.67","chan":"stdout","logger":"task"}
{"timestamp":"2025-07-13T03:24:42.529855Z","level":"info","event":"⚠️ Pico detectado en 59. Valor actual: 0.51 vs histórico: 174.00","chan":"stdout","logger":"task"}
{"timestamp":"2025-07-13T03:24:42.531939Z","level":"info","event":"⚠️ Pico detectado en 60. Valor actual: 0.6 vs histórico: 175.84","chan":"stdout","logger":"task"}
{"timestamp":"2025-07-13T03:24:42.533872Z","level":"info","event":"⚠️ Pico detectado en 61. Valor actual: 0.0 vs histórico: 190.75","chan":"stdout","logger":"task"}
{"timestamp":"2025-07-13T03:24:42.535960Z","level":"info","event":"⚠️ Pico detectado en 62. Valor actual: 1.38 vs histórico: 182.87","chan":"stdout","logger":"task"}
{"timestamp":"2025-07-13T03:24:42.537959Z","level":"info","event":"⚠️ Pico detectado en 63. Valor actual: 0.93 vs histórico: 184.22","chan":"stdout","logger":"task"}
{"timestamp":"2025-07-13T03:24:42.540414Z","level":"info","event":"⚠️ Pico detectado en 64. Valor actual: 1.31 vs histórico: 170.33","chan":"stdout","logger":"task"}
{"timestamp":"2025-07-13T03:24:42.543047Z","level":"info","event":"⚠️ Pico detectado en 65. Valor actual: 1.2 vs histórico: 188.32","chan":"stdout","logger":"task"}
{"timestamp":"2025-07-13T03:24:42.545239Z","level":"info","event":"⚠️ Pico detectado en 66. Valor actual: 0.0 vs histórico: 192.91","chan":"stdout","logger":"task"}
{"timestamp":"2025-07-13T03:24:42.547157Z","level":"info","event":"⚠️ Pico detectado en 67. Valor actual: 1.1 vs histórico: 190.55","chan":"stdout","logger":"task"}
{"timestamp":"2025-07-13T03:24:42.549791Z","level":"info","event":"⚠️ Pico detectado en 68. Valor actual: 0.79 vs histórico: 175.30","chan":"stdout","logger":"task"}
{"timestamp":"2025-07-13T03:24:42.551628Z","level":"info","event":"⚠️ Pico detectado en 69. Valor actual: 0.7 vs histórico: 170.75","chan":"stdout","logger":"task"}
{"timestamp":"2025-07-13T03:24:42.553461Z","level":"info","event":"⚠️ Pico detectado en 70. Valor actual: 1.21 vs histórico: 180.06","chan":"stdout","logger":"task"}
{"timestamp":"2025-07-13T03:24:42.555373Z","level":"info","event":"⚠️ Pico detectado en 71. Valor actual: 1.1 vs histórico: 187.18","chan":"stdout","logger":"task"}
{"timestamp":"2025-07-13T03:24:42.557178Z","level":"info","event":"⚠️ Pico detectado en 72. Valor actual: 1.4 vs histórico: 185.89","chan":"stdout","logger":"task"}
{"timestamp":"2025-07-13T03:24:42.559565Z","level":"info","event":"⚠️ Pico detectado en 73. Valor actual: 0.84 vs histórico: 179.02","chan":"stdout","logger":"task"}
{"timestamp":"2025-07-13T03:24:42.561373Z","level":"info","event":"⚠️ Pico detectado en 74. Valor actual: 1.22 vs histórico: 176.16","chan":"stdout","logger":"task"}
{"timestamp":"2025-07-13T03:24:42.563341Z","level":"info","event":"⚠️ Pico detectado en 75. Valor actual: 1.04 vs histórico: 186.24","chan":"stdout","logger":"task"}
{"timestamp":"2025-07-13T03:24:42.565420Z","level":"info","event":"⚠️ Pico detectado en 76. Valor actual: 1.25 vs histórico: 188.84","chan":"stdout","logger":"task"}
{"timestamp":"2025-07-13T03:24:42.567456Z","level":"info","event":"⚠️ Pico detectado en 77. Valor actual: 0.93 vs histórico: 193.36","chan":"stdout","logger":"task"}
{"timestamp":"2025-07-13T03:24:42.569524Z","level":"info","event":"⚠️ Pico detectado en 78. Valor actual: 0.67 vs histórico: 169.48","chan":"stdout","logger":"task"}
{"timestamp":"2025-07-13T03:24:42.571502Z","level":"info","event":"⚠️ Pico detectado en 79. Valor actual: 0.58 vs histórico: 182.74","chan":"stdout","logger":"task"}
{"timestamp":"2025-07-13T03:24:42.573952Z","level":"info","event":"⚠️ Pico detectado en 80. Valor actual: 1.25 vs histórico: 173.18","chan":"stdout","logger":"task"}
{"timestamp":"2025-07-13T03:24:42.576163Z","level":"info","event":"⚠️ Pico detectado en 81. Valor actual: 1.34 vs histórico: 175.44","chan":"stdout","logger":"task"}
{"timestamp":"2025-07-13T03:24:42.578477Z","level":"info","event":"⚠️ Pico detectado en 82. Valor actual: 0.91 vs histórico: 176.78","chan":"stdout","logger":"task"}
{"timestamp":"2025-07-13T03:24:42.580677Z","level":"info","event":"⚠️ Pico detectado en 83. Valor actual: 1.35 vs histórico: 178.23","chan":"stdout","logger":"task"}
{"timestamp":"2025-07-13T03:24:42.582731Z","level":"info","event":"⚠️ Pico detectado en 84. Valor actual: 1.31 vs histórico: 185.46","chan":"stdout","logger":"task"}
{"timestamp":"2025-07-13T03:24:42.584551Z","level":"info","event":"⚠️ Pico detectado en 85. Valor actual: 0.99 vs histórico: 201.57","chan":"stdout","logger":"task"}
{"timestamp":"2025-07-13T03:24:42.586381Z","level":"info","event":"⚠️ Pico detectado en 86. Valor actual: 0.0 vs histórico: 179.76","chan":"stdout","logger":"task"}
{"timestamp":"2025-07-13T03:24:42.588014Z","level":"info","event":"⚠️ Pico detectado en 87. Valor actual: 1.37 vs histórico: 174.04","chan":"stdout","logger":"task"}
{"timestamp":"2025-07-13T03:24:42.589770Z","level":"info","event":"⚠️ Pico detectado en 88. Valor actual: 0.93 vs histórico: 182.15","chan":"stdout","logger":"task"}
{"timestamp":"2025-07-13T03:24:42.591653Z","level":"info","event":"⚠️ Pico detectado en 89. Valor actual: 1.26 vs histórico: 176.51","chan":"stdout","logger":"task"}
{"timestamp":"2025-07-13T03:24:42.593591Z","level":"info","event":"⚠️ Pico detectado en 90. Valor actual: 0.78 vs histórico: 192.20","chan":"stdout","logger":"task"}
{"timestamp":"2025-07-13T03:24:42.595687Z","level":"info","event":"⚠️ Pico detectado en 91. Valor actual: 1.03 vs histórico: 184.02","chan":"stdout","logger":"task"}
{"timestamp":"2025-07-13T03:24:42.598061Z","level":"info","event":"⚠️ Pico detectado en 92. Valor actual: 1.13 vs histórico: 179.69","chan":"stdout","logger":"task"}
{"timestamp":"2025-07-13T03:24:42.601030Z","level":"info","event":"⚠️ Pico detectado en 93. Valor actual: 0.52 vs histórico: 187.66","chan":"stdout","logger":"task"}
{"timestamp":"2025-07-13T03:24:42.603903Z","level":"info","event":"⚠️ Pico detectado en 94. Valor actual: 0.66 vs histórico: 178.86","chan":"stdout","logger":"task"}
{"timestamp":"2025-07-13T03:24:42.606124Z","level":"info","event":"⚠️ Pico detectado en 95. Valor actual: 0.87 vs histórico: 186.42","chan":"stdout","logger":"task"}
{"timestamp":"2025-07-13T03:24:42.608270Z","level":"info","event":"⚠️ Pico detectado en 96. Valor actual: 1.04 vs histórico: 190.02","chan":"stdout","logger":"task"}
{"timestamp":"2025-07-13T03:24:42.610283Z","level":"info","event":"⚠️ Pico detectado en 97. Valor actual: 0.93 vs histórico: 188.50","chan":"stdout","logger":"task"}
{"timestamp":"2025-07-13T03:24:42.612947Z","level":"info","event":"⚠️ Pico detectado en 98. Valor actual: 1.27 vs histórico: 181.24","chan":"stdout","logger":"task"}
{"timestamp":"2025-07-13T03:24:42.614990Z","level":"info","event":"⚠️ Pico detectado en 99. Valor actual: 1.34 vs histórico: 192.75","chan":"stdout","logger":"task"}
{"timestamp":"2025-07-13T03:24:42.617626Z","level":"info","event":"⚠️ Pico detectado en 100. Valor actual: 1.24 vs histórico: 191.34","chan":"stdout","logger":"task"}
{"timestamp":"2025-07-13T03:24:42.618907","level":"info","event":"Done. Returned value was: None","logger":"airflow.task.operators.airflow.providers.standard.operators.python.PythonOperator"}
{"timestamp":"2025-07-13T03:24:42.651375Z","level":"info","event":"Task instance in success state","chan":"stdout","logger":"task"}
{"timestamp":"2025-07-13T03:24:42.651714Z","level":"info","event":" Previous state of the Task instance: TaskInstanceState.RUNNING","chan":"stdout","logger":"task"}
{"timestamp":"2025-07-13T03:24:42.651934Z","level":"info","event":"Task operator:<Task(PythonOperator): detectar_pico>","chan":"stdout","logger":"task"}
