{"timestamp":"2025-07-13T21:27:09.453560","level":"info","event":"DAG bundles loaded: dags-folder, example_dags","logger":"airflow.dag_processing.bundles.manager.DagBundlesManager"}
{"timestamp":"2025-07-13T21:27:09.454320","level":"info","event":"Filling up the DagBag from /opt/airflow/dags/dag_analisis.py","logger":"airflow.models.dagbag.DagBag"}
{"timestamp":"2025-07-13T21:27:09.503938Z","level":"info","event":"Task instance is in running state","chan":"stdout","logger":"task"}
{"timestamp":"2025-07-13T21:27:09.504260Z","level":"info","event":" Previous state of the Task instance: TaskInstanceState.QUEUED","chan":"stdout","logger":"task"}
{"timestamp":"2025-07-13T21:27:09.504464Z","level":"info","event":"Current task name:detectar_desviacion","chan":"stdout","logger":"task"}
{"timestamp":"2025-07-13T21:27:09.504659Z","level":"info","event":"Dag name:a2","chan":"stdout","logger":"task"}
{"timestamp":"2025-07-13T21:27:09.504816Z","level":"info","event":"29.51","chan":"stdout","logger":"task"}
{"timestamp":"2025-07-13T21:27:09.504967Z","level":"info","event":"[]","chan":"stdout","logger":"task"}
{"timestamp":"2025-07-13T21:27:09.505125Z","level":"info","event":"25.36","chan":"stdout","logger":"task"}
{"timestamp":"2025-07-13T21:27:09.505266Z","level":"info","event":"[]","chan":"stdout","logger":"task"}
{"timestamp":"2025-07-13T21:27:09.505413Z","level":"info","event":"28.98","chan":"stdout","logger":"task"}
{"timestamp":"2025-07-13T21:27:09.505704Z","level":"info","event":"[]","chan":"stdout","logger":"task"}
{"timestamp":"2025-07-13T21:27:09.505876Z","level":"info","event":"28.33","chan":"stdout","logger":"task"}
{"timestamp":"2025-07-13T21:27:09.506188Z","level":"info","event":"[]","chan":"stdout","logger":"task"}
{"timestamp":"2025-07-13T21:27:09.508529Z","level":"info","event":"27.24","chan":"stdout","logger":"task"}
{"timestamp":"2025-07-13T21:27:09.508805Z","level":"info","event":"[]","chan":"stdout","logger":"task"}
{"timestamp":"2025-07-13T21:27:09.514410Z","level":"info","event":"21.3","chan":"stdout","logger":"task"}
{"timestamp":"2025-07-13T21:27:09.514676Z","level":"info","event":"[]","chan":"stdout","logger":"task"}
{"timestamp":"2025-07-13T21:27:09.522075Z","level":"info","event":"21.11","chan":"stdout","logger":"task"}
{"timestamp":"2025-07-13T21:27:09.522759Z","level":"info","event":"[]","chan":"stdout","logger":"task"}
{"timestamp":"2025-07-13T21:27:09.528967Z","level":"info","event":"27.97","chan":"stdout","logger":"task"}
{"timestamp":"2025-07-13T21:27:09.530186Z","level":"info","event":"[]","chan":"stdout","logger":"task"}
{"timestamp":"2025-07-13T21:27:09.534760Z","level":"info","event":"21.93","chan":"stdout","logger":"task"}
{"timestamp":"2025-07-13T21:27:09.536221Z","level":"info","event":"[]","chan":"stdout","logger":"task"}
{"timestamp":"2025-07-13T21:27:09.540529Z","level":"info","event":"20.59","chan":"stdout","logger":"task"}
{"timestamp":"2025-07-13T21:27:09.540809Z","level":"info","event":"[]","chan":"stdout","logger":"task"}
{"timestamp":"2025-07-13T21:27:09.546025Z","level":"info","event":"20.26","chan":"stdout","logger":"task"}
{"timestamp":"2025-07-13T21:27:09.546297Z","level":"info","event":"[]","chan":"stdout","logger":"task"}
{"timestamp":"2025-07-13T21:27:09.552111Z","level":"info","event":"21.46","chan":"stdout","logger":"task"}
{"timestamp":"2025-07-13T21:27:09.552410Z","level":"info","event":"[]","chan":"stdout","logger":"task"}
{"timestamp":"2025-07-13T21:27:09.558308Z","level":"info","event":"21.06","chan":"stdout","logger":"task"}
{"timestamp":"2025-07-13T21:27:09.558547Z","level":"info","event":"[]","chan":"stdout","logger":"task"}
{"timestamp":"2025-07-13T21:27:09.564004Z","level":"info","event":"22.27","chan":"stdout","logger":"task"}
{"timestamp":"2025-07-13T21:27:09.564218Z","level":"info","event":"[]","chan":"stdout","logger":"task"}
{"timestamp":"2025-07-13T21:27:09.569610Z","level":"info","event":"23.26","chan":"stdout","logger":"task"}
{"timestamp":"2025-07-13T21:27:09.569805Z","level":"info","event":"[]","chan":"stdout","logger":"task"}
{"timestamp":"2025-07-13T21:27:09.575384Z","level":"info","event":"21.67","chan":"stdout","logger":"task"}
{"timestamp":"2025-07-13T21:27:09.575731Z","level":"info","event":"[]","chan":"stdout","logger":"task"}
{"timestamp":"2025-07-13T21:27:09.580918Z","level":"info","event":"24.86","chan":"stdout","logger":"task"}
{"timestamp":"2025-07-13T21:27:09.581112Z","level":"info","event":"[]","chan":"stdout","logger":"task"}
{"timestamp":"2025-07-13T21:27:09.586546Z","level":"info","event":"22.68","chan":"stdout","logger":"task"}
{"timestamp":"2025-07-13T21:27:09.586760Z","level":"info","event":"[]","chan":"stdout","logger":"task"}
{"timestamp":"2025-07-13T21:27:09.592091Z","level":"info","event":"19.28","chan":"stdout","logger":"task"}
{"timestamp":"2025-07-13T21:27:09.592301Z","level":"info","event":"[]","chan":"stdout","logger":"task"}
{"timestamp":"2025-07-13T21:27:09.597450Z","level":"info","event":"206.81","chan":"stdout","logger":"task"}
{"timestamp":"2025-07-13T21:27:09.597657Z","level":"info","event":"[]","chan":"stdout","logger":"task"}
{"timestamp":"2025-07-13T21:27:09.602267Z","level":"info","event":"158.1","chan":"stdout","logger":"task"}
{"timestamp":"2025-07-13T21:27:09.602489Z","level":"info","event":"[]","chan":"stdout","logger":"task"}
{"timestamp":"2025-07-13T21:27:09.608101Z","level":"info","event":"19.81","chan":"stdout","logger":"task"}
{"timestamp":"2025-07-13T21:27:09.608349Z","level":"info","event":"[]","chan":"stdout","logger":"task"}
{"timestamp":"2025-07-13T21:27:09.614868Z","level":"info","event":"24.12","chan":"stdout","logger":"task"}
{"timestamp":"2025-07-13T21:27:09.615207Z","level":"info","event":"[]","chan":"stdout","logger":"task"}
{"timestamp":"2025-07-13T21:27:09.622036Z","level":"info","event":"25.16","chan":"stdout","logger":"task"}
{"timestamp":"2025-07-13T21:27:09.622348Z","level":"info","event":"[]","chan":"stdout","logger":"task"}
{"timestamp":"2025-07-13T21:27:09.628392Z","level":"info","event":"18.67","chan":"stdout","logger":"task"}
{"timestamp":"2025-07-13T21:27:09.628605Z","level":"info","event":"[]","chan":"stdout","logger":"task"}
{"timestamp":"2025-07-13T21:27:09.634053Z","level":"info","event":"21.43","chan":"stdout","logger":"task"}
{"timestamp":"2025-07-13T21:27:09.634306Z","level":"info","event":"[]","chan":"stdout","logger":"task"}
{"timestamp":"2025-07-13T21:27:09.641335Z","level":"info","event":"18.09","chan":"stdout","logger":"task"}
{"timestamp":"2025-07-13T21:27:09.641589Z","level":"info","event":"[]","chan":"stdout","logger":"task"}
{"timestamp":"2025-07-13T21:27:09.648637Z","level":"info","event":"20.09","chan":"stdout","logger":"task"}
{"timestamp":"2025-07-13T21:27:09.648875Z","level":"info","event":"[]","chan":"stdout","logger":"task"}
{"timestamp":"2025-07-13T21:27:09.655864Z","level":"info","event":"29.11","chan":"stdout","logger":"task"}
{"timestamp":"2025-07-13T21:27:09.656143Z","level":"info","event":"[]","chan":"stdout","logger":"task"}
{"timestamp":"2025-07-13T21:27:09.663065Z","level":"info","event":"22.4","chan":"stdout","logger":"task"}
{"timestamp":"2025-07-13T21:27:09.663354Z","level":"info","event":"[]","chan":"stdout","logger":"task"}
{"timestamp":"2025-07-13T21:27:09.670294Z","level":"info","event":"32.64","chan":"stdout","logger":"task"}
{"timestamp":"2025-07-13T21:27:09.670538Z","level":"info","event":"[]","chan":"stdout","logger":"task"}
{"timestamp":"2025-07-13T21:27:09.677393Z","level":"info","event":"25.43","chan":"stdout","logger":"task"}
{"timestamp":"2025-07-13T21:27:09.677635Z","level":"info","event":"[]","chan":"stdout","logger":"task"}
{"timestamp":"2025-07-13T21:27:09.684602Z","level":"info","event":"20.75","chan":"stdout","logger":"task"}
{"timestamp":"2025-07-13T21:27:09.684941Z","level":"info","event":"[]","chan":"stdout","logger":"task"}
{"timestamp":"2025-07-13T21:27:09.692236Z","level":"info","event":"96.44","chan":"stdout","logger":"task"}
{"timestamp":"2025-07-13T21:27:09.692468Z","level":"info","event":"[]","chan":"stdout","logger":"task"}
{"timestamp":"2025-07-13T21:27:09.698589Z","level":"info","event":"20.07","chan":"stdout","logger":"task"}
{"timestamp":"2025-07-13T21:27:09.698813Z","level":"info","event":"[]","chan":"stdout","logger":"task"}
{"timestamp":"2025-07-13T21:27:09.704525Z","level":"info","event":"21.96","chan":"stdout","logger":"task"}
{"timestamp":"2025-07-13T21:27:09.704749Z","level":"info","event":"[]","chan":"stdout","logger":"task"}
{"timestamp":"2025-07-13T21:27:09.710322Z","level":"info","event":"18.82","chan":"stdout","logger":"task"}
{"timestamp":"2025-07-13T21:27:09.710563Z","level":"info","event":"[]","chan":"stdout","logger":"task"}
{"timestamp":"2025-07-13T21:27:09.715065Z","level":"info","event":"21.87","chan":"stdout","logger":"task"}
{"timestamp":"2025-07-13T21:27:09.715280Z","level":"info","event":"[]","chan":"stdout","logger":"task"}
{"timestamp":"2025-07-13T21:27:09.721224Z","level":"info","event":"85.9","chan":"stdout","logger":"task"}
{"timestamp":"2025-07-13T21:27:09.721473Z","level":"info","event":"[]","chan":"stdout","logger":"task"}
{"timestamp":"2025-07-13T21:27:09.726617Z","level":"info","event":"21.81","chan":"stdout","logger":"task"}
{"timestamp":"2025-07-13T21:27:09.726858Z","level":"info","event":"[]","chan":"stdout","logger":"task"}
{"timestamp":"2025-07-13T21:27:09.732030Z","level":"info","event":"21.41","chan":"stdout","logger":"task"}
{"timestamp":"2025-07-13T21:27:09.732230Z","level":"info","event":"[]","chan":"stdout","logger":"task"}
{"timestamp":"2025-07-13T21:27:09.737068Z","level":"info","event":"157.23","chan":"stdout","logger":"task"}
{"timestamp":"2025-07-13T21:27:09.737341Z","level":"info","event":"[]","chan":"stdout","logger":"task"}
{"timestamp":"2025-07-13T21:27:09.743354Z","level":"info","event":"24.52","chan":"stdout","logger":"task"}
{"timestamp":"2025-07-13T21:27:09.743706Z","level":"info","event":"[]","chan":"stdout","logger":"task"}
{"timestamp":"2025-07-13T21:27:09.748772Z","level":"info","event":"20.54","chan":"stdout","logger":"task"}
{"timestamp":"2025-07-13T21:27:09.749004Z","level":"info","event":"[]","chan":"stdout","logger":"task"}
{"timestamp":"2025-07-13T21:27:09.754322Z","level":"info","event":"22.14","chan":"stdout","logger":"task"}
{"timestamp":"2025-07-13T21:27:09.754619Z","level":"info","event":"[]","chan":"stdout","logger":"task"}
{"timestamp":"2025-07-13T21:27:09.760343Z","level":"info","event":"21.26","chan":"stdout","logger":"task"}
{"timestamp":"2025-07-13T21:27:09.760603Z","level":"info","event":"[]","chan":"stdout","logger":"task"}
{"timestamp":"2025-07-13T21:27:09.766003Z","level":"info","event":"27.78","chan":"stdout","logger":"task"}
{"timestamp":"2025-07-13T21:27:09.766284Z","level":"info","event":"[]","chan":"stdout","logger":"task"}
{"timestamp":"2025-07-13T21:27:09.771345Z","level":"info","event":"23.47","chan":"stdout","logger":"task"}
{"timestamp":"2025-07-13T21:27:09.771591Z","level":"info","event":"[]","chan":"stdout","logger":"task"}
{"timestamp":"2025-07-13T21:27:09.776743Z","level":"info","event":"29.83","chan":"stdout","logger":"task"}
{"timestamp":"2025-07-13T21:27:09.776990Z","level":"info","event":"[]","chan":"stdout","logger":"task"}
{"timestamp":"2025-07-13T21:27:09.781485Z","level":"info","event":"21.23","chan":"stdout","logger":"task"}
{"timestamp":"2025-07-13T21:27:09.781732Z","level":"info","event":"[]","chan":"stdout","logger":"task"}
{"timestamp":"2025-07-13T21:27:09.786214Z","level":"info","event":"26.55","chan":"stdout","logger":"task"}
{"timestamp":"2025-07-13T21:27:09.786467Z","level":"info","event":"[]","chan":"stdout","logger":"task"}
{"timestamp":"2025-07-13T21:27:09.791295Z","level":"info","event":"23.22","chan":"stdout","logger":"task"}
{"timestamp":"2025-07-13T21:27:09.791542Z","level":"info","event":"[]","chan":"stdout","logger":"task"}
{"timestamp":"2025-07-13T21:27:09.798101Z","level":"info","event":"19.99","chan":"stdout","logger":"task"}
{"timestamp":"2025-07-13T21:27:09.798394Z","level":"info","event":"[]","chan":"stdout","logger":"task"}
{"timestamp":"2025-07-13T21:27:09.805042Z","level":"info","event":"25.32","chan":"stdout","logger":"task"}
{"timestamp":"2025-07-13T21:27:09.805311Z","level":"info","event":"[]","chan":"stdout","logger":"task"}
{"timestamp":"2025-07-13T21:27:09.809980Z","level":"info","event":"22.24","chan":"stdout","logger":"task"}
{"timestamp":"2025-07-13T21:27:09.810256Z","level":"info","event":"[]","chan":"stdout","logger":"task"}
{"timestamp":"2025-07-13T21:27:09.814395Z","level":"info","event":"20.6","chan":"stdout","logger":"task"}
{"timestamp":"2025-07-13T21:27:09.814702Z","level":"info","event":"[]","chan":"stdout","logger":"task"}
{"timestamp":"2025-07-13T21:27:09.819162Z","level":"info","event":"20.06","chan":"stdout","logger":"task"}
{"timestamp":"2025-07-13T21:27:09.819690Z","level":"info","event":"[]","chan":"stdout","logger":"task"}
{"timestamp":"2025-07-13T21:27:09.823804Z","level":"info","event":"22.2","chan":"stdout","logger":"task"}
{"timestamp":"2025-07-13T21:27:09.824211Z","level":"info","event":"[]","chan":"stdout","logger":"task"}
{"timestamp":"2025-07-13T21:27:09.828157Z","level":"info","event":"24.16","chan":"stdout","logger":"task"}
{"timestamp":"2025-07-13T21:27:09.828554Z","level":"info","event":"[]","chan":"stdout","logger":"task"}
{"timestamp":"2025-07-13T21:27:09.832350Z","level":"info","event":"163.93","chan":"stdout","logger":"task"}
{"timestamp":"2025-07-13T21:27:09.832682Z","level":"info","event":"[]","chan":"stdout","logger":"task"}
{"timestamp":"2025-07-13T21:27:09.836503Z","level":"info","event":"22.84","chan":"stdout","logger":"task"}
{"timestamp":"2025-07-13T21:27:09.836814Z","level":"info","event":"[]","chan":"stdout","logger":"task"}
{"timestamp":"2025-07-13T21:27:09.840676Z","level":"info","event":"164.12","chan":"stdout","logger":"task"}
{"timestamp":"2025-07-13T21:27:09.841076Z","level":"info","event":"[]","chan":"stdout","logger":"task"}
{"timestamp":"2025-07-13T21:27:09.844742Z","level":"info","event":"21.48","chan":"stdout","logger":"task"}
{"timestamp":"2025-07-13T21:27:09.845059Z","level":"info","event":"[]","chan":"stdout","logger":"task"}
{"timestamp":"2025-07-13T21:27:09.848845Z","level":"info","event":"25.22","chan":"stdout","logger":"task"}
{"timestamp":"2025-07-13T21:27:09.849221Z","level":"info","event":"[]","chan":"stdout","logger":"task"}
{"timestamp":"2025-07-13T21:27:09.853068Z","level":"info","event":"19.4","chan":"stdout","logger":"task"}
{"timestamp":"2025-07-13T21:27:09.853376Z","level":"info","event":"[]","chan":"stdout","logger":"task"}
{"timestamp":"2025-07-13T21:27:09.857202Z","level":"info","event":"21.55","chan":"stdout","logger":"task"}
{"timestamp":"2025-07-13T21:27:09.857488Z","level":"info","event":"[]","chan":"stdout","logger":"task"}
{"timestamp":"2025-07-13T21:27:09.861334Z","level":"info","event":"20.0","chan":"stdout","logger":"task"}
{"timestamp":"2025-07-13T21:27:09.861719Z","level":"info","event":"[]","chan":"stdout","logger":"task"}
{"timestamp":"2025-07-13T21:27:09.865452Z","level":"info","event":"141.62","chan":"stdout","logger":"task"}
{"timestamp":"2025-07-13T21:27:09.865738Z","level":"info","event":"[]","chan":"stdout","logger":"task"}
{"timestamp":"2025-07-13T21:27:09.869638Z","level":"info","event":"19.34","chan":"stdout","logger":"task"}
{"timestamp":"2025-07-13T21:27:09.869954Z","level":"info","event":"[]","chan":"stdout","logger":"task"}
{"timestamp":"2025-07-13T21:27:09.873809Z","level":"info","event":"27.97","chan":"stdout","logger":"task"}
{"timestamp":"2025-07-13T21:27:09.874096Z","level":"info","event":"[]","chan":"stdout","logger":"task"}
{"timestamp":"2025-07-13T21:27:09.878066Z","level":"info","event":"21.59","chan":"stdout","logger":"task"}
{"timestamp":"2025-07-13T21:27:09.878324Z","level":"info","event":"[]","chan":"stdout","logger":"task"}
{"timestamp":"2025-07-13T21:27:09.882329Z","level":"info","event":"29.64","chan":"stdout","logger":"task"}
{"timestamp":"2025-07-13T21:27:09.882619Z","level":"info","event":"[]","chan":"stdout","logger":"task"}
{"timestamp":"2025-07-13T21:27:09.887819Z","level":"info","event":"84.0","chan":"stdout","logger":"task"}
{"timestamp":"2025-07-13T21:27:09.888095Z","level":"info","event":"[]","chan":"stdout","logger":"task"}
{"timestamp":"2025-07-13T21:27:09.893249Z","level":"info","event":"27.13","chan":"stdout","logger":"task"}
{"timestamp":"2025-07-13T21:27:09.893644Z","level":"info","event":"[]","chan":"stdout","logger":"task"}
{"timestamp":"2025-07-13T21:27:09.899020Z","level":"info","event":"19.94","chan":"stdout","logger":"task"}
{"timestamp":"2025-07-13T21:27:09.899338Z","level":"info","event":"[]","chan":"stdout","logger":"task"}
{"timestamp":"2025-07-13T21:27:09.903666Z","level":"info","event":"21.02","chan":"stdout","logger":"task"}
{"timestamp":"2025-07-13T21:27:09.903909Z","level":"info","event":"[]","chan":"stdout","logger":"task"}
{"timestamp":"2025-07-13T21:27:09.908211Z","level":"info","event":"20.67","chan":"stdout","logger":"task"}
{"timestamp":"2025-07-13T21:27:09.908485Z","level":"info","event":"[]","chan":"stdout","logger":"task"}
{"timestamp":"2025-07-13T21:27:09.912766Z","level":"info","event":"21.94","chan":"stdout","logger":"task"}
{"timestamp":"2025-07-13T21:27:09.913075Z","level":"info","event":"[]","chan":"stdout","logger":"task"}
{"timestamp":"2025-07-13T21:27:09.917359Z","level":"info","event":"19.56","chan":"stdout","logger":"task"}
{"timestamp":"2025-07-13T21:27:09.917709Z","level":"info","event":"[]","chan":"stdout","logger":"task"}
{"timestamp":"2025-07-13T21:27:09.923557Z","level":"info","event":"160.07","chan":"stdout","logger":"task"}
{"timestamp":"2025-07-13T21:27:09.923798Z","level":"info","event":"[]","chan":"stdout","logger":"task"}
{"timestamp":"2025-07-13T21:27:09.929054Z","level":"info","event":"222.68","chan":"stdout","logger":"task"}
{"timestamp":"2025-07-13T21:27:09.929299Z","level":"info","event":"[]","chan":"stdout","logger":"task"}
{"timestamp":"2025-07-13T21:27:09.933896Z","level":"info","event":"182.18","chan":"stdout","logger":"task"}
{"timestamp":"2025-07-13T21:27:09.934155Z","level":"info","event":"[]","chan":"stdout","logger":"task"}
{"timestamp":"2025-07-13T21:27:09.939581Z","level":"info","event":"214.25","chan":"stdout","logger":"task"}
{"timestamp":"2025-07-13T21:27:09.939873Z","level":"info","event":"[]","chan":"stdout","logger":"task"}
{"timestamp":"2025-07-13T21:27:09.945190Z","level":"info","event":"19.81","chan":"stdout","logger":"task"}
{"timestamp":"2025-07-13T21:27:09.945417Z","level":"info","event":"[]","chan":"stdout","logger":"task"}
{"timestamp":"2025-07-13T21:27:09.950165Z","level":"info","event":"22.47","chan":"stdout","logger":"task"}
{"timestamp":"2025-07-13T21:27:09.950410Z","level":"info","event":"[]","chan":"stdout","logger":"task"}
{"timestamp":"2025-07-13T21:27:09.955191Z","level":"info","event":"227.9","chan":"stdout","logger":"task"}
{"timestamp":"2025-07-13T21:27:09.955523Z","level":"info","event":"[]","chan":"stdout","logger":"task"}
{"timestamp":"2025-07-13T21:27:09.960476Z","level":"info","event":"224.83","chan":"stdout","logger":"task"}
{"timestamp":"2025-07-13T21:27:09.960764Z","level":"info","event":"[]","chan":"stdout","logger":"task"}
{"timestamp":"2025-07-13T21:27:09.964899Z","level":"info","event":"22.28","chan":"stdout","logger":"task"}
{"timestamp":"2025-07-13T21:27:09.965142Z","level":"info","event":"[]","chan":"stdout","logger":"task"}
{"timestamp":"2025-07-13T21:27:09.969470Z","level":"info","event":"21.81","chan":"stdout","logger":"task"}
{"timestamp":"2025-07-13T21:27:09.969676Z","level":"info","event":"[]","chan":"stdout","logger":"task"}
{"timestamp":"2025-07-13T21:27:09.974312Z","level":"info","event":"22.43","chan":"stdout","logger":"task"}
{"timestamp":"2025-07-13T21:27:09.974640Z","level":"info","event":"[]","chan":"stdout","logger":"task"}
{"timestamp":"2025-07-13T21:27:09.979232Z","level":"info","event":"22.57","chan":"stdout","logger":"task"}
{"timestamp":"2025-07-13T21:27:09.979501Z","level":"info","event":"[]","chan":"stdout","logger":"task"}
{"timestamp":"2025-07-13T21:27:09.984613Z","level":"info","event":"20.81","chan":"stdout","logger":"task"}
{"timestamp":"2025-07-13T21:27:09.984878Z","level":"info","event":"[]","chan":"stdout","logger":"task"}
{"timestamp":"2025-07-13T21:27:09.990056Z","level":"info","event":"26.24","chan":"stdout","logger":"task"}
{"timestamp":"2025-07-13T21:27:09.990355Z","level":"info","event":"[]","chan":"stdout","logger":"task"}
{"timestamp":"2025-07-13T21:27:09.997332Z","level":"info","event":"23.28","chan":"stdout","logger":"task"}
{"timestamp":"2025-07-13T21:27:09.997597Z","level":"info","event":"[]","chan":"stdout","logger":"task"}
{"timestamp":"2025-07-13T21:27:10.005123Z","level":"info","event":"18.44","chan":"stdout","logger":"task"}
{"timestamp":"2025-07-13T21:27:10.005424Z","level":"info","event":"[]","chan":"stdout","logger":"task"}
{"timestamp":"2025-07-13T21:27:10.013158Z","level":"info","event":"21.04","chan":"stdout","logger":"task"}
{"timestamp":"2025-07-13T21:27:10.013404Z","level":"info","event":"[]","chan":"stdout","logger":"task"}
{"timestamp":"2025-07-13T21:27:10.021041Z","level":"info","event":"22.57","chan":"stdout","logger":"task"}
{"timestamp":"2025-07-13T21:27:10.021353Z","level":"info","event":"[]","chan":"stdout","logger":"task"}
{"timestamp":"2025-07-13T21:27:10.028732Z","level":"info","event":"190.95","chan":"stdout","logger":"task"}
{"timestamp":"2025-07-13T21:27:10.029003Z","level":"info","event":"[]","chan":"stdout","logger":"task"}
{"timestamp":"2025-07-13T21:27:10.035687Z","level":"info","event":"19.68","chan":"stdout","logger":"task"}
{"timestamp":"2025-07-13T21:27:10.035958Z","level":"info","event":"[]","chan":"stdout","logger":"task"}
{"timestamp":"2025-07-13T21:27:10.041989Z","level":"info","event":"21.2","chan":"stdout","logger":"task"}
{"timestamp":"2025-07-13T21:27:10.042317Z","level":"info","event":"[]","chan":"stdout","logger":"task"}
{"timestamp":"2025-07-13T21:27:10.043375","level":"info","event":"Done. Returned value was: None","logger":"airflow.task.operators.airflow.providers.standard.operators.python.PythonOperator"}
{"timestamp":"2025-07-13T21:27:10.074242Z","level":"info","event":"Task instance in success state","chan":"stdout","logger":"task"}
{"timestamp":"2025-07-13T21:27:10.074535Z","level":"info","event":" Previous state of the Task instance: TaskInstanceState.RUNNING","chan":"stdout","logger":"task"}
{"timestamp":"2025-07-13T21:27:10.074708Z","level":"info","event":"Task operator:<Task(PythonOperator): detectar_desviacion>","chan":"stdout","logger":"task"}
