{"timestamp":"2025-07-13T03:36:42.763624","level":"info","event":"DAG bundles loaded: dags-folder, example_dags","logger":"airflow.dag_processing.bundles.manager.DagBundlesManager"}
{"timestamp":"2025-07-13T03:36:42.764864","level":"info","event":"Filling up the DagBag from /opt/airflow/dags/dag_analisis.py","logger":"airflow.models.dagbag.DagBag"}
{"timestamp":"2025-07-13T03:36:42.853648Z","level":"info","event":"Task instance is in running state","chan":"stdout","logger":"task"}
{"timestamp":"2025-07-13T03:36:42.854002Z","level":"info","event":" Previous state of the Task instance: TaskInstanceState.QUEUED","chan":"stdout","logger":"task"}
{"timestamp":"2025-07-13T03:36:42.854221Z","level":"info","event":"Current task name:detectar_pico","chan":"stdout","logger":"task"}
{"timestamp":"2025-07-13T03:36:42.854670Z","level":"info","event":"Dag name:a2","chan":"stdout","logger":"task"}
{"timestamp":"2025-07-13T03:36:42.867583Z","level":"info","event":"[(232784, 1, datetime.datetime(2025, 7, 8, 11, 45), 1.16), (232785, 2, datetime.datetime(2025, 7, 8, 11, 45), 0.99), (232786, 3, datetime.datetime(2025, 7, 8, 11, 45), 0.59), (232787, 4, datetime.datetime(2025, 7, 8, 11, 45), 0.76), (232788, 5, datetime.datetime(2025, 7, 8, 11, 45), 0.87), (232789, 6, datetime.datetime(2025, 7, 8, 11, 45), 0.96), (232790, 7, datetime.datetime(2025, 7, 8, 11, 45), 1.21), (232791, 8, datetime.datetime(2025, 7, 8, 11, 45), 0.67), (232792, 9, datetime.datetime(2025, 7, 8, 11, 45), 0.71), (232793, 10, datetime.datetime(2025, 7, 8, 11, 45), 1.44), (232794, 11, datetime.datetime(2025, 7, 8, 11, 45), 1.0), (232795, 12, datetime.datetime(2025, 7, 8, 11, 45), 0.53), (232796, 13, datetime.datetime(2025, 7, 8, 11, 45), 1.38), (232797, 14, datetime.datetime(2025, 7, 8, 11, 45), 0.98), (232798, 15, datetime.datetime(2025, 7, 8, 11, 45), 1.18), (232799, 16, datetime.datetime(2025, 7, 8, 11, 45), 1.39), (232800, 17, datetime.datetime(2025, 7, 8, 11, 45), 0.97), (232801, 18, datetime.datetime(2025, 7, 8, 11, 45), 1.23), (232802, 19, datetime.datetime(2025, 7, 8, 11, 45), 0.66), (232803, 20, datetime.datetime(2025, 7, 8, 11, 45), 0.69), (232804, 21, datetime.datetime(2025, 7, 8, 11, 45), 0.74), (232805, 22, datetime.datetime(2025, 7, 8, 11, 45), 0.81), (232806, 23, datetime.datetime(2025, 7, 8, 11, 45), 0.98), (232807, 24, datetime.datetime(2025, 7, 8, 11, 45), 0.63), (232808, 25, datetime.datetime(2025, 7, 8, 11, 45), 1.09), (232809, 26, datetime.datetime(2025, 7, 8, 11, 45), 0.56), (232810, 27, datetime.datetime(2025, 7, 8, 11, 45), 1.01), (232811, 28, datetime.datetime(2025, 7, 8, 11, 45), 0.62), (232812, 29, datetime.datetime(2025, 7, 8, 11, 45), 0.96), (232813, 30, datetime.datetime(2025, 7, 8, 11, 45), 1.26), (232814, 31, datetime.datetime(2025, 7, 8, 11, 45), 1.43), (232815, 32, datetime.datetime(2025, 7, 8, 11, 45), 0.92), (232816, 33, datetime.datetime(2025, 7, 8, 11, 45), 0.74), (232817, 34, datetime.datetime(2025, 7, 8, 11, 45), 1.36), (232818, 35, datetime.datetime(2025, 7, 8, 11, 45), 1.13), (232819, 36, datetime.datetime(2025, 7, 8, 11, 45), 0.79), (232820, 37, datetime.datetime(2025, 7, 8, 11, 45), 1.37), (232821, 38, datetime.datetime(2025, 7, 8, 11, 45), 1.03), (232822, 39, datetime.datetime(2025, 7, 8, 11, 45), 1.38), (232823, 40, datetime.datetime(2025, 7, 8, 11, 45), 1.31), (232824, 41, datetime.datetime(2025, 7, 8, 11, 45), 1.22), (232825, 42, datetime.datetime(2025, 7, 8, 11, 45), 0.67), (232826, 43, datetime.datetime(2025, 7, 8, 11, 45), 0.71), (232827, 44, datetime.datetime(2025, 7, 8, 11, 45), 0.64), (232828, 45, datetime.datetime(2025, 7, 8, 11, 45), 0.5), (232829, 46, datetime.datetime(2025, 7, 8, 11, 45), 0.0), (232830, 47, datetime.datetime(2025, 7, 8, 11, 45), 0.8), (232831, 48, datetime.datetime(2025, 7, 8, 11, 45), 1.24), (232832, 49, datetime.datetime(2025, 7, 8, 11, 45), 1.19), (232833, 50, datetime.datetime(2025, 7, 8, 11, 45), 0.66), (232834, 51, datetime.datetime(2025, 7, 8, 11, 45), 1.19), (232835, 52, datetime.datetime(2025, 7, 8, 11, 45), 0.52), (232836, 53, datetime.datetime(2025, 7, 8, 11, 45), 1.18), (232837, 54, datetime.datetime(2025, 7, 8, 11, 45), 0.68), (232838, 55, datetime.datetime(2025, 7, 8, 11, 45), 1.08), (232839, 56, datetime.datetime(2025, 7, 8, 11, 45), 0.69), (232840, 57, datetime.datetime(2025, 7, 8, 11, 45), 1.37), (232841, 58, datetime.datetime(2025, 7, 8, 11, 45), 1.13), (232842, 59, datetime.datetime(2025, 7, 8, 11, 45), 0.51), (232843, 60, datetime.datetime(2025, 7, 8, 11, 45), 0.6), (232844, 61, datetime.datetime(2025, 7, 8, 11, 45), 0.0), (232845, 62, datetime.datetime(2025, 7, 8, 11, 45), 1.38), (232846, 63, datetime.datetime(2025, 7, 8, 11, 45), 0.93), (232847, 64, datetime.datetime(2025, 7, 8, 11, 45), 1.31), (232848, 65, datetime.datetime(2025, 7, 8, 11, 45), 1.2), (232849, 66, datetime.datetime(2025, 7, 8, 11, 45), 0.0), (232850, 67, datetime.datetime(2025, 7, 8, 11, 45), 1.1), (232851, 68, datetime.datetime(2025, 7, 8, 11, 45), 0.79), (232852, 69, datetime.datetime(2025, 7, 8, 11, 45), 0.7), (232853, 70, datetime.datetime(2025, 7, 8, 11, 45), 1.21), (232854, 71, datetime.datetime(2025, 7, 8, 11, 45), 1.1), (232855, 72, datetime.datetime(2025, 7, 8, 11, 45), 1.4), (232856, 73, datetime.datetime(2025, 7, 8, 11, 45), 0.84), (232857, 74, datetime.datetime(2025, 7, 8, 11, 45), 1.22), (232858, 75, datetime.datetime(2025, 7, 8, 11, 45), 1.04), (232859, 76, datetime.datetime(2025, 7, 8, 11, 45), 1.25), (232860, 77, datetime.datetime(2025, 7, 8, 11, 45), 0.93), (232861, 78, datetime.datetime(2025, 7, 8, 11, 45), 0.67), (232862, 79, datetime.datetime(2025, 7, 8, 11, 45), 0.58), (232863, 80, datetime.datetime(2025, 7, 8, 11, 45), 1.25), (232864, 81, datetime.datetime(2025, 7, 8, 11, 45), 1.34), (232865, 82, datetime.datetime(2025, 7, 8, 11, 45), 0.91), (232866, 83, datetime.datetime(2025, 7, 8, 11, 45), 1.35), (232867, 84, datetime.datetime(2025, 7, 8, 11, 45), 1.31), (232868, 85, datetime.datetime(2025, 7, 8, 11, 45), 0.99), (232869, 86, datetime.datetime(2025, 7, 8, 11, 45), 0.0), (232870, 87, datetime.datetime(2025, 7, 8, 11, 45), 1.37), (232871, 88, datetime.datetime(2025, 7, 8, 11, 45), 0.93), (232872, 89, datetime.datetime(2025, 7, 8, 11, 45), 1.26), (232873, 90, datetime.datetime(2025, 7, 8, 11, 45), 0.78), (232874, 91, datetime.datetime(2025, 7, 8, 11, 45), 1.03), (232875, 92, datetime.datetime(2025, 7, 8, 11, 45), 1.13), (232876, 93, datetime.datetime(2025, 7, 8, 11, 45), 0.52), (232877, 94, datetime.datetime(2025, 7, 8, 11, 45), 0.66), (232878, 95, datetime.datetime(2025, 7, 8, 11, 45), 0.87), (232879, 96, datetime.datetime(2025, 7, 8, 11, 45), 1.04), (232880, 97, datetime.datetime(2025, 7, 8, 11, 45), 0.93), (232881, 98, datetime.datetime(2025, 7, 8, 11, 45), 1.27), (232882, 99, datetime.datetime(2025, 7, 8, 11, 45), 1.34), (232883, 100, datetime.datetime(2025, 7, 8, 11, 45), 1.24)]","chan":"stdout","logger":"task"}
{"timestamp":"2025-07-13T03:36:42.876447","level":"warning","event":"/opt/airflow/dags/dag_analisis.py:117: UserWarning: pandas only supports SQLAlchemy connectable (engine/connection) or database string URI or sqlite3 DBAPI2 connection. Other DBAPI2 objects are not tested. Please consider using SQLAlchemy.\n  df = pd.read_sql(f\"\"\"\n","logger":"py.warnings"}
{"timestamp":"2025-07-13T03:36:42.881479Z","level":"info","event":"⚠️ Pico detectado en 1. Valor actual: 1.16 vs histórico: 179.05","chan":"stdout","logger":"task"}
{"timestamp":"2025-07-13T03:36:42.885200Z","level":"info","event":"⚠️ Pico detectado en 2. Valor actual: 0.99 vs histórico: 180.12","chan":"stdout","logger":"task"}
{"timestamp":"2025-07-13T03:36:42.889145Z","level":"info","event":"⚠️ Pico detectado en 3. Valor actual: 0.59 vs histórico: 181.46","chan":"stdout","logger":"task"}
{"timestamp":"2025-07-13T03:36:42.892481Z","level":"info","event":"⚠️ Pico detectado en 4. Valor actual: 0.76 vs histórico: 193.27","chan":"stdout","logger":"task"}
{"timestamp":"2025-07-13T03:36:42.895869Z","level":"info","event":"⚠️ Pico detectado en 5. Valor actual: 0.87 vs histórico: 189.89","chan":"stdout","logger":"task"}
{"timestamp":"2025-07-13T03:36:42.898960Z","level":"info","event":"⚠️ Pico detectado en 6. Valor actual: 0.96 vs histórico: 182.97","chan":"stdout","logger":"task"}
{"timestamp":"2025-07-13T03:36:42.901406Z","level":"info","event":"⚠️ Pico detectado en 7. Valor actual: 1.21 vs histórico: 192.93","chan":"stdout","logger":"task"}
{"timestamp":"2025-07-13T03:36:42.903808Z","level":"info","event":"⚠️ Pico detectado en 8. Valor actual: 0.67 vs histórico: 176.00","chan":"stdout","logger":"task"}
{"timestamp":"2025-07-13T03:36:42.906156Z","level":"info","event":"⚠️ Pico detectado en 9. Valor actual: 0.71 vs histórico: 201.49","chan":"stdout","logger":"task"}
{"timestamp":"2025-07-13T03:36:42.912886Z","level":"info","event":"⚠️ Pico detectado en 10. Valor actual: 1.44 vs histórico: 193.05","chan":"stdout","logger":"task"}
{"timestamp":"2025-07-13T03:36:42.916385Z","level":"info","event":"⚠️ Pico detectado en 11. Valor actual: 1.0 vs histórico: 186.11","chan":"stdout","logger":"task"}
{"timestamp":"2025-07-13T03:36:42.919853Z","level":"info","event":"⚠️ Pico detectado en 12. Valor actual: 0.53 vs histórico: 189.39","chan":"stdout","logger":"task"}
{"timestamp":"2025-07-13T03:36:42.922505Z","level":"info","event":"⚠️ Pico detectado en 13. Valor actual: 1.38 vs histórico: 197.11","chan":"stdout","logger":"task"}
{"timestamp":"2025-07-13T03:36:42.925896Z","level":"info","event":"⚠️ Pico detectado en 14. Valor actual: 0.98 vs histórico: 194.25","chan":"stdout","logger":"task"}
{"timestamp":"2025-07-13T03:36:42.928970Z","level":"info","event":"⚠️ Pico detectado en 15. Valor actual: 1.18 vs histórico: 209.53","chan":"stdout","logger":"task"}
{"timestamp":"2025-07-13T03:36:42.931926Z","level":"info","event":"⚠️ Pico detectado en 16. Valor actual: 1.39 vs histórico: 178.24","chan":"stdout","logger":"task"}
{"timestamp":"2025-07-13T03:36:42.934786Z","level":"info","event":"⚠️ Pico detectado en 17. Valor actual: 0.97 vs histórico: 199.80","chan":"stdout","logger":"task"}
{"timestamp":"2025-07-13T03:36:42.937256Z","level":"info","event":"⚠️ Pico detectado en 18. Valor actual: 1.23 vs histórico: 182.81","chan":"stdout","logger":"task"}
{"timestamp":"2025-07-13T03:36:42.939581Z","level":"info","event":"⚠️ Pico detectado en 19. Valor actual: 0.66 vs histórico: 179.27","chan":"stdout","logger":"task"}
{"timestamp":"2025-07-13T03:36:42.942180Z","level":"info","event":"⚠️ Pico detectado en 20. Valor actual: 0.69 vs histórico: 189.51","chan":"stdout","logger":"task"}
{"timestamp":"2025-07-13T03:36:42.945026Z","level":"info","event":"⚠️ Pico detectado en 21. Valor actual: 0.74 vs histórico: 171.58","chan":"stdout","logger":"task"}
{"timestamp":"2025-07-13T03:36:42.948146Z","level":"info","event":"⚠️ Pico detectado en 22. Valor actual: 0.81 vs histórico: 197.73","chan":"stdout","logger":"task"}
{"timestamp":"2025-07-13T03:36:42.951356Z","level":"info","event":"⚠️ Pico detectado en 23. Valor actual: 0.98 vs histórico: 185.53","chan":"stdout","logger":"task"}
{"timestamp":"2025-07-13T03:36:42.953891Z","level":"info","event":"⚠️ Pico detectado en 24. Valor actual: 0.63 vs histórico: 185.43","chan":"stdout","logger":"task"}
{"timestamp":"2025-07-13T03:36:42.956874Z","level":"info","event":"⚠️ Pico detectado en 25. Valor actual: 1.09 vs histórico: 176.23","chan":"stdout","logger":"task"}
{"timestamp":"2025-07-13T03:36:42.959127Z","level":"info","event":"⚠️ Pico detectado en 26. Valor actual: 0.56 vs histórico: 177.45","chan":"stdout","logger":"task"}
{"timestamp":"2025-07-13T03:36:42.961949Z","level":"info","event":"⚠️ Pico detectado en 27. Valor actual: 1.01 vs histórico: 182.93","chan":"stdout","logger":"task"}
{"timestamp":"2025-07-13T03:36:42.964612Z","level":"info","event":"⚠️ Pico detectado en 28. Valor actual: 0.62 vs histórico: 191.76","chan":"stdout","logger":"task"}
{"timestamp":"2025-07-13T03:36:42.967011Z","level":"info","event":"⚠️ Pico detectado en 29. Valor actual: 0.96 vs histórico: 181.36","chan":"stdout","logger":"task"}
{"timestamp":"2025-07-13T03:36:42.969300Z","level":"info","event":"⚠️ Pico detectado en 30. Valor actual: 1.26 vs histórico: 181.62","chan":"stdout","logger":"task"}
{"timestamp":"2025-07-13T03:36:42.971505Z","level":"info","event":"⚠️ Pico detectado en 31. Valor actual: 1.43 vs histórico: 181.41","chan":"stdout","logger":"task"}
{"timestamp":"2025-07-13T03:36:42.973639Z","level":"info","event":"⚠️ Pico detectado en 32. Valor actual: 0.92 vs histórico: 193.45","chan":"stdout","logger":"task"}
{"timestamp":"2025-07-13T03:36:42.976897Z","level":"info","event":"⚠️ Pico detectado en 33. Valor actual: 0.74 vs histórico: 192.65","chan":"stdout","logger":"task"}
{"timestamp":"2025-07-13T03:36:42.980463Z","level":"info","event":"⚠️ Pico detectado en 34. Valor actual: 1.36 vs histórico: 166.76","chan":"stdout","logger":"task"}
{"timestamp":"2025-07-13T03:36:42.983694Z","level":"info","event":"⚠️ Pico detectado en 35. Valor actual: 1.13 vs histórico: 171.83","chan":"stdout","logger":"task"}
{"timestamp":"2025-07-13T03:36:42.986783Z","level":"info","event":"⚠️ Pico detectado en 36. Valor actual: 0.79 vs histórico: 187.31","chan":"stdout","logger":"task"}
{"timestamp":"2025-07-13T03:36:42.989199Z","level":"info","event":"⚠️ Pico detectado en 37. Valor actual: 1.37 vs histórico: 194.07","chan":"stdout","logger":"task"}
{"timestamp":"2025-07-13T03:36:42.992241Z","level":"info","event":"⚠️ Pico detectado en 38. Valor actual: 1.03 vs histórico: 190.42","chan":"stdout","logger":"task"}
{"timestamp":"2025-07-13T03:36:42.995056Z","level":"info","event":"⚠️ Pico detectado en 39. Valor actual: 1.38 vs histórico: 177.52","chan":"stdout","logger":"task"}
{"timestamp":"2025-07-13T03:36:42.997967Z","level":"info","event":"⚠️ Pico detectado en 40. Valor actual: 1.31 vs histórico: 180.89","chan":"stdout","logger":"task"}
{"timestamp":"2025-07-13T03:36:43.000994Z","level":"info","event":"⚠️ Pico detectado en 41. Valor actual: 1.22 vs histórico: 188.19","chan":"stdout","logger":"task"}
{"timestamp":"2025-07-13T03:36:43.003956Z","level":"info","event":"⚠️ Pico detectado en 42. Valor actual: 0.67 vs histórico: 174.43","chan":"stdout","logger":"task"}
{"timestamp":"2025-07-13T03:36:43.006607Z","level":"info","event":"⚠️ Pico detectado en 43. Valor actual: 0.71 vs histórico: 192.32","chan":"stdout","logger":"task"}
{"timestamp":"2025-07-13T03:36:43.009389Z","level":"info","event":"⚠️ Pico detectado en 44. Valor actual: 0.64 vs histórico: 191.78","chan":"stdout","logger":"task"}
{"timestamp":"2025-07-13T03:36:43.012421Z","level":"info","event":"⚠️ Pico detectado en 45. Valor actual: 0.5 vs histórico: 183.37","chan":"stdout","logger":"task"}
{"timestamp":"2025-07-13T03:36:43.015135Z","level":"info","event":"⚠️ Pico detectado en 46. Valor actual: 0.0 vs histórico: 181.80","chan":"stdout","logger":"task"}
{"timestamp":"2025-07-13T03:36:43.018060Z","level":"info","event":"⚠️ Pico detectado en 47. Valor actual: 0.8 vs histórico: 203.00","chan":"stdout","logger":"task"}
{"timestamp":"2025-07-13T03:36:43.020585Z","level":"info","event":"⚠️ Pico detectado en 48. Valor actual: 1.24 vs histórico: 208.91","chan":"stdout","logger":"task"}
{"timestamp":"2025-07-13T03:36:43.023383Z","level":"info","event":"⚠️ Pico detectado en 49. Valor actual: 1.19 vs histórico: 171.00","chan":"stdout","logger":"task"}
{"timestamp":"2025-07-13T03:36:43.026239Z","level":"info","event":"⚠️ Pico detectado en 50. Valor actual: 0.66 vs histórico: 181.65","chan":"stdout","logger":"task"}
{"timestamp":"2025-07-13T03:36:43.028888Z","level":"info","event":"⚠️ Pico detectado en 51. Valor actual: 1.19 vs histórico: 188.25","chan":"stdout","logger":"task"}
{"timestamp":"2025-07-13T03:36:43.031556Z","level":"info","event":"⚠️ Pico detectado en 52. Valor actual: 0.52 vs histórico: 186.69","chan":"stdout","logger":"task"}
{"timestamp":"2025-07-13T03:36:43.034183Z","level":"info","event":"⚠️ Pico detectado en 53. Valor actual: 1.18 vs histórico: 183.27","chan":"stdout","logger":"task"}
{"timestamp":"2025-07-13T03:36:43.036927Z","level":"info","event":"⚠️ Pico detectado en 54. Valor actual: 0.68 vs histórico: 182.02","chan":"stdout","logger":"task"}
{"timestamp":"2025-07-13T03:36:43.039736Z","level":"info","event":"⚠️ Pico detectado en 55. Valor actual: 1.08 vs histórico: 176.88","chan":"stdout","logger":"task"}
{"timestamp":"2025-07-13T03:36:43.042340Z","level":"info","event":"⚠️ Pico detectado en 56. Valor actual: 0.69 vs histórico: 197.68","chan":"stdout","logger":"task"}
{"timestamp":"2025-07-13T03:36:43.044820Z","level":"info","event":"⚠️ Pico detectado en 57. Valor actual: 1.37 vs histórico: 172.06","chan":"stdout","logger":"task"}
{"timestamp":"2025-07-13T03:36:43.047412Z","level":"info","event":"⚠️ Pico detectado en 58. Valor actual: 1.13 vs histórico: 188.67","chan":"stdout","logger":"task"}
{"timestamp":"2025-07-13T03:36:43.050205Z","level":"info","event":"⚠️ Pico detectado en 59. Valor actual: 0.51 vs histórico: 174.00","chan":"stdout","logger":"task"}
{"timestamp":"2025-07-13T03:36:43.053072Z","level":"info","event":"⚠️ Pico detectado en 60. Valor actual: 0.6 vs histórico: 175.84","chan":"stdout","logger":"task"}
{"timestamp":"2025-07-13T03:36:43.055624Z","level":"info","event":"⚠️ Pico detectado en 61. Valor actual: 0.0 vs histórico: 190.75","chan":"stdout","logger":"task"}
{"timestamp":"2025-07-13T03:36:43.057820Z","level":"info","event":"⚠️ Pico detectado en 62. Valor actual: 1.38 vs histórico: 182.87","chan":"stdout","logger":"task"}
{"timestamp":"2025-07-13T03:36:43.060054Z","level":"info","event":"⚠️ Pico detectado en 63. Valor actual: 0.93 vs histórico: 184.22","chan":"stdout","logger":"task"}
{"timestamp":"2025-07-13T03:36:43.062781Z","level":"info","event":"⚠️ Pico detectado en 64. Valor actual: 1.31 vs histórico: 170.33","chan":"stdout","logger":"task"}
{"timestamp":"2025-07-13T03:36:43.066953Z","level":"info","event":"⚠️ Pico detectado en 65. Valor actual: 1.2 vs histórico: 188.32","chan":"stdout","logger":"task"}
{"timestamp":"2025-07-13T03:36:43.070175Z","level":"info","event":"⚠️ Pico detectado en 66. Valor actual: 0.0 vs histórico: 192.91","chan":"stdout","logger":"task"}
{"timestamp":"2025-07-13T03:36:43.073531Z","level":"info","event":"⚠️ Pico detectado en 67. Valor actual: 1.1 vs histórico: 190.55","chan":"stdout","logger":"task"}
{"timestamp":"2025-07-13T03:36:43.075476Z","level":"info","event":"⚠️ Pico detectado en 68. Valor actual: 0.79 vs histórico: 175.30","chan":"stdout","logger":"task"}
{"timestamp":"2025-07-13T03:36:43.078627Z","level":"info","event":"⚠️ Pico detectado en 69. Valor actual: 0.7 vs histórico: 170.75","chan":"stdout","logger":"task"}
{"timestamp":"2025-07-13T03:36:43.082811Z","level":"info","event":"⚠️ Pico detectado en 70. Valor actual: 1.21 vs histórico: 180.06","chan":"stdout","logger":"task"}
{"timestamp":"2025-07-13T03:36:43.085622Z","level":"info","event":"⚠️ Pico detectado en 71. Valor actual: 1.1 vs histórico: 187.18","chan":"stdout","logger":"task"}
{"timestamp":"2025-07-13T03:36:43.088021Z","level":"info","event":"⚠️ Pico detectado en 72. Valor actual: 1.4 vs histórico: 185.89","chan":"stdout","logger":"task"}
{"timestamp":"2025-07-13T03:36:43.090486Z","level":"info","event":"⚠️ Pico detectado en 73. Valor actual: 0.84 vs histórico: 179.02","chan":"stdout","logger":"task"}
{"timestamp":"2025-07-13T03:36:43.093212Z","level":"info","event":"⚠️ Pico detectado en 74. Valor actual: 1.22 vs histórico: 176.16","chan":"stdout","logger":"task"}
{"timestamp":"2025-07-13T03:36:43.097211Z","level":"info","event":"⚠️ Pico detectado en 75. Valor actual: 1.04 vs histórico: 186.24","chan":"stdout","logger":"task"}
{"timestamp":"2025-07-13T03:36:43.100215Z","level":"info","event":"⚠️ Pico detectado en 76. Valor actual: 1.25 vs histórico: 188.84","chan":"stdout","logger":"task"}
{"timestamp":"2025-07-13T03:36:43.103687Z","level":"info","event":"⚠️ Pico detectado en 77. Valor actual: 0.93 vs histórico: 193.36","chan":"stdout","logger":"task"}
{"timestamp":"2025-07-13T03:36:43.106924Z","level":"info","event":"⚠️ Pico detectado en 78. Valor actual: 0.67 vs histórico: 169.48","chan":"stdout","logger":"task"}
{"timestamp":"2025-07-13T03:36:43.110185Z","level":"info","event":"⚠️ Pico detectado en 79. Valor actual: 0.58 vs histórico: 182.74","chan":"stdout","logger":"task"}
{"timestamp":"2025-07-13T03:36:43.113841Z","level":"info","event":"⚠️ Pico detectado en 80. Valor actual: 1.25 vs histórico: 173.18","chan":"stdout","logger":"task"}
{"timestamp":"2025-07-13T03:36:43.116802Z","level":"info","event":"⚠️ Pico detectado en 81. Valor actual: 1.34 vs histórico: 175.44","chan":"stdout","logger":"task"}
{"timestamp":"2025-07-13T03:36:43.119932Z","level":"info","event":"⚠️ Pico detectado en 82. Valor actual: 0.91 vs histórico: 176.78","chan":"stdout","logger":"task"}
{"timestamp":"2025-07-13T03:36:43.123348Z","level":"info","event":"⚠️ Pico detectado en 83. Valor actual: 1.35 vs histórico: 178.23","chan":"stdout","logger":"task"}
{"timestamp":"2025-07-13T03:36:43.127232Z","level":"info","event":"⚠️ Pico detectado en 84. Valor actual: 1.31 vs histórico: 185.46","chan":"stdout","logger":"task"}
{"timestamp":"2025-07-13T03:36:43.130594Z","level":"info","event":"⚠️ Pico detectado en 85. Valor actual: 0.99 vs histórico: 201.57","chan":"stdout","logger":"task"}
{"timestamp":"2025-07-13T03:36:43.134260Z","level":"info","event":"⚠️ Pico detectado en 86. Valor actual: 0.0 vs histórico: 179.76","chan":"stdout","logger":"task"}
{"timestamp":"2025-07-13T03:36:43.138147Z","level":"info","event":"⚠️ Pico detectado en 87. Valor actual: 1.37 vs histórico: 174.04","chan":"stdout","logger":"task"}
{"timestamp":"2025-07-13T03:36:43.142004Z","level":"info","event":"⚠️ Pico detectado en 88. Valor actual: 0.93 vs histórico: 182.15","chan":"stdout","logger":"task"}
{"timestamp":"2025-07-13T03:36:43.145966Z","level":"info","event":"⚠️ Pico detectado en 89. Valor actual: 1.26 vs histórico: 176.51","chan":"stdout","logger":"task"}
{"timestamp":"2025-07-13T03:36:43.150206Z","level":"info","event":"⚠️ Pico detectado en 90. Valor actual: 0.78 vs histórico: 192.20","chan":"stdout","logger":"task"}
{"timestamp":"2025-07-13T03:36:43.154150Z","level":"info","event":"⚠️ Pico detectado en 91. Valor actual: 1.03 vs histórico: 184.02","chan":"stdout","logger":"task"}
{"timestamp":"2025-07-13T03:36:43.158368Z","level":"info","event":"⚠️ Pico detectado en 92. Valor actual: 1.13 vs histórico: 179.69","chan":"stdout","logger":"task"}
{"timestamp":"2025-07-13T03:36:43.162223Z","level":"info","event":"⚠️ Pico detectado en 93. Valor actual: 0.52 vs histórico: 187.66","chan":"stdout","logger":"task"}
{"timestamp":"2025-07-13T03:36:43.165959Z","level":"info","event":"⚠️ Pico detectado en 94. Valor actual: 0.66 vs histórico: 178.86","chan":"stdout","logger":"task"}
{"timestamp":"2025-07-13T03:36:43.169777Z","level":"info","event":"⚠️ Pico detectado en 95. Valor actual: 0.87 vs histórico: 186.42","chan":"stdout","logger":"task"}
{"timestamp":"2025-07-13T03:36:43.172212Z","level":"info","event":"⚠️ Pico detectado en 96. Valor actual: 1.04 vs histórico: 190.02","chan":"stdout","logger":"task"}
{"timestamp":"2025-07-13T03:36:43.174714Z","level":"info","event":"⚠️ Pico detectado en 97. Valor actual: 0.93 vs histórico: 188.50","chan":"stdout","logger":"task"}
{"timestamp":"2025-07-13T03:36:43.183617Z","level":"info","event":"⚠️ Pico detectado en 98. Valor actual: 1.27 vs histórico: 181.24","chan":"stdout","logger":"task"}
{"timestamp":"2025-07-13T03:36:43.188645Z","level":"info","event":"⚠️ Pico detectado en 99. Valor actual: 1.34 vs histórico: 192.75","chan":"stdout","logger":"task"}
{"timestamp":"2025-07-13T03:36:43.194012Z","level":"info","event":"⚠️ Pico detectado en 100. Valor actual: 1.24 vs histórico: 191.34","chan":"stdout","logger":"task"}
{"timestamp":"2025-07-13T03:36:43.196626","level":"info","event":"Done. Returned value was: None","logger":"airflow.task.operators.airflow.providers.standard.operators.python.PythonOperator"}
{"timestamp":"2025-07-13T03:36:43.238219Z","level":"info","event":"Task instance in success state","chan":"stdout","logger":"task"}
{"timestamp":"2025-07-13T03:36:43.238599Z","level":"info","event":" Previous state of the Task instance: TaskInstanceState.RUNNING","chan":"stdout","logger":"task"}
{"timestamp":"2025-07-13T03:36:43.238805Z","level":"info","event":"Task operator:<Task(PythonOperator): detectar_pico>","chan":"stdout","logger":"task"}
