{"timestamp":"2025-07-13T00:36:23.452296","level":"info","event":"DAG bundles loaded: dags-folder, example_dags","logger":"airflow.dag_processing.bundles.manager.DagBundlesManager"}
{"timestamp":"2025-07-13T00:36:23.452922","level":"info","event":"Filling up the DagBag from /opt/airflow/dags/dag_analisis.py","logger":"airflow.models.dagbag.DagBag"}
{"timestamp":"2025-07-13T00:36:23.497498Z","level":"info","event":"Task instance is in running state","chan":"stdout","logger":"task"}
{"timestamp":"2025-07-13T00:36:23.497771Z","level":"info","event":" Previous state of the Task instance: TaskInstanceState.QUEUED","chan":"stdout","logger":"task"}
{"timestamp":"2025-07-13T00:36:23.497955Z","level":"info","event":"Current task name:detectar_pico","chan":"stdout","logger":"task"}
{"timestamp":"2025-07-13T00:36:23.498123Z","level":"info","event":"Dag name:a2","chan":"stdout","logger":"task"}
{"timestamp":"2025-07-13T00:36:23.514218Z","level":"info","event":"Dispositivo 1, franja: 10-12, valor: 1.16","chan":"stdout","logger":"task"}
{"timestamp":"2025-07-13T00:36:23.520195","level":"warning","event":"/opt/airflow/dags/dag_analisis.py:114: UserWarning: pandas only supports SQLAlchemy connectable (engine/connection) or database string URI or sqlite3 DBAPI2 connection. Other DBAPI2 objects are not tested. Please consider using SQLAlchemy.\n  df = pd.read_sql(f\"\"\"\n","logger":"py.warnings"}
{"timestamp":"2025-07-13T00:36:23.522414Z","level":"info","event":"No hay suficientes datos históricos","chan":"stdout","logger":"task"}
{"timestamp":"2025-07-13T00:36:23.522672Z","level":"info","event":"Dispositivo 2, franja: 10-12, valor: 0.99","chan":"stdout","logger":"task"}
{"timestamp":"2025-07-13T00:36:23.523764Z","level":"info","event":"No hay suficientes datos históricos","chan":"stdout","logger":"task"}
{"timestamp":"2025-07-13T00:36:23.523975Z","level":"info","event":"Dispositivo 3, franja: 10-12, valor: 0.59","chan":"stdout","logger":"task"}
{"timestamp":"2025-07-13T00:36:23.524797Z","level":"info","event":"No hay suficientes datos históricos","chan":"stdout","logger":"task"}
{"timestamp":"2025-07-13T00:36:23.524980Z","level":"info","event":"Dispositivo 4, franja: 10-12, valor: 0.76","chan":"stdout","logger":"task"}
{"timestamp":"2025-07-13T00:36:23.525922Z","level":"info","event":"No hay suficientes datos históricos","chan":"stdout","logger":"task"}
{"timestamp":"2025-07-13T00:36:23.526153Z","level":"info","event":"Dispositivo 5, franja: 10-12, valor: 0.87","chan":"stdout","logger":"task"}
{"timestamp":"2025-07-13T00:36:23.527257Z","level":"info","event":"No hay suficientes datos históricos","chan":"stdout","logger":"task"}
{"timestamp":"2025-07-13T00:36:23.527491Z","level":"info","event":"Dispositivo 6, franja: 10-12, valor: 0.96","chan":"stdout","logger":"task"}
{"timestamp":"2025-07-13T00:36:23.528459Z","level":"info","event":"No hay suficientes datos históricos","chan":"stdout","logger":"task"}
{"timestamp":"2025-07-13T00:36:23.528620Z","level":"info","event":"Dispositivo 7, franja: 10-12, valor: 1.21","chan":"stdout","logger":"task"}
{"timestamp":"2025-07-13T00:36:23.529696Z","level":"info","event":"No hay suficientes datos históricos","chan":"stdout","logger":"task"}
{"timestamp":"2025-07-13T00:36:23.529980Z","level":"info","event":"Dispositivo 8, franja: 10-12, valor: 0.67","chan":"stdout","logger":"task"}
{"timestamp":"2025-07-13T00:36:23.531246Z","level":"info","event":"No hay suficientes datos históricos","chan":"stdout","logger":"task"}
{"timestamp":"2025-07-13T00:36:23.531523Z","level":"info","event":"Dispositivo 9, franja: 10-12, valor: 0.71","chan":"stdout","logger":"task"}
{"timestamp":"2025-07-13T00:36:23.532961Z","level":"info","event":"No hay suficientes datos históricos","chan":"stdout","logger":"task"}
{"timestamp":"2025-07-13T00:36:23.533233Z","level":"info","event":"Dispositivo 10, franja: 10-12, valor: 1.44","chan":"stdout","logger":"task"}
{"timestamp":"2025-07-13T00:36:23.534290Z","level":"info","event":"No hay suficientes datos históricos","chan":"stdout","logger":"task"}
{"timestamp":"2025-07-13T00:36:23.534453Z","level":"info","event":"Dispositivo 11, franja: 10-12, valor: 1.0","chan":"stdout","logger":"task"}
{"timestamp":"2025-07-13T00:36:23.535415Z","level":"info","event":"No hay suficientes datos históricos","chan":"stdout","logger":"task"}
{"timestamp":"2025-07-13T00:36:23.535601Z","level":"info","event":"Dispositivo 12, franja: 10-12, valor: 0.53","chan":"stdout","logger":"task"}
{"timestamp":"2025-07-13T00:36:23.536509Z","level":"info","event":"No hay suficientes datos históricos","chan":"stdout","logger":"task"}
{"timestamp":"2025-07-13T00:36:23.536660Z","level":"info","event":"Dispositivo 13, franja: 10-12, valor: 1.38","chan":"stdout","logger":"task"}
{"timestamp":"2025-07-13T00:36:23.537687Z","level":"info","event":"No hay suficientes datos históricos","chan":"stdout","logger":"task"}
{"timestamp":"2025-07-13T00:36:23.537873Z","level":"info","event":"Dispositivo 14, franja: 10-12, valor: 0.98","chan":"stdout","logger":"task"}
{"timestamp":"2025-07-13T00:36:23.538728Z","level":"info","event":"No hay suficientes datos históricos","chan":"stdout","logger":"task"}
{"timestamp":"2025-07-13T00:36:23.538874Z","level":"info","event":"Dispositivo 15, franja: 10-12, valor: 1.18","chan":"stdout","logger":"task"}
{"timestamp":"2025-07-13T00:36:23.539743Z","level":"info","event":"No hay suficientes datos históricos","chan":"stdout","logger":"task"}
{"timestamp":"2025-07-13T00:36:23.539886Z","level":"info","event":"Dispositivo 16, franja: 10-12, valor: 1.39","chan":"stdout","logger":"task"}
{"timestamp":"2025-07-13T00:36:23.540757Z","level":"info","event":"No hay suficientes datos históricos","chan":"stdout","logger":"task"}
{"timestamp":"2025-07-13T00:36:23.540909Z","level":"info","event":"Dispositivo 17, franja: 10-12, valor: 0.97","chan":"stdout","logger":"task"}
{"timestamp":"2025-07-13T00:36:23.541823Z","level":"info","event":"No hay suficientes datos históricos","chan":"stdout","logger":"task"}
{"timestamp":"2025-07-13T00:36:23.542023Z","level":"info","event":"Dispositivo 18, franja: 10-12, valor: 1.23","chan":"stdout","logger":"task"}
{"timestamp":"2025-07-13T00:36:23.542906Z","level":"info","event":"No hay suficientes datos históricos","chan":"stdout","logger":"task"}
{"timestamp":"2025-07-13T00:36:23.543070Z","level":"info","event":"Dispositivo 19, franja: 10-12, valor: 0.66","chan":"stdout","logger":"task"}
{"timestamp":"2025-07-13T00:36:23.543953Z","level":"info","event":"No hay suficientes datos históricos","chan":"stdout","logger":"task"}
{"timestamp":"2025-07-13T00:36:23.544114Z","level":"info","event":"Dispositivo 20, franja: 10-12, valor: 0.69","chan":"stdout","logger":"task"}
{"timestamp":"2025-07-13T00:36:23.544943Z","level":"info","event":"No hay suficientes datos históricos","chan":"stdout","logger":"task"}
{"timestamp":"2025-07-13T00:36:23.545120Z","level":"info","event":"Dispositivo 21, franja: 10-12, valor: 0.74","chan":"stdout","logger":"task"}
{"timestamp":"2025-07-13T00:36:23.546013Z","level":"info","event":"No hay suficientes datos históricos","chan":"stdout","logger":"task"}
{"timestamp":"2025-07-13T00:36:23.546181Z","level":"info","event":"Dispositivo 22, franja: 10-12, valor: 0.81","chan":"stdout","logger":"task"}
{"timestamp":"2025-07-13T00:36:23.547605Z","level":"info","event":"No hay suficientes datos históricos","chan":"stdout","logger":"task"}
{"timestamp":"2025-07-13T00:36:23.547821Z","level":"info","event":"Dispositivo 23, franja: 10-12, valor: 0.98","chan":"stdout","logger":"task"}
{"timestamp":"2025-07-13T00:36:23.549148Z","level":"info","event":"No hay suficientes datos históricos","chan":"stdout","logger":"task"}
{"timestamp":"2025-07-13T00:36:23.549364Z","level":"info","event":"Dispositivo 24, franja: 10-12, valor: 0.63","chan":"stdout","logger":"task"}
{"timestamp":"2025-07-13T00:36:23.550358Z","level":"info","event":"No hay suficientes datos históricos","chan":"stdout","logger":"task"}
{"timestamp":"2025-07-13T00:36:23.550542Z","level":"info","event":"Dispositivo 25, franja: 10-12, valor: 1.09","chan":"stdout","logger":"task"}
{"timestamp":"2025-07-13T00:36:23.551468Z","level":"info","event":"No hay suficientes datos históricos","chan":"stdout","logger":"task"}
{"timestamp":"2025-07-13T00:36:23.551661Z","level":"info","event":"Dispositivo 26, franja: 10-12, valor: 0.56","chan":"stdout","logger":"task"}
{"timestamp":"2025-07-13T00:36:23.552462Z","level":"info","event":"No hay suficientes datos históricos","chan":"stdout","logger":"task"}
{"timestamp":"2025-07-13T00:36:23.552607Z","level":"info","event":"Dispositivo 27, franja: 10-12, valor: 1.01","chan":"stdout","logger":"task"}
{"timestamp":"2025-07-13T00:36:23.553429Z","level":"info","event":"No hay suficientes datos históricos","chan":"stdout","logger":"task"}
{"timestamp":"2025-07-13T00:36:23.553568Z","level":"info","event":"Dispositivo 28, franja: 10-12, valor: 0.62","chan":"stdout","logger":"task"}
{"timestamp":"2025-07-13T00:36:23.554304Z","level":"info","event":"No hay suficientes datos históricos","chan":"stdout","logger":"task"}
{"timestamp":"2025-07-13T00:36:23.554433Z","level":"info","event":"Dispositivo 29, franja: 10-12, valor: 0.96","chan":"stdout","logger":"task"}
{"timestamp":"2025-07-13T00:36:23.555138Z","level":"info","event":"No hay suficientes datos históricos","chan":"stdout","logger":"task"}
{"timestamp":"2025-07-13T00:36:23.555268Z","level":"info","event":"Dispositivo 30, franja: 10-12, valor: 1.26","chan":"stdout","logger":"task"}
{"timestamp":"2025-07-13T00:36:23.555962Z","level":"info","event":"No hay suficientes datos históricos","chan":"stdout","logger":"task"}
{"timestamp":"2025-07-13T00:36:23.556092Z","level":"info","event":"Dispositivo 31, franja: 10-12, valor: 1.43","chan":"stdout","logger":"task"}
{"timestamp":"2025-07-13T00:36:23.556798Z","level":"info","event":"No hay suficientes datos históricos","chan":"stdout","logger":"task"}
{"timestamp":"2025-07-13T00:36:23.556927Z","level":"info","event":"Dispositivo 32, franja: 10-12, valor: 0.92","chan":"stdout","logger":"task"}
{"timestamp":"2025-07-13T00:36:23.557662Z","level":"info","event":"No hay suficientes datos históricos","chan":"stdout","logger":"task"}
{"timestamp":"2025-07-13T00:36:23.557801Z","level":"info","event":"Dispositivo 33, franja: 10-12, valor: 0.74","chan":"stdout","logger":"task"}
{"timestamp":"2025-07-13T00:36:23.558526Z","level":"info","event":"No hay suficientes datos históricos","chan":"stdout","logger":"task"}
{"timestamp":"2025-07-13T00:36:23.558658Z","level":"info","event":"Dispositivo 34, franja: 10-12, valor: 1.36","chan":"stdout","logger":"task"}
{"timestamp":"2025-07-13T00:36:23.559383Z","level":"info","event":"No hay suficientes datos históricos","chan":"stdout","logger":"task"}
{"timestamp":"2025-07-13T00:36:23.559597Z","level":"info","event":"Dispositivo 35, franja: 10-12, valor: 1.13","chan":"stdout","logger":"task"}
{"timestamp":"2025-07-13T00:36:23.560455Z","level":"info","event":"No hay suficientes datos históricos","chan":"stdout","logger":"task"}
{"timestamp":"2025-07-13T00:36:23.560640Z","level":"info","event":"Dispositivo 36, franja: 10-12, valor: 0.79","chan":"stdout","logger":"task"}
{"timestamp":"2025-07-13T00:36:23.561400Z","level":"info","event":"No hay suficientes datos históricos","chan":"stdout","logger":"task"}
{"timestamp":"2025-07-13T00:36:23.561586Z","level":"info","event":"Dispositivo 37, franja: 10-12, valor: 1.37","chan":"stdout","logger":"task"}
{"timestamp":"2025-07-13T00:36:23.562342Z","level":"info","event":"No hay suficientes datos históricos","chan":"stdout","logger":"task"}
{"timestamp":"2025-07-13T00:36:23.562530Z","level":"info","event":"Dispositivo 38, franja: 10-12, valor: 1.03","chan":"stdout","logger":"task"}
{"timestamp":"2025-07-13T00:36:23.563329Z","level":"info","event":"No hay suficientes datos históricos","chan":"stdout","logger":"task"}
{"timestamp":"2025-07-13T00:36:23.563527Z","level":"info","event":"Dispositivo 39, franja: 10-12, valor: 1.38","chan":"stdout","logger":"task"}
{"timestamp":"2025-07-13T00:36:23.564612Z","level":"info","event":"No hay suficientes datos históricos","chan":"stdout","logger":"task"}
{"timestamp":"2025-07-13T00:36:23.564831Z","level":"info","event":"Dispositivo 40, franja: 10-12, valor: 1.31","chan":"stdout","logger":"task"}
{"timestamp":"2025-07-13T00:36:23.566176Z","level":"info","event":"No hay suficientes datos históricos","chan":"stdout","logger":"task"}
{"timestamp":"2025-07-13T00:36:23.566383Z","level":"info","event":"Dispositivo 41, franja: 10-12, valor: 1.22","chan":"stdout","logger":"task"}
{"timestamp":"2025-07-13T00:36:23.567240Z","level":"info","event":"No hay suficientes datos históricos","chan":"stdout","logger":"task"}
{"timestamp":"2025-07-13T00:36:23.567370Z","level":"info","event":"Dispositivo 42, franja: 10-12, valor: 0.67","chan":"stdout","logger":"task"}
{"timestamp":"2025-07-13T00:36:23.568085Z","level":"info","event":"No hay suficientes datos históricos","chan":"stdout","logger":"task"}
{"timestamp":"2025-07-13T00:36:23.568213Z","level":"info","event":"Dispositivo 43, franja: 10-12, valor: 0.71","chan":"stdout","logger":"task"}
{"timestamp":"2025-07-13T00:36:23.568968Z","level":"info","event":"No hay suficientes datos históricos","chan":"stdout","logger":"task"}
{"timestamp":"2025-07-13T00:36:23.569099Z","level":"info","event":"Dispositivo 44, franja: 10-12, valor: 0.64","chan":"stdout","logger":"task"}
{"timestamp":"2025-07-13T00:36:23.569876Z","level":"info","event":"No hay suficientes datos históricos","chan":"stdout","logger":"task"}
{"timestamp":"2025-07-13T00:36:23.570005Z","level":"info","event":"Dispositivo 45, franja: 10-12, valor: 0.5","chan":"stdout","logger":"task"}
{"timestamp":"2025-07-13T00:36:23.570721Z","level":"info","event":"No hay suficientes datos históricos","chan":"stdout","logger":"task"}
{"timestamp":"2025-07-13T00:36:23.570845Z","level":"info","event":"Dispositivo 46, franja: 10-12, valor: 0.0","chan":"stdout","logger":"task"}
{"timestamp":"2025-07-13T00:36:23.571520Z","level":"info","event":"No hay suficientes datos históricos","chan":"stdout","logger":"task"}
{"timestamp":"2025-07-13T00:36:23.571668Z","level":"info","event":"Dispositivo 47, franja: 10-12, valor: 0.8","chan":"stdout","logger":"task"}
{"timestamp":"2025-07-13T00:36:23.572380Z","level":"info","event":"No hay suficientes datos históricos","chan":"stdout","logger":"task"}
{"timestamp":"2025-07-13T00:36:23.572505Z","level":"info","event":"Dispositivo 48, franja: 10-12, valor: 1.24","chan":"stdout","logger":"task"}
{"timestamp":"2025-07-13T00:36:23.573224Z","level":"info","event":"No hay suficientes datos históricos","chan":"stdout","logger":"task"}
{"timestamp":"2025-07-13T00:36:23.573356Z","level":"info","event":"Dispositivo 49, franja: 10-12, valor: 1.19","chan":"stdout","logger":"task"}
{"timestamp":"2025-07-13T00:36:23.574056Z","level":"info","event":"No hay suficientes datos históricos","chan":"stdout","logger":"task"}
{"timestamp":"2025-07-13T00:36:23.574181Z","level":"info","event":"Dispositivo 50, franja: 10-12, valor: 0.66","chan":"stdout","logger":"task"}
{"timestamp":"2025-07-13T00:36:23.574854Z","level":"info","event":"No hay suficientes datos históricos","chan":"stdout","logger":"task"}
{"timestamp":"2025-07-13T00:36:23.574980Z","level":"info","event":"Dispositivo 51, franja: 10-12, valor: 1.19","chan":"stdout","logger":"task"}
{"timestamp":"2025-07-13T00:36:23.575639Z","level":"info","event":"No hay suficientes datos históricos","chan":"stdout","logger":"task"}
{"timestamp":"2025-07-13T00:36:23.575759Z","level":"info","event":"Dispositivo 52, franja: 10-12, valor: 0.52","chan":"stdout","logger":"task"}
{"timestamp":"2025-07-13T00:36:23.576457Z","level":"info","event":"No hay suficientes datos históricos","chan":"stdout","logger":"task"}
{"timestamp":"2025-07-13T00:36:23.576582Z","level":"info","event":"Dispositivo 53, franja: 10-12, valor: 1.18","chan":"stdout","logger":"task"}
{"timestamp":"2025-07-13T00:36:23.577277Z","level":"info","event":"No hay suficientes datos históricos","chan":"stdout","logger":"task"}
{"timestamp":"2025-07-13T00:36:23.577407Z","level":"info","event":"Dispositivo 54, franja: 10-12, valor: 0.68","chan":"stdout","logger":"task"}
{"timestamp":"2025-07-13T00:36:23.578096Z","level":"info","event":"No hay suficientes datos históricos","chan":"stdout","logger":"task"}
{"timestamp":"2025-07-13T00:36:23.578238Z","level":"info","event":"Dispositivo 55, franja: 10-12, valor: 1.08","chan":"stdout","logger":"task"}
{"timestamp":"2025-07-13T00:36:23.578925Z","level":"info","event":"No hay suficientes datos históricos","chan":"stdout","logger":"task"}
{"timestamp":"2025-07-13T00:36:23.579071Z","level":"info","event":"Dispositivo 56, franja: 10-12, valor: 0.69","chan":"stdout","logger":"task"}
{"timestamp":"2025-07-13T00:36:23.579886Z","level":"info","event":"No hay suficientes datos históricos","chan":"stdout","logger":"task"}
{"timestamp":"2025-07-13T00:36:23.580141Z","level":"info","event":"Dispositivo 57, franja: 10-12, valor: 1.37","chan":"stdout","logger":"task"}
{"timestamp":"2025-07-13T00:36:23.581475Z","level":"info","event":"No hay suficientes datos históricos","chan":"stdout","logger":"task"}
{"timestamp":"2025-07-13T00:36:23.581714Z","level":"info","event":"Dispositivo 58, franja: 10-12, valor: 1.13","chan":"stdout","logger":"task"}
{"timestamp":"2025-07-13T00:36:23.582932Z","level":"info","event":"No hay suficientes datos históricos","chan":"stdout","logger":"task"}
{"timestamp":"2025-07-13T00:36:23.583178Z","level":"info","event":"Dispositivo 59, franja: 10-12, valor: 0.51","chan":"stdout","logger":"task"}
{"timestamp":"2025-07-13T00:36:23.584099Z","level":"info","event":"No hay suficientes datos históricos","chan":"stdout","logger":"task"}
{"timestamp":"2025-07-13T00:36:23.584287Z","level":"info","event":"Dispositivo 60, franja: 10-12, valor: 0.6","chan":"stdout","logger":"task"}
{"timestamp":"2025-07-13T00:36:23.585101Z","level":"info","event":"No hay suficientes datos históricos","chan":"stdout","logger":"task"}
{"timestamp":"2025-07-13T00:36:23.585284Z","level":"info","event":"Dispositivo 61, franja: 10-12, valor: 0.0","chan":"stdout","logger":"task"}
{"timestamp":"2025-07-13T00:36:23.586026Z","level":"info","event":"No hay suficientes datos históricos","chan":"stdout","logger":"task"}
{"timestamp":"2025-07-13T00:36:23.586170Z","level":"info","event":"Dispositivo 62, franja: 10-12, valor: 1.38","chan":"stdout","logger":"task"}
{"timestamp":"2025-07-13T00:36:23.586830Z","level":"info","event":"No hay suficientes datos históricos","chan":"stdout","logger":"task"}
{"timestamp":"2025-07-13T00:36:23.586967Z","level":"info","event":"Dispositivo 63, franja: 10-12, valor: 0.93","chan":"stdout","logger":"task"}
{"timestamp":"2025-07-13T00:36:23.587616Z","level":"info","event":"No hay suficientes datos históricos","chan":"stdout","logger":"task"}
{"timestamp":"2025-07-13T00:36:23.587755Z","level":"info","event":"Dispositivo 64, franja: 10-12, valor: 1.31","chan":"stdout","logger":"task"}
{"timestamp":"2025-07-13T00:36:23.588409Z","level":"info","event":"No hay suficientes datos históricos","chan":"stdout","logger":"task"}
{"timestamp":"2025-07-13T00:36:23.588549Z","level":"info","event":"Dispositivo 65, franja: 10-12, valor: 1.2","chan":"stdout","logger":"task"}
{"timestamp":"2025-07-13T00:36:23.589266Z","level":"info","event":"No hay suficientes datos históricos","chan":"stdout","logger":"task"}
{"timestamp":"2025-07-13T00:36:23.589416Z","level":"info","event":"Dispositivo 66, franja: 10-12, valor: 0.0","chan":"stdout","logger":"task"}
{"timestamp":"2025-07-13T00:36:23.590074Z","level":"info","event":"No hay suficientes datos históricos","chan":"stdout","logger":"task"}
{"timestamp":"2025-07-13T00:36:23.590217Z","level":"info","event":"Dispositivo 67, franja: 10-12, valor: 1.1","chan":"stdout","logger":"task"}
{"timestamp":"2025-07-13T00:36:23.590857Z","level":"info","event":"No hay suficientes datos históricos","chan":"stdout","logger":"task"}
{"timestamp":"2025-07-13T00:36:23.590993Z","level":"info","event":"Dispositivo 68, franja: 10-12, valor: 0.79","chan":"stdout","logger":"task"}
{"timestamp":"2025-07-13T00:36:23.591631Z","level":"info","event":"No hay suficientes datos históricos","chan":"stdout","logger":"task"}
{"timestamp":"2025-07-13T00:36:23.591771Z","level":"info","event":"Dispositivo 69, franja: 10-12, valor: 0.7","chan":"stdout","logger":"task"}
{"timestamp":"2025-07-13T00:36:23.592409Z","level":"info","event":"No hay suficientes datos históricos","chan":"stdout","logger":"task"}
{"timestamp":"2025-07-13T00:36:23.592557Z","level":"info","event":"Dispositivo 70, franja: 10-12, valor: 1.21","chan":"stdout","logger":"task"}
{"timestamp":"2025-07-13T00:36:23.593273Z","level":"info","event":"No hay suficientes datos históricos","chan":"stdout","logger":"task"}
{"timestamp":"2025-07-13T00:36:23.593402Z","level":"info","event":"Dispositivo 71, franja: 10-12, valor: 1.1","chan":"stdout","logger":"task"}
{"timestamp":"2025-07-13T00:36:23.594067Z","level":"info","event":"No hay suficientes datos históricos","chan":"stdout","logger":"task"}
{"timestamp":"2025-07-13T00:36:23.594187Z","level":"info","event":"Dispositivo 72, franja: 10-12, valor: 1.4","chan":"stdout","logger":"task"}
{"timestamp":"2025-07-13T00:36:23.594961Z","level":"info","event":"No hay suficientes datos históricos","chan":"stdout","logger":"task"}
{"timestamp":"2025-07-13T00:36:23.595127Z","level":"info","event":"Dispositivo 73, franja: 10-12, valor: 0.84","chan":"stdout","logger":"task"}
{"timestamp":"2025-07-13T00:36:23.595939Z","level":"info","event":"No hay suficientes datos históricos","chan":"stdout","logger":"task"}
{"timestamp":"2025-07-13T00:36:23.596061Z","level":"info","event":"Dispositivo 74, franja: 10-12, valor: 1.22","chan":"stdout","logger":"task"}
{"timestamp":"2025-07-13T00:36:23.596893Z","level":"info","event":"No hay suficientes datos históricos","chan":"stdout","logger":"task"}
{"timestamp":"2025-07-13T00:36:23.597065Z","level":"info","event":"Dispositivo 75, franja: 10-12, valor: 1.04","chan":"stdout","logger":"task"}
{"timestamp":"2025-07-13T00:36:23.598625Z","level":"info","event":"No hay suficientes datos históricos","chan":"stdout","logger":"task"}
{"timestamp":"2025-07-13T00:36:23.598946Z","level":"info","event":"Dispositivo 76, franja: 10-12, valor: 1.25","chan":"stdout","logger":"task"}
{"timestamp":"2025-07-13T00:36:23.600046Z","level":"info","event":"No hay suficientes datos históricos","chan":"stdout","logger":"task"}
{"timestamp":"2025-07-13T00:36:23.600213Z","level":"info","event":"Dispositivo 77, franja: 10-12, valor: 0.93","chan":"stdout","logger":"task"}
{"timestamp":"2025-07-13T00:36:23.600984Z","level":"info","event":"No hay suficientes datos históricos","chan":"stdout","logger":"task"}
{"timestamp":"2025-07-13T00:36:23.601123Z","level":"info","event":"Dispositivo 78, franja: 10-12, valor: 0.67","chan":"stdout","logger":"task"}
{"timestamp":"2025-07-13T00:36:23.601875Z","level":"info","event":"No hay suficientes datos históricos","chan":"stdout","logger":"task"}
{"timestamp":"2025-07-13T00:36:23.602012Z","level":"info","event":"Dispositivo 79, franja: 10-12, valor: 0.58","chan":"stdout","logger":"task"}
{"timestamp":"2025-07-13T00:36:23.602743Z","level":"info","event":"No hay suficientes datos históricos","chan":"stdout","logger":"task"}
{"timestamp":"2025-07-13T00:36:23.602865Z","level":"info","event":"Dispositivo 80, franja: 10-12, valor: 1.25","chan":"stdout","logger":"task"}
{"timestamp":"2025-07-13T00:36:23.603536Z","level":"info","event":"No hay suficientes datos históricos","chan":"stdout","logger":"task"}
{"timestamp":"2025-07-13T00:36:23.603649Z","level":"info","event":"Dispositivo 81, franja: 10-12, valor: 1.34","chan":"stdout","logger":"task"}
{"timestamp":"2025-07-13T00:36:23.604304Z","level":"info","event":"No hay suficientes datos históricos","chan":"stdout","logger":"task"}
{"timestamp":"2025-07-13T00:36:23.604418Z","level":"info","event":"Dispositivo 82, franja: 10-12, valor: 0.91","chan":"stdout","logger":"task"}
{"timestamp":"2025-07-13T00:36:23.605100Z","level":"info","event":"No hay suficientes datos históricos","chan":"stdout","logger":"task"}
{"timestamp":"2025-07-13T00:36:23.605239Z","level":"info","event":"Dispositivo 83, franja: 10-12, valor: 1.35","chan":"stdout","logger":"task"}
{"timestamp":"2025-07-13T00:36:23.606062Z","level":"info","event":"No hay suficientes datos históricos","chan":"stdout","logger":"task"}
{"timestamp":"2025-07-13T00:36:23.606193Z","level":"info","event":"Dispositivo 84, franja: 10-12, valor: 1.31","chan":"stdout","logger":"task"}
{"timestamp":"2025-07-13T00:36:23.606880Z","level":"info","event":"No hay suficientes datos históricos","chan":"stdout","logger":"task"}
{"timestamp":"2025-07-13T00:36:23.606990Z","level":"info","event":"Dispositivo 85, franja: 10-12, valor: 0.99","chan":"stdout","logger":"task"}
{"timestamp":"2025-07-13T00:36:23.607685Z","level":"info","event":"No hay suficientes datos históricos","chan":"stdout","logger":"task"}
{"timestamp":"2025-07-13T00:36:23.607794Z","level":"info","event":"Dispositivo 86, franja: 10-12, valor: 0.0","chan":"stdout","logger":"task"}
{"timestamp":"2025-07-13T00:36:23.608485Z","level":"info","event":"No hay suficientes datos históricos","chan":"stdout","logger":"task"}
{"timestamp":"2025-07-13T00:36:23.608632Z","level":"info","event":"Dispositivo 87, franja: 10-12, valor: 1.37","chan":"stdout","logger":"task"}
{"timestamp":"2025-07-13T00:36:23.609356Z","level":"info","event":"No hay suficientes datos históricos","chan":"stdout","logger":"task"}
{"timestamp":"2025-07-13T00:36:23.609471Z","level":"info","event":"Dispositivo 88, franja: 10-12, valor: 0.93","chan":"stdout","logger":"task"}
{"timestamp":"2025-07-13T00:36:23.610191Z","level":"info","event":"No hay suficientes datos históricos","chan":"stdout","logger":"task"}
{"timestamp":"2025-07-13T00:36:23.610335Z","level":"info","event":"Dispositivo 89, franja: 10-12, valor: 1.26","chan":"stdout","logger":"task"}
{"timestamp":"2025-07-13T00:36:23.611002Z","level":"info","event":"No hay suficientes datos históricos","chan":"stdout","logger":"task"}
{"timestamp":"2025-07-13T00:36:23.611110Z","level":"info","event":"Dispositivo 90, franja: 10-12, valor: 0.78","chan":"stdout","logger":"task"}
{"timestamp":"2025-07-13T00:36:23.611857Z","level":"info","event":"No hay suficientes datos históricos","chan":"stdout","logger":"task"}
{"timestamp":"2025-07-13T00:36:23.612016Z","level":"info","event":"Dispositivo 91, franja: 10-12, valor: 1.03","chan":"stdout","logger":"task"}
{"timestamp":"2025-07-13T00:36:23.613099Z","level":"info","event":"No hay suficientes datos históricos","chan":"stdout","logger":"task"}
{"timestamp":"2025-07-13T00:36:23.613375Z","level":"info","event":"Dispositivo 92, franja: 10-12, valor: 1.13","chan":"stdout","logger":"task"}
{"timestamp":"2025-07-13T00:36:23.614602Z","level":"info","event":"No hay suficientes datos históricos","chan":"stdout","logger":"task"}
{"timestamp":"2025-07-13T00:36:23.614842Z","level":"info","event":"Dispositivo 93, franja: 10-12, valor: 0.52","chan":"stdout","logger":"task"}
{"timestamp":"2025-07-13T00:36:23.616064Z","level":"info","event":"No hay suficientes datos históricos","chan":"stdout","logger":"task"}
{"timestamp":"2025-07-13T00:36:23.616243Z","level":"info","event":"Dispositivo 94, franja: 10-12, valor: 0.66","chan":"stdout","logger":"task"}
{"timestamp":"2025-07-13T00:36:23.617265Z","level":"info","event":"No hay suficientes datos históricos","chan":"stdout","logger":"task"}
{"timestamp":"2025-07-13T00:36:23.617418Z","level":"info","event":"Dispositivo 95, franja: 10-12, valor: 0.87","chan":"stdout","logger":"task"}
{"timestamp":"2025-07-13T00:36:23.618409Z","level":"info","event":"No hay suficientes datos históricos","chan":"stdout","logger":"task"}
{"timestamp":"2025-07-13T00:36:23.618565Z","level":"info","event":"Dispositivo 96, franja: 10-12, valor: 1.04","chan":"stdout","logger":"task"}
{"timestamp":"2025-07-13T00:36:23.619576Z","level":"info","event":"No hay suficientes datos históricos","chan":"stdout","logger":"task"}
{"timestamp":"2025-07-13T00:36:23.619728Z","level":"info","event":"Dispositivo 97, franja: 10-12, valor: 0.93","chan":"stdout","logger":"task"}
{"timestamp":"2025-07-13T00:36:23.620578Z","level":"info","event":"No hay suficientes datos históricos","chan":"stdout","logger":"task"}
{"timestamp":"2025-07-13T00:36:23.620726Z","level":"info","event":"Dispositivo 98, franja: 10-12, valor: 1.27","chan":"stdout","logger":"task"}
{"timestamp":"2025-07-13T00:36:23.621613Z","level":"info","event":"No hay suficientes datos históricos","chan":"stdout","logger":"task"}
{"timestamp":"2025-07-13T00:36:23.621783Z","level":"info","event":"Dispositivo 99, franja: 10-12, valor: 1.34","chan":"stdout","logger":"task"}
{"timestamp":"2025-07-13T00:36:23.622649Z","level":"info","event":"No hay suficientes datos históricos","chan":"stdout","logger":"task"}
{"timestamp":"2025-07-13T00:36:23.622776Z","level":"info","event":"Dispositivo 100, franja: 10-12, valor: 1.24","chan":"stdout","logger":"task"}
{"timestamp":"2025-07-13T00:36:23.623507Z","level":"info","event":"No hay suficientes datos históricos","chan":"stdout","logger":"task"}
{"timestamp":"2025-07-13T00:36:23.624396","level":"info","event":"Done. Returned value was: None","logger":"airflow.task.operators.airflow.providers.standard.operators.python.PythonOperator"}
{"timestamp":"2025-07-13T00:36:23.648989Z","level":"info","event":"Task instance in success state","chan":"stdout","logger":"task"}
{"timestamp":"2025-07-13T00:36:23.649238Z","level":"info","event":" Previous state of the Task instance: TaskInstanceState.RUNNING","chan":"stdout","logger":"task"}
{"timestamp":"2025-07-13T00:36:23.649361Z","level":"info","event":"Task operator:<Task(PythonOperator): detectar_pico>","chan":"stdout","logger":"task"}
