{"timestamp":"2025-07-13T22:48:28.017890","level":"info","event":"DAG bundles loaded: dags-folder, example_dags","logger":"airflow.dag_processing.bundles.manager.DagBundlesManager"}
{"timestamp":"2025-07-13T22:48:28.018437","level":"info","event":"Filling up the DagBag from /opt/airflow/dags/dag_analisis.py","logger":"airflow.models.dagbag.DagBag"}
{"timestamp":"2025-07-13T22:48:28.069401Z","level":"info","event":"Task instance is in running state","chan":"stdout","logger":"task"}
{"timestamp":"2025-07-13T22:48:28.069621Z","level":"info","event":" Previous state of the Task instance: TaskInstanceState.QUEUED","chan":"stdout","logger":"task"}
{"timestamp":"2025-07-13T22:48:28.069726Z","level":"info","event":"Current task name:detectar_desviacion","chan":"stdout","logger":"task"}
{"timestamp":"2025-07-13T22:48:28.069817Z","level":"info","event":"Dag name:a2","chan":"stdout","logger":"task"}
{"timestamp":"2025-07-13T22:48:28.069909Z","level":"info","event":"1","chan":"stdout","logger":"task"}
{"timestamp":"2025-07-13T22:48:28.069997Z","level":"info","event":"2","chan":"stdout","logger":"task"}
{"timestamp":"2025-07-13T22:48:28.070083Z","level":"info","event":"3","chan":"stdout","logger":"task"}
{"timestamp":"2025-07-13T22:48:28.070168Z","level":"info","event":"4","chan":"stdout","logger":"task"}
{"timestamp":"2025-07-13T22:48:28.070252Z","level":"info","event":"5","chan":"stdout","logger":"task"}
{"timestamp":"2025-07-13T22:48:28.070335Z","level":"info","event":"6","chan":"stdout","logger":"task"}
{"timestamp":"2025-07-13T22:48:28.070419Z","level":"info","event":"7","chan":"stdout","logger":"task"}
{"timestamp":"2025-07-13T22:48:28.070502Z","level":"info","event":"8","chan":"stdout","logger":"task"}
{"timestamp":"2025-07-13T22:48:28.070585Z","level":"info","event":"9","chan":"stdout","logger":"task"}
{"timestamp":"2025-07-13T22:48:28.070667Z","level":"info","event":"10","chan":"stdout","logger":"task"}
{"timestamp":"2025-07-13T22:48:28.070752Z","level":"info","event":"11","chan":"stdout","logger":"task"}
{"timestamp":"2025-07-13T22:48:28.070837Z","level":"info","event":"12","chan":"stdout","logger":"task"}
{"timestamp":"2025-07-13T22:48:28.070921Z","level":"info","event":"13","chan":"stdout","logger":"task"}
{"timestamp":"2025-07-13T22:48:28.071004Z","level":"info","event":"14","chan":"stdout","logger":"task"}
{"timestamp":"2025-07-13T22:48:28.071088Z","level":"info","event":"15","chan":"stdout","logger":"task"}
{"timestamp":"2025-07-13T22:48:28.071171Z","level":"info","event":"16","chan":"stdout","logger":"task"}
{"timestamp":"2025-07-13T22:48:28.071253Z","level":"info","event":"17","chan":"stdout","logger":"task"}
{"timestamp":"2025-07-13T22:48:28.071362Z","level":"info","event":"18","chan":"stdout","logger":"task"}
{"timestamp":"2025-07-13T22:48:28.071447Z","level":"info","event":"19","chan":"stdout","logger":"task"}
{"timestamp":"2025-07-13T22:48:28.071531Z","level":"info","event":"20","chan":"stdout","logger":"task"}
{"timestamp":"2025-07-13T22:48:28.071612Z","level":"info","event":"21","chan":"stdout","logger":"task"}
{"timestamp":"2025-07-13T22:48:28.071689Z","level":"info","event":"22","chan":"stdout","logger":"task"}
{"timestamp":"2025-07-13T22:48:28.071765Z","level":"info","event":"23","chan":"stdout","logger":"task"}
{"timestamp":"2025-07-13T22:48:28.071842Z","level":"info","event":"24","chan":"stdout","logger":"task"}
{"timestamp":"2025-07-13T22:48:28.071918Z","level":"info","event":"25","chan":"stdout","logger":"task"}
{"timestamp":"2025-07-13T22:48:28.071994Z","level":"info","event":"26","chan":"stdout","logger":"task"}
{"timestamp":"2025-07-13T22:48:28.072070Z","level":"info","event":"27","chan":"stdout","logger":"task"}
{"timestamp":"2025-07-13T22:48:28.072147Z","level":"info","event":"28","chan":"stdout","logger":"task"}
{"timestamp":"2025-07-13T22:48:28.072223Z","level":"info","event":"Task instance in failure state","chan":"stdout","logger":"task"}
{"timestamp":"2025-07-13T22:48:28.072300Z","level":"info","event":"Task start","chan":"stdout","logger":"task"}
{"timestamp":"2025-07-13T22:48:28.072380Z","level":"info","event":"Task:<Task(PythonOperator): detectar_desviacion>","chan":"stdout","logger":"task"}
{"timestamp":"2025-07-13T22:48:28.072481Z","level":"info","event":"Failure caused by list index out of range","chan":"stdout","logger":"task"}
{"timestamp":"2025-07-13T22:48:28.041663","level":"error","event":"Task failed with exception","logger":"task","error_detail":[{"exc_type":"IndexError","exc_value":"list index out of range","exc_notes":[],"syntax_error":null,"is_cause":false,"frames":[{"filename":"/home/airflow/.local/lib/python3.12/site-packages/airflow/sdk/execution_time/task_runner.py","lineno":867,"name":"run"},{"filename":"/home/airflow/.local/lib/python3.12/site-packages/airflow/sdk/execution_time/task_runner.py","lineno":1159,"name":"_execute_task"},{"filename":"/home/airflow/.local/lib/python3.12/site-packages/airflow/sdk/bases/operator.py","lineno":397,"name":"wrapper"},{"filename":"/home/airflow/.local/lib/python3.12/site-packages/airflow/providers/standard/operators/python.py","lineno":216,"name":"execute"},{"filename":"/home/airflow/.local/lib/python3.12/site-packages/airflow/providers/standard/operators/python.py","lineno":239,"name":"execute_callable"},{"filename":"/home/airflow/.local/lib/python3.12/site-packages/airflow/sdk/execution_time/callback_runner.py","lineno":81,"name":"run"},{"filename":"/opt/airflow/dags/dag_analisis.py","lineno":125,"name":"detectar_desviacion"}],"is_group":false,"exceptions":[]}]}
