{"timestamp":"2025-07-13T22:48:38.872118","level":"info","event":"DAG bundles loaded: dags-folder, example_dags","logger":"airflow.dag_processing.bundles.manager.DagBundlesManager"}
{"timestamp":"2025-07-13T22:48:38.872932","level":"info","event":"Filling up the DagBag from /opt/airflow/dags/dag_analisis.py","logger":"airflow.models.dagbag.DagBag"}
{"timestamp":"2025-07-13T22:48:38.918502Z","level":"info","event":"Task instance is in running state","chan":"stdout","logger":"task"}
{"timestamp":"2025-07-13T22:48:38.918707Z","level":"info","event":" Previous state of the Task instance: TaskInstanceState.QUEUED","chan":"stdout","logger":"task"}
{"timestamp":"2025-07-13T22:48:38.918803Z","level":"info","event":"Current task name:detectar_desviacion","chan":"stdout","logger":"task"}
{"timestamp":"2025-07-13T22:48:38.918890Z","level":"info","event":"Dag name:a2","chan":"stdout","logger":"task"}
{"timestamp":"2025-07-13T22:48:38.918973Z","level":"info","event":"1","chan":"stdout","logger":"task"}
{"timestamp":"2025-07-13T22:48:38.919063Z","level":"info","event":"2","chan":"stdout","logger":"task"}
{"timestamp":"2025-07-13T22:48:38.919144Z","level":"info","event":"3","chan":"stdout","logger":"task"}
{"timestamp":"2025-07-13T22:48:38.919224Z","level":"info","event":"4","chan":"stdout","logger":"task"}
{"timestamp":"2025-07-13T22:48:38.919328Z","level":"info","event":"5","chan":"stdout","logger":"task"}
{"timestamp":"2025-07-13T22:48:38.919410Z","level":"info","event":"6","chan":"stdout","logger":"task"}
{"timestamp":"2025-07-13T22:48:38.919489Z","level":"info","event":"7","chan":"stdout","logger":"task"}
{"timestamp":"2025-07-13T22:48:38.919568Z","level":"info","event":"8","chan":"stdout","logger":"task"}
{"timestamp":"2025-07-13T22:48:38.919646Z","level":"info","event":"9","chan":"stdout","logger":"task"}
{"timestamp":"2025-07-13T22:48:38.919726Z","level":"info","event":"10","chan":"stdout","logger":"task"}
{"timestamp":"2025-07-13T22:48:38.919806Z","level":"info","event":"11","chan":"stdout","logger":"task"}
{"timestamp":"2025-07-13T22:48:38.919886Z","level":"info","event":"12","chan":"stdout","logger":"task"}
{"timestamp":"2025-07-13T22:48:38.919965Z","level":"info","event":"13","chan":"stdout","logger":"task"}
{"timestamp":"2025-07-13T22:48:38.920044Z","level":"info","event":"14","chan":"stdout","logger":"task"}
{"timestamp":"2025-07-13T22:48:38.920123Z","level":"info","event":"15","chan":"stdout","logger":"task"}
{"timestamp":"2025-07-13T22:48:38.920202Z","level":"info","event":"16","chan":"stdout","logger":"task"}
{"timestamp":"2025-07-13T22:48:38.920281Z","level":"info","event":"17","chan":"stdout","logger":"task"}
{"timestamp":"2025-07-13T22:48:38.920360Z","level":"info","event":"18","chan":"stdout","logger":"task"}
{"timestamp":"2025-07-13T22:48:38.920453Z","level":"info","event":"19","chan":"stdout","logger":"task"}
{"timestamp":"2025-07-13T22:48:38.920536Z","level":"info","event":"20","chan":"stdout","logger":"task"}
{"timestamp":"2025-07-13T22:48:38.920616Z","level":"info","event":"21","chan":"stdout","logger":"task"}
{"timestamp":"2025-07-13T22:48:38.920694Z","level":"info","event":"22","chan":"stdout","logger":"task"}
{"timestamp":"2025-07-13T22:48:38.920773Z","level":"info","event":"23","chan":"stdout","logger":"task"}
{"timestamp":"2025-07-13T22:48:38.920852Z","level":"info","event":"24","chan":"stdout","logger":"task"}
{"timestamp":"2025-07-13T22:48:38.920931Z","level":"info","event":"25","chan":"stdout","logger":"task"}
{"timestamp":"2025-07-13T22:48:38.921009Z","level":"info","event":"26","chan":"stdout","logger":"task"}
{"timestamp":"2025-07-13T22:48:38.921089Z","level":"info","event":"27","chan":"stdout","logger":"task"}
{"timestamp":"2025-07-13T22:48:38.921167Z","level":"info","event":"28","chan":"stdout","logger":"task"}
{"timestamp":"2025-07-13T22:48:38.921247Z","level":"info","event":"Task instance in failure state","chan":"stdout","logger":"task"}
{"timestamp":"2025-07-13T22:48:38.921333Z","level":"info","event":"Task start","chan":"stdout","logger":"task"}
{"timestamp":"2025-07-13T22:48:38.921413Z","level":"info","event":"Task:<Task(PythonOperator): detectar_desviacion>","chan":"stdout","logger":"task"}
{"timestamp":"2025-07-13T22:48:38.921525Z","level":"info","event":"Failure caused by list index out of range","chan":"stdout","logger":"task"}
{"timestamp":"2025-07-13T22:48:38.908370","level":"error","event":"Task failed with exception","logger":"task","error_detail":[{"exc_type":"IndexError","exc_value":"list index out of range","exc_notes":[],"syntax_error":null,"is_cause":false,"frames":[{"filename":"/home/airflow/.local/lib/python3.12/site-packages/airflow/sdk/execution_time/task_runner.py","lineno":867,"name":"run"},{"filename":"/home/airflow/.local/lib/python3.12/site-packages/airflow/sdk/execution_time/task_runner.py","lineno":1159,"name":"_execute_task"},{"filename":"/home/airflow/.local/lib/python3.12/site-packages/airflow/sdk/bases/operator.py","lineno":397,"name":"wrapper"},{"filename":"/home/airflow/.local/lib/python3.12/site-packages/airflow/providers/standard/operators/python.py","lineno":216,"name":"execute"},{"filename":"/home/airflow/.local/lib/python3.12/site-packages/airflow/providers/standard/operators/python.py","lineno":239,"name":"execute_callable"},{"filename":"/home/airflow/.local/lib/python3.12/site-packages/airflow/sdk/execution_time/callback_runner.py","lineno":81,"name":"run"},{"filename":"/opt/airflow/dags/dag_analisis.py","lineno":125,"name":"detectar_desviacion"}],"is_group":false,"exceptions":[]}]}
