{"timestamp":"2025-07-13T06:18:19.116879","level":"info","event":"DAG bundles loaded: dags-folder, example_dags","logger":"airflow.dag_processing.bundles.manager.DagBundlesManager"}
{"timestamp":"2025-07-13T06:18:19.117760","level":"info","event":"Filling up the DagBag from /opt/airflow/dags/dag_analisis.py","logger":"airflow.models.dagbag.DagBag"}
{"timestamp":"2025-07-13T06:18:19.171868Z","level":"info","event":"Task instance is in running state","chan":"stdout","logger":"task"}
{"timestamp":"2025-07-13T06:18:19.172142Z","level":"info","event":" Previous state of the Task instance: TaskInstanceState.QUEUED","chan":"stdout","logger":"task"}
{"timestamp":"2025-07-13T06:18:19.172302Z","level":"info","event":"Current task name:detectar_pico","chan":"stdout","logger":"task"}
{"timestamp":"2025-07-13T06:18:19.172453Z","level":"info","event":"Dag name:a2","chan":"stdout","logger":"task"}
{"timestamp":"2025-07-13T06:18:19.177391Z","level":"info","event":"valores bien","chan":"stdout","logger":"task"}
{"timestamp":"2025-07-13T06:18:19.177890Z","level":"info","event":"valores bien","chan":"stdout","logger":"task"}
{"timestamp":"2025-07-13T06:18:19.178261Z","level":"info","event":"valores bien","chan":"stdout","logger":"task"}
{"timestamp":"2025-07-13T06:18:19.178640Z","level":"info","event":"valores bien","chan":"stdout","logger":"task"}
{"timestamp":"2025-07-13T06:18:19.179037Z","level":"info","event":"valores bien","chan":"stdout","logger":"task"}
{"timestamp":"2025-07-13T06:18:19.179474Z","level":"info","event":"valores bien","chan":"stdout","logger":"task"}
{"timestamp":"2025-07-13T06:18:19.179889Z","level":"info","event":"valores bien","chan":"stdout","logger":"task"}
{"timestamp":"2025-07-13T06:18:19.180259Z","level":"info","event":"valores bien","chan":"stdout","logger":"task"}
{"timestamp":"2025-07-13T06:18:19.180611Z","level":"info","event":"valores bien","chan":"stdout","logger":"task"}
{"timestamp":"2025-07-13T06:18:19.180975Z","level":"info","event":"valores bien","chan":"stdout","logger":"task"}
{"timestamp":"2025-07-13T06:18:19.181423Z","level":"info","event":"valores bien","chan":"stdout","logger":"task"}
{"timestamp":"2025-07-13T06:18:19.181916Z","level":"info","event":"valores bien","chan":"stdout","logger":"task"}
{"timestamp":"2025-07-13T06:18:19.182366Z","level":"info","event":"valores bien","chan":"stdout","logger":"task"}
{"timestamp":"2025-07-13T06:18:19.182778Z","level":"info","event":"valores bien","chan":"stdout","logger":"task"}
{"timestamp":"2025-07-13T06:18:19.183182Z","level":"info","event":"valores bien","chan":"stdout","logger":"task"}
{"timestamp":"2025-07-13T06:18:19.183638Z","level":"info","event":"valores bien","chan":"stdout","logger":"task"}
{"timestamp":"2025-07-13T06:18:19.184016Z","level":"info","event":"valores bien","chan":"stdout","logger":"task"}
{"timestamp":"2025-07-13T06:18:19.184409Z","level":"info","event":"valores bien","chan":"stdout","logger":"task"}
{"timestamp":"2025-07-13T06:18:19.184785Z","level":"info","event":"valores bien","chan":"stdout","logger":"task"}
{"timestamp":"2025-07-13T06:18:19.185175Z","level":"info","event":"valores bien","chan":"stdout","logger":"task"}
{"timestamp":"2025-07-13T06:18:19.185539Z","level":"info","event":"valores bien","chan":"stdout","logger":"task"}
{"timestamp":"2025-07-13T06:18:19.185888Z","level":"info","event":"valores bien","chan":"stdout","logger":"task"}
{"timestamp":"2025-07-13T06:18:19.186234Z","level":"info","event":"valores bien","chan":"stdout","logger":"task"}
{"timestamp":"2025-07-13T06:18:19.186574Z","level":"info","event":"valores bien","chan":"stdout","logger":"task"}
{"timestamp":"2025-07-13T06:18:19.186916Z","level":"info","event":"valores bien","chan":"stdout","logger":"task"}
{"timestamp":"2025-07-13T06:18:19.187261Z","level":"info","event":"valores bien","chan":"stdout","logger":"task"}
{"timestamp":"2025-07-13T06:18:19.187597Z","level":"info","event":"valores bien","chan":"stdout","logger":"task"}
{"timestamp":"2025-07-13T06:18:19.187934Z","level":"info","event":"valores bien","chan":"stdout","logger":"task"}
{"timestamp":"2025-07-13T06:18:19.188271Z","level":"info","event":"valores bien","chan":"stdout","logger":"task"}
{"timestamp":"2025-07-13T06:18:19.188616Z","level":"info","event":"valores bien","chan":"stdout","logger":"task"}
{"timestamp":"2025-07-13T06:18:19.188957Z","level":"info","event":"valores bien","chan":"stdout","logger":"task"}
{"timestamp":"2025-07-13T06:18:19.189313Z","level":"info","event":"valores bien","chan":"stdout","logger":"task"}
{"timestamp":"2025-07-13T06:18:19.189653Z","level":"info","event":"valores bien","chan":"stdout","logger":"task"}
{"timestamp":"2025-07-13T06:18:19.189996Z","level":"info","event":"valores bien","chan":"stdout","logger":"task"}
{"timestamp":"2025-07-13T06:18:19.190338Z","level":"info","event":"valores bien","chan":"stdout","logger":"task"}
{"timestamp":"2025-07-13T06:18:19.190684Z","level":"info","event":"valores bien","chan":"stdout","logger":"task"}
{"timestamp":"2025-07-13T06:18:19.191022Z","level":"info","event":"valores bien","chan":"stdout","logger":"task"}
{"timestamp":"2025-07-13T06:18:19.191360Z","level":"info","event":"valores bien","chan":"stdout","logger":"task"}
{"timestamp":"2025-07-13T06:18:19.191702Z","level":"info","event":"valores bien","chan":"stdout","logger":"task"}
{"timestamp":"2025-07-13T06:18:19.192043Z","level":"info","event":"valores bien","chan":"stdout","logger":"task"}
{"timestamp":"2025-07-13T06:18:19.192384Z","level":"info","event":"valores bien","chan":"stdout","logger":"task"}
{"timestamp":"2025-07-13T06:18:19.192723Z","level":"info","event":"valores bien","chan":"stdout","logger":"task"}
{"timestamp":"2025-07-13T06:18:19.193069Z","level":"info","event":"valores bien","chan":"stdout","logger":"task"}
{"timestamp":"2025-07-13T06:18:19.193460Z","level":"info","event":"valores bien","chan":"stdout","logger":"task"}
{"timestamp":"2025-07-13T06:18:19.193844Z","level":"info","event":"valores bien","chan":"stdout","logger":"task"}
{"timestamp":"2025-07-13T06:18:19.194208Z","level":"info","event":"valores bien","chan":"stdout","logger":"task"}
{"timestamp":"2025-07-13T06:18:19.194564Z","level":"info","event":"valores bien","chan":"stdout","logger":"task"}
{"timestamp":"2025-07-13T06:18:19.194934Z","level":"info","event":"valores bien","chan":"stdout","logger":"task"}
{"timestamp":"2025-07-13T06:18:19.195437Z","level":"info","event":"valores bien","chan":"stdout","logger":"task"}
{"timestamp":"2025-07-13T06:18:19.195904Z","level":"info","event":"valores bien","chan":"stdout","logger":"task"}
{"timestamp":"2025-07-13T06:18:19.196369Z","level":"info","event":"valores bien","chan":"stdout","logger":"task"}
{"timestamp":"2025-07-13T06:18:19.196829Z","level":"info","event":"valores bien","chan":"stdout","logger":"task"}
{"timestamp":"2025-07-13T06:18:19.197307Z","level":"info","event":"valores bien","chan":"stdout","logger":"task"}
{"timestamp":"2025-07-13T06:18:19.197764Z","level":"info","event":"valores bien","chan":"stdout","logger":"task"}
{"timestamp":"2025-07-13T06:18:19.198210Z","level":"info","event":"valores bien","chan":"stdout","logger":"task"}
{"timestamp":"2025-07-13T06:18:19.198651Z","level":"info","event":"valores bien","chan":"stdout","logger":"task"}
{"timestamp":"2025-07-13T06:18:19.199106Z","level":"info","event":"valores bien","chan":"stdout","logger":"task"}
{"timestamp":"2025-07-13T06:18:19.199547Z","level":"info","event":"valores bien","chan":"stdout","logger":"task"}
{"timestamp":"2025-07-13T06:18:19.199990Z","level":"info","event":"valores bien","chan":"stdout","logger":"task"}
{"timestamp":"2025-07-13T06:18:19.200434Z","level":"info","event":"valores bien","chan":"stdout","logger":"task"}
{"timestamp":"2025-07-13T06:18:19.200881Z","level":"info","event":"valores bien","chan":"stdout","logger":"task"}
{"timestamp":"2025-07-13T06:18:19.201349Z","level":"info","event":"valores bien","chan":"stdout","logger":"task"}
{"timestamp":"2025-07-13T06:18:19.201789Z","level":"info","event":"valores bien","chan":"stdout","logger":"task"}
{"timestamp":"2025-07-13T06:18:19.202234Z","level":"info","event":"valores bien","chan":"stdout","logger":"task"}
{"timestamp":"2025-07-13T06:18:19.202704Z","level":"info","event":"valores bien","chan":"stdout","logger":"task"}
{"timestamp":"2025-07-13T06:18:19.203082Z","level":"info","event":"valores bien","chan":"stdout","logger":"task"}
{"timestamp":"2025-07-13T06:18:19.203438Z","level":"info","event":"valores bien","chan":"stdout","logger":"task"}
{"timestamp":"2025-07-13T06:18:19.203779Z","level":"info","event":"valores bien","chan":"stdout","logger":"task"}
{"timestamp":"2025-07-13T06:18:19.204118Z","level":"info","event":"valores bien","chan":"stdout","logger":"task"}
{"timestamp":"2025-07-13T06:18:19.204456Z","level":"info","event":"valores bien","chan":"stdout","logger":"task"}
{"timestamp":"2025-07-13T06:18:19.204793Z","level":"info","event":"valores bien","chan":"stdout","logger":"task"}
{"timestamp":"2025-07-13T06:18:19.205150Z","level":"info","event":"valores bien","chan":"stdout","logger":"task"}
{"timestamp":"2025-07-13T06:18:19.205545Z","level":"info","event":"valores bien","chan":"stdout","logger":"task"}
{"timestamp":"2025-07-13T06:18:19.206013Z","level":"info","event":"valores bien","chan":"stdout","logger":"task"}
{"timestamp":"2025-07-13T06:18:19.206498Z","level":"info","event":"valores bien","chan":"stdout","logger":"task"}
{"timestamp":"2025-07-13T06:18:19.207003Z","level":"info","event":"valores bien","chan":"stdout","logger":"task"}
{"timestamp":"2025-07-13T06:18:19.207539Z","level":"info","event":"valores bien","chan":"stdout","logger":"task"}
{"timestamp":"2025-07-13T06:18:19.208026Z","level":"info","event":"valores bien","chan":"stdout","logger":"task"}
{"timestamp":"2025-07-13T06:18:19.208532Z","level":"info","event":"valores bien","chan":"stdout","logger":"task"}
{"timestamp":"2025-07-13T06:18:19.209022Z","level":"info","event":"valores bien","chan":"stdout","logger":"task"}
{"timestamp":"2025-07-13T06:18:19.209609Z","level":"info","event":"valores bien","chan":"stdout","logger":"task"}
{"timestamp":"2025-07-13T06:18:19.210131Z","level":"info","event":"valores bien","chan":"stdout","logger":"task"}
{"timestamp":"2025-07-13T06:18:19.210825Z","level":"info","event":"valores bien","chan":"stdout","logger":"task"}
{"timestamp":"2025-07-13T06:18:19.211369Z","level":"info","event":"valores bien","chan":"stdout","logger":"task"}
{"timestamp":"2025-07-13T06:18:19.211886Z","level":"info","event":"valores bien","chan":"stdout","logger":"task"}
{"timestamp":"2025-07-13T06:18:19.212391Z","level":"info","event":"valores bien","chan":"stdout","logger":"task"}
{"timestamp":"2025-07-13T06:18:19.212955Z","level":"info","event":"valores bien","chan":"stdout","logger":"task"}
{"timestamp":"2025-07-13T06:18:19.213512Z","level":"info","event":"valores bien","chan":"stdout","logger":"task"}
{"timestamp":"2025-07-13T06:18:19.214092Z","level":"info","event":"valores bien","chan":"stdout","logger":"task"}
{"timestamp":"2025-07-13T06:18:19.214665Z","level":"info","event":"valores bien","chan":"stdout","logger":"task"}
{"timestamp":"2025-07-13T06:18:19.215231Z","level":"info","event":"valores bien","chan":"stdout","logger":"task"}
{"timestamp":"2025-07-13T06:18:19.215704Z","level":"info","event":"valores bien","chan":"stdout","logger":"task"}
{"timestamp":"2025-07-13T06:18:19.216208Z","level":"info","event":"valores bien","chan":"stdout","logger":"task"}
{"timestamp":"2025-07-13T06:18:19.216679Z","level":"info","event":"valores bien","chan":"stdout","logger":"task"}
{"timestamp":"2025-07-13T06:18:19.217198Z","level":"info","event":"valores bien","chan":"stdout","logger":"task"}
{"timestamp":"2025-07-13T06:18:19.217690Z","level":"info","event":"valores bien","chan":"stdout","logger":"task"}
{"timestamp":"2025-07-13T06:18:19.218178Z","level":"info","event":"valores bien","chan":"stdout","logger":"task"}
{"timestamp":"2025-07-13T06:18:19.218664Z","level":"info","event":"valores bien","chan":"stdout","logger":"task"}
{"timestamp":"2025-07-13T06:18:19.219283Z","level":"info","event":"valores bien","chan":"stdout","logger":"task"}
{"timestamp":"2025-07-13T06:18:19.219796Z","level":"info","event":"valores bien","chan":"stdout","logger":"task"}
{"timestamp":"2025-07-13T06:18:19.221024","level":"info","event":"Done. Returned value was: None","logger":"airflow.task.operators.airflow.providers.standard.operators.python.PythonOperator"}
{"timestamp":"2025-07-13T06:18:19.257288Z","level":"info","event":"Task instance in success state","chan":"stdout","logger":"task"}
{"timestamp":"2025-07-13T06:18:19.257590Z","level":"info","event":" Previous state of the Task instance: TaskInstanceState.RUNNING","chan":"stdout","logger":"task"}
{"timestamp":"2025-07-13T06:18:19.257773Z","level":"info","event":"Task operator:<Task(PythonOperator): detectar_pico>","chan":"stdout","logger":"task"}
