{"timestamp":"2025-07-13T15:22:27.584633","level":"info","event":"DAG bundles loaded: dags-folder, example_dags","logger":"airflow.dag_processing.bundles.manager.DagBundlesManager"}
{"timestamp":"2025-07-13T15:22:27.588128","level":"info","event":"Filling up the DagBag from /opt/airflow/dags/dag_analisis.py","logger":"airflow.models.dagbag.DagBag"}
{"timestamp":"2025-07-13T15:22:27.652518Z","level":"info","event":"Task instance is in running state","chan":"stdout","logger":"task"}
{"timestamp":"2025-07-13T15:22:27.652853Z","level":"info","event":" Previous state of the Task instance: TaskInstanceState.QUEUED","chan":"stdout","logger":"task"}
{"timestamp":"2025-07-13T15:22:27.653051Z","level":"info","event":"Current task name:deteccion_valores_congelados","chan":"stdout","logger":"task"}
{"timestamp":"2025-07-13T15:22:27.653253Z","level":"info","event":"Dag name:a2","chan":"stdout","logger":"task"}
{"timestamp":"2025-07-13T15:22:27.629192","level":"warning","event":"/opt/airflow/dags/dag_analisis.py:69: UserWarning: pandas only supports SQLAlchemy connectable (engine/connection) or database string URI or sqlite3 DBAPI2 connection. Other DBAPI2 objects are not tested. Please consider using SQLAlchemy.\n  df = pd.read_sql(query, conn)\n","logger":"py.warnings"}
{"timestamp":"2025-07-13T15:22:27.746315Z","level":"info","event":"         id  device_id           timestamp   value  rn","chan":"stdout","logger":"task"}
{"timestamp":"2025-07-13T15:22:27.746699Z","level":"info","event":"0    234041          1 2025-07-07 17:15:00  218.22   3","chan":"stdout","logger":"task"}
{"timestamp":"2025-07-13T15:22:27.746971Z","level":"info","event":"1    234042          1 2025-07-07 17:30:00  218.57   2","chan":"stdout","logger":"task"}
{"timestamp":"2025-07-13T15:22:27.747234Z","level":"info","event":"2    234043          1 2025-07-07 17:45:00  218.75   1","chan":"stdout","logger":"task"}
{"timestamp":"2025-07-13T15:22:27.747538Z","level":"info","event":"3    234405          2 2025-07-07 17:15:00  217.87   3","chan":"stdout","logger":"task"}
{"timestamp":"2025-07-13T15:22:27.747768Z","level":"info","event":"4    234406          2 2025-07-07 17:30:00  218.12   2","chan":"stdout","logger":"task"}
{"timestamp":"2025-07-13T15:22:27.748005Z","level":"info","event":"..      ...        ...                 ...     ...  ..","chan":"stdout","logger":"task"}
{"timestamp":"2025-07-13T15:22:27.748232Z","level":"info","event":"295  269714         99 2025-07-07 17:30:00  220.44   2","chan":"stdout","logger":"task"}
{"timestamp":"2025-07-13T15:22:27.748458Z","level":"info","event":"296  269715         99 2025-07-07 17:45:00  220.68   1","chan":"stdout","logger":"task"}
{"timestamp":"2025-07-13T15:22:27.748685Z","level":"info","event":"297  270077        100 2025-07-07 17:15:00  224.89   3","chan":"stdout","logger":"task"}
{"timestamp":"2025-07-13T15:22:27.748911Z","level":"info","event":"298  270078        100 2025-07-07 17:30:00  225.09   2","chan":"stdout","logger":"task"}
{"timestamp":"2025-07-13T15:22:27.749136Z","level":"info","event":"299  270079        100 2025-07-07 17:45:00  225.25   1","chan":"stdout","logger":"task"}
{"timestamp":"2025-07-13T15:22:27.749353Z","level":"info","event":"","chan":"stdout","logger":"task"}
{"timestamp":"2025-07-13T15:22:27.749574Z","level":"info","event":"[300 rows x 5 columns]","chan":"stdout","logger":"task"}
{"timestamp":"2025-07-13T15:22:27.766688Z","level":"info","event":"todo bien","chan":"stdout","logger":"task"}
{"timestamp":"2025-07-13T15:22:27.767931","level":"info","event":"Done. Returned value was: None","logger":"airflow.task.operators.airflow.providers.standard.operators.python.PythonOperator"}
{"timestamp":"2025-07-13T15:22:27.809258Z","level":"info","event":"Task instance in success state","chan":"stdout","logger":"task"}
{"timestamp":"2025-07-13T15:22:27.809608Z","level":"info","event":" Previous state of the Task instance: TaskInstanceState.RUNNING","chan":"stdout","logger":"task"}
{"timestamp":"2025-07-13T15:22:27.809843Z","level":"info","event":"Task operator:<Task(PythonOperator): deteccion_valores_congelados>","chan":"stdout","logger":"task"}
