{"timestamp":"2025-07-14T00:45:43.729705","level":"info","event":"DAG bundles loaded: dags-folder, example_dags","logger":"airflow.dag_processing.bundles.manager.DagBundlesManager"}
{"timestamp":"2025-07-14T00:45:43.730651","level":"info","event":"Filling up the DagBag from /opt/airflow/dags/dag_analisis.py","logger":"airflow.models.dagbag.DagBag"}
{"timestamp":"2025-07-14T00:45:43.774856Z","level":"info","event":"Task instance is in running state","chan":"stdout","logger":"task"}
{"timestamp":"2025-07-14T00:45:43.776032Z","level":"info","event":" Previous state of the Task instance: TaskInstanceState.QUEUED","chan":"stdout","logger":"task"}
{"timestamp":"2025-07-14T00:45:43.776280Z","level":"info","event":"Current task name:deteccion_valores_congelados","chan":"stdout","logger":"task"}
{"timestamp":"2025-07-14T00:45:43.776392Z","level":"info","event":"Dag name:a2","chan":"stdout","logger":"task"}
{"timestamp":"2025-07-14T00:45:43.756732","level":"warning","event":"/opt/airflow/dags/dag_analisis.py:69: UserWarning: pandas only supports SQLAlchemy connectable (engine/connection) or database string URI or sqlite3 DBAPI2 connection. Other DBAPI2 objects are not tested. Please consider using SQLAlchemy.\n  df = pd.read_sql(query, conn)\n","logger":"py.warnings"}
{"timestamp":"2025-07-14T00:45:43.778529Z","level":"info","event":"      id  device_id           timestamp   value  rn","chan":"stdout","logger":"task"}
{"timestamp":"2025-07-14T00:45:43.778792Z","level":"info","event":"0    358          1 2025-07-07 17:15:00  216.65   3","chan":"stdout","logger":"task"}
{"timestamp":"2025-07-14T00:45:43.778927Z","level":"info","event":"1    359          1 2025-07-07 17:30:00  216.95   2","chan":"stdout","logger":"task"}
{"timestamp":"2025-07-14T00:45:43.779053Z","level":"info","event":"2    360          1 2025-07-07 17:45:00  217.30   1","chan":"stdout","logger":"task"}
{"timestamp":"2025-07-14T00:45:43.779176Z","level":"info","event":"3    722          2 2025-07-07 17:15:00  235.13   3","chan":"stdout","logger":"task"}
{"timestamp":"2025-07-14T00:45:43.779318Z","level":"info","event":"4    723          2 2025-07-07 17:30:00  235.29   2","chan":"stdout","logger":"task"}
{"timestamp":"2025-07-14T00:45:43.779452Z","level":"info","event":"5    724          2 2025-07-07 17:45:00  235.64   1","chan":"stdout","logger":"task"}
{"timestamp":"2025-07-14T00:45:43.779569Z","level":"info","event":"6   1086          3 2025-07-07 17:15:00  219.33   3","chan":"stdout","logger":"task"}
{"timestamp":"2025-07-14T00:45:43.779679Z","level":"info","event":"7   1087          3 2025-07-07 17:30:00  219.57   2","chan":"stdout","logger":"task"}
{"timestamp":"2025-07-14T00:45:43.779791Z","level":"info","event":"8   1088          3 2025-07-07 17:45:00  219.78   1","chan":"stdout","logger":"task"}
{"timestamp":"2025-07-14T00:45:43.779903Z","level":"info","event":"9   1450          4 2025-07-07 17:15:00  211.40   3","chan":"stdout","logger":"task"}
{"timestamp":"2025-07-14T00:45:43.780013Z","level":"info","event":"10  1451          4 2025-07-07 17:30:00  211.54   2","chan":"stdout","logger":"task"}
{"timestamp":"2025-07-14T00:45:43.780122Z","level":"info","event":"11  1452          4 2025-07-07 17:45:00  211.83   1","chan":"stdout","logger":"task"}
{"timestamp":"2025-07-14T00:45:43.780236Z","level":"info","event":"12  1814          5 2025-07-07 17:15:00  216.55   3","chan":"stdout","logger":"task"}
{"timestamp":"2025-07-14T00:45:43.780353Z","level":"info","event":"13  1815          5 2025-07-07 17:30:00  216.94   2","chan":"stdout","logger":"task"}
{"timestamp":"2025-07-14T00:45:43.780463Z","level":"info","event":"14  1816          5 2025-07-07 17:45:00  217.21   1","chan":"stdout","logger":"task"}
{"timestamp":"2025-07-14T00:45:43.780570Z","level":"info","event":"15  2178          6 2025-07-07 17:15:00  223.12   3","chan":"stdout","logger":"task"}
{"timestamp":"2025-07-14T00:45:43.780682Z","level":"info","event":"16  2179          6 2025-07-07 17:30:00  223.26   2","chan":"stdout","logger":"task"}
{"timestamp":"2025-07-14T00:45:43.780795Z","level":"info","event":"17  2180          6 2025-07-07 17:45:00  223.64   1","chan":"stdout","logger":"task"}
{"timestamp":"2025-07-14T00:45:43.780938Z","level":"info","event":"18  2416          7 2025-07-05 11:45:00  142.24   3","chan":"stdout","logger":"task"}
{"timestamp":"2025-07-14T00:45:43.781053Z","level":"info","event":"19  2417          7 2025-07-05 12:00:00  143.19   2","chan":"stdout","logger":"task"}
{"timestamp":"2025-07-14T00:45:43.781165Z","level":"info","event":"20  2418          7 2025-07-05 12:15:00  144.41   1","chan":"stdout","logger":"task"}
{"timestamp":"2025-07-14T00:45:43.781365Z","level":"info","event":"todo bien","chan":"stdout","logger":"task"}
{"timestamp":"2025-07-14T00:45:43.782251","level":"info","event":"Done. Returned value was: None","logger":"airflow.task.operators.airflow.providers.standard.operators.python.PythonOperator"}
{"timestamp":"2025-07-14T00:45:43.807670Z","level":"info","event":"Task instance in success state","chan":"stdout","logger":"task"}
{"timestamp":"2025-07-14T00:45:43.807899Z","level":"info","event":" Previous state of the Task instance: TaskInstanceState.RUNNING","chan":"stdout","logger":"task"}
{"timestamp":"2025-07-14T00:45:43.808011Z","level":"info","event":"Task operator:<Task(PythonOperator): deteccion_valores_congelados>","chan":"stdout","logger":"task"}
