{"timestamp":"2025-07-12T23:38:20.588844","level":"info","event":"DAG bundles loaded: dags-folder, example_dags","logger":"airflow.dag_processing.bundles.manager.DagBundlesManager"}
{"timestamp":"2025-07-12T23:38:20.589704","level":"info","event":"Filling up the DagBag from /opt/airflow/dags/dag_analisis.py","logger":"airflow.models.dagbag.DagBag"}
{"timestamp":"2025-07-12T23:38:20.640221Z","level":"info","event":"Task instance is in running state","chan":"stdout","logger":"task"}
{"timestamp":"2025-07-12T23:38:20.640548Z","level":"info","event":" Previous state of the Task instance: TaskInstanceState.QUEUED","chan":"stdout","logger":"task"}
{"timestamp":"2025-07-12T23:38:20.640760Z","level":"info","event":"Current task name:deteccion_valores_congelados","chan":"stdout","logger":"task"}
{"timestamp":"2025-07-12T23:38:20.640960Z","level":"info","event":"Dag name:a1","chan":"stdout","logger":"task"}
{"timestamp":"2025-07-12T23:38:20.618551","level":"warning","event":"/opt/airflow/dags/dag_analisis.py:68: UserWarning: pandas only supports SQLAlchemy connectable (engine/connection) or database string URI or sqlite3 DBAPI2 connection. Other DBAPI2 objects are not tested. Please consider using SQLAlchemy.\n  df = pd.read_sql(query, conn)\n","logger":"py.warnings"}
{"timestamp":"2025-07-12T23:38:20.672086Z","level":"info","event":"         id  device_id           timestamp  value  rn","chan":"stdout","logger":"task"}
{"timestamp":"2025-07-12T23:38:20.672354Z","level":"info","event":"0    230984          1 2025-07-08 07:15:00   0.28   3","chan":"stdout","logger":"task"}
{"timestamp":"2025-07-12T23:38:20.672532Z","level":"info","event":"1    231084          1 2025-07-08 07:30:00   0.19   2","chan":"stdout","logger":"task"}
{"timestamp":"2025-07-12T23:38:20.672699Z","level":"info","event":"2    231184          1 2025-07-08 07:45:00   0.17   1","chan":"stdout","logger":"task"}
{"timestamp":"2025-07-12T23:38:20.672869Z","level":"info","event":"3    230985          2 2025-07-08 07:15:00   0.28   3","chan":"stdout","logger":"task"}
{"timestamp":"2025-07-12T23:38:20.673036Z","level":"info","event":"4    231085          2 2025-07-08 07:30:00   0.19   2","chan":"stdout","logger":"task"}
{"timestamp":"2025-07-12T23:38:20.673242Z","level":"info","event":"..      ...        ...                 ...    ...  ..","chan":"stdout","logger":"task"}
{"timestamp":"2025-07-12T23:38:20.673409Z","level":"info","event":"295  231182         99 2025-07-08 07:30:00   0.27   2","chan":"stdout","logger":"task"}
{"timestamp":"2025-07-12T23:38:20.673571Z","level":"info","event":"296  231282         99 2025-07-08 07:45:00   0.33   1","chan":"stdout","logger":"task"}
{"timestamp":"2025-07-12T23:38:20.673733Z","level":"info","event":"297  231083        100 2025-07-08 07:15:00   0.39   3","chan":"stdout","logger":"task"}
{"timestamp":"2025-07-12T23:38:20.673894Z","level":"info","event":"298  231183        100 2025-07-08 07:30:00   0.23   2","chan":"stdout","logger":"task"}
{"timestamp":"2025-07-12T23:38:20.674058Z","level":"info","event":"299  231283        100 2025-07-08 07:45:00   0.15   1","chan":"stdout","logger":"task"}
{"timestamp":"2025-07-12T23:38:20.674221Z","level":"info","event":"","chan":"stdout","logger":"task"}
{"timestamp":"2025-07-12T23:38:20.674385Z","level":"info","event":"[300 rows x 5 columns]","chan":"stdout","logger":"task"}
{"timestamp":"2025-07-12T23:38:20.682796Z","level":"info","event":"congelados 36","chan":"stdout","logger":"task"}
{"timestamp":"2025-07-12T23:38:20.683329","level":"info","event":"Done. Returned value was: None","logger":"airflow.task.operators.airflow.providers.standard.operators.python.PythonOperator"}
{"timestamp":"2025-07-12T23:38:20.713934Z","level":"info","event":"Task instance in success state","chan":"stdout","logger":"task"}
{"timestamp":"2025-07-12T23:38:20.714249Z","level":"info","event":" Previous state of the Task instance: TaskInstanceState.RUNNING","chan":"stdout","logger":"task"}
{"timestamp":"2025-07-12T23:38:20.714450Z","level":"info","event":"Task operator:<Task(PythonOperator): deteccion_valores_congelados>","chan":"stdout","logger":"task"}
