{"timestamp":"2025-07-14T03:47:48.232356","level":"info","event":"DAG bundles loaded: dags-folder, example_dags","logger":"airflow.dag_processing.bundles.manager.DagBundlesManager"}
{"timestamp":"2025-07-14T03:47:48.233176","level":"info","event":"Filling up the DagBag from /opt/airflow/dags/dag_analisis.py","logger":"airflow.models.dagbag.DagBag"}
{"timestamp":"2025-07-14T03:47:48.262278","level":"warning","event":"/opt/airflow/dags/dag_analisis.py:69: UserWarning: pandas only supports SQLAlchemy connectable (engine/connection) or database string URI or sqlite3 DBAPI2 connection. Other DBAPI2 objects are not tested. Please consider using SQLAlchemy.\n  df = pd.read_sql(query, conn)\n","logger":"py.warnings"}
{"timestamp":"2025-07-14T03:47:48.291444Z","level":"info","event":"Task instance is in running state","chan":"stdout","logger":"task"}
{"timestamp":"2025-07-14T03:47:48.291692Z","level":"info","event":" Previous state of the Task instance: TaskInstanceState.QUEUED","chan":"stdout","logger":"task"}
{"timestamp":"2025-07-14T03:47:48.291834Z","level":"info","event":"Current task name:deteccion_valores_congelados","chan":"stdout","logger":"task"}
{"timestamp":"2025-07-14T03:47:48.291966Z","level":"info","event":"Dag name:a2","chan":"stdout","logger":"task"}
{"timestamp":"2025-07-14T03:47:48.295200Z","level":"info","event":"       id  device_id           timestamp   value  rn","chan":"stdout","logger":"task"}
{"timestamp":"2025-07-14T03:47:48.295449Z","level":"info","event":"0   47658          1 2025-07-07 17:15:00  220.76   3","chan":"stdout","logger":"task"}
{"timestamp":"2025-07-14T03:47:48.295612Z","level":"info","event":"1   47659          1 2025-07-07 17:30:00  221.03   2","chan":"stdout","logger":"task"}
{"timestamp":"2025-07-14T03:47:48.295754Z","level":"info","event":"2   47660          1 2025-07-07 17:45:00  221.35   1","chan":"stdout","logger":"task"}
{"timestamp":"2025-07-14T03:47:48.295905Z","level":"info","event":"3   48022          2 2025-07-07 17:15:00  221.72   3","chan":"stdout","logger":"task"}
{"timestamp":"2025-07-14T03:47:48.296089Z","level":"info","event":"4   48023          2 2025-07-07 17:30:00  221.90   2","chan":"stdout","logger":"task"}
{"timestamp":"2025-07-14T03:47:48.296238Z","level":"info","event":"5   48024          2 2025-07-07 17:45:00  222.24   1","chan":"stdout","logger":"task"}
{"timestamp":"2025-07-14T03:47:48.296385Z","level":"info","event":"6   48386          3 2025-07-07 17:15:00  222.72   3","chan":"stdout","logger":"task"}
{"timestamp":"2025-07-14T03:47:48.296538Z","level":"info","event":"7   48387          3 2025-07-07 17:30:00  223.06   2","chan":"stdout","logger":"task"}
{"timestamp":"2025-07-14T03:47:48.296691Z","level":"info","event":"8   48388          3 2025-07-07 17:45:00  223.42   1","chan":"stdout","logger":"task"}
{"timestamp":"2025-07-14T03:47:48.296846Z","level":"info","event":"9   48750          4 2025-07-07 17:15:00  218.50   3","chan":"stdout","logger":"task"}
{"timestamp":"2025-07-14T03:47:48.296993Z","level":"info","event":"10  48751          4 2025-07-07 17:30:00  218.88   2","chan":"stdout","logger":"task"}
{"timestamp":"2025-07-14T03:47:48.297144Z","level":"info","event":"11  48752          4 2025-07-07 17:45:00  219.26   1","chan":"stdout","logger":"task"}
{"timestamp":"2025-07-14T03:47:48.297297Z","level":"info","event":"12  49114          5 2025-07-07 17:15:00  210.45   3","chan":"stdout","logger":"task"}
{"timestamp":"2025-07-14T03:47:48.297451Z","level":"info","event":"13  49115          5 2025-07-07 17:30:00  210.77   2","chan":"stdout","logger":"task"}
{"timestamp":"2025-07-14T03:47:48.297601Z","level":"info","event":"14  49116          5 2025-07-07 17:45:00  210.94   1","chan":"stdout","logger":"task"}
{"timestamp":"2025-07-14T03:47:48.297743Z","level":"info","event":"15  49478          6 2025-07-07 17:15:00  231.07   3","chan":"stdout","logger":"task"}
{"timestamp":"2025-07-14T03:47:48.297888Z","level":"info","event":"16  49479          6 2025-07-07 17:30:00  231.36   2","chan":"stdout","logger":"task"}
{"timestamp":"2025-07-14T03:47:48.298030Z","level":"info","event":"17  49480          6 2025-07-07 17:45:00  231.71   1","chan":"stdout","logger":"task"}
{"timestamp":"2025-07-14T03:47:48.298196Z","level":"info","event":"18  49842          7 2025-07-07 17:15:00  219.77   3","chan":"stdout","logger":"task"}
{"timestamp":"2025-07-14T03:47:48.298315Z","level":"info","event":"19  49843          7 2025-07-07 17:30:00  219.95   2","chan":"stdout","logger":"task"}
{"timestamp":"2025-07-14T03:47:48.298443Z","level":"info","event":"20  49844          7 2025-07-07 17:45:00  219.95   1","chan":"stdout","logger":"task"}
{"timestamp":"2025-07-14T03:47:48.298578Z","level":"info","event":"21  50206          8 2025-07-07 17:15:00  206.59   3","chan":"stdout","logger":"task"}
{"timestamp":"2025-07-14T03:47:48.298714Z","level":"info","event":"22  50207          8 2025-07-07 17:30:00  206.95   2","chan":"stdout","logger":"task"}
{"timestamp":"2025-07-14T03:47:48.298848Z","level":"info","event":"23  50208          8 2025-07-07 17:45:00  207.27   1","chan":"stdout","logger":"task"}
{"timestamp":"2025-07-14T03:47:48.298963Z","level":"info","event":"24  50570          9 2025-07-07 17:15:00  206.39   3","chan":"stdout","logger":"task"}
{"timestamp":"2025-07-14T03:47:48.299101Z","level":"info","event":"25  50571          9 2025-07-07 17:30:00  206.71   2","chan":"stdout","logger":"task"}
{"timestamp":"2025-07-14T03:47:48.299224Z","level":"info","event":"26  50572          9 2025-07-07 17:45:00  206.86   1","chan":"stdout","logger":"task"}
{"timestamp":"2025-07-14T03:47:48.299352Z","level":"info","event":"27  50934         10 2025-07-07 17:15:00  225.15   3","chan":"stdout","logger":"task"}
{"timestamp":"2025-07-14T03:47:48.299458Z","level":"info","event":"28  50935         10 2025-07-07 17:30:00  225.34   2","chan":"stdout","logger":"task"}
{"timestamp":"2025-07-14T03:47:48.299568Z","level":"info","event":"29  50936         10 2025-07-07 17:45:00  225.53   1","chan":"stdout","logger":"task"}
{"timestamp":"2025-07-14T03:47:48.299687Z","level":"info","event":"30  51235         11 2025-07-06 14:30:00  182.27   3","chan":"stdout","logger":"task"}
{"timestamp":"2025-07-14T03:47:48.299792Z","level":"info","event":"31  51236         11 2025-07-06 14:45:00  183.00   2","chan":"stdout","logger":"task"}
{"timestamp":"2025-07-14T03:47:48.299894Z","level":"info","event":"32  51237         11 2025-07-06 15:00:00  183.91   1","chan":"stdout","logger":"task"}
{"timestamp":"2025-07-14T03:47:48.300098Z","level":"info","event":"todo bien","chan":"stdout","logger":"task"}
{"timestamp":"2025-07-14T03:47:48.300802","level":"info","event":"Done. Returned value was: None","logger":"airflow.task.operators.airflow.providers.standard.operators.python.PythonOperator"}
{"timestamp":"2025-07-14T03:47:48.326771Z","level":"info","event":"Task instance in success state","chan":"stdout","logger":"task"}
{"timestamp":"2025-07-14T03:47:48.327036Z","level":"info","event":" Previous state of the Task instance: TaskInstanceState.RUNNING","chan":"stdout","logger":"task"}
{"timestamp":"2025-07-14T03:47:48.327176Z","level":"info","event":"Task operator:<Task(PythonOperator): deteccion_valores_congelados>","chan":"stdout","logger":"task"}
