{"timestamp":"2025-07-13T14:55:50.754861","level":"info","event":"DAG bundles loaded: dags-folder, example_dags","logger":"airflow.dag_processing.bundles.manager.DagBundlesManager"}
{"timestamp":"2025-07-13T14:55:50.755709","level":"info","event":"Filling up the DagBag from /opt/airflow/dags/dag_analisis.py","logger":"airflow.models.dagbag.DagBag"}
{"timestamp":"2025-07-13T14:55:50.784887","level":"warning","event":"/opt/airflow/dags/dag_analisis.py:96: UserWarning: pandas only supports SQLAlchemy connectable (engine/connection) or database string URI or sqlite3 DBAPI2 connection. Other DBAPI2 objects are not tested. Please consider using SQLAlchemy.\n  ultimos_df = pd.read_sql(\"\"\"\n","logger":"py.warnings"}
{"timestamp":"2025-07-13T14:55:50.834004Z","level":"info","event":"Task instance is in running state","chan":"stdout","logger":"task"}
{"timestamp":"2025-07-13T14:55:50.834784Z","level":"info","event":" Previous state of the Task instance: TaskInstanceState.QUEUED","chan":"stdout","logger":"task"}
{"timestamp":"2025-07-13T14:55:50.835062Z","level":"info","event":"Current task name:detectar_pico","chan":"stdout","logger":"task"}
{"timestamp":"2025-07-13T14:55:50.835209Z","level":"info","event":"Dag name:a2","chan":"stdout","logger":"task"}
{"timestamp":"2025-07-13T14:55:50.827296","level":"warning","event":"/opt/airflow/dags/dag_analisis.py:103: UserWarning: pandas only supports SQLAlchemy connectable (engine/connection) or database string URI or sqlite3 DBAPI2 connection. Other DBAPI2 objects are not tested. Please consider using SQLAlchemy.\n  historico_df = pd.read_sql(\"SELECT * FROM franja_valores_historicos\", conn)\n","logger":"py.warnings"}
{"timestamp":"2025-07-13T14:55:50.935583Z","level":"info","event":"atipico","chan":"stdout","logger":"task"}
{"timestamp":"2025-07-13T14:55:50.938822Z","level":"info","event":"atipico","chan":"stdout","logger":"task"}
{"timestamp":"2025-07-13T14:55:50.942543Z","level":"info","event":"atipico","chan":"stdout","logger":"task"}
{"timestamp":"2025-07-13T14:55:50.947212Z","level":"info","event":"atipico","chan":"stdout","logger":"task"}
{"timestamp":"2025-07-13T14:55:50.951957Z","level":"info","event":"atipico","chan":"stdout","logger":"task"}
{"timestamp":"2025-07-13T14:55:50.956610Z","level":"info","event":"atipico","chan":"stdout","logger":"task"}
{"timestamp":"2025-07-13T14:55:50.960839Z","level":"info","event":"atipico","chan":"stdout","logger":"task"}
{"timestamp":"2025-07-13T14:55:50.964678Z","level":"info","event":"atipico","chan":"stdout","logger":"task"}
{"timestamp":"2025-07-13T14:55:50.969850Z","level":"info","event":"atipico","chan":"stdout","logger":"task"}
{"timestamp":"2025-07-13T14:55:50.974135Z","level":"info","event":"atipico","chan":"stdout","logger":"task"}
{"timestamp":"2025-07-13T14:55:50.980839Z","level":"info","event":"atipico","chan":"stdout","logger":"task"}
{"timestamp":"2025-07-13T14:55:50.987100Z","level":"info","event":"atipico","chan":"stdout","logger":"task"}
{"timestamp":"2025-07-13T14:55:50.992711Z","level":"info","event":"atipico","chan":"stdout","logger":"task"}
{"timestamp":"2025-07-13T14:55:50.998486Z","level":"info","event":"atipico","chan":"stdout","logger":"task"}
{"timestamp":"2025-07-13T14:55:51.004032Z","level":"info","event":"atipico","chan":"stdout","logger":"task"}
{"timestamp":"2025-07-13T14:55:51.009029Z","level":"info","event":"atipico","chan":"stdout","logger":"task"}
{"timestamp":"2025-07-13T14:55:51.013313Z","level":"info","event":"atipico","chan":"stdout","logger":"task"}
{"timestamp":"2025-07-13T14:55:51.018202Z","level":"info","event":"atipico","chan":"stdout","logger":"task"}
{"timestamp":"2025-07-13T14:55:51.022989Z","level":"info","event":"atipico","chan":"stdout","logger":"task"}
{"timestamp":"2025-07-13T14:55:51.028076Z","level":"info","event":"atipico","chan":"stdout","logger":"task"}
{"timestamp":"2025-07-13T14:55:51.033279Z","level":"info","event":"atipico","chan":"stdout","logger":"task"}
{"timestamp":"2025-07-13T14:55:51.037905Z","level":"info","event":"atipico","chan":"stdout","logger":"task"}
{"timestamp":"2025-07-13T14:55:51.043161Z","level":"info","event":"atipico","chan":"stdout","logger":"task"}
{"timestamp":"2025-07-13T14:55:51.048063Z","level":"info","event":"atipico","chan":"stdout","logger":"task"}
{"timestamp":"2025-07-13T14:55:51.052173Z","level":"info","event":"atipico","chan":"stdout","logger":"task"}
{"timestamp":"2025-07-13T14:55:51.056655Z","level":"info","event":"atipico","chan":"stdout","logger":"task"}
{"timestamp":"2025-07-13T14:55:51.061894Z","level":"info","event":"atipico","chan":"stdout","logger":"task"}
{"timestamp":"2025-07-13T14:55:51.065712Z","level":"info","event":"atipico","chan":"stdout","logger":"task"}
{"timestamp":"2025-07-13T14:55:51.069173Z","level":"info","event":"atipico","chan":"stdout","logger":"task"}
{"timestamp":"2025-07-13T14:55:51.071945Z","level":"info","event":"atipico","chan":"stdout","logger":"task"}
{"timestamp":"2025-07-13T14:55:51.074886Z","level":"info","event":"atipico","chan":"stdout","logger":"task"}
{"timestamp":"2025-07-13T14:55:51.077870Z","level":"info","event":"atipico","chan":"stdout","logger":"task"}
{"timestamp":"2025-07-13T14:55:51.081075Z","level":"info","event":"atipico","chan":"stdout","logger":"task"}
{"timestamp":"2025-07-13T14:55:51.083856Z","level":"info","event":"atipico","chan":"stdout","logger":"task"}
{"timestamp":"2025-07-13T14:55:51.087061Z","level":"info","event":"atipico","chan":"stdout","logger":"task"}
{"timestamp":"2025-07-13T14:55:51.091165Z","level":"info","event":"atipico","chan":"stdout","logger":"task"}
{"timestamp":"2025-07-13T14:55:51.094803Z","level":"info","event":"atipico","chan":"stdout","logger":"task"}
{"timestamp":"2025-07-13T14:55:51.098077Z","level":"info","event":"atipico","chan":"stdout","logger":"task"}
{"timestamp":"2025-07-13T14:55:51.100787Z","level":"info","event":"atipico","chan":"stdout","logger":"task"}
{"timestamp":"2025-07-13T14:55:51.104351Z","level":"info","event":"atipico","chan":"stdout","logger":"task"}
{"timestamp":"2025-07-13T14:55:51.108261Z","level":"info","event":"atipico","chan":"stdout","logger":"task"}
{"timestamp":"2025-07-13T14:55:51.112491Z","level":"info","event":"atipico","chan":"stdout","logger":"task"}
{"timestamp":"2025-07-13T14:55:51.116328Z","level":"info","event":"atipico","chan":"stdout","logger":"task"}
{"timestamp":"2025-07-13T14:55:51.119738Z","level":"info","event":"atipico","chan":"stdout","logger":"task"}
{"timestamp":"2025-07-13T14:55:51.123401Z","level":"info","event":"atipico","chan":"stdout","logger":"task"}
{"timestamp":"2025-07-13T14:55:51.127009Z","level":"info","event":"atipico","chan":"stdout","logger":"task"}
{"timestamp":"2025-07-13T14:55:51.130949Z","level":"info","event":"atipico","chan":"stdout","logger":"task"}
{"timestamp":"2025-07-13T14:55:51.135253Z","level":"info","event":"atipico","chan":"stdout","logger":"task"}
{"timestamp":"2025-07-13T14:55:51.139482Z","level":"info","event":"atipico","chan":"stdout","logger":"task"}
{"timestamp":"2025-07-13T14:55:51.142789Z","level":"info","event":"atipico","chan":"stdout","logger":"task"}
{"timestamp":"2025-07-13T14:55:51.145801Z","level":"info","event":"atipico","chan":"stdout","logger":"task"}
{"timestamp":"2025-07-13T14:55:51.149228Z","level":"info","event":"atipico","chan":"stdout","logger":"task"}
{"timestamp":"2025-07-13T14:55:51.152968Z","level":"info","event":"atipico","chan":"stdout","logger":"task"}
{"timestamp":"2025-07-13T14:55:51.155594Z","level":"info","event":"atipico","chan":"stdout","logger":"task"}
{"timestamp":"2025-07-13T14:55:51.158092Z","level":"info","event":"atipico","chan":"stdout","logger":"task"}
{"timestamp":"2025-07-13T14:55:51.160652Z","level":"info","event":"atipico","chan":"stdout","logger":"task"}
{"timestamp":"2025-07-13T14:55:51.163301Z","level":"info","event":"atipico","chan":"stdout","logger":"task"}
{"timestamp":"2025-07-13T14:55:51.166626Z","level":"info","event":"atipico","chan":"stdout","logger":"task"}
{"timestamp":"2025-07-13T14:55:51.169846Z","level":"info","event":"atipico","chan":"stdout","logger":"task"}
{"timestamp":"2025-07-13T14:55:51.172312Z","level":"info","event":"atipico","chan":"stdout","logger":"task"}
{"timestamp":"2025-07-13T14:55:51.174876Z","level":"info","event":"atipico","chan":"stdout","logger":"task"}
{"timestamp":"2025-07-13T14:55:51.177433Z","level":"info","event":"atipico","chan":"stdout","logger":"task"}
{"timestamp":"2025-07-13T14:55:51.179991Z","level":"info","event":"atipico","chan":"stdout","logger":"task"}
{"timestamp":"2025-07-13T14:55:51.182426Z","level":"info","event":"atipico","chan":"stdout","logger":"task"}
{"timestamp":"2025-07-13T14:55:51.185517Z","level":"info","event":"atipico","chan":"stdout","logger":"task"}
{"timestamp":"2025-07-13T14:55:51.188765Z","level":"info","event":"atipico","chan":"stdout","logger":"task"}
{"timestamp":"2025-07-13T14:55:51.192476Z","level":"info","event":"atipico","chan":"stdout","logger":"task"}
{"timestamp":"2025-07-13T14:55:51.196324Z","level":"info","event":"atipico","chan":"stdout","logger":"task"}
{"timestamp":"2025-07-13T14:55:51.200276Z","level":"info","event":"atipico","chan":"stdout","logger":"task"}
{"timestamp":"2025-07-13T14:55:51.204213Z","level":"info","event":"atipico","chan":"stdout","logger":"task"}
{"timestamp":"2025-07-13T14:55:51.206678Z","level":"info","event":"atipico","chan":"stdout","logger":"task"}
{"timestamp":"2025-07-13T14:55:51.209099Z","level":"info","event":"atipico","chan":"stdout","logger":"task"}
{"timestamp":"2025-07-13T14:55:51.211457Z","level":"info","event":"atipico","chan":"stdout","logger":"task"}
{"timestamp":"2025-07-13T14:55:51.213860Z","level":"info","event":"atipico","chan":"stdout","logger":"task"}
{"timestamp":"2025-07-13T14:55:51.216142Z","level":"info","event":"atipico","chan":"stdout","logger":"task"}
{"timestamp":"2025-07-13T14:55:51.218780Z","level":"info","event":"atipico","chan":"stdout","logger":"task"}
{"timestamp":"2025-07-13T14:55:51.221112Z","level":"info","event":"atipico","chan":"stdout","logger":"task"}
{"timestamp":"2025-07-13T14:55:51.223424Z","level":"info","event":"atipico","chan":"stdout","logger":"task"}
{"timestamp":"2025-07-13T14:55:51.225752Z","level":"info","event":"atipico","chan":"stdout","logger":"task"}
{"timestamp":"2025-07-13T14:55:51.228069Z","level":"info","event":"atipico","chan":"stdout","logger":"task"}
{"timestamp":"2025-07-13T14:55:51.230358Z","level":"info","event":"atipico","chan":"stdout","logger":"task"}
{"timestamp":"2025-07-13T14:55:51.232758Z","level":"info","event":"atipico","chan":"stdout","logger":"task"}
{"timestamp":"2025-07-13T14:55:51.234952Z","level":"info","event":"atipico","chan":"stdout","logger":"task"}
{"timestamp":"2025-07-13T14:55:51.237217Z","level":"info","event":"atipico","chan":"stdout","logger":"task"}
{"timestamp":"2025-07-13T14:55:51.239521Z","level":"info","event":"atipico","chan":"stdout","logger":"task"}
{"timestamp":"2025-07-13T14:55:51.242352Z","level":"info","event":"atipico","chan":"stdout","logger":"task"}
{"timestamp":"2025-07-13T14:55:51.244961Z","level":"info","event":"atipico","chan":"stdout","logger":"task"}
{"timestamp":"2025-07-13T14:55:51.247427Z","level":"info","event":"atipico","chan":"stdout","logger":"task"}
{"timestamp":"2025-07-13T14:55:51.249867Z","level":"info","event":"atipico","chan":"stdout","logger":"task"}
{"timestamp":"2025-07-13T14:55:51.252342Z","level":"info","event":"atipico","chan":"stdout","logger":"task"}
{"timestamp":"2025-07-13T14:55:51.254906Z","level":"info","event":"atipico","chan":"stdout","logger":"task"}
{"timestamp":"2025-07-13T14:55:51.258005Z","level":"info","event":"atipico","chan":"stdout","logger":"task"}
{"timestamp":"2025-07-13T14:55:51.260522Z","level":"info","event":"atipico","chan":"stdout","logger":"task"}
{"timestamp":"2025-07-13T14:55:51.262875Z","level":"info","event":"atipico","chan":"stdout","logger":"task"}
{"timestamp":"2025-07-13T14:55:51.265323Z","level":"info","event":"atipico","chan":"stdout","logger":"task"}
{"timestamp":"2025-07-13T14:55:51.267747Z","level":"info","event":"atipico","chan":"stdout","logger":"task"}
{"timestamp":"2025-07-13T14:55:51.270135Z","level":"info","event":"atipico","chan":"stdout","logger":"task"}
{"timestamp":"2025-07-13T14:55:51.272259Z","level":"info","event":"atipico","chan":"stdout","logger":"task"}
{"timestamp":"2025-07-13T14:55:51.274145Z","level":"info","event":"atipico","chan":"stdout","logger":"task"}
{"timestamp":"2025-07-13T14:55:51.276122Z","level":"info","event":"atipico","chan":"stdout","logger":"task"}
{"timestamp":"2025-07-13T14:55:51.277032","level":"info","event":"Done. Returned value was: None","logger":"airflow.task.operators.airflow.providers.standard.operators.python.PythonOperator"}
{"timestamp":"2025-07-13T14:55:51.303961Z","level":"info","event":"Task instance in success state","chan":"stdout","logger":"task"}
{"timestamp":"2025-07-13T14:55:51.304235Z","level":"info","event":" Previous state of the Task instance: TaskInstanceState.RUNNING","chan":"stdout","logger":"task"}
{"timestamp":"2025-07-13T14:55:51.304547Z","level":"info","event":"Task operator:<Task(PythonOperator): detectar_pico>","chan":"stdout","logger":"task"}
