{"timestamp":"2025-07-13T03:25:42.685713","level":"info","event":"DAG bundles loaded: dags-folder, example_dags","logger":"airflow.dag_processing.bundles.manager.DagBundlesManager"}
{"timestamp":"2025-07-13T03:25:42.687210","level":"info","event":"Filling up the DagBag from /opt/airflow/dags/dag_analisis.py","logger":"airflow.models.dagbag.DagBag"}
{"timestamp":"2025-07-13T03:25:42.783609Z","level":"info","event":"Task instance is in running state","chan":"stdout","logger":"task"}
{"timestamp":"2025-07-13T03:25:42.784003Z","level":"info","event":" Previous state of the Task instance: TaskInstanceState.QUEUED","chan":"stdout","logger":"task"}
{"timestamp":"2025-07-13T03:25:42.784241Z","level":"info","event":"Current task name:detectar_pico","chan":"stdout","logger":"task"}
{"timestamp":"2025-07-13T03:25:42.784459Z","level":"info","event":"Dag name:a2","chan":"stdout","logger":"task"}
{"timestamp":"2025-07-13T03:25:42.806393Z","level":"info","event":"[(232784, 1, datetime.datetime(2025, 7, 8, 11, 45), 1.16), (232785, 2, datetime.datetime(2025, 7, 8, 11, 45), 0.99), (232786, 3, datetime.datetime(2025, 7, 8, 11, 45), 0.59), (232787, 4, datetime.datetime(2025, 7, 8, 11, 45), 0.76), (232788, 5, datetime.datetime(2025, 7, 8, 11, 45), 0.87), (232789, 6, datetime.datetime(2025, 7, 8, 11, 45), 0.96), (232790, 7, datetime.datetime(2025, 7, 8, 11, 45), 1.21), (232791, 8, datetime.datetime(2025, 7, 8, 11, 45), 0.67), (232792, 9, datetime.datetime(2025, 7, 8, 11, 45), 0.71), (232793, 10, datetime.datetime(2025, 7, 8, 11, 45), 1.44), (232794, 11, datetime.datetime(2025, 7, 8, 11, 45), 1.0), (232795, 12, datetime.datetime(2025, 7, 8, 11, 45), 0.53), (232796, 13, datetime.datetime(2025, 7, 8, 11, 45), 1.38), (232797, 14, datetime.datetime(2025, 7, 8, 11, 45), 0.98), (232798, 15, datetime.datetime(2025, 7, 8, 11, 45), 1.18), (232799, 16, datetime.datetime(2025, 7, 8, 11, 45), 1.39), (232800, 17, datetime.datetime(2025, 7, 8, 11, 45), 0.97), (232801, 18, datetime.datetime(2025, 7, 8, 11, 45), 1.23), (232802, 19, datetime.datetime(2025, 7, 8, 11, 45), 0.66), (232803, 20, datetime.datetime(2025, 7, 8, 11, 45), 0.69), (232804, 21, datetime.datetime(2025, 7, 8, 11, 45), 0.74), (232805, 22, datetime.datetime(2025, 7, 8, 11, 45), 0.81), (232806, 23, datetime.datetime(2025, 7, 8, 11, 45), 0.98), (232807, 24, datetime.datetime(2025, 7, 8, 11, 45), 0.63), (232808, 25, datetime.datetime(2025, 7, 8, 11, 45), 1.09), (232809, 26, datetime.datetime(2025, 7, 8, 11, 45), 0.56), (232810, 27, datetime.datetime(2025, 7, 8, 11, 45), 1.01), (232811, 28, datetime.datetime(2025, 7, 8, 11, 45), 0.62), (232812, 29, datetime.datetime(2025, 7, 8, 11, 45), 0.96), (232813, 30, datetime.datetime(2025, 7, 8, 11, 45), 1.26), (232814, 31, datetime.datetime(2025, 7, 8, 11, 45), 1.43), (232815, 32, datetime.datetime(2025, 7, 8, 11, 45), 0.92), (232816, 33, datetime.datetime(2025, 7, 8, 11, 45), 0.74), (232817, 34, datetime.datetime(2025, 7, 8, 11, 45), 1.36), (232818, 35, datetime.datetime(2025, 7, 8, 11, 45), 1.13), (232819, 36, datetime.datetime(2025, 7, 8, 11, 45), 0.79), (232820, 37, datetime.datetime(2025, 7, 8, 11, 45), 1.37), (232821, 38, datetime.datetime(2025, 7, 8, 11, 45), 1.03), (232822, 39, datetime.datetime(2025, 7, 8, 11, 45), 1.38), (232823, 40, datetime.datetime(2025, 7, 8, 11, 45), 1.31), (232824, 41, datetime.datetime(2025, 7, 8, 11, 45), 1.22), (232825, 42, datetime.datetime(2025, 7, 8, 11, 45), 0.67), (232826, 43, datetime.datetime(2025, 7, 8, 11, 45), 0.71), (232827, 44, datetime.datetime(2025, 7, 8, 11, 45), 0.64), (232828, 45, datetime.datetime(2025, 7, 8, 11, 45), 0.5), (232829, 46, datetime.datetime(2025, 7, 8, 11, 45), 0.0), (232830, 47, datetime.datetime(2025, 7, 8, 11, 45), 0.8), (232831, 48, datetime.datetime(2025, 7, 8, 11, 45), 1.24), (232832, 49, datetime.datetime(2025, 7, 8, 11, 45), 1.19), (232833, 50, datetime.datetime(2025, 7, 8, 11, 45), 0.66), (232834, 51, datetime.datetime(2025, 7, 8, 11, 45), 1.19), (232835, 52, datetime.datetime(2025, 7, 8, 11, 45), 0.52), (232836, 53, datetime.datetime(2025, 7, 8, 11, 45), 1.18), (232837, 54, datetime.datetime(2025, 7, 8, 11, 45), 0.68), (232838, 55, datetime.datetime(2025, 7, 8, 11, 45), 1.08), (232839, 56, datetime.datetime(2025, 7, 8, 11, 45), 0.69), (232840, 57, datetime.datetime(2025, 7, 8, 11, 45), 1.37), (232841, 58, datetime.datetime(2025, 7, 8, 11, 45), 1.13), (232842, 59, datetime.datetime(2025, 7, 8, 11, 45), 0.51), (232843, 60, datetime.datetime(2025, 7, 8, 11, 45), 0.6), (232844, 61, datetime.datetime(2025, 7, 8, 11, 45), 0.0), (232845, 62, datetime.datetime(2025, 7, 8, 11, 45), 1.38), (232846, 63, datetime.datetime(2025, 7, 8, 11, 45), 0.93), (232847, 64, datetime.datetime(2025, 7, 8, 11, 45), 1.31), (232848, 65, datetime.datetime(2025, 7, 8, 11, 45), 1.2), (232849, 66, datetime.datetime(2025, 7, 8, 11, 45), 0.0), (232850, 67, datetime.datetime(2025, 7, 8, 11, 45), 1.1), (232851, 68, datetime.datetime(2025, 7, 8, 11, 45), 0.79), (232852, 69, datetime.datetime(2025, 7, 8, 11, 45), 0.7), (232853, 70, datetime.datetime(2025, 7, 8, 11, 45), 1.21), (232854, 71, datetime.datetime(2025, 7, 8, 11, 45), 1.1), (232855, 72, datetime.datetime(2025, 7, 8, 11, 45), 1.4), (232856, 73, datetime.datetime(2025, 7, 8, 11, 45), 0.84), (232857, 74, datetime.datetime(2025, 7, 8, 11, 45), 1.22), (232858, 75, datetime.datetime(2025, 7, 8, 11, 45), 1.04), (232859, 76, datetime.datetime(2025, 7, 8, 11, 45), 1.25), (232860, 77, datetime.datetime(2025, 7, 8, 11, 45), 0.93), (232861, 78, datetime.datetime(2025, 7, 8, 11, 45), 0.67), (232862, 79, datetime.datetime(2025, 7, 8, 11, 45), 0.58), (232863, 80, datetime.datetime(2025, 7, 8, 11, 45), 1.25), (232864, 81, datetime.datetime(2025, 7, 8, 11, 45), 1.34), (232865, 82, datetime.datetime(2025, 7, 8, 11, 45), 0.91), (232866, 83, datetime.datetime(2025, 7, 8, 11, 45), 1.35), (232867, 84, datetime.datetime(2025, 7, 8, 11, 45), 1.31), (232868, 85, datetime.datetime(2025, 7, 8, 11, 45), 0.99), (232869, 86, datetime.datetime(2025, 7, 8, 11, 45), 0.0), (232870, 87, datetime.datetime(2025, 7, 8, 11, 45), 1.37), (232871, 88, datetime.datetime(2025, 7, 8, 11, 45), 0.93), (232872, 89, datetime.datetime(2025, 7, 8, 11, 45), 1.26), (232873, 90, datetime.datetime(2025, 7, 8, 11, 45), 0.78), (232874, 91, datetime.datetime(2025, 7, 8, 11, 45), 1.03), (232875, 92, datetime.datetime(2025, 7, 8, 11, 45), 1.13), (232876, 93, datetime.datetime(2025, 7, 8, 11, 45), 0.52), (232877, 94, datetime.datetime(2025, 7, 8, 11, 45), 0.66), (232878, 95, datetime.datetime(2025, 7, 8, 11, 45), 0.87), (232879, 96, datetime.datetime(2025, 7, 8, 11, 45), 1.04), (232880, 97, datetime.datetime(2025, 7, 8, 11, 45), 0.93), (232881, 98, datetime.datetime(2025, 7, 8, 11, 45), 1.27), (232882, 99, datetime.datetime(2025, 7, 8, 11, 45), 1.34), (232883, 100, datetime.datetime(2025, 7, 8, 11, 45), 1.24)]","chan":"stdout","logger":"task"}
{"timestamp":"2025-07-13T03:25:42.815317","level":"warning","event":"/opt/airflow/dags/dag_analisis.py:117: UserWarning: pandas only supports SQLAlchemy connectable (engine/connection) or database string URI or sqlite3 DBAPI2 connection. Other DBAPI2 objects are not tested. Please consider using SQLAlchemy.\n  df = pd.read_sql(f\"\"\"\n","logger":"py.warnings"}
{"timestamp":"2025-07-13T03:25:42.820009Z","level":"info","event":"⚠️ Pico detectado en 1. Valor actual: 1.16 vs histórico: 179.05","chan":"stdout","logger":"task"}
{"timestamp":"2025-07-13T03:25:42.823142Z","level":"info","event":"⚠️ Pico detectado en 2. Valor actual: 0.99 vs histórico: 180.12","chan":"stdout","logger":"task"}
{"timestamp":"2025-07-13T03:25:42.825673Z","level":"info","event":"⚠️ Pico detectado en 3. Valor actual: 0.59 vs histórico: 181.46","chan":"stdout","logger":"task"}
{"timestamp":"2025-07-13T03:25:42.828397Z","level":"info","event":"⚠️ Pico detectado en 4. Valor actual: 0.76 vs histórico: 193.27","chan":"stdout","logger":"task"}
{"timestamp":"2025-07-13T03:25:42.831579Z","level":"info","event":"⚠️ Pico detectado en 5. Valor actual: 0.87 vs histórico: 189.89","chan":"stdout","logger":"task"}
{"timestamp":"2025-07-13T03:25:42.835005Z","level":"info","event":"⚠️ Pico detectado en 6. Valor actual: 0.96 vs histórico: 182.97","chan":"stdout","logger":"task"}
{"timestamp":"2025-07-13T03:25:42.838225Z","level":"info","event":"⚠️ Pico detectado en 7. Valor actual: 1.21 vs histórico: 192.93","chan":"stdout","logger":"task"}
{"timestamp":"2025-07-13T03:25:42.841540Z","level":"info","event":"⚠️ Pico detectado en 8. Valor actual: 0.67 vs histórico: 176.00","chan":"stdout","logger":"task"}
{"timestamp":"2025-07-13T03:25:42.845873Z","level":"info","event":"⚠️ Pico detectado en 9. Valor actual: 0.71 vs histórico: 201.49","chan":"stdout","logger":"task"}
{"timestamp":"2025-07-13T03:25:42.848541Z","level":"info","event":"⚠️ Pico detectado en 10. Valor actual: 1.44 vs histórico: 193.05","chan":"stdout","logger":"task"}
{"timestamp":"2025-07-13T03:25:42.851816Z","level":"info","event":"⚠️ Pico detectado en 11. Valor actual: 1.0 vs histórico: 186.11","chan":"stdout","logger":"task"}
{"timestamp":"2025-07-13T03:25:42.855089Z","level":"info","event":"⚠️ Pico detectado en 12. Valor actual: 0.53 vs histórico: 189.39","chan":"stdout","logger":"task"}
{"timestamp":"2025-07-13T03:25:42.857724Z","level":"info","event":"⚠️ Pico detectado en 13. Valor actual: 1.38 vs histórico: 197.11","chan":"stdout","logger":"task"}
{"timestamp":"2025-07-13T03:25:42.860194Z","level":"info","event":"⚠️ Pico detectado en 14. Valor actual: 0.98 vs histórico: 194.25","chan":"stdout","logger":"task"}
{"timestamp":"2025-07-13T03:25:42.862746Z","level":"info","event":"⚠️ Pico detectado en 15. Valor actual: 1.18 vs histórico: 209.53","chan":"stdout","logger":"task"}
{"timestamp":"2025-07-13T03:25:42.865809Z","level":"info","event":"⚠️ Pico detectado en 16. Valor actual: 1.39 vs histórico: 178.24","chan":"stdout","logger":"task"}
{"timestamp":"2025-07-13T03:25:42.868562Z","level":"info","event":"⚠️ Pico detectado en 17. Valor actual: 0.97 vs histórico: 199.80","chan":"stdout","logger":"task"}
{"timestamp":"2025-07-13T03:25:42.871488Z","level":"info","event":"⚠️ Pico detectado en 18. Valor actual: 1.23 vs histórico: 182.81","chan":"stdout","logger":"task"}
{"timestamp":"2025-07-13T03:25:42.874035Z","level":"info","event":"⚠️ Pico detectado en 19. Valor actual: 0.66 vs histórico: 179.27","chan":"stdout","logger":"task"}
{"timestamp":"2025-07-13T03:25:42.876237Z","level":"info","event":"⚠️ Pico detectado en 20. Valor actual: 0.69 vs histórico: 189.51","chan":"stdout","logger":"task"}
{"timestamp":"2025-07-13T03:25:42.879401Z","level":"info","event":"⚠️ Pico detectado en 21. Valor actual: 0.74 vs histórico: 171.58","chan":"stdout","logger":"task"}
{"timestamp":"2025-07-13T03:25:42.882494Z","level":"info","event":"⚠️ Pico detectado en 22. Valor actual: 0.81 vs histórico: 197.73","chan":"stdout","logger":"task"}
{"timestamp":"2025-07-13T03:25:42.886107Z","level":"info","event":"⚠️ Pico detectado en 23. Valor actual: 0.98 vs histórico: 185.53","chan":"stdout","logger":"task"}
{"timestamp":"2025-07-13T03:25:42.889569Z","level":"info","event":"⚠️ Pico detectado en 24. Valor actual: 0.63 vs histórico: 185.43","chan":"stdout","logger":"task"}
{"timestamp":"2025-07-13T03:25:42.893467Z","level":"info","event":"⚠️ Pico detectado en 25. Valor actual: 1.09 vs histórico: 176.23","chan":"stdout","logger":"task"}
{"timestamp":"2025-07-13T03:25:42.897158Z","level":"info","event":"⚠️ Pico detectado en 26. Valor actual: 0.56 vs histórico: 177.45","chan":"stdout","logger":"task"}
{"timestamp":"2025-07-13T03:25:42.900872Z","level":"info","event":"⚠️ Pico detectado en 27. Valor actual: 1.01 vs histórico: 182.93","chan":"stdout","logger":"task"}
{"timestamp":"2025-07-13T03:25:42.904746Z","level":"info","event":"⚠️ Pico detectado en 28. Valor actual: 0.62 vs histórico: 191.76","chan":"stdout","logger":"task"}
{"timestamp":"2025-07-13T03:25:42.909065Z","level":"info","event":"⚠️ Pico detectado en 29. Valor actual: 0.96 vs histórico: 181.36","chan":"stdout","logger":"task"}
{"timestamp":"2025-07-13T03:25:42.913298Z","level":"info","event":"⚠️ Pico detectado en 30. Valor actual: 1.26 vs histórico: 181.62","chan":"stdout","logger":"task"}
{"timestamp":"2025-07-13T03:25:42.917042Z","level":"info","event":"⚠️ Pico detectado en 31. Valor actual: 1.43 vs histórico: 181.41","chan":"stdout","logger":"task"}
{"timestamp":"2025-07-13T03:25:42.921019Z","level":"info","event":"⚠️ Pico detectado en 32. Valor actual: 0.92 vs histórico: 193.45","chan":"stdout","logger":"task"}
{"timestamp":"2025-07-13T03:25:42.924957Z","level":"info","event":"⚠️ Pico detectado en 33. Valor actual: 0.74 vs histórico: 192.65","chan":"stdout","logger":"task"}
{"timestamp":"2025-07-13T03:25:42.928787Z","level":"info","event":"⚠️ Pico detectado en 34. Valor actual: 1.36 vs histórico: 166.76","chan":"stdout","logger":"task"}
{"timestamp":"2025-07-13T03:25:42.932578Z","level":"info","event":"⚠️ Pico detectado en 35. Valor actual: 1.13 vs histórico: 171.83","chan":"stdout","logger":"task"}
{"timestamp":"2025-07-13T03:25:42.936722Z","level":"info","event":"⚠️ Pico detectado en 36. Valor actual: 0.79 vs histórico: 187.31","chan":"stdout","logger":"task"}
{"timestamp":"2025-07-13T03:25:42.940633Z","level":"info","event":"⚠️ Pico detectado en 37. Valor actual: 1.37 vs histórico: 194.07","chan":"stdout","logger":"task"}
{"timestamp":"2025-07-13T03:25:42.944257Z","level":"info","event":"⚠️ Pico detectado en 38. Valor actual: 1.03 vs histórico: 190.42","chan":"stdout","logger":"task"}
{"timestamp":"2025-07-13T03:25:42.948006Z","level":"info","event":"⚠️ Pico detectado en 39. Valor actual: 1.38 vs histórico: 177.52","chan":"stdout","logger":"task"}
{"timestamp":"2025-07-13T03:25:42.951777Z","level":"info","event":"⚠️ Pico detectado en 40. Valor actual: 1.31 vs histórico: 180.89","chan":"stdout","logger":"task"}
{"timestamp":"2025-07-13T03:25:42.955690Z","level":"info","event":"⚠️ Pico detectado en 41. Valor actual: 1.22 vs histórico: 188.19","chan":"stdout","logger":"task"}
{"timestamp":"2025-07-13T03:25:42.960257Z","level":"info","event":"⚠️ Pico detectado en 42. Valor actual: 0.67 vs histórico: 174.43","chan":"stdout","logger":"task"}
{"timestamp":"2025-07-13T03:25:42.965254Z","level":"info","event":"⚠️ Pico detectado en 43. Valor actual: 0.71 vs histórico: 192.32","chan":"stdout","logger":"task"}
{"timestamp":"2025-07-13T03:25:42.969671Z","level":"info","event":"⚠️ Pico detectado en 44. Valor actual: 0.64 vs histórico: 191.78","chan":"stdout","logger":"task"}
{"timestamp":"2025-07-13T03:25:42.973485Z","level":"info","event":"⚠️ Pico detectado en 45. Valor actual: 0.5 vs histórico: 183.37","chan":"stdout","logger":"task"}
{"timestamp":"2025-07-13T03:25:42.977236Z","level":"info","event":"⚠️ Pico detectado en 46. Valor actual: 0.0 vs histórico: 181.80","chan":"stdout","logger":"task"}
{"timestamp":"2025-07-13T03:25:42.981116Z","level":"info","event":"⚠️ Pico detectado en 47. Valor actual: 0.8 vs histórico: 203.00","chan":"stdout","logger":"task"}
{"timestamp":"2025-07-13T03:25:42.988882Z","level":"info","event":"⚠️ Pico detectado en 48. Valor actual: 1.24 vs histórico: 208.91","chan":"stdout","logger":"task"}
{"timestamp":"2025-07-13T03:25:42.992330Z","level":"info","event":"⚠️ Pico detectado en 49. Valor actual: 1.19 vs histórico: 171.00","chan":"stdout","logger":"task"}
{"timestamp":"2025-07-13T03:25:42.995698Z","level":"info","event":"⚠️ Pico detectado en 50. Valor actual: 0.66 vs histórico: 181.65","chan":"stdout","logger":"task"}
{"timestamp":"2025-07-13T03:25:42.999154Z","level":"info","event":"⚠️ Pico detectado en 51. Valor actual: 1.19 vs histórico: 188.25","chan":"stdout","logger":"task"}
{"timestamp":"2025-07-13T03:25:43.002822Z","level":"info","event":"⚠️ Pico detectado en 52. Valor actual: 0.52 vs histórico: 186.69","chan":"stdout","logger":"task"}
{"timestamp":"2025-07-13T03:25:43.006241Z","level":"info","event":"⚠️ Pico detectado en 53. Valor actual: 1.18 vs histórico: 183.27","chan":"stdout","logger":"task"}
{"timestamp":"2025-07-13T03:25:43.009650Z","level":"info","event":"⚠️ Pico detectado en 54. Valor actual: 0.68 vs histórico: 182.02","chan":"stdout","logger":"task"}
{"timestamp":"2025-07-13T03:25:43.012832Z","level":"info","event":"⚠️ Pico detectado en 55. Valor actual: 1.08 vs histórico: 176.88","chan":"stdout","logger":"task"}
{"timestamp":"2025-07-13T03:25:43.016134Z","level":"info","event":"⚠️ Pico detectado en 56. Valor actual: 0.69 vs histórico: 197.68","chan":"stdout","logger":"task"}
{"timestamp":"2025-07-13T03:25:43.019480Z","level":"info","event":"⚠️ Pico detectado en 57. Valor actual: 1.37 vs histórico: 172.06","chan":"stdout","logger":"task"}
{"timestamp":"2025-07-13T03:25:43.023138Z","level":"info","event":"⚠️ Pico detectado en 58. Valor actual: 1.13 vs histórico: 188.67","chan":"stdout","logger":"task"}
{"timestamp":"2025-07-13T03:25:43.026002Z","level":"info","event":"⚠️ Pico detectado en 59. Valor actual: 0.51 vs histórico: 174.00","chan":"stdout","logger":"task"}
{"timestamp":"2025-07-13T03:25:43.029458Z","level":"info","event":"⚠️ Pico detectado en 60. Valor actual: 0.6 vs histórico: 175.84","chan":"stdout","logger":"task"}
{"timestamp":"2025-07-13T03:25:43.033973Z","level":"info","event":"⚠️ Pico detectado en 61. Valor actual: 0.0 vs histórico: 190.75","chan":"stdout","logger":"task"}
{"timestamp":"2025-07-13T03:25:43.037286Z","level":"info","event":"⚠️ Pico detectado en 62. Valor actual: 1.38 vs histórico: 182.87","chan":"stdout","logger":"task"}
{"timestamp":"2025-07-13T03:25:43.041593Z","level":"info","event":"⚠️ Pico detectado en 63. Valor actual: 0.93 vs histórico: 184.22","chan":"stdout","logger":"task"}
{"timestamp":"2025-07-13T03:25:43.044985Z","level":"info","event":"⚠️ Pico detectado en 64. Valor actual: 1.31 vs histórico: 170.33","chan":"stdout","logger":"task"}
{"timestamp":"2025-07-13T03:25:43.049099Z","level":"info","event":"⚠️ Pico detectado en 65. Valor actual: 1.2 vs histórico: 188.32","chan":"stdout","logger":"task"}
{"timestamp":"2025-07-13T03:25:43.053124Z","level":"info","event":"⚠️ Pico detectado en 66. Valor actual: 0.0 vs histórico: 192.91","chan":"stdout","logger":"task"}
{"timestamp":"2025-07-13T03:25:43.057203Z","level":"info","event":"⚠️ Pico detectado en 67. Valor actual: 1.1 vs histórico: 190.55","chan":"stdout","logger":"task"}
{"timestamp":"2025-07-13T03:25:43.060443Z","level":"info","event":"⚠️ Pico detectado en 68. Valor actual: 0.79 vs histórico: 175.30","chan":"stdout","logger":"task"}
{"timestamp":"2025-07-13T03:25:43.063926Z","level":"info","event":"⚠️ Pico detectado en 69. Valor actual: 0.7 vs histórico: 170.75","chan":"stdout","logger":"task"}
{"timestamp":"2025-07-13T03:25:43.067167Z","level":"info","event":"⚠️ Pico detectado en 70. Valor actual: 1.21 vs histórico: 180.06","chan":"stdout","logger":"task"}
{"timestamp":"2025-07-13T03:25:43.070685Z","level":"info","event":"⚠️ Pico detectado en 71. Valor actual: 1.1 vs histórico: 187.18","chan":"stdout","logger":"task"}
{"timestamp":"2025-07-13T03:25:43.074982Z","level":"info","event":"⚠️ Pico detectado en 72. Valor actual: 1.4 vs histórico: 185.89","chan":"stdout","logger":"task"}
{"timestamp":"2025-07-13T03:25:43.079004Z","level":"info","event":"⚠️ Pico detectado en 73. Valor actual: 0.84 vs histórico: 179.02","chan":"stdout","logger":"task"}
{"timestamp":"2025-07-13T03:25:43.082135Z","level":"info","event":"⚠️ Pico detectado en 74. Valor actual: 1.22 vs histórico: 176.16","chan":"stdout","logger":"task"}
{"timestamp":"2025-07-13T03:25:43.085746Z","level":"info","event":"⚠️ Pico detectado en 75. Valor actual: 1.04 vs histórico: 186.24","chan":"stdout","logger":"task"}
{"timestamp":"2025-07-13T03:25:43.088485Z","level":"info","event":"⚠️ Pico detectado en 76. Valor actual: 1.25 vs histórico: 188.84","chan":"stdout","logger":"task"}
{"timestamp":"2025-07-13T03:25:43.091462Z","level":"info","event":"⚠️ Pico detectado en 77. Valor actual: 0.93 vs histórico: 193.36","chan":"stdout","logger":"task"}
{"timestamp":"2025-07-13T03:25:43.093938Z","level":"info","event":"⚠️ Pico detectado en 78. Valor actual: 0.67 vs histórico: 169.48","chan":"stdout","logger":"task"}
{"timestamp":"2025-07-13T03:25:43.096220Z","level":"info","event":"⚠️ Pico detectado en 79. Valor actual: 0.58 vs histórico: 182.74","chan":"stdout","logger":"task"}
{"timestamp":"2025-07-13T03:25:43.099434Z","level":"info","event":"⚠️ Pico detectado en 80. Valor actual: 1.25 vs histórico: 173.18","chan":"stdout","logger":"task"}
{"timestamp":"2025-07-13T03:25:43.103516Z","level":"info","event":"⚠️ Pico detectado en 81. Valor actual: 1.34 vs histórico: 175.44","chan":"stdout","logger":"task"}
{"timestamp":"2025-07-13T03:25:43.107394Z","level":"info","event":"⚠️ Pico detectado en 82. Valor actual: 0.91 vs histórico: 176.78","chan":"stdout","logger":"task"}
{"timestamp":"2025-07-13T03:25:43.111008Z","level":"info","event":"⚠️ Pico detectado en 83. Valor actual: 1.35 vs histórico: 178.23","chan":"stdout","logger":"task"}
{"timestamp":"2025-07-13T03:25:43.114545Z","level":"info","event":"⚠️ Pico detectado en 84. Valor actual: 1.31 vs histórico: 185.46","chan":"stdout","logger":"task"}
{"timestamp":"2025-07-13T03:25:43.118175Z","level":"info","event":"⚠️ Pico detectado en 85. Valor actual: 0.99 vs histórico: 201.57","chan":"stdout","logger":"task"}
{"timestamp":"2025-07-13T03:25:43.120761Z","level":"info","event":"⚠️ Pico detectado en 86. Valor actual: 0.0 vs histórico: 179.76","chan":"stdout","logger":"task"}
{"timestamp":"2025-07-13T03:25:43.123592Z","level":"info","event":"⚠️ Pico detectado en 87. Valor actual: 1.37 vs histórico: 174.04","chan":"stdout","logger":"task"}
{"timestamp":"2025-07-13T03:25:43.126417Z","level":"info","event":"⚠️ Pico detectado en 88. Valor actual: 0.93 vs histórico: 182.15","chan":"stdout","logger":"task"}
{"timestamp":"2025-07-13T03:25:43.128985Z","level":"info","event":"⚠️ Pico detectado en 89. Valor actual: 1.26 vs histórico: 176.51","chan":"stdout","logger":"task"}
{"timestamp":"2025-07-13T03:25:43.132646Z","level":"info","event":"⚠️ Pico detectado en 90. Valor actual: 0.78 vs histórico: 192.20","chan":"stdout","logger":"task"}
{"timestamp":"2025-07-13T03:25:43.135403Z","level":"info","event":"⚠️ Pico detectado en 91. Valor actual: 1.03 vs histórico: 184.02","chan":"stdout","logger":"task"}
{"timestamp":"2025-07-13T03:25:43.137765Z","level":"info","event":"⚠️ Pico detectado en 92. Valor actual: 1.13 vs histórico: 179.69","chan":"stdout","logger":"task"}
{"timestamp":"2025-07-13T03:25:43.140028Z","level":"info","event":"⚠️ Pico detectado en 93. Valor actual: 0.52 vs histórico: 187.66","chan":"stdout","logger":"task"}
{"timestamp":"2025-07-13T03:25:43.142669Z","level":"info","event":"⚠️ Pico detectado en 94. Valor actual: 0.66 vs histórico: 178.86","chan":"stdout","logger":"task"}
{"timestamp":"2025-07-13T03:25:43.145337Z","level":"info","event":"⚠️ Pico detectado en 95. Valor actual: 0.87 vs histórico: 186.42","chan":"stdout","logger":"task"}
{"timestamp":"2025-07-13T03:25:43.148026Z","level":"info","event":"⚠️ Pico detectado en 96. Valor actual: 1.04 vs histórico: 190.02","chan":"stdout","logger":"task"}
{"timestamp":"2025-07-13T03:25:43.150719Z","level":"info","event":"⚠️ Pico detectado en 97. Valor actual: 0.93 vs histórico: 188.50","chan":"stdout","logger":"task"}
{"timestamp":"2025-07-13T03:25:43.153348Z","level":"info","event":"⚠️ Pico detectado en 98. Valor actual: 1.27 vs histórico: 181.24","chan":"stdout","logger":"task"}
{"timestamp":"2025-07-13T03:25:43.156063Z","level":"info","event":"⚠️ Pico detectado en 99. Valor actual: 1.34 vs histórico: 192.75","chan":"stdout","logger":"task"}
{"timestamp":"2025-07-13T03:25:43.158799Z","level":"info","event":"⚠️ Pico detectado en 100. Valor actual: 1.24 vs histórico: 191.34","chan":"stdout","logger":"task"}
{"timestamp":"2025-07-13T03:25:43.160874","level":"info","event":"Done. Returned value was: None","logger":"airflow.task.operators.airflow.providers.standard.operators.python.PythonOperator"}
{"timestamp":"2025-07-13T03:25:43.220949Z","level":"info","event":"Task instance in success state","chan":"stdout","logger":"task"}
{"timestamp":"2025-07-13T03:25:43.221427Z","level":"info","event":" Previous state of the Task instance: TaskInstanceState.RUNNING","chan":"stdout","logger":"task"}
{"timestamp":"2025-07-13T03:25:43.221724Z","level":"info","event":"Task operator:<Task(PythonOperator): detectar_pico>","chan":"stdout","logger":"task"}
