{"timestamp":"2025-07-14T08:24:21.646931","level":"info","event":"DAG bundles loaded: dags-folder, example_dags","logger":"airflow.dag_processing.bundles.manager.DagBundlesManager"}
{"timestamp":"2025-07-14T08:24:21.647873","level":"info","event":"Filling up the DagBag from /opt/airflow/dags/dag_analisis.py","logger":"airflow.models.dagbag.DagBag"}
{"timestamp":"2025-07-14T08:24:21.672156","level":"warning","event":"/opt/airflow/dags/dag_analisis.py:69: UserWarning: pandas only supports SQLAlchemy connectable (engine/connection) or database string URI or sqlite3 DBAPI2 connection. Other DBAPI2 objects are not tested. Please consider using SQLAlchemy.\n  df = pd.read_sql(query, conn)\n","logger":"py.warnings"}
{"timestamp":"2025-07-14T08:24:21.727551Z","level":"info","event":"Task instance is in running state","chan":"stdout","logger":"task"}
{"timestamp":"2025-07-14T08:24:21.727795Z","level":"info","event":" Previous state of the Task instance: TaskInstanceState.QUEUED","chan":"stdout","logger":"task"}
{"timestamp":"2025-07-14T08:24:21.727933Z","level":"info","event":"Current task name:deteccion_valores_congelados","chan":"stdout","logger":"task"}
{"timestamp":"2025-07-14T08:24:21.728062Z","level":"info","event":"Dag name:a2","chan":"stdout","logger":"task"}
{"timestamp":"2025-07-14T08:24:21.731104Z","level":"info","event":"         id  device_id           timestamp   value  rn","chan":"stdout","logger":"task"}
{"timestamp":"2025-07-14T08:24:21.731302Z","level":"info","event":"0    122558          1 2025-07-07 17:15:00  220.08   3","chan":"stdout","logger":"task"}
{"timestamp":"2025-07-14T08:24:21.731400Z","level":"info","event":"1    122559          1 2025-07-07 17:30:00  220.39   2","chan":"stdout","logger":"task"}
{"timestamp":"2025-07-14T08:24:21.731489Z","level":"info","event":"2    122560          1 2025-07-07 17:45:00  220.65   1","chan":"stdout","logger":"task"}
{"timestamp":"2025-07-14T08:24:21.731583Z","level":"info","event":"3    122922          2 2025-07-07 17:15:00  205.88   3","chan":"stdout","logger":"task"}
{"timestamp":"2025-07-14T08:24:21.731672Z","level":"info","event":"4    122923          2 2025-07-07 17:30:00  206.23   2","chan":"stdout","logger":"task"}
{"timestamp":"2025-07-14T08:24:21.731758Z","level":"info","event":"..      ...        ...                 ...     ...  ..","chan":"stdout","logger":"task"}
{"timestamp":"2025-07-14T08:24:21.731845Z","level":"info","event":"295  158231         99 2025-07-07 17:30:00  231.85   2","chan":"stdout","logger":"task"}
{"timestamp":"2025-07-14T08:24:21.731931Z","level":"info","event":"296  158232         99 2025-07-07 17:45:00  232.13   1","chan":"stdout","logger":"task"}
{"timestamp":"2025-07-14T08:24:21.732016Z","level":"info","event":"297  158594        100 2025-07-07 17:15:00  245.25   3","chan":"stdout","logger":"task"}
{"timestamp":"2025-07-14T08:24:21.732102Z","level":"info","event":"298  158595        100 2025-07-07 17:30:00  245.56   2","chan":"stdout","logger":"task"}
{"timestamp":"2025-07-14T08:24:21.732187Z","level":"info","event":"299  158596        100 2025-07-07 17:45:00  245.83   1","chan":"stdout","logger":"task"}
{"timestamp":"2025-07-14T08:24:21.732275Z","level":"info","event":"","chan":"stdout","logger":"task"}
{"timestamp":"2025-07-14T08:24:21.732360Z","level":"info","event":"[300 rows x 5 columns]","chan":"stdout","logger":"task"}
{"timestamp":"2025-07-14T08:24:21.739731Z","level":"info","event":"todo bien","chan":"stdout","logger":"task"}
{"timestamp":"2025-07-14T08:24:21.740499","level":"info","event":"Done. Returned value was: None","logger":"airflow.task.operators.airflow.providers.standard.operators.python.PythonOperator"}
{"timestamp":"2025-07-14T08:24:21.771469Z","level":"info","event":"Task instance in success state","chan":"stdout","logger":"task"}
{"timestamp":"2025-07-14T08:24:21.771672Z","level":"info","event":" Previous state of the Task instance: TaskInstanceState.RUNNING","chan":"stdout","logger":"task"}
{"timestamp":"2025-07-14T08:24:21.771787Z","level":"info","event":"Task operator:<Task(PythonOperator): deteccion_valores_congelados>","chan":"stdout","logger":"task"}
