{"timestamp":"2025-07-13T00:37:41.095719","level":"info","event":"DAG bundles loaded: dags-folder, example_dags","logger":"airflow.dag_processing.bundles.manager.DagBundlesManager"}
{"timestamp":"2025-07-13T00:37:41.096695","level":"info","event":"Filling up the DagBag from /opt/airflow/dags/dag_analisis.py","logger":"airflow.models.dagbag.DagBag"}
{"timestamp":"2025-07-13T00:37:41.143325Z","level":"info","event":"Task instance is in running state","chan":"stdout","logger":"task"}
{"timestamp":"2025-07-13T00:37:41.143575Z","level":"info","event":" Previous state of the Task instance: TaskInstanceState.QUEUED","chan":"stdout","logger":"task"}
{"timestamp":"2025-07-13T00:37:41.143716Z","level":"info","event":"Current task name:detectar_pico","chan":"stdout","logger":"task"}
{"timestamp":"2025-07-13T00:37:41.143893Z","level":"info","event":"Dag name:a2","chan":"stdout","logger":"task"}
{"timestamp":"2025-07-13T00:37:41.161007Z","level":"info","event":"Dispositivo 1, franja: 10-12, valor: 1.16","chan":"stdout","logger":"task"}
{"timestamp":"2025-07-13T00:37:41.168472","level":"warning","event":"/opt/airflow/dags/dag_analisis.py:114: UserWarning: pandas only supports SQLAlchemy connectable (engine/connection) or database string URI or sqlite3 DBAPI2 connection. Other DBAPI2 objects are not tested. Please consider using SQLAlchemy.\n  df = pd.read_sql(f\"\"\"\n","logger":"py.warnings"}
{"timestamp":"2025-07-13T00:37:41.170947Z","level":"info","event":"No hay suficientes datos históricos","chan":"stdout","logger":"task"}
{"timestamp":"2025-07-13T00:37:41.171200Z","level":"info","event":"Dispositivo 2, franja: 10-12, valor: 0.99","chan":"stdout","logger":"task"}
{"timestamp":"2025-07-13T00:37:41.172330Z","level":"info","event":"No hay suficientes datos históricos","chan":"stdout","logger":"task"}
{"timestamp":"2025-07-13T00:37:41.172560Z","level":"info","event":"Dispositivo 3, franja: 10-12, valor: 0.59","chan":"stdout","logger":"task"}
{"timestamp":"2025-07-13T00:37:41.173652Z","level":"info","event":"No hay suficientes datos históricos","chan":"stdout","logger":"task"}
{"timestamp":"2025-07-13T00:37:41.173906Z","level":"info","event":"Dispositivo 4, franja: 10-12, valor: 0.76","chan":"stdout","logger":"task"}
{"timestamp":"2025-07-13T00:37:41.175026Z","level":"info","event":"No hay suficientes datos históricos","chan":"stdout","logger":"task"}
{"timestamp":"2025-07-13T00:37:41.175286Z","level":"info","event":"Dispositivo 5, franja: 10-12, valor: 0.87","chan":"stdout","logger":"task"}
{"timestamp":"2025-07-13T00:37:41.176602Z","level":"info","event":"No hay suficientes datos históricos","chan":"stdout","logger":"task"}
{"timestamp":"2025-07-13T00:37:41.176842Z","level":"info","event":"Dispositivo 6, franja: 10-12, valor: 0.96","chan":"stdout","logger":"task"}
{"timestamp":"2025-07-13T00:37:41.177897Z","level":"info","event":"No hay suficientes datos históricos","chan":"stdout","logger":"task"}
{"timestamp":"2025-07-13T00:37:41.178102Z","level":"info","event":"Dispositivo 7, franja: 10-12, valor: 1.21","chan":"stdout","logger":"task"}
{"timestamp":"2025-07-13T00:37:41.179063Z","level":"info","event":"No hay suficientes datos históricos","chan":"stdout","logger":"task"}
{"timestamp":"2025-07-13T00:37:41.179267Z","level":"info","event":"Dispositivo 8, franja: 10-12, valor: 0.67","chan":"stdout","logger":"task"}
{"timestamp":"2025-07-13T00:37:41.180322Z","level":"info","event":"No hay suficientes datos históricos","chan":"stdout","logger":"task"}
{"timestamp":"2025-07-13T00:37:41.180534Z","level":"info","event":"Dispositivo 9, franja: 10-12, valor: 0.71","chan":"stdout","logger":"task"}
{"timestamp":"2025-07-13T00:37:41.181684Z","level":"info","event":"No hay suficientes datos históricos","chan":"stdout","logger":"task"}
{"timestamp":"2025-07-13T00:37:41.181908Z","level":"info","event":"Dispositivo 10, franja: 10-12, valor: 1.44","chan":"stdout","logger":"task"}
{"timestamp":"2025-07-13T00:37:41.183014Z","level":"info","event":"No hay suficientes datos históricos","chan":"stdout","logger":"task"}
{"timestamp":"2025-07-13T00:37:41.183210Z","level":"info","event":"Dispositivo 11, franja: 10-12, valor: 1.0","chan":"stdout","logger":"task"}
{"timestamp":"2025-07-13T00:37:41.184175Z","level":"info","event":"No hay suficientes datos históricos","chan":"stdout","logger":"task"}
{"timestamp":"2025-07-13T00:37:41.184365Z","level":"info","event":"Dispositivo 12, franja: 10-12, valor: 0.53","chan":"stdout","logger":"task"}
{"timestamp":"2025-07-13T00:37:41.185448Z","level":"info","event":"No hay suficientes datos históricos","chan":"stdout","logger":"task"}
{"timestamp":"2025-07-13T00:37:41.185645Z","level":"info","event":"Dispositivo 13, franja: 10-12, valor: 1.38","chan":"stdout","logger":"task"}
{"timestamp":"2025-07-13T00:37:41.186720Z","level":"info","event":"No hay suficientes datos históricos","chan":"stdout","logger":"task"}
{"timestamp":"2025-07-13T00:37:41.186940Z","level":"info","event":"Dispositivo 14, franja: 10-12, valor: 0.98","chan":"stdout","logger":"task"}
{"timestamp":"2025-07-13T00:37:41.187937Z","level":"info","event":"No hay suficientes datos históricos","chan":"stdout","logger":"task"}
{"timestamp":"2025-07-13T00:37:41.188106Z","level":"info","event":"Dispositivo 15, franja: 10-12, valor: 1.18","chan":"stdout","logger":"task"}
{"timestamp":"2025-07-13T00:37:41.188916Z","level":"info","event":"No hay suficientes datos históricos","chan":"stdout","logger":"task"}
{"timestamp":"2025-07-13T00:37:41.189058Z","level":"info","event":"Dispositivo 16, franja: 10-12, valor: 1.39","chan":"stdout","logger":"task"}
{"timestamp":"2025-07-13T00:37:41.189881Z","level":"info","event":"No hay suficientes datos históricos","chan":"stdout","logger":"task"}
{"timestamp":"2025-07-13T00:37:41.190028Z","level":"info","event":"Dispositivo 17, franja: 10-12, valor: 0.97","chan":"stdout","logger":"task"}
{"timestamp":"2025-07-13T00:37:41.190787Z","level":"info","event":"No hay suficientes datos históricos","chan":"stdout","logger":"task"}
{"timestamp":"2025-07-13T00:37:41.190928Z","level":"info","event":"Dispositivo 18, franja: 10-12, valor: 1.23","chan":"stdout","logger":"task"}
{"timestamp":"2025-07-13T00:37:41.191729Z","level":"info","event":"No hay suficientes datos históricos","chan":"stdout","logger":"task"}
{"timestamp":"2025-07-13T00:37:41.191935Z","level":"info","event":"Dispositivo 19, franja: 10-12, valor: 0.66","chan":"stdout","logger":"task"}
{"timestamp":"2025-07-13T00:37:41.193484Z","level":"info","event":"No hay suficientes datos históricos","chan":"stdout","logger":"task"}
{"timestamp":"2025-07-13T00:37:41.193842Z","level":"info","event":"Dispositivo 20, franja: 10-12, valor: 0.69","chan":"stdout","logger":"task"}
{"timestamp":"2025-07-13T00:37:41.195513Z","level":"info","event":"No hay suficientes datos históricos","chan":"stdout","logger":"task"}
{"timestamp":"2025-07-13T00:37:41.195789Z","level":"info","event":"Dispositivo 21, franja: 10-12, valor: 0.74","chan":"stdout","logger":"task"}
{"timestamp":"2025-07-13T00:37:41.197052Z","level":"info","event":"No hay suficientes datos históricos","chan":"stdout","logger":"task"}
{"timestamp":"2025-07-13T00:37:41.197292Z","level":"info","event":"Dispositivo 22, franja: 10-12, valor: 0.81","chan":"stdout","logger":"task"}
{"timestamp":"2025-07-13T00:37:41.198154Z","level":"info","event":"No hay suficientes datos históricos","chan":"stdout","logger":"task"}
{"timestamp":"2025-07-13T00:37:41.198287Z","level":"info","event":"Dispositivo 23, franja: 10-12, valor: 0.98","chan":"stdout","logger":"task"}
{"timestamp":"2025-07-13T00:37:41.199059Z","level":"info","event":"No hay suficientes datos históricos","chan":"stdout","logger":"task"}
{"timestamp":"2025-07-13T00:37:41.199188Z","level":"info","event":"Dispositivo 24, franja: 10-12, valor: 0.63","chan":"stdout","logger":"task"}
{"timestamp":"2025-07-13T00:37:41.199930Z","level":"info","event":"No hay suficientes datos históricos","chan":"stdout","logger":"task"}
{"timestamp":"2025-07-13T00:37:41.200058Z","level":"info","event":"Dispositivo 25, franja: 10-12, valor: 1.09","chan":"stdout","logger":"task"}
{"timestamp":"2025-07-13T00:37:41.200778Z","level":"info","event":"No hay suficientes datos históricos","chan":"stdout","logger":"task"}
{"timestamp":"2025-07-13T00:37:41.200924Z","level":"info","event":"Dispositivo 26, franja: 10-12, valor: 0.56","chan":"stdout","logger":"task"}
{"timestamp":"2025-07-13T00:37:41.201914Z","level":"info","event":"No hay suficientes datos históricos","chan":"stdout","logger":"task"}
{"timestamp":"2025-07-13T00:37:41.202083Z","level":"info","event":"Dispositivo 27, franja: 10-12, valor: 1.01","chan":"stdout","logger":"task"}
{"timestamp":"2025-07-13T00:37:41.203004Z","level":"info","event":"No hay suficientes datos históricos","chan":"stdout","logger":"task"}
{"timestamp":"2025-07-13T00:37:41.203137Z","level":"info","event":"Dispositivo 28, franja: 10-12, valor: 0.62","chan":"stdout","logger":"task"}
{"timestamp":"2025-07-13T00:37:41.203926Z","level":"info","event":"No hay suficientes datos históricos","chan":"stdout","logger":"task"}
{"timestamp":"2025-07-13T00:37:41.204054Z","level":"info","event":"Dispositivo 29, franja: 10-12, valor: 0.96","chan":"stdout","logger":"task"}
{"timestamp":"2025-07-13T00:37:41.204861Z","level":"info","event":"No hay suficientes datos históricos","chan":"stdout","logger":"task"}
{"timestamp":"2025-07-13T00:37:41.205023Z","level":"info","event":"Dispositivo 30, franja: 10-12, valor: 1.26","chan":"stdout","logger":"task"}
{"timestamp":"2025-07-13T00:37:41.205928Z","level":"info","event":"No hay suficientes datos históricos","chan":"stdout","logger":"task"}
{"timestamp":"2025-07-13T00:37:41.206089Z","level":"info","event":"Dispositivo 31, franja: 10-12, valor: 1.43","chan":"stdout","logger":"task"}
{"timestamp":"2025-07-13T00:37:41.206864Z","level":"info","event":"No hay suficientes datos históricos","chan":"stdout","logger":"task"}
{"timestamp":"2025-07-13T00:37:41.206993Z","level":"info","event":"Dispositivo 32, franja: 10-12, valor: 0.92","chan":"stdout","logger":"task"}
{"timestamp":"2025-07-13T00:37:41.207728Z","level":"info","event":"No hay suficientes datos históricos","chan":"stdout","logger":"task"}
{"timestamp":"2025-07-13T00:37:41.207855Z","level":"info","event":"Dispositivo 33, franja: 10-12, valor: 0.74","chan":"stdout","logger":"task"}
{"timestamp":"2025-07-13T00:37:41.208646Z","level":"info","event":"No hay suficientes datos históricos","chan":"stdout","logger":"task"}
{"timestamp":"2025-07-13T00:37:41.208782Z","level":"info","event":"Dispositivo 34, franja: 10-12, valor: 1.36","chan":"stdout","logger":"task"}
{"timestamp":"2025-07-13T00:37:41.209751Z","level":"info","event":"No hay suficientes datos históricos","chan":"stdout","logger":"task"}
{"timestamp":"2025-07-13T00:37:41.209959Z","level":"info","event":"Dispositivo 35, franja: 10-12, valor: 1.13","chan":"stdout","logger":"task"}
{"timestamp":"2025-07-13T00:37:41.210809Z","level":"info","event":"No hay suficientes datos históricos","chan":"stdout","logger":"task"}
{"timestamp":"2025-07-13T00:37:41.210952Z","level":"info","event":"Dispositivo 36, franja: 10-12, valor: 0.79","chan":"stdout","logger":"task"}
{"timestamp":"2025-07-13T00:37:41.211774Z","level":"info","event":"No hay suficientes datos históricos","chan":"stdout","logger":"task"}
{"timestamp":"2025-07-13T00:37:41.211918Z","level":"info","event":"Dispositivo 37, franja: 10-12, valor: 1.37","chan":"stdout","logger":"task"}
{"timestamp":"2025-07-13T00:37:41.212669Z","level":"info","event":"No hay suficientes datos históricos","chan":"stdout","logger":"task"}
{"timestamp":"2025-07-13T00:37:41.212832Z","level":"info","event":"Dispositivo 38, franja: 10-12, valor: 1.03","chan":"stdout","logger":"task"}
{"timestamp":"2025-07-13T00:37:41.213517Z","level":"info","event":"No hay suficientes datos históricos","chan":"stdout","logger":"task"}
{"timestamp":"2025-07-13T00:37:41.213654Z","level":"info","event":"Dispositivo 39, franja: 10-12, valor: 1.38","chan":"stdout","logger":"task"}
{"timestamp":"2025-07-13T00:37:41.214261Z","level":"info","event":"No hay suficientes datos históricos","chan":"stdout","logger":"task"}
{"timestamp":"2025-07-13T00:37:41.214384Z","level":"info","event":"Dispositivo 40, franja: 10-12, valor: 1.31","chan":"stdout","logger":"task"}
{"timestamp":"2025-07-13T00:37:41.214969Z","level":"info","event":"No hay suficientes datos históricos","chan":"stdout","logger":"task"}
{"timestamp":"2025-07-13T00:37:41.215094Z","level":"info","event":"Dispositivo 41, franja: 10-12, valor: 1.22","chan":"stdout","logger":"task"}
{"timestamp":"2025-07-13T00:37:41.215668Z","level":"info","event":"No hay suficientes datos históricos","chan":"stdout","logger":"task"}
{"timestamp":"2025-07-13T00:37:41.215794Z","level":"info","event":"Dispositivo 42, franja: 10-12, valor: 0.67","chan":"stdout","logger":"task"}
{"timestamp":"2025-07-13T00:37:41.216351Z","level":"info","event":"No hay suficientes datos históricos","chan":"stdout","logger":"task"}
{"timestamp":"2025-07-13T00:37:41.216475Z","level":"info","event":"Dispositivo 43, franja: 10-12, valor: 0.71","chan":"stdout","logger":"task"}
{"timestamp":"2025-07-13T00:37:41.217030Z","level":"info","event":"No hay suficientes datos históricos","chan":"stdout","logger":"task"}
{"timestamp":"2025-07-13T00:37:41.217183Z","level":"info","event":"Dispositivo 44, franja: 10-12, valor: 0.64","chan":"stdout","logger":"task"}
{"timestamp":"2025-07-13T00:37:41.217835Z","level":"info","event":"No hay suficientes datos históricos","chan":"stdout","logger":"task"}
{"timestamp":"2025-07-13T00:37:41.217961Z","level":"info","event":"Dispositivo 45, franja: 10-12, valor: 0.5","chan":"stdout","logger":"task"}
{"timestamp":"2025-07-13T00:37:41.218541Z","level":"info","event":"No hay suficientes datos históricos","chan":"stdout","logger":"task"}
{"timestamp":"2025-07-13T00:37:41.218665Z","level":"info","event":"Dispositivo 46, franja: 10-12, valor: 0.0","chan":"stdout","logger":"task"}
{"timestamp":"2025-07-13T00:37:41.219219Z","level":"info","event":"No hay suficientes datos históricos","chan":"stdout","logger":"task"}
{"timestamp":"2025-07-13T00:37:41.219344Z","level":"info","event":"Dispositivo 47, franja: 10-12, valor: 0.8","chan":"stdout","logger":"task"}
{"timestamp":"2025-07-13T00:37:41.219893Z","level":"info","event":"No hay suficientes datos históricos","chan":"stdout","logger":"task"}
{"timestamp":"2025-07-13T00:37:41.220015Z","level":"info","event":"Dispositivo 48, franja: 10-12, valor: 1.24","chan":"stdout","logger":"task"}
{"timestamp":"2025-07-13T00:37:41.220654Z","level":"info","event":"No hay suficientes datos históricos","chan":"stdout","logger":"task"}
{"timestamp":"2025-07-13T00:37:41.220779Z","level":"info","event":"Dispositivo 49, franja: 10-12, valor: 1.19","chan":"stdout","logger":"task"}
{"timestamp":"2025-07-13T00:37:41.221390Z","level":"info","event":"No hay suficientes datos históricos","chan":"stdout","logger":"task"}
{"timestamp":"2025-07-13T00:37:41.221520Z","level":"info","event":"Dispositivo 50, franja: 10-12, valor: 0.66","chan":"stdout","logger":"task"}
{"timestamp":"2025-07-13T00:37:41.222098Z","level":"info","event":"No hay suficientes datos históricos","chan":"stdout","logger":"task"}
{"timestamp":"2025-07-13T00:37:41.222222Z","level":"info","event":"Dispositivo 51, franja: 10-12, valor: 1.19","chan":"stdout","logger":"task"}
{"timestamp":"2025-07-13T00:37:41.222793Z","level":"info","event":"No hay suficientes datos históricos","chan":"stdout","logger":"task"}
{"timestamp":"2025-07-13T00:37:41.222919Z","level":"info","event":"Dispositivo 52, franja: 10-12, valor: 0.52","chan":"stdout","logger":"task"}
{"timestamp":"2025-07-13T00:37:41.223484Z","level":"info","event":"No hay suficientes datos históricos","chan":"stdout","logger":"task"}
{"timestamp":"2025-07-13T00:37:41.223607Z","level":"info","event":"Dispositivo 53, franja: 10-12, valor: 1.18","chan":"stdout","logger":"task"}
{"timestamp":"2025-07-13T00:37:41.224165Z","level":"info","event":"No hay suficientes datos históricos","chan":"stdout","logger":"task"}
{"timestamp":"2025-07-13T00:37:41.224290Z","level":"info","event":"Dispositivo 54, franja: 10-12, valor: 0.68","chan":"stdout","logger":"task"}
{"timestamp":"2025-07-13T00:37:41.224853Z","level":"info","event":"No hay suficientes datos históricos","chan":"stdout","logger":"task"}
{"timestamp":"2025-07-13T00:37:41.224994Z","level":"info","event":"Dispositivo 55, franja: 10-12, valor: 1.08","chan":"stdout","logger":"task"}
{"timestamp":"2025-07-13T00:37:41.225944Z","level":"info","event":"No hay suficientes datos históricos","chan":"stdout","logger":"task"}
{"timestamp":"2025-07-13T00:37:41.226206Z","level":"info","event":"Dispositivo 56, franja: 10-12, valor: 0.69","chan":"stdout","logger":"task"}
{"timestamp":"2025-07-13T00:37:41.227975Z","level":"info","event":"No hay suficientes datos históricos","chan":"stdout","logger":"task"}
{"timestamp":"2025-07-13T00:37:41.228267Z","level":"info","event":"Dispositivo 57, franja: 10-12, valor: 1.37","chan":"stdout","logger":"task"}
{"timestamp":"2025-07-13T00:37:41.229319Z","level":"info","event":"No hay suficientes datos históricos","chan":"stdout","logger":"task"}
{"timestamp":"2025-07-13T00:37:41.229537Z","level":"info","event":"Dispositivo 58, franja: 10-12, valor: 1.13","chan":"stdout","logger":"task"}
{"timestamp":"2025-07-13T00:37:41.230383Z","level":"info","event":"No hay suficientes datos históricos","chan":"stdout","logger":"task"}
{"timestamp":"2025-07-13T00:37:41.230514Z","level":"info","event":"Dispositivo 59, franja: 10-12, valor: 0.51","chan":"stdout","logger":"task"}
{"timestamp":"2025-07-13T00:37:41.231208Z","level":"info","event":"No hay suficientes datos históricos","chan":"stdout","logger":"task"}
{"timestamp":"2025-07-13T00:37:41.231385Z","level":"info","event":"Dispositivo 60, franja: 10-12, valor: 0.6","chan":"stdout","logger":"task"}
{"timestamp":"2025-07-13T00:37:41.232580Z","level":"info","event":"No hay suficientes datos históricos","chan":"stdout","logger":"task"}
{"timestamp":"2025-07-13T00:37:41.232797Z","level":"info","event":"Dispositivo 61, franja: 10-12, valor: 0.0","chan":"stdout","logger":"task"}
{"timestamp":"2025-07-13T00:37:41.233673Z","level":"info","event":"No hay suficientes datos históricos","chan":"stdout","logger":"task"}
{"timestamp":"2025-07-13T00:37:41.233822Z","level":"info","event":"Dispositivo 62, franja: 10-12, valor: 1.38","chan":"stdout","logger":"task"}
{"timestamp":"2025-07-13T00:37:41.234671Z","level":"info","event":"No hay suficientes datos históricos","chan":"stdout","logger":"task"}
{"timestamp":"2025-07-13T00:37:41.234831Z","level":"info","event":"Dispositivo 63, franja: 10-12, valor: 0.93","chan":"stdout","logger":"task"}
{"timestamp":"2025-07-13T00:37:41.235504Z","level":"info","event":"No hay suficientes datos históricos","chan":"stdout","logger":"task"}
{"timestamp":"2025-07-13T00:37:41.235629Z","level":"info","event":"Dispositivo 64, franja: 10-12, valor: 1.31","chan":"stdout","logger":"task"}
{"timestamp":"2025-07-13T00:37:41.236295Z","level":"info","event":"No hay suficientes datos históricos","chan":"stdout","logger":"task"}
{"timestamp":"2025-07-13T00:37:41.236427Z","level":"info","event":"Dispositivo 65, franja: 10-12, valor: 1.2","chan":"stdout","logger":"task"}
{"timestamp":"2025-07-13T00:37:41.237103Z","level":"info","event":"No hay suficientes datos históricos","chan":"stdout","logger":"task"}
{"timestamp":"2025-07-13T00:37:41.237253Z","level":"info","event":"Dispositivo 66, franja: 10-12, valor: 0.0","chan":"stdout","logger":"task"}
{"timestamp":"2025-07-13T00:37:41.238002Z","level":"info","event":"No hay suficientes datos históricos","chan":"stdout","logger":"task"}
{"timestamp":"2025-07-13T00:37:41.238122Z","level":"info","event":"Dispositivo 67, franja: 10-12, valor: 1.1","chan":"stdout","logger":"task"}
{"timestamp":"2025-07-13T00:37:41.238816Z","level":"info","event":"No hay suficientes datos históricos","chan":"stdout","logger":"task"}
{"timestamp":"2025-07-13T00:37:41.238934Z","level":"info","event":"Dispositivo 68, franja: 10-12, valor: 0.79","chan":"stdout","logger":"task"}
{"timestamp":"2025-07-13T00:37:41.239623Z","level":"info","event":"No hay suficientes datos históricos","chan":"stdout","logger":"task"}
{"timestamp":"2025-07-13T00:37:41.239741Z","level":"info","event":"Dispositivo 69, franja: 10-12, valor: 0.7","chan":"stdout","logger":"task"}
{"timestamp":"2025-07-13T00:37:41.240426Z","level":"info","event":"No hay suficientes datos históricos","chan":"stdout","logger":"task"}
{"timestamp":"2025-07-13T00:37:41.240549Z","level":"info","event":"Dispositivo 70, franja: 10-12, valor: 1.21","chan":"stdout","logger":"task"}
{"timestamp":"2025-07-13T00:37:41.241251Z","level":"info","event":"No hay suficientes datos históricos","chan":"stdout","logger":"task"}
{"timestamp":"2025-07-13T00:37:41.241381Z","level":"info","event":"Dispositivo 71, franja: 10-12, valor: 1.1","chan":"stdout","logger":"task"}
{"timestamp":"2025-07-13T00:37:41.242115Z","level":"info","event":"No hay suficientes datos históricos","chan":"stdout","logger":"task"}
{"timestamp":"2025-07-13T00:37:41.242291Z","level":"info","event":"Dispositivo 72, franja: 10-12, valor: 1.4","chan":"stdout","logger":"task"}
{"timestamp":"2025-07-13T00:37:41.243195Z","level":"info","event":"No hay suficientes datos históricos","chan":"stdout","logger":"task"}
{"timestamp":"2025-07-13T00:37:41.243498Z","level":"info","event":"Dispositivo 73, franja: 10-12, valor: 0.84","chan":"stdout","logger":"task"}
{"timestamp":"2025-07-13T00:37:41.244269Z","level":"info","event":"No hay suficientes datos históricos","chan":"stdout","logger":"task"}
{"timestamp":"2025-07-13T00:37:41.244502Z","level":"info","event":"Dispositivo 74, franja: 10-12, valor: 1.22","chan":"stdout","logger":"task"}
{"timestamp":"2025-07-13T00:37:41.245519Z","level":"info","event":"No hay suficientes datos históricos","chan":"stdout","logger":"task"}
{"timestamp":"2025-07-13T00:37:41.245708Z","level":"info","event":"Dispositivo 75, franja: 10-12, valor: 1.04","chan":"stdout","logger":"task"}
{"timestamp":"2025-07-13T00:37:41.246786Z","level":"info","event":"No hay suficientes datos históricos","chan":"stdout","logger":"task"}
{"timestamp":"2025-07-13T00:37:41.247008Z","level":"info","event":"Dispositivo 76, franja: 10-12, valor: 1.25","chan":"stdout","logger":"task"}
{"timestamp":"2025-07-13T00:37:41.247988Z","level":"info","event":"No hay suficientes datos históricos","chan":"stdout","logger":"task"}
{"timestamp":"2025-07-13T00:37:41.248187Z","level":"info","event":"Dispositivo 77, franja: 10-12, valor: 0.93","chan":"stdout","logger":"task"}
{"timestamp":"2025-07-13T00:37:41.248898Z","level":"info","event":"No hay suficientes datos históricos","chan":"stdout","logger":"task"}
{"timestamp":"2025-07-13T00:37:41.249037Z","level":"info","event":"Dispositivo 78, franja: 10-12, valor: 0.67","chan":"stdout","logger":"task"}
{"timestamp":"2025-07-13T00:37:41.249745Z","level":"info","event":"No hay suficientes datos históricos","chan":"stdout","logger":"task"}
{"timestamp":"2025-07-13T00:37:41.249886Z","level":"info","event":"Dispositivo 79, franja: 10-12, valor: 0.58","chan":"stdout","logger":"task"}
{"timestamp":"2025-07-13T00:37:41.250525Z","level":"info","event":"No hay suficientes datos históricos","chan":"stdout","logger":"task"}
{"timestamp":"2025-07-13T00:37:41.250662Z","level":"info","event":"Dispositivo 80, franja: 10-12, valor: 1.25","chan":"stdout","logger":"task"}
{"timestamp":"2025-07-13T00:37:41.251294Z","level":"info","event":"No hay suficientes datos históricos","chan":"stdout","logger":"task"}
{"timestamp":"2025-07-13T00:37:41.251433Z","level":"info","event":"Dispositivo 81, franja: 10-12, valor: 1.34","chan":"stdout","logger":"task"}
{"timestamp":"2025-07-13T00:37:41.252105Z","level":"info","event":"No hay suficientes datos históricos","chan":"stdout","logger":"task"}
{"timestamp":"2025-07-13T00:37:41.252255Z","level":"info","event":"Dispositivo 82, franja: 10-12, valor: 0.91","chan":"stdout","logger":"task"}
{"timestamp":"2025-07-13T00:37:41.252999Z","level":"info","event":"No hay suficientes datos históricos","chan":"stdout","logger":"task"}
{"timestamp":"2025-07-13T00:37:41.253187Z","level":"info","event":"Dispositivo 83, franja: 10-12, valor: 1.35","chan":"stdout","logger":"task"}
{"timestamp":"2025-07-13T00:37:41.253871Z","level":"info","event":"No hay suficientes datos históricos","chan":"stdout","logger":"task"}
{"timestamp":"2025-07-13T00:37:41.254035Z","level":"info","event":"Dispositivo 84, franja: 10-12, valor: 1.31","chan":"stdout","logger":"task"}
{"timestamp":"2025-07-13T00:37:41.254700Z","level":"info","event":"No hay suficientes datos históricos","chan":"stdout","logger":"task"}
{"timestamp":"2025-07-13T00:37:41.254832Z","level":"info","event":"Dispositivo 85, franja: 10-12, valor: 0.99","chan":"stdout","logger":"task"}
{"timestamp":"2025-07-13T00:37:41.255462Z","level":"info","event":"No hay suficientes datos históricos","chan":"stdout","logger":"task"}
{"timestamp":"2025-07-13T00:37:41.255598Z","level":"info","event":"Dispositivo 86, franja: 10-12, valor: 0.0","chan":"stdout","logger":"task"}
{"timestamp":"2025-07-13T00:37:41.256206Z","level":"info","event":"No hay suficientes datos históricos","chan":"stdout","logger":"task"}
{"timestamp":"2025-07-13T00:37:41.256346Z","level":"info","event":"Dispositivo 87, franja: 10-12, valor: 1.37","chan":"stdout","logger":"task"}
{"timestamp":"2025-07-13T00:37:41.256959Z","level":"info","event":"No hay suficientes datos históricos","chan":"stdout","logger":"task"}
{"timestamp":"2025-07-13T00:37:41.257096Z","level":"info","event":"Dispositivo 88, franja: 10-12, valor: 0.93","chan":"stdout","logger":"task"}
{"timestamp":"2025-07-13T00:37:41.257768Z","level":"info","event":"No hay suficientes datos históricos","chan":"stdout","logger":"task"}
{"timestamp":"2025-07-13T00:37:41.257904Z","level":"info","event":"Dispositivo 89, franja: 10-12, valor: 1.26","chan":"stdout","logger":"task"}
{"timestamp":"2025-07-13T00:37:41.258534Z","level":"info","event":"No hay suficientes datos históricos","chan":"stdout","logger":"task"}
{"timestamp":"2025-07-13T00:37:41.258668Z","level":"info","event":"Dispositivo 90, franja: 10-12, valor: 0.78","chan":"stdout","logger":"task"}
{"timestamp":"2025-07-13T00:37:41.259356Z","level":"info","event":"No hay suficientes datos históricos","chan":"stdout","logger":"task"}
{"timestamp":"2025-07-13T00:37:41.259599Z","level":"info","event":"Dispositivo 91, franja: 10-12, valor: 1.03","chan":"stdout","logger":"task"}
{"timestamp":"2025-07-13T00:37:41.261412Z","level":"info","event":"No hay suficientes datos históricos","chan":"stdout","logger":"task"}
{"timestamp":"2025-07-13T00:37:41.261685Z","level":"info","event":"Dispositivo 92, franja: 10-12, valor: 1.13","chan":"stdout","logger":"task"}
{"timestamp":"2025-07-13T00:37:41.262858Z","level":"info","event":"No hay suficientes datos históricos","chan":"stdout","logger":"task"}
{"timestamp":"2025-07-13T00:37:41.263078Z","level":"info","event":"Dispositivo 93, franja: 10-12, valor: 0.52","chan":"stdout","logger":"task"}
{"timestamp":"2025-07-13T00:37:41.263948Z","level":"info","event":"No hay suficientes datos históricos","chan":"stdout","logger":"task"}
{"timestamp":"2025-07-13T00:37:41.264106Z","level":"info","event":"Dispositivo 94, franja: 10-12, valor: 0.66","chan":"stdout","logger":"task"}
{"timestamp":"2025-07-13T00:37:41.264844Z","level":"info","event":"No hay suficientes datos históricos","chan":"stdout","logger":"task"}
{"timestamp":"2025-07-13T00:37:41.264984Z","level":"info","event":"Dispositivo 95, franja: 10-12, valor: 0.87","chan":"stdout","logger":"task"}
{"timestamp":"2025-07-13T00:37:41.265667Z","level":"info","event":"No hay suficientes datos históricos","chan":"stdout","logger":"task"}
{"timestamp":"2025-07-13T00:37:41.265804Z","level":"info","event":"Dispositivo 96, franja: 10-12, valor: 1.04","chan":"stdout","logger":"task"}
{"timestamp":"2025-07-13T00:37:41.266603Z","level":"info","event":"No hay suficientes datos históricos","chan":"stdout","logger":"task"}
{"timestamp":"2025-07-13T00:37:41.266753Z","level":"info","event":"Dispositivo 97, franja: 10-12, valor: 0.93","chan":"stdout","logger":"task"}
{"timestamp":"2025-07-13T00:37:41.267459Z","level":"info","event":"No hay suficientes datos históricos","chan":"stdout","logger":"task"}
{"timestamp":"2025-07-13T00:37:41.267602Z","level":"info","event":"Dispositivo 98, franja: 10-12, valor: 1.27","chan":"stdout","logger":"task"}
{"timestamp":"2025-07-13T00:37:41.268233Z","level":"info","event":"No hay suficientes datos históricos","chan":"stdout","logger":"task"}
{"timestamp":"2025-07-13T00:37:41.268368Z","level":"info","event":"Dispositivo 99, franja: 10-12, valor: 1.34","chan":"stdout","logger":"task"}
{"timestamp":"2025-07-13T00:37:41.268996Z","level":"info","event":"No hay suficientes datos históricos","chan":"stdout","logger":"task"}
{"timestamp":"2025-07-13T00:37:41.269144Z","level":"info","event":"Dispositivo 100, franja: 10-12, valor: 1.24","chan":"stdout","logger":"task"}
{"timestamp":"2025-07-13T00:37:41.269793Z","level":"info","event":"No hay suficientes datos históricos","chan":"stdout","logger":"task"}
{"timestamp":"2025-07-13T00:37:41.270796","level":"info","event":"Done. Returned value was: None","logger":"airflow.task.operators.airflow.providers.standard.operators.python.PythonOperator"}
{"timestamp":"2025-07-13T00:37:41.293641Z","level":"info","event":"Task instance in success state","chan":"stdout","logger":"task"}
{"timestamp":"2025-07-13T00:37:41.293994Z","level":"info","event":" Previous state of the Task instance: TaskInstanceState.RUNNING","chan":"stdout","logger":"task"}
{"timestamp":"2025-07-13T00:37:41.294180Z","level":"info","event":"Task operator:<Task(PythonOperator): detectar_pico>","chan":"stdout","logger":"task"}
