{"timestamp":"2025-07-14T10:04:21.962185","level":"info","event":"DAG bundles loaded: dags-folder, example_dags","logger":"airflow.dag_processing.bundles.manager.DagBundlesManager"}
{"timestamp":"2025-07-14T10:04:21.962625","level":"info","event":"Filling up the DagBag from /opt/airflow/dags/dag_analisis.py","logger":"airflow.models.dagbag.DagBag"}
{"timestamp":"2025-07-14T10:04:21.982431","level":"warning","event":"/opt/airflow/dags/dag_analisis.py:69: UserWarning: pandas only supports SQLAlchemy connectable (engine/connection) or database string URI or sqlite3 DBAPI2 connection. Other DBAPI2 objects are not tested. Please consider using SQLAlchemy.\n  df = pd.read_sql(query, conn)\n","logger":"py.warnings"}
{"timestamp":"2025-07-14T10:04:22.023376Z","level":"info","event":"Task instance is in running state","chan":"stdout","logger":"task"}
{"timestamp":"2025-07-14T10:04:22.023580Z","level":"info","event":" Previous state of the Task instance: TaskInstanceState.QUEUED","chan":"stdout","logger":"task"}
{"timestamp":"2025-07-14T10:04:22.023691Z","level":"info","event":"Current task name:deteccion_valores_congelados","chan":"stdout","logger":"task"}
{"timestamp":"2025-07-14T10:04:22.023795Z","level":"info","event":"Dag name:a2","chan":"stdout","logger":"task"}
{"timestamp":"2025-07-14T10:04:22.070781Z","level":"info","event":"         id  device_id           timestamp   value  rn","chan":"stdout","logger":"task"}
{"timestamp":"2025-07-14T10:04:22.071043Z","level":"info","event":"0    122558          1 2025-07-07 17:15:00  220.08   3","chan":"stdout","logger":"task"}
{"timestamp":"2025-07-14T10:04:22.071199Z","level":"info","event":"1    122559          1 2025-07-07 17:30:00  220.39   2","chan":"stdout","logger":"task"}
{"timestamp":"2025-07-14T10:04:22.071385Z","level":"info","event":"2    122560          1 2025-07-07 17:45:00  220.65   1","chan":"stdout","logger":"task"}
{"timestamp":"2025-07-14T10:04:22.071547Z","level":"info","event":"3    122922          2 2025-07-07 17:15:00  205.88   3","chan":"stdout","logger":"task"}
{"timestamp":"2025-07-14T10:04:22.071695Z","level":"info","event":"4    122923          2 2025-07-07 17:30:00  206.23   2","chan":"stdout","logger":"task"}
{"timestamp":"2025-07-14T10:04:22.071840Z","level":"info","event":"..      ...        ...                 ...     ...  ..","chan":"stdout","logger":"task"}
{"timestamp":"2025-07-14T10:04:22.071993Z","level":"info","event":"295  158231         99 2025-07-07 17:30:00  231.85   2","chan":"stdout","logger":"task"}
{"timestamp":"2025-07-14T10:04:22.072137Z","level":"info","event":"296  158232         99 2025-07-07 17:45:00  232.13   1","chan":"stdout","logger":"task"}
{"timestamp":"2025-07-14T10:04:22.072281Z","level":"info","event":"297  158594        100 2025-07-07 17:15:00  245.25   3","chan":"stdout","logger":"task"}
{"timestamp":"2025-07-14T10:04:22.072425Z","level":"info","event":"298  158595        100 2025-07-07 17:30:00  245.56   2","chan":"stdout","logger":"task"}
{"timestamp":"2025-07-14T10:04:22.072568Z","level":"info","event":"299  158596        100 2025-07-07 17:45:00  245.83   1","chan":"stdout","logger":"task"}
{"timestamp":"2025-07-14T10:04:22.072712Z","level":"info","event":"","chan":"stdout","logger":"task"}
{"timestamp":"2025-07-14T10:04:22.072857Z","level":"info","event":"[300 rows x 5 columns]","chan":"stdout","logger":"task"}
{"timestamp":"2025-07-14T10:04:22.090244Z","level":"info","event":"todo bien","chan":"stdout","logger":"task"}
{"timestamp":"2025-07-14T10:04:22.091231","level":"info","event":"Done. Returned value was: None","logger":"airflow.task.operators.airflow.providers.standard.operators.python.PythonOperator"}
{"timestamp":"2025-07-14T10:04:22.119680Z","level":"info","event":"Task instance in success state","chan":"stdout","logger":"task"}
{"timestamp":"2025-07-14T10:04:22.119947Z","level":"info","event":" Previous state of the Task instance: TaskInstanceState.RUNNING","chan":"stdout","logger":"task"}
{"timestamp":"2025-07-14T10:04:22.120108Z","level":"info","event":"Task operator:<Task(PythonOperator): deteccion_valores_congelados>","chan":"stdout","logger":"task"}
