{"timestamp":"2025-07-13T00:36:41.376412","level":"info","event":"DAG bundles loaded: dags-folder, example_dags","logger":"airflow.dag_processing.bundles.manager.DagBundlesManager"}
{"timestamp":"2025-07-13T00:36:41.377198","level":"info","event":"Filling up the DagBag from /opt/airflow/dags/dag_analisis.py","logger":"airflow.models.dagbag.DagBag"}
{"timestamp":"2025-07-13T00:36:41.422368Z","level":"info","event":"Task instance is in running state","chan":"stdout","logger":"task"}
{"timestamp":"2025-07-13T00:36:41.422601Z","level":"info","event":" Previous state of the Task instance: TaskInstanceState.QUEUED","chan":"stdout","logger":"task"}
{"timestamp":"2025-07-13T00:36:41.422724Z","level":"info","event":"Current task name:detectar_pico","chan":"stdout","logger":"task"}
{"timestamp":"2025-07-13T00:36:41.422841Z","level":"info","event":"Dag name:a2","chan":"stdout","logger":"task"}
{"timestamp":"2025-07-13T00:36:41.446955Z","level":"info","event":"Dispositivo 1, franja: 10-12, valor: 1.16","chan":"stdout","logger":"task"}
{"timestamp":"2025-07-13T00:36:41.454798","level":"warning","event":"/opt/airflow/dags/dag_analisis.py:114: UserWarning: pandas only supports SQLAlchemy connectable (engine/connection) or database string URI or sqlite3 DBAPI2 connection. Other DBAPI2 objects are not tested. Please consider using SQLAlchemy.\n  df = pd.read_sql(f\"\"\"\n","logger":"py.warnings"}
{"timestamp":"2025-07-13T00:36:41.457241Z","level":"info","event":"No hay suficientes datos históricos","chan":"stdout","logger":"task"}
{"timestamp":"2025-07-13T00:36:41.457482Z","level":"info","event":"Dispositivo 2, franja: 10-12, valor: 0.99","chan":"stdout","logger":"task"}
{"timestamp":"2025-07-13T00:36:41.458695Z","level":"info","event":"No hay suficientes datos históricos","chan":"stdout","logger":"task"}
{"timestamp":"2025-07-13T00:36:41.459023Z","level":"info","event":"Dispositivo 3, franja: 10-12, valor: 0.59","chan":"stdout","logger":"task"}
{"timestamp":"2025-07-13T00:36:41.460583Z","level":"info","event":"No hay suficientes datos históricos","chan":"stdout","logger":"task"}
{"timestamp":"2025-07-13T00:36:41.460837Z","level":"info","event":"Dispositivo 4, franja: 10-12, valor: 0.76","chan":"stdout","logger":"task"}
{"timestamp":"2025-07-13T00:36:41.462015Z","level":"info","event":"No hay suficientes datos históricos","chan":"stdout","logger":"task"}
{"timestamp":"2025-07-13T00:36:41.462204Z","level":"info","event":"Dispositivo 5, franja: 10-12, valor: 0.87","chan":"stdout","logger":"task"}
{"timestamp":"2025-07-13T00:36:41.463531Z","level":"info","event":"No hay suficientes datos históricos","chan":"stdout","logger":"task"}
{"timestamp":"2025-07-13T00:36:41.463809Z","level":"info","event":"Dispositivo 6, franja: 10-12, valor: 0.96","chan":"stdout","logger":"task"}
{"timestamp":"2025-07-13T00:36:41.465051Z","level":"info","event":"No hay suficientes datos históricos","chan":"stdout","logger":"task"}
{"timestamp":"2025-07-13T00:36:41.465255Z","level":"info","event":"Dispositivo 7, franja: 10-12, valor: 1.21","chan":"stdout","logger":"task"}
{"timestamp":"2025-07-13T00:36:41.466412Z","level":"info","event":"No hay suficientes datos históricos","chan":"stdout","logger":"task"}
{"timestamp":"2025-07-13T00:36:41.466697Z","level":"info","event":"Dispositivo 8, franja: 10-12, valor: 0.67","chan":"stdout","logger":"task"}
{"timestamp":"2025-07-13T00:36:41.467603Z","level":"info","event":"No hay suficientes datos históricos","chan":"stdout","logger":"task"}
{"timestamp":"2025-07-13T00:36:41.467871Z","level":"info","event":"Dispositivo 9, franja: 10-12, valor: 0.71","chan":"stdout","logger":"task"}
{"timestamp":"2025-07-13T00:36:41.468857Z","level":"info","event":"No hay suficientes datos históricos","chan":"stdout","logger":"task"}
{"timestamp":"2025-07-13T00:36:41.469112Z","level":"info","event":"Dispositivo 10, franja: 10-12, valor: 1.44","chan":"stdout","logger":"task"}
{"timestamp":"2025-07-13T00:36:41.470128Z","level":"info","event":"No hay suficientes datos históricos","chan":"stdout","logger":"task"}
{"timestamp":"2025-07-13T00:36:41.470394Z","level":"info","event":"Dispositivo 11, franja: 10-12, valor: 1.0","chan":"stdout","logger":"task"}
{"timestamp":"2025-07-13T00:36:41.471382Z","level":"info","event":"No hay suficientes datos históricos","chan":"stdout","logger":"task"}
{"timestamp":"2025-07-13T00:36:41.471602Z","level":"info","event":"Dispositivo 12, franja: 10-12, valor: 0.53","chan":"stdout","logger":"task"}
{"timestamp":"2025-07-13T00:36:41.472634Z","level":"info","event":"No hay suficientes datos históricos","chan":"stdout","logger":"task"}
{"timestamp":"2025-07-13T00:36:41.472819Z","level":"info","event":"Dispositivo 13, franja: 10-12, valor: 1.38","chan":"stdout","logger":"task"}
{"timestamp":"2025-07-13T00:36:41.474017Z","level":"info","event":"No hay suficientes datos históricos","chan":"stdout","logger":"task"}
{"timestamp":"2025-07-13T00:36:41.474231Z","level":"info","event":"Dispositivo 14, franja: 10-12, valor: 0.98","chan":"stdout","logger":"task"}
{"timestamp":"2025-07-13T00:36:41.475639Z","level":"info","event":"No hay suficientes datos históricos","chan":"stdout","logger":"task"}
{"timestamp":"2025-07-13T00:36:41.475856Z","level":"info","event":"Dispositivo 15, franja: 10-12, valor: 1.18","chan":"stdout","logger":"task"}
{"timestamp":"2025-07-13T00:36:41.477252Z","level":"info","event":"No hay suficientes datos históricos","chan":"stdout","logger":"task"}
{"timestamp":"2025-07-13T00:36:41.477428Z","level":"info","event":"Dispositivo 16, franja: 10-12, valor: 1.39","chan":"stdout","logger":"task"}
{"timestamp":"2025-07-13T00:36:41.478709Z","level":"info","event":"No hay suficientes datos históricos","chan":"stdout","logger":"task"}
{"timestamp":"2025-07-13T00:36:41.478969Z","level":"info","event":"Dispositivo 17, franja: 10-12, valor: 0.97","chan":"stdout","logger":"task"}
{"timestamp":"2025-07-13T00:36:41.480419Z","level":"info","event":"No hay suficientes datos históricos","chan":"stdout","logger":"task"}
{"timestamp":"2025-07-13T00:36:41.480753Z","level":"info","event":"Dispositivo 18, franja: 10-12, valor: 1.23","chan":"stdout","logger":"task"}
{"timestamp":"2025-07-13T00:36:41.482021Z","level":"info","event":"No hay suficientes datos históricos","chan":"stdout","logger":"task"}
{"timestamp":"2025-07-13T00:36:41.482259Z","level":"info","event":"Dispositivo 19, franja: 10-12, valor: 0.66","chan":"stdout","logger":"task"}
{"timestamp":"2025-07-13T00:36:41.483484Z","level":"info","event":"No hay suficientes datos históricos","chan":"stdout","logger":"task"}
{"timestamp":"2025-07-13T00:36:41.483713Z","level":"info","event":"Dispositivo 20, franja: 10-12, valor: 0.69","chan":"stdout","logger":"task"}
{"timestamp":"2025-07-13T00:36:41.484953Z","level":"info","event":"No hay suficientes datos históricos","chan":"stdout","logger":"task"}
{"timestamp":"2025-07-13T00:36:41.485212Z","level":"info","event":"Dispositivo 21, franja: 10-12, valor: 0.74","chan":"stdout","logger":"task"}
{"timestamp":"2025-07-13T00:36:41.486485Z","level":"info","event":"No hay suficientes datos históricos","chan":"stdout","logger":"task"}
{"timestamp":"2025-07-13T00:36:41.486694Z","level":"info","event":"Dispositivo 22, franja: 10-12, valor: 0.81","chan":"stdout","logger":"task"}
{"timestamp":"2025-07-13T00:36:41.487952Z","level":"info","event":"No hay suficientes datos históricos","chan":"stdout","logger":"task"}
{"timestamp":"2025-07-13T00:36:41.488155Z","level":"info","event":"Dispositivo 23, franja: 10-12, valor: 0.98","chan":"stdout","logger":"task"}
{"timestamp":"2025-07-13T00:36:41.489529Z","level":"info","event":"No hay suficientes datos históricos","chan":"stdout","logger":"task"}
{"timestamp":"2025-07-13T00:36:41.489695Z","level":"info","event":"Dispositivo 24, franja: 10-12, valor: 0.63","chan":"stdout","logger":"task"}
{"timestamp":"2025-07-13T00:36:41.490823Z","level":"info","event":"No hay suficientes datos históricos","chan":"stdout","logger":"task"}
{"timestamp":"2025-07-13T00:36:41.491079Z","level":"info","event":"Dispositivo 25, franja: 10-12, valor: 1.09","chan":"stdout","logger":"task"}
{"timestamp":"2025-07-13T00:36:41.492750Z","level":"info","event":"No hay suficientes datos históricos","chan":"stdout","logger":"task"}
{"timestamp":"2025-07-13T00:36:41.493123Z","level":"info","event":"Dispositivo 26, franja: 10-12, valor: 0.56","chan":"stdout","logger":"task"}
{"timestamp":"2025-07-13T00:36:41.494814Z","level":"info","event":"No hay suficientes datos históricos","chan":"stdout","logger":"task"}
{"timestamp":"2025-07-13T00:36:41.495036Z","level":"info","event":"Dispositivo 27, franja: 10-12, valor: 1.01","chan":"stdout","logger":"task"}
{"timestamp":"2025-07-13T00:36:41.496043Z","level":"info","event":"No hay suficientes datos históricos","chan":"stdout","logger":"task"}
{"timestamp":"2025-07-13T00:36:41.496352Z","level":"info","event":"Dispositivo 28, franja: 10-12, valor: 0.62","chan":"stdout","logger":"task"}
{"timestamp":"2025-07-13T00:36:41.497526Z","level":"info","event":"No hay suficientes datos históricos","chan":"stdout","logger":"task"}
{"timestamp":"2025-07-13T00:36:41.497847Z","level":"info","event":"Dispositivo 29, franja: 10-12, valor: 0.96","chan":"stdout","logger":"task"}
{"timestamp":"2025-07-13T00:36:41.498971Z","level":"info","event":"No hay suficientes datos históricos","chan":"stdout","logger":"task"}
{"timestamp":"2025-07-13T00:36:41.499155Z","level":"info","event":"Dispositivo 30, franja: 10-12, valor: 1.26","chan":"stdout","logger":"task"}
{"timestamp":"2025-07-13T00:36:41.500254Z","level":"info","event":"No hay suficientes datos históricos","chan":"stdout","logger":"task"}
{"timestamp":"2025-07-13T00:36:41.500437Z","level":"info","event":"Dispositivo 31, franja: 10-12, valor: 1.43","chan":"stdout","logger":"task"}
{"timestamp":"2025-07-13T00:36:41.501593Z","level":"info","event":"No hay suficientes datos históricos","chan":"stdout","logger":"task"}
{"timestamp":"2025-07-13T00:36:41.501809Z","level":"info","event":"Dispositivo 32, franja: 10-12, valor: 0.92","chan":"stdout","logger":"task"}
{"timestamp":"2025-07-13T00:36:41.502851Z","level":"info","event":"No hay suficientes datos históricos","chan":"stdout","logger":"task"}
{"timestamp":"2025-07-13T00:36:41.503031Z","level":"info","event":"Dispositivo 33, franja: 10-12, valor: 0.74","chan":"stdout","logger":"task"}
{"timestamp":"2025-07-13T00:36:41.504001Z","level":"info","event":"No hay suficientes datos históricos","chan":"stdout","logger":"task"}
{"timestamp":"2025-07-13T00:36:41.504226Z","level":"info","event":"Dispositivo 34, franja: 10-12, valor: 1.36","chan":"stdout","logger":"task"}
{"timestamp":"2025-07-13T00:36:41.505313Z","level":"info","event":"No hay suficientes datos históricos","chan":"stdout","logger":"task"}
{"timestamp":"2025-07-13T00:36:41.505569Z","level":"info","event":"Dispositivo 35, franja: 10-12, valor: 1.13","chan":"stdout","logger":"task"}
{"timestamp":"2025-07-13T00:36:41.506483Z","level":"info","event":"No hay suficientes datos históricos","chan":"stdout","logger":"task"}
{"timestamp":"2025-07-13T00:36:41.506668Z","level":"info","event":"Dispositivo 36, franja: 10-12, valor: 0.79","chan":"stdout","logger":"task"}
{"timestamp":"2025-07-13T00:36:41.507986Z","level":"info","event":"No hay suficientes datos históricos","chan":"stdout","logger":"task"}
{"timestamp":"2025-07-13T00:36:41.508181Z","level":"info","event":"Dispositivo 37, franja: 10-12, valor: 1.37","chan":"stdout","logger":"task"}
{"timestamp":"2025-07-13T00:36:41.509553Z","level":"info","event":"No hay suficientes datos históricos","chan":"stdout","logger":"task"}
{"timestamp":"2025-07-13T00:36:41.509693Z","level":"info","event":"Dispositivo 38, franja: 10-12, valor: 1.03","chan":"stdout","logger":"task"}
{"timestamp":"2025-07-13T00:36:41.511030Z","level":"info","event":"No hay suficientes datos históricos","chan":"stdout","logger":"task"}
{"timestamp":"2025-07-13T00:36:41.511162Z","level":"info","event":"Dispositivo 39, franja: 10-12, valor: 1.38","chan":"stdout","logger":"task"}
{"timestamp":"2025-07-13T00:36:41.512481Z","level":"info","event":"No hay suficientes datos históricos","chan":"stdout","logger":"task"}
{"timestamp":"2025-07-13T00:36:41.512678Z","level":"info","event":"Dispositivo 40, franja: 10-12, valor: 1.31","chan":"stdout","logger":"task"}
{"timestamp":"2025-07-13T00:36:41.514243Z","level":"info","event":"No hay suficientes datos históricos","chan":"stdout","logger":"task"}
{"timestamp":"2025-07-13T00:36:41.514492Z","level":"info","event":"Dispositivo 41, franja: 10-12, valor: 1.22","chan":"stdout","logger":"task"}
{"timestamp":"2025-07-13T00:36:41.516122Z","level":"info","event":"No hay suficientes datos históricos","chan":"stdout","logger":"task"}
{"timestamp":"2025-07-13T00:36:41.516306Z","level":"info","event":"Dispositivo 42, franja: 10-12, valor: 0.67","chan":"stdout","logger":"task"}
{"timestamp":"2025-07-13T00:36:41.517888Z","level":"info","event":"No hay suficientes datos históricos","chan":"stdout","logger":"task"}
{"timestamp":"2025-07-13T00:36:41.518074Z","level":"info","event":"Dispositivo 43, franja: 10-12, valor: 0.71","chan":"stdout","logger":"task"}
{"timestamp":"2025-07-13T00:36:41.519581Z","level":"info","event":"No hay suficientes datos históricos","chan":"stdout","logger":"task"}
{"timestamp":"2025-07-13T00:36:41.519819Z","level":"info","event":"Dispositivo 44, franja: 10-12, valor: 0.64","chan":"stdout","logger":"task"}
{"timestamp":"2025-07-13T00:36:41.521238Z","level":"info","event":"No hay suficientes datos históricos","chan":"stdout","logger":"task"}
{"timestamp":"2025-07-13T00:36:41.521471Z","level":"info","event":"Dispositivo 45, franja: 10-12, valor: 0.5","chan":"stdout","logger":"task"}
{"timestamp":"2025-07-13T00:36:41.522899Z","level":"info","event":"No hay suficientes datos históricos","chan":"stdout","logger":"task"}
{"timestamp":"2025-07-13T00:36:41.523089Z","level":"info","event":"Dispositivo 46, franja: 10-12, valor: 0.0","chan":"stdout","logger":"task"}
{"timestamp":"2025-07-13T00:36:41.524366Z","level":"info","event":"No hay suficientes datos históricos","chan":"stdout","logger":"task"}
{"timestamp":"2025-07-13T00:36:41.524561Z","level":"info","event":"Dispositivo 47, franja: 10-12, valor: 0.8","chan":"stdout","logger":"task"}
{"timestamp":"2025-07-13T00:36:41.525879Z","level":"info","event":"No hay suficientes datos históricos","chan":"stdout","logger":"task"}
{"timestamp":"2025-07-13T00:36:41.526110Z","level":"info","event":"Dispositivo 48, franja: 10-12, valor: 1.24","chan":"stdout","logger":"task"}
{"timestamp":"2025-07-13T00:36:41.527916Z","level":"info","event":"No hay suficientes datos históricos","chan":"stdout","logger":"task"}
{"timestamp":"2025-07-13T00:36:41.528163Z","level":"info","event":"Dispositivo 49, franja: 10-12, valor: 1.19","chan":"stdout","logger":"task"}
{"timestamp":"2025-07-13T00:36:41.529889Z","level":"info","event":"No hay suficientes datos históricos","chan":"stdout","logger":"task"}
{"timestamp":"2025-07-13T00:36:41.530151Z","level":"info","event":"Dispositivo 50, franja: 10-12, valor: 0.66","chan":"stdout","logger":"task"}
{"timestamp":"2025-07-13T00:36:41.531597Z","level":"info","event":"No hay suficientes datos históricos","chan":"stdout","logger":"task"}
{"timestamp":"2025-07-13T00:36:41.531831Z","level":"info","event":"Dispositivo 51, franja: 10-12, valor: 1.19","chan":"stdout","logger":"task"}
{"timestamp":"2025-07-13T00:36:41.533288Z","level":"info","event":"No hay suficientes datos históricos","chan":"stdout","logger":"task"}
{"timestamp":"2025-07-13T00:36:41.533532Z","level":"info","event":"Dispositivo 52, franja: 10-12, valor: 0.52","chan":"stdout","logger":"task"}
{"timestamp":"2025-07-13T00:36:41.535064Z","level":"info","event":"No hay suficientes datos históricos","chan":"stdout","logger":"task"}
{"timestamp":"2025-07-13T00:36:41.535322Z","level":"info","event":"Dispositivo 53, franja: 10-12, valor: 1.18","chan":"stdout","logger":"task"}
{"timestamp":"2025-07-13T00:36:41.536463Z","level":"info","event":"No hay suficientes datos históricos","chan":"stdout","logger":"task"}
{"timestamp":"2025-07-13T00:36:41.537177Z","level":"info","event":"Dispositivo 54, franja: 10-12, valor: 0.68","chan":"stdout","logger":"task"}
{"timestamp":"2025-07-13T00:36:41.538146Z","level":"info","event":"No hay suficientes datos históricos","chan":"stdout","logger":"task"}
{"timestamp":"2025-07-13T00:36:41.538485Z","level":"info","event":"Dispositivo 55, franja: 10-12, valor: 1.08","chan":"stdout","logger":"task"}
{"timestamp":"2025-07-13T00:36:41.539570Z","level":"info","event":"No hay suficientes datos históricos","chan":"stdout","logger":"task"}
{"timestamp":"2025-07-13T00:36:41.539854Z","level":"info","event":"Dispositivo 56, franja: 10-12, valor: 0.69","chan":"stdout","logger":"task"}
{"timestamp":"2025-07-13T00:36:41.540918Z","level":"info","event":"No hay suficientes datos históricos","chan":"stdout","logger":"task"}
{"timestamp":"2025-07-13T00:36:41.541224Z","level":"info","event":"Dispositivo 57, franja: 10-12, valor: 1.37","chan":"stdout","logger":"task"}
{"timestamp":"2025-07-13T00:36:41.542049Z","level":"info","event":"No hay suficientes datos históricos","chan":"stdout","logger":"task"}
{"timestamp":"2025-07-13T00:36:41.542305Z","level":"info","event":"Dispositivo 58, franja: 10-12, valor: 1.13","chan":"stdout","logger":"task"}
{"timestamp":"2025-07-13T00:36:41.543257Z","level":"info","event":"No hay suficientes datos históricos","chan":"stdout","logger":"task"}
{"timestamp":"2025-07-13T00:36:41.543485Z","level":"info","event":"Dispositivo 59, franja: 10-12, valor: 0.51","chan":"stdout","logger":"task"}
{"timestamp":"2025-07-13T00:36:41.544421Z","level":"info","event":"No hay suficientes datos históricos","chan":"stdout","logger":"task"}
{"timestamp":"2025-07-13T00:36:41.544620Z","level":"info","event":"Dispositivo 60, franja: 10-12, valor: 0.6","chan":"stdout","logger":"task"}
{"timestamp":"2025-07-13T00:36:41.545623Z","level":"info","event":"No hay suficientes datos históricos","chan":"stdout","logger":"task"}
{"timestamp":"2025-07-13T00:36:41.545813Z","level":"info","event":"Dispositivo 61, franja: 10-12, valor: 0.0","chan":"stdout","logger":"task"}
{"timestamp":"2025-07-13T00:36:41.547076Z","level":"info","event":"No hay suficientes datos históricos","chan":"stdout","logger":"task"}
{"timestamp":"2025-07-13T00:36:41.547368Z","level":"info","event":"Dispositivo 62, franja: 10-12, valor: 1.38","chan":"stdout","logger":"task"}
{"timestamp":"2025-07-13T00:36:41.548951Z","level":"info","event":"No hay suficientes datos históricos","chan":"stdout","logger":"task"}
{"timestamp":"2025-07-13T00:36:41.549241Z","level":"info","event":"Dispositivo 63, franja: 10-12, valor: 0.93","chan":"stdout","logger":"task"}
{"timestamp":"2025-07-13T00:36:41.550461Z","level":"info","event":"No hay suficientes datos históricos","chan":"stdout","logger":"task"}
{"timestamp":"2025-07-13T00:36:41.550688Z","level":"info","event":"Dispositivo 64, franja: 10-12, valor: 1.31","chan":"stdout","logger":"task"}
{"timestamp":"2025-07-13T00:36:41.551850Z","level":"info","event":"No hay suficientes datos históricos","chan":"stdout","logger":"task"}
{"timestamp":"2025-07-13T00:36:41.552108Z","level":"info","event":"Dispositivo 65, franja: 10-12, valor: 1.2","chan":"stdout","logger":"task"}
{"timestamp":"2025-07-13T00:36:41.553234Z","level":"info","event":"No hay suficientes datos históricos","chan":"stdout","logger":"task"}
{"timestamp":"2025-07-13T00:36:41.553500Z","level":"info","event":"Dispositivo 66, franja: 10-12, valor: 0.0","chan":"stdout","logger":"task"}
{"timestamp":"2025-07-13T00:36:41.554626Z","level":"info","event":"No hay suficientes datos históricos","chan":"stdout","logger":"task"}
{"timestamp":"2025-07-13T00:36:41.554893Z","level":"info","event":"Dispositivo 67, franja: 10-12, valor: 1.1","chan":"stdout","logger":"task"}
{"timestamp":"2025-07-13T00:36:41.555991Z","level":"info","event":"No hay suficientes datos históricos","chan":"stdout","logger":"task"}
{"timestamp":"2025-07-13T00:36:41.556260Z","level":"info","event":"Dispositivo 68, franja: 10-12, valor: 0.79","chan":"stdout","logger":"task"}
{"timestamp":"2025-07-13T00:36:41.557402Z","level":"info","event":"No hay suficientes datos históricos","chan":"stdout","logger":"task"}
{"timestamp":"2025-07-13T00:36:41.557736Z","level":"info","event":"Dispositivo 69, franja: 10-12, valor: 0.7","chan":"stdout","logger":"task"}
{"timestamp":"2025-07-13T00:36:41.558794Z","level":"info","event":"No hay suficientes datos históricos","chan":"stdout","logger":"task"}
{"timestamp":"2025-07-13T00:36:41.559043Z","level":"info","event":"Dispositivo 70, franja: 10-12, valor: 1.21","chan":"stdout","logger":"task"}
{"timestamp":"2025-07-13T00:36:41.560339Z","level":"info","event":"No hay suficientes datos históricos","chan":"stdout","logger":"task"}
{"timestamp":"2025-07-13T00:36:41.560573Z","level":"info","event":"Dispositivo 71, franja: 10-12, valor: 1.1","chan":"stdout","logger":"task"}
{"timestamp":"2025-07-13T00:36:41.561991Z","level":"info","event":"No hay suficientes datos históricos","chan":"stdout","logger":"task"}
{"timestamp":"2025-07-13T00:36:41.562269Z","level":"info","event":"Dispositivo 72, franja: 10-12, valor: 1.4","chan":"stdout","logger":"task"}
{"timestamp":"2025-07-13T00:36:41.563657Z","level":"info","event":"No hay suficientes datos históricos","chan":"stdout","logger":"task"}
{"timestamp":"2025-07-13T00:36:41.563953Z","level":"info","event":"Dispositivo 73, franja: 10-12, valor: 0.84","chan":"stdout","logger":"task"}
{"timestamp":"2025-07-13T00:36:41.565606Z","level":"info","event":"No hay suficientes datos históricos","chan":"stdout","logger":"task"}
{"timestamp":"2025-07-13T00:36:41.565933Z","level":"info","event":"Dispositivo 74, franja: 10-12, valor: 1.22","chan":"stdout","logger":"task"}
{"timestamp":"2025-07-13T00:36:41.567029Z","level":"info","event":"No hay suficientes datos históricos","chan":"stdout","logger":"task"}
{"timestamp":"2025-07-13T00:36:41.567238Z","level":"info","event":"Dispositivo 75, franja: 10-12, valor: 1.04","chan":"stdout","logger":"task"}
{"timestamp":"2025-07-13T00:36:41.568361Z","level":"info","event":"No hay suficientes datos históricos","chan":"stdout","logger":"task"}
{"timestamp":"2025-07-13T00:36:41.568620Z","level":"info","event":"Dispositivo 76, franja: 10-12, valor: 1.25","chan":"stdout","logger":"task"}
{"timestamp":"2025-07-13T00:36:41.569668Z","level":"info","event":"No hay suficientes datos históricos","chan":"stdout","logger":"task"}
{"timestamp":"2025-07-13T00:36:41.569909Z","level":"info","event":"Dispositivo 77, franja: 10-12, valor: 0.93","chan":"stdout","logger":"task"}
{"timestamp":"2025-07-13T00:36:41.570908Z","level":"info","event":"No hay suficientes datos históricos","chan":"stdout","logger":"task"}
{"timestamp":"2025-07-13T00:36:41.571195Z","level":"info","event":"Dispositivo 78, franja: 10-12, valor: 0.67","chan":"stdout","logger":"task"}
{"timestamp":"2025-07-13T00:36:41.572470Z","level":"info","event":"No hay suficientes datos históricos","chan":"stdout","logger":"task"}
{"timestamp":"2025-07-13T00:36:41.572700Z","level":"info","event":"Dispositivo 79, franja: 10-12, valor: 0.58","chan":"stdout","logger":"task"}
{"timestamp":"2025-07-13T00:36:41.574137Z","level":"info","event":"No hay suficientes datos históricos","chan":"stdout","logger":"task"}
{"timestamp":"2025-07-13T00:36:41.574389Z","level":"info","event":"Dispositivo 80, franja: 10-12, valor: 1.25","chan":"stdout","logger":"task"}
{"timestamp":"2025-07-13T00:36:41.575642Z","level":"info","event":"No hay suficientes datos históricos","chan":"stdout","logger":"task"}
{"timestamp":"2025-07-13T00:36:41.575917Z","level":"info","event":"Dispositivo 81, franja: 10-12, valor: 1.34","chan":"stdout","logger":"task"}
{"timestamp":"2025-07-13T00:36:41.577053Z","level":"info","event":"No hay suficientes datos históricos","chan":"stdout","logger":"task"}
{"timestamp":"2025-07-13T00:36:41.577316Z","level":"info","event":"Dispositivo 82, franja: 10-12, valor: 0.91","chan":"stdout","logger":"task"}
{"timestamp":"2025-07-13T00:36:41.578311Z","level":"info","event":"No hay suficientes datos históricos","chan":"stdout","logger":"task"}
{"timestamp":"2025-07-13T00:36:41.578500Z","level":"info","event":"Dispositivo 83, franja: 10-12, valor: 1.35","chan":"stdout","logger":"task"}
{"timestamp":"2025-07-13T00:36:41.579635Z","level":"info","event":"No hay suficientes datos históricos","chan":"stdout","logger":"task"}
{"timestamp":"2025-07-13T00:36:41.579938Z","level":"info","event":"Dispositivo 84, franja: 10-12, valor: 1.31","chan":"stdout","logger":"task"}
{"timestamp":"2025-07-13T00:36:41.581477Z","level":"info","event":"No hay suficientes datos históricos","chan":"stdout","logger":"task"}
{"timestamp":"2025-07-13T00:36:41.581760Z","level":"info","event":"Dispositivo 85, franja: 10-12, valor: 0.99","chan":"stdout","logger":"task"}
{"timestamp":"2025-07-13T00:36:41.582966Z","level":"info","event":"No hay suficientes datos históricos","chan":"stdout","logger":"task"}
{"timestamp":"2025-07-13T00:36:41.583188Z","level":"info","event":"Dispositivo 86, franja: 10-12, valor: 0.0","chan":"stdout","logger":"task"}
{"timestamp":"2025-07-13T00:36:41.584341Z","level":"info","event":"No hay suficientes datos históricos","chan":"stdout","logger":"task"}
{"timestamp":"2025-07-13T00:36:41.584550Z","level":"info","event":"Dispositivo 87, franja: 10-12, valor: 1.37","chan":"stdout","logger":"task"}
{"timestamp":"2025-07-13T00:36:41.585745Z","level":"info","event":"No hay suficientes datos históricos","chan":"stdout","logger":"task"}
{"timestamp":"2025-07-13T00:36:41.585952Z","level":"info","event":"Dispositivo 88, franja: 10-12, valor: 0.93","chan":"stdout","logger":"task"}
{"timestamp":"2025-07-13T00:36:41.587123Z","level":"info","event":"No hay suficientes datos históricos","chan":"stdout","logger":"task"}
{"timestamp":"2025-07-13T00:36:41.587371Z","level":"info","event":"Dispositivo 89, franja: 10-12, valor: 1.26","chan":"stdout","logger":"task"}
{"timestamp":"2025-07-13T00:36:41.588599Z","level":"info","event":"No hay suficientes datos históricos","chan":"stdout","logger":"task"}
{"timestamp":"2025-07-13T00:36:41.588874Z","level":"info","event":"Dispositivo 90, franja: 10-12, valor: 0.78","chan":"stdout","logger":"task"}
{"timestamp":"2025-07-13T00:36:41.590008Z","level":"info","event":"No hay suficientes datos históricos","chan":"stdout","logger":"task"}
{"timestamp":"2025-07-13T00:36:41.590265Z","level":"info","event":"Dispositivo 91, franja: 10-12, valor: 1.03","chan":"stdout","logger":"task"}
{"timestamp":"2025-07-13T00:36:41.591317Z","level":"info","event":"No hay suficientes datos históricos","chan":"stdout","logger":"task"}
{"timestamp":"2025-07-13T00:36:41.591588Z","level":"info","event":"Dispositivo 92, franja: 10-12, valor: 1.13","chan":"stdout","logger":"task"}
{"timestamp":"2025-07-13T00:36:41.592732Z","level":"info","event":"No hay suficientes datos históricos","chan":"stdout","logger":"task"}
{"timestamp":"2025-07-13T00:36:41.593052Z","level":"info","event":"Dispositivo 93, franja: 10-12, valor: 0.52","chan":"stdout","logger":"task"}
{"timestamp":"2025-07-13T00:36:41.594635Z","level":"info","event":"No hay suficientes datos históricos","chan":"stdout","logger":"task"}
{"timestamp":"2025-07-13T00:36:41.594959Z","level":"info","event":"Dispositivo 94, franja: 10-12, valor: 0.66","chan":"stdout","logger":"task"}
{"timestamp":"2025-07-13T00:36:41.597823Z","level":"info","event":"No hay suficientes datos históricos","chan":"stdout","logger":"task"}
{"timestamp":"2025-07-13T00:36:41.598177Z","level":"info","event":"Dispositivo 95, franja: 10-12, valor: 0.87","chan":"stdout","logger":"task"}
{"timestamp":"2025-07-13T00:36:41.599287Z","level":"info","event":"No hay suficientes datos históricos","chan":"stdout","logger":"task"}
{"timestamp":"2025-07-13T00:36:41.599484Z","level":"info","event":"Dispositivo 96, franja: 10-12, valor: 1.04","chan":"stdout","logger":"task"}
{"timestamp":"2025-07-13T00:36:41.600602Z","level":"info","event":"No hay suficientes datos históricos","chan":"stdout","logger":"task"}
{"timestamp":"2025-07-13T00:36:41.600797Z","level":"info","event":"Dispositivo 97, franja: 10-12, valor: 0.93","chan":"stdout","logger":"task"}
{"timestamp":"2025-07-13T00:36:41.601977Z","level":"info","event":"No hay suficientes datos históricos","chan":"stdout","logger":"task"}
{"timestamp":"2025-07-13T00:36:41.602208Z","level":"info","event":"Dispositivo 98, franja: 10-12, valor: 1.27","chan":"stdout","logger":"task"}
{"timestamp":"2025-07-13T00:36:41.603681Z","level":"info","event":"No hay suficientes datos históricos","chan":"stdout","logger":"task"}
{"timestamp":"2025-07-13T00:36:41.603995Z","level":"info","event":"Dispositivo 99, franja: 10-12, valor: 1.34","chan":"stdout","logger":"task"}
{"timestamp":"2025-07-13T00:36:41.605478Z","level":"info","event":"No hay suficientes datos históricos","chan":"stdout","logger":"task"}
{"timestamp":"2025-07-13T00:36:41.605756Z","level":"info","event":"Dispositivo 100, franja: 10-12, valor: 1.24","chan":"stdout","logger":"task"}
{"timestamp":"2025-07-13T00:36:41.606888Z","level":"info","event":"No hay suficientes datos históricos","chan":"stdout","logger":"task"}
{"timestamp":"2025-07-13T00:36:41.607997","level":"info","event":"Done. Returned value was: None","logger":"airflow.task.operators.airflow.providers.standard.operators.python.PythonOperator"}
{"timestamp":"2025-07-13T00:36:41.636261Z","level":"info","event":"Task instance in success state","chan":"stdout","logger":"task"}
{"timestamp":"2025-07-13T00:36:41.636505Z","level":"info","event":" Previous state of the Task instance: TaskInstanceState.RUNNING","chan":"stdout","logger":"task"}
{"timestamp":"2025-07-13T00:36:41.636648Z","level":"info","event":"Task operator:<Task(PythonOperator): detectar_pico>","chan":"stdout","logger":"task"}
