{"timestamp":"2025-07-11T18:47:18.266219","level":"info","event":"DAG bundles loaded: dags-folder, example_dags","logger":"airflow.dag_processing.bundles.manager.DagBundlesManager"}
{"timestamp":"2025-07-11T18:47:18.267406","level":"info","event":"Filling up the DagBag from /opt/airflow/dags/test1.py","logger":"airflow.models.dagbag.DagBag"}
{"timestamp":"2025-07-11T18:47:18.326868Z","level":"info","event":"Task instance is in running state","chan":"stdout","logger":"task"}
{"timestamp":"2025-07-11T18:47:18.327153Z","level":"info","event":" Previous state of the Task instance: TaskInstanceState.QUEUED","chan":"stdout","logger":"task"}
{"timestamp":"2025-07-11T18:47:18.327329Z","level":"info","event":"Current task name:templated","chan":"stdout","logger":"task"}
{"timestamp":"2025-07-11T18:47:18.327476Z","level":"info","event":"Dag name:tutorial-p","chan":"stdout","logger":"task"}
{"timestamp":"2025-07-11T18:47:18.296920","level":"info","event":"Tmp dir root location: /tmp","logger":"airflow.task.hooks.airflow.providers.standard.hooks.subprocess.SubprocessHook"}
{"timestamp":"2025-07-11T18:47:18.299087","level":"info","event":"Running command: ['/usr/bin/bash', '-c', '\\n\\n    echo \"2025-07-11\"\\n    echo \"2025-07-18\"\\n\\n    echo \"2025-07-11\"\\n    echo \"2025-07-18\"\\n\\n    echo \"2025-07-11\"\\n    echo \"2025-07-18\"\\n\\n    echo \"2025-07-11\"\\n    echo \"2025-07-18\"\\n\\n    echo \"2025-07-11\"\\n    echo \"2025-07-18\"\\n']","logger":"airflow.task.hooks.airflow.providers.standard.hooks.subprocess.SubprocessHook"}
{"timestamp":"2025-07-11T18:47:18.342212","level":"info","event":"Output:","logger":"airflow.task.hooks.airflow.providers.standard.hooks.subprocess.SubprocessHook"}
{"timestamp":"2025-07-11T18:47:18.346775","level":"info","event":"2025-07-11","logger":"airflow.task.hooks.airflow.providers.standard.hooks.subprocess.SubprocessHook"}
{"timestamp":"2025-07-11T18:47:18.347084","level":"info","event":"2025-07-18","logger":"airflow.task.hooks.airflow.providers.standard.hooks.subprocess.SubprocessHook"}
{"timestamp":"2025-07-11T18:47:18.347357","level":"info","event":"2025-07-11","logger":"airflow.task.hooks.airflow.providers.standard.hooks.subprocess.SubprocessHook"}
{"timestamp":"2025-07-11T18:47:18.347609","level":"info","event":"2025-07-18","logger":"airflow.task.hooks.airflow.providers.standard.hooks.subprocess.SubprocessHook"}
{"timestamp":"2025-07-11T18:47:18.347881","level":"info","event":"2025-07-11","logger":"airflow.task.hooks.airflow.providers.standard.hooks.subprocess.SubprocessHook"}
{"timestamp":"2025-07-11T18:47:18.348107","level":"info","event":"2025-07-18","logger":"airflow.task.hooks.airflow.providers.standard.hooks.subprocess.SubprocessHook"}
{"timestamp":"2025-07-11T18:47:18.348328","level":"info","event":"2025-07-11","logger":"airflow.task.hooks.airflow.providers.standard.hooks.subprocess.SubprocessHook"}
{"timestamp":"2025-07-11T18:47:18.348538","level":"info","event":"2025-07-18","logger":"airflow.task.hooks.airflow.providers.standard.hooks.subprocess.SubprocessHook"}
{"timestamp":"2025-07-11T18:47:18.348755","level":"info","event":"2025-07-11","logger":"airflow.task.hooks.airflow.providers.standard.hooks.subprocess.SubprocessHook"}
{"timestamp":"2025-07-11T18:47:18.348966","level":"info","event":"2025-07-18","logger":"airflow.task.hooks.airflow.providers.standard.hooks.subprocess.SubprocessHook"}
{"timestamp":"2025-07-11T18:47:18.349288","level":"info","event":"Command exited with return code 0","logger":"airflow.task.hooks.airflow.providers.standard.hooks.subprocess.SubprocessHook"}
{"timestamp":"2025-07-11T18:47:18.350548","level":"info","event":"Pushing xcom","ti":"RuntimeTaskInstance(id=UUID('0197fad0-2288-71b4-bc3a-98beabdaf7c9'), task_id='templated', dag_id='tutorial-p', run_id='manual__2025-07-11T18:47:13.771199+00:00', try_number=1, map_index=-1, hostname='a41821eaaead', context_carrier={}, task=<Task(BashOperator): templated>, bundle_instance=LocalDagBundle(name=dags-folder), max_tries=1, start_date=datetime.datetime(2025, 7, 11, 18, 47, 17, 74401, tzinfo=TzInfo(UTC)), end_date=None, state=<TaskInstanceState.RUNNING: 'running'>, is_mapped=False, rendered_map_index=None)","logger":"task"}
{"timestamp":"2025-07-11T18:47:18.399968Z","level":"info","event":"Task instance in success state","chan":"stdout","logger":"task"}
{"timestamp":"2025-07-11T18:47:18.400253Z","level":"info","event":" Previous state of the Task instance: TaskInstanceState.RUNNING","chan":"stdout","logger":"task"}
{"timestamp":"2025-07-11T18:47:18.400458Z","level":"info","event":"Task operator:<Task(BashOperator): templated>","chan":"stdout","logger":"task"}
