{"timestamp":"2025-07-11T18:51:44.751858","level":"info","event":"DAG bundles loaded: dags-folder, example_dags","logger":"airflow.dag_processing.bundles.manager.DagBundlesManager"}
{"timestamp":"2025-07-11T18:51:44.752634","level":"info","event":"Filling up the DagBag from /opt/airflow/dags/test1.py","logger":"airflow.models.dagbag.DagBag"}
{"timestamp":"2025-07-11T18:51:44.772071","level":"info","event":"Tmp dir root location: /tmp","logger":"airflow.task.hooks.airflow.providers.standard.hooks.subprocess.SubprocessHook"}
{"timestamp":"2025-07-11T18:51:44.802640Z","level":"info","event":"Task instance is in running state","chan":"stdout","logger":"task"}
{"timestamp":"2025-07-11T18:51:44.802883Z","level":"info","event":" Previous state of the Task instance: TaskInstanceState.QUEUED","chan":"stdout","logger":"task"}
{"timestamp":"2025-07-11T18:51:44.803043Z","level":"info","event":"Current task name:templated","chan":"stdout","logger":"task"}
{"timestamp":"2025-07-11T18:51:44.803220Z","level":"info","event":"Dag name:tutorial-p","chan":"stdout","logger":"task"}
{"timestamp":"2025-07-11T18:51:44.773830","level":"info","event":"Running command: ['/usr/bin/bash', '-c', '\\n\\n    echo \"2025-07-11\"\\n    echo \"2025-07-18\"\\n\\n    echo \"2025-07-11\"\\n    echo \"2025-07-18\"\\n\\n    echo \"2025-07-11\"\\n    echo \"2025-07-18\"\\n\\n    echo \"2025-07-11\"\\n    echo \"2025-07-18\"\\n\\n    echo \"2025-07-11\"\\n    echo \"2025-07-18\"\\n']","logger":"airflow.task.hooks.airflow.providers.standard.hooks.subprocess.SubprocessHook"}
{"timestamp":"2025-07-11T18:51:44.809633","level":"info","event":"Output:","logger":"airflow.task.hooks.airflow.providers.standard.hooks.subprocess.SubprocessHook"}
{"timestamp":"2025-07-11T18:51:44.812625","level":"info","event":"2025-07-11","logger":"airflow.task.hooks.airflow.providers.standard.hooks.subprocess.SubprocessHook"}
{"timestamp":"2025-07-11T18:51:44.812809","level":"info","event":"2025-07-18","logger":"airflow.task.hooks.airflow.providers.standard.hooks.subprocess.SubprocessHook"}
{"timestamp":"2025-07-11T18:51:44.812934","level":"info","event":"2025-07-11","logger":"airflow.task.hooks.airflow.providers.standard.hooks.subprocess.SubprocessHook"}
{"timestamp":"2025-07-11T18:51:44.813041","level":"info","event":"2025-07-18","logger":"airflow.task.hooks.airflow.providers.standard.hooks.subprocess.SubprocessHook"}
{"timestamp":"2025-07-11T18:51:44.813166","level":"info","event":"2025-07-11","logger":"airflow.task.hooks.airflow.providers.standard.hooks.subprocess.SubprocessHook"}
{"timestamp":"2025-07-11T18:51:44.813301","level":"info","event":"2025-07-18","logger":"airflow.task.hooks.airflow.providers.standard.hooks.subprocess.SubprocessHook"}
{"timestamp":"2025-07-11T18:51:44.813423","level":"info","event":"2025-07-11","logger":"airflow.task.hooks.airflow.providers.standard.hooks.subprocess.SubprocessHook"}
{"timestamp":"2025-07-11T18:51:44.813543","level":"info","event":"2025-07-18","logger":"airflow.task.hooks.airflow.providers.standard.hooks.subprocess.SubprocessHook"}
{"timestamp":"2025-07-11T18:51:44.813667","level":"info","event":"2025-07-11","logger":"airflow.task.hooks.airflow.providers.standard.hooks.subprocess.SubprocessHook"}
{"timestamp":"2025-07-11T18:51:44.813792","level":"info","event":"2025-07-18","logger":"airflow.task.hooks.airflow.providers.standard.hooks.subprocess.SubprocessHook"}
{"timestamp":"2025-07-11T18:51:44.813991","level":"info","event":"Command exited with return code 0","logger":"airflow.task.hooks.airflow.providers.standard.hooks.subprocess.SubprocessHook"}
{"timestamp":"2025-07-11T18:51:44.814929","level":"info","event":"Pushing xcom","ti":"RuntimeTaskInstance(id=UUID('0197fad4-39ce-7210-9072-4103d7e0e04d'), task_id='templated', dag_id='tutorial-p', run_id='manual__2025-07-11T18:51:41.875766+00:00', try_number=1, map_index=-1, hostname='a41821eaaead', context_carrier={}, task=<Task(BashOperator): templated>, bundle_instance=LocalDagBundle(name=dags-folder), max_tries=1, start_date=datetime.datetime(2025, 7, 11, 18, 51, 44, 87025, tzinfo=TzInfo(UTC)), end_date=None, state=<TaskInstanceState.RUNNING: 'running'>, is_mapped=False, rendered_map_index=None)","logger":"task"}
{"timestamp":"2025-07-11T18:51:44.859566Z","level":"info","event":"Task instance in success state","chan":"stdout","logger":"task"}
{"timestamp":"2025-07-11T18:51:44.859768Z","level":"info","event":" Previous state of the Task instance: TaskInstanceState.RUNNING","chan":"stdout","logger":"task"}
{"timestamp":"2025-07-11T18:51:44.859884Z","level":"info","event":"Task operator:<Task(BashOperator): templated>","chan":"stdout","logger":"task"}
