{"timestamp":"2025-07-13T21:29:55.345524","level":"info","event":"DAG bundles loaded: dags-folder, example_dags","logger":"airflow.dag_processing.bundles.manager.DagBundlesManager"}
{"timestamp":"2025-07-13T21:29:55.348483","level":"info","event":"Filling up the DagBag from /opt/airflow/dags/dag_analisis.py","logger":"airflow.models.dagbag.DagBag"}
{"timestamp":"2025-07-13T21:29:55.440430Z","level":"info","event":"Task instance is in running state","chan":"stdout","logger":"task"}
{"timestamp":"2025-07-13T21:29:55.440776Z","level":"info","event":" Previous state of the Task instance: TaskInstanceState.QUEUED","chan":"stdout","logger":"task"}
{"timestamp":"2025-07-13T21:29:55.440992Z","level":"info","event":"Current task name:detectar_desviacion","chan":"stdout","logger":"task"}
{"timestamp":"2025-07-13T21:29:55.441190Z","level":"info","event":"Dag name:a2","chan":"stdout","logger":"task"}
{"timestamp":"2025-07-13T21:29:55.441382Z","level":"info","event":"meadi 125.10964285714286 - desviacion 63.18410313645485","chan":"stdout","logger":"task"}
{"timestamp":"2025-07-13T21:29:55.441569Z","level":"info","event":"meadi 112.70821428571428 - desviacion 58.40383897934716","chan":"stdout","logger":"task"}
{"timestamp":"2025-07-13T21:29:55.441754Z","level":"info","event":"meadi 119.78964285714285 - desviacion 59.01937009407183","chan":"stdout","logger":"task"}
{"timestamp":"2025-07-13T21:29:55.441937Z","level":"info","event":"meadi 126.2767857142857 - desviacion 64.0526574141247","chan":"stdout","logger":"task"}
{"timestamp":"2025-07-13T21:29:55.442122Z","level":"info","event":"meadi 119.26464285714285 - desviacion 60.714919764546394","chan":"stdout","logger":"task"}
{"timestamp":"2025-07-13T21:29:55.444667Z","level":"info","event":"meadi 113.44785714285716 - desviacion 60.32584818876464","chan":"stdout","logger":"task"}
{"timestamp":"2025-07-13T21:29:55.455555Z","level":"info","event":"meadi 117.31749999999998 - desviacion 61.31141181501206","chan":"stdout","logger":"task"}
{"timestamp":"2025-07-13T21:29:55.466615Z","level":"info","event":"meadi 123.53035714285714 - desviacion 64.11388915059908","chan":"stdout","logger":"task"}
{"timestamp":"2025-07-13T21:29:55.477928Z","level":"info","event":"meadi 116.23285714285711 - desviacion 63.16477572062403","chan":"stdout","logger":"task"}
{"timestamp":"2025-07-13T21:29:55.485940Z","level":"info","event":"meadi 114.35357142857141 - desviacion 62.01354369434641","chan":"stdout","logger":"task"}
{"timestamp":"2025-07-13T21:29:55.496452Z","level":"info","event":"meadi 115.55178571428571 - desviacion 64.02659447747205","chan":"stdout","logger":"task"}
{"timestamp":"2025-07-13T21:29:55.506148Z","level":"info","event":"meadi 111.09392857142856 - desviacion 61.11373894745563","chan":"stdout","logger":"task"}
{"timestamp":"2025-07-13T21:29:55.519587Z","level":"info","event":"meadi 119.37785714285715 - desviacion 67.11620910018378","chan":"stdout","logger":"task"}
{"timestamp":"2025-07-13T21:29:55.532718Z","level":"info","event":"meadi 117.19857142857144 - desviacion 61.57427597824353","chan":"stdout","logger":"task"}
{"timestamp":"2025-07-13T21:29:55.543711Z","level":"info","event":"meadi 123.39250000000001 - desviacion 65.69616925258492","chan":"stdout","logger":"task"}
{"timestamp":"2025-07-13T21:29:55.552791Z","level":"info","event":"meadi 118.79214285714286 - desviacion 62.09490859949462","chan":"stdout","logger":"task"}
{"timestamp":"2025-07-13T21:29:55.563897Z","level":"info","event":"meadi 127.63928571428572 - desviacion 66.2672286993337","chan":"stdout","logger":"task"}
{"timestamp":"2025-07-13T21:29:55.572198Z","level":"info","event":"meadi 121.30499999999999 - desviacion 64.96057669848692","chan":"stdout","logger":"task"}
{"timestamp":"2025-07-13T21:29:55.581242Z","level":"info","event":"meadi 106.89785714285715 - desviacion 57.733182916706376","chan":"stdout","logger":"task"}
{"timestamp":"2025-07-13T21:29:55.591047Z","level":"info","event":"meadi 133.1107142857143 - desviacion 73.82935381813985","chan":"stdout","logger":"task"}
{"timestamp":"2025-07-13T21:29:55.599494Z","level":"info","event":"meadi 125.11964285714285 - desviacion 68.21774850130085","chan":"stdout","logger":"task"}
{"timestamp":"2025-07-13T21:29:55.608494Z","level":"info","event":"meadi 116.72107142857145 - desviacion 62.654584505575706","chan":"stdout","logger":"task"}
{"timestamp":"2025-07-13T21:29:55.616205Z","level":"info","event":"meadi 123.99964285714285 - desviacion 64.47767994109849","chan":"stdout","logger":"task"}
{"timestamp":"2025-07-13T21:29:55.625766Z","level":"info","event":"meadi 117.47892857142857 - desviacion 62.53703995800555","chan":"stdout","logger":"task"}
{"timestamp":"2025-07-13T21:29:55.634783Z","level":"info","event":"meadi 118.69749999999999 - desviacion 65.86531021849493","chan":"stdout","logger":"task"}
{"timestamp":"2025-07-13T21:29:55.643800Z","level":"info","event":"meadi 111.02035714285716 - desviacion 59.894499656964854","chan":"stdout","logger":"task"}
{"timestamp":"2025-07-13T21:29:55.652401Z","level":"info","event":"meadi 110.64642857142857 - desviacion 60.419580861924324","chan":"stdout","logger":"task"}
{"timestamp":"2025-07-13T21:29:55.662483Z","level":"info","event":"meadi 116.83607142857143 - desviacion 62.05826964228779","chan":"stdout","logger":"task"}
{"timestamp":"2025-07-13T21:29:55.672736Z","level":"info","event":"meadi 128.81392857142853 - desviacion 64.35637277464589","chan":"stdout","logger":"task"}
{"timestamp":"2025-07-13T21:29:55.681505Z","level":"info","event":"meadi 129.2025 - desviacion 67.32524126660924","chan":"stdout","logger":"task"}
{"timestamp":"2025-07-13T21:29:55.691687Z","level":"info","event":"meadi 130.35357142857143 - desviacion 63.024960260331206","chan":"stdout","logger":"task"}
{"timestamp":"2025-07-13T21:29:55.701982Z","level":"info","event":"meadi 118.58357142857142 - desviacion 61.37419066759284","chan":"stdout","logger":"task"}
{"timestamp":"2025-07-13T21:29:55.714722Z","level":"info","event":"meadi 128.8425 - desviacion 66.56599634009844","chan":"stdout","logger":"task"}
{"timestamp":"2025-07-13T21:29:55.721521Z","level":"info","event":"meadi 125.21964285714286 - desviacion 66.59200099337022","chan":"stdout","logger":"task"}
{"timestamp":"2025-07-13T21:29:55.731826Z","level":"info","event":"meadi 115.05142857142857 - desviacion 60.765661926681545","chan":"stdout","logger":"task"}
{"timestamp":"2025-07-13T21:29:55.742572Z","level":"info","event":"meadi 117.27785714285714 - desviacion 64.45680211013656","chan":"stdout","logger":"task"}
{"timestamp":"2025-07-13T21:29:55.751163Z","level":"info","event":"meadi 109.79821428571428 - desviacion 60.56227179249774","chan":"stdout","logger":"task"}
{"timestamp":"2025-07-13T21:29:55.761930Z","level":"info","event":"meadi 124.71964285714286 - desviacion 67.9908864944488","chan":"stdout","logger":"task"}
{"timestamp":"2025-07-13T21:29:55.770498Z","level":"info","event":"meadi 122.00357142857145 - desviacion 63.35597075337131","chan":"stdout","logger":"task"}
{"timestamp":"2025-07-13T21:29:55.778300Z","level":"info","event":"meadi 113.48285714285714 - desviacion 59.671429982215514","chan":"stdout","logger":"task"}
{"timestamp":"2025-07-13T21:29:55.786254Z","level":"info","event":"meadi 119.52428571428571 - desviacion 64.08586937118997","chan":"stdout","logger":"task"}
{"timestamp":"2025-07-13T21:29:55.795811Z","level":"info","event":"meadi 123.15142857142857 - desviacion 66.42096053174166","chan":"stdout","logger":"task"}
{"timestamp":"2025-07-13T21:29:55.804181Z","level":"info","event":"meadi 114.32964285714286 - desviacion 61.21636828741983","chan":"stdout","logger":"task"}
{"timestamp":"2025-07-13T21:29:55.811816Z","level":"info","event":"meadi 116.9017857142857 - desviacion 62.18000982479196","chan":"stdout","logger":"task"}
{"timestamp":"2025-07-13T21:29:55.819326Z","level":"info","event":"meadi 121.17642857142857 - desviacion 65.78212399463017","chan":"stdout","logger":"task"}
{"timestamp":"2025-07-13T21:29:55.827653Z","level":"info","event":"meadi 115.09035714285714 - desviacion 63.35639895983802","chan":"stdout","logger":"task"}
{"timestamp":"2025-07-13T21:29:55.834996Z","level":"info","event":"meadi 124.90357142857142 - desviacion 60.60618363160442","chan":"stdout","logger":"task"}
{"timestamp":"2025-07-13T21:29:55.842279Z","level":"info","event":"meadi 119.36 - desviacion 62.42598074062251","chan":"stdout","logger":"task"}
{"timestamp":"2025-07-13T21:29:55.849545Z","level":"info","event":"meadi 127.40642857142858 - desviacion 61.97936299482997","chan":"stdout","logger":"task"}
{"timestamp":"2025-07-13T21:29:55.857482Z","level":"info","event":"meadi 114.64250000000001 - desviacion 62.09721678977017","chan":"stdout","logger":"task"}
{"timestamp":"2025-07-13T21:29:55.865100Z","level":"info","event":"meadi 113.93821428571428 - desviacion 56.861443693895794","chan":"stdout","logger":"task"}
{"timestamp":"2025-07-13T21:29:55.871188Z","level":"info","event":"meadi 123.52178571428571 - desviacion 65.57018540974524","chan":"stdout","logger":"task"}
{"timestamp":"2025-07-13T21:29:55.877227Z","level":"info","event":"meadi 119.36035714285713 - desviacion 66.57193587617098","chan":"stdout","logger":"task"}
{"timestamp":"2025-07-13T21:29:55.883302Z","level":"info","event":"meadi 118.85071428571428 - desviacion 61.66915719782293","chan":"stdout","logger":"task"}
{"timestamp":"2025-07-13T21:29:55.889760Z","level":"info","event":"meadi 119.3307142857143 - desviacion 65.42265831436664","chan":"stdout","logger":"task"}
{"timestamp":"2025-07-13T21:29:55.897377Z","level":"info","event":"meadi 119.36857142857141 - desviacion 65.89319928676174","chan":"stdout","logger":"task"}
{"timestamp":"2025-07-13T21:29:55.903924Z","level":"info","event":"meadi 109.05428571428571 - desviacion 57.92061774708625","chan":"stdout","logger":"task"}
{"timestamp":"2025-07-13T21:29:55.910288Z","level":"info","event":"meadi 115.42285714285715 - desviacion 60.89559014394714","chan":"stdout","logger":"task"}
{"timestamp":"2025-07-13T21:29:55.916847Z","level":"info","event":"meadi 118.0525 - desviacion 62.156834621613186","chan":"stdout","logger":"task"}
{"timestamp":"2025-07-13T21:29:55.922877Z","level":"info","event":"meadi 126.97 - desviacion 69.20358785083742","chan":"stdout","logger":"task"}
{"timestamp":"2025-07-13T21:29:55.932244Z","level":"info","event":"meadi 125.41857142857144 - desviacion 66.555490205772","chan":"stdout","logger":"task"}
{"timestamp":"2025-07-13T21:29:55.938885Z","level":"info","event":"meadi 133.05214285714285 - desviacion 64.29520801723557","chan":"stdout","logger":"task"}
{"timestamp":"2025-07-13T21:29:55.944450Z","level":"info","event":"meadi 114.60464285714285 - desviacion 60.9649281778433","chan":"stdout","logger":"task"}
{"timestamp":"2025-07-13T21:29:55.950092Z","level":"info","event":"meadi 113.49071428571429 - desviacion 57.66871818093977","chan":"stdout","logger":"task"}
{"timestamp":"2025-07-13T21:29:55.956809Z","level":"info","event":"meadi 113.205 - desviacion 61.80528378360081","chan":"stdout","logger":"task"}
{"timestamp":"2025-07-13T21:29:55.963575Z","level":"info","event":"meadi 113.69035714285714 - desviacion 61.889918431388146","chan":"stdout","logger":"task"}
{"timestamp":"2025-07-13T21:29:55.969798Z","level":"info","event":"meadi 120.36107142857142 - desviacion 61.117795125437056","chan":"stdout","logger":"task"}
{"timestamp":"2025-07-13T21:29:55.975933Z","level":"info","event":"meadi 138.0632142857143 - desviacion 63.0352715352723","chan":"stdout","logger":"task"}
{"timestamp":"2025-07-13T21:29:55.981550Z","level":"info","event":"meadi 116.10392857142857 - desviacion 62.55073559800908","chan":"stdout","logger":"task"}
{"timestamp":"2025-07-13T21:29:55.988075Z","level":"info","event":"meadi 125.93178571428571 - desviacion 65.40014657331605","chan":"stdout","logger":"task"}
{"timestamp":"2025-07-13T21:29:55.995366Z","level":"info","event":"meadi 112.94107142857145 - desviacion 59.4896928851236","chan":"stdout","logger":"task"}
{"timestamp":"2025-07-13T21:29:56.001765Z","level":"info","event":"meadi 120.44785714285715 - desviacion 60.67835183261366","chan":"stdout","logger":"task"}
{"timestamp":"2025-07-13T21:29:56.007493Z","level":"info","event":"meadi 121.09642857142858 - desviacion 67.06431450557025","chan":"stdout","logger":"task"}
{"timestamp":"2025-07-13T21:29:56.012962Z","level":"info","event":"meadi 127.89750000000001 - desviacion 62.76149505554456","chan":"stdout","logger":"task"}
{"timestamp":"2025-07-13T21:29:56.018152Z","level":"info","event":"meadi 115.14 - desviacion 61.529632640355835","chan":"stdout","logger":"task"}
{"timestamp":"2025-07-13T21:29:56.024668Z","level":"info","event":"meadi 114.18178571428572 - desviacion 60.1428770306635","chan":"stdout","logger":"task"}
{"timestamp":"2025-07-13T21:29:56.031169Z","level":"info","event":"meadi 126.32642857142856 - desviacion 68.52454717702501","chan":"stdout","logger":"task"}
{"timestamp":"2025-07-13T21:29:56.038201Z","level":"info","event":"meadi 114.17678571428569 - desviacion 60.844854228578264","chan":"stdout","logger":"task"}
{"timestamp":"2025-07-13T21:29:56.045471Z","level":"info","event":"meadi 115.38035714285715 - desviacion 60.751076797167194","chan":"stdout","logger":"task"}
{"timestamp":"2025-07-13T21:29:56.052073Z","level":"info","event":"meadi 128.58535714285716 - desviacion 63.77996654134671","chan":"stdout","logger":"task"}
{"timestamp":"2025-07-13T21:29:56.059145Z","level":"info","event":"meadi 125.72678571428573 - desviacion 67.13828283335243","chan":"stdout","logger":"task"}
{"timestamp":"2025-07-13T21:29:56.066724Z","level":"info","event":"meadi 121.70857142857143 - desviacion 64.07973602776275","chan":"stdout","logger":"task"}
{"timestamp":"2025-07-13T21:29:56.073443Z","level":"info","event":"meadi 123.65892857142858 - desviacion 62.98769445235688","chan":"stdout","logger":"task"}
{"timestamp":"2025-07-13T21:29:56.080554Z","level":"info","event":"meadi 111.71392857142857 - desviacion 60.994703361339134","chan":"stdout","logger":"task"}
{"timestamp":"2025-07-13T21:29:56.087668Z","level":"info","event":"meadi 121.14928571428571 - desviacion 62.66805992851607","chan":"stdout","logger":"task"}
{"timestamp":"2025-07-13T21:29:56.095301Z","level":"info","event":"meadi 127.00821428571427 - desviacion 69.74538433543067","chan":"stdout","logger":"task"}
{"timestamp":"2025-07-13T21:29:56.102831Z","level":"info","event":"meadi 117.70428571428575 - desviacion 66.80771589465714","chan":"stdout","logger":"task"}
{"timestamp":"2025-07-13T21:29:56.110064Z","level":"info","event":"meadi 116.96214285714288 - desviacion 64.5522998017412","chan":"stdout","logger":"task"}
{"timestamp":"2025-07-13T21:29:56.117299Z","level":"info","event":"meadi 115.56178571428572 - desviacion 63.408998688422514","chan":"stdout","logger":"task"}
{"timestamp":"2025-07-13T21:29:56.124269Z","level":"info","event":"meadi 117.02857142857142 - desviacion 62.51861881039267","chan":"stdout","logger":"task"}
{"timestamp":"2025-07-13T21:29:56.130224Z","level":"info","event":"meadi 115.72607142857143 - desviacion 62.326743992520456","chan":"stdout","logger":"task"}
{"timestamp":"2025-07-13T21:29:56.135920Z","level":"info","event":"meadi 122.42142857142855 - desviacion 64.88538415183046","chan":"stdout","logger":"task"}
{"timestamp":"2025-07-13T21:29:56.141828Z","level":"info","event":"meadi 124.61607142857143 - desviacion 61.10016140610466","chan":"stdout","logger":"task"}
{"timestamp":"2025-07-13T21:29:56.147517Z","level":"info","event":"meadi 113.09464285714287 - desviacion 60.43276668462369","chan":"stdout","logger":"task"}
{"timestamp":"2025-07-13T21:29:56.153147Z","level":"info","event":"meadi 115.42642857142856 - desviacion 65.06753487252882","chan":"stdout","logger":"task"}
{"timestamp":"2025-07-13T21:29:56.160042Z","level":"info","event":"meadi 114.97714285714285 - desviacion 60.91661964504918","chan":"stdout","logger":"task"}
{"timestamp":"2025-07-13T21:29:56.165244Z","level":"info","event":"meadi 122.85785714285714 - desviacion 66.23879190135506","chan":"stdout","logger":"task"}
{"timestamp":"2025-07-13T21:29:56.170356Z","level":"info","event":"meadi 124.80999999999999 - desviacion 69.51368287713474","chan":"stdout","logger":"task"}
{"timestamp":"2025-07-13T21:29:56.177094Z","level":"info","event":"meadi 108.35178571428571 - desviacion 59.122610978830096","chan":"stdout","logger":"task"}
{"timestamp":"2025-07-13T21:29:56.183662Z","level":"info","event":"meadi 121.2060714285714 - desviacion 66.86732708128012","chan":"stdout","logger":"task"}
{"timestamp":"2025-07-13T21:29:56.184957","level":"info","event":"Done. Returned value was: None","logger":"airflow.task.operators.airflow.providers.standard.operators.python.PythonOperator"}
{"timestamp":"2025-07-13T21:29:56.213714Z","level":"info","event":"Task instance in success state","chan":"stdout","logger":"task"}
{"timestamp":"2025-07-13T21:29:56.213940Z","level":"info","event":" Previous state of the Task instance: TaskInstanceState.RUNNING","chan":"stdout","logger":"task"}
{"timestamp":"2025-07-13T21:29:56.214062Z","level":"info","event":"Task operator:<Task(PythonOperator): detectar_desviacion>","chan":"stdout","logger":"task"}
