{"timestamp":"2025-07-14T11:35:34.736695","level":"info","event":"DAG bundles loaded: dags-folder, example_dags","logger":"airflow.dag_processing.bundles.manager.DagBundlesManager"}
{"timestamp":"2025-07-14T11:35:34.737339","level":"info","event":"Filling up the DagBag from /opt/airflow/dags/dag_analisis.py","logger":"airflow.models.dagbag.DagBag"}
{"timestamp":"2025-07-14T11:35:34.782645Z","level":"info","event":"Task instance is in running state","chan":"stdout","logger":"task"}
{"timestamp":"2025-07-14T11:35:34.782957Z","level":"info","event":" Previous state of the Task instance: TaskInstanceState.QUEUED","chan":"stdout","logger":"task"}
{"timestamp":"2025-07-14T11:35:34.783145Z","level":"info","event":"Current task name:detectar_desviacion","chan":"stdout","logger":"task"}
{"timestamp":"2025-07-14T11:35:34.783358Z","level":"info","event":"Dag name:a2","chan":"stdout","logger":"task"}
{"timestamp":"2025-07-14T11:35:34.783535Z","level":"info","event":"franja 8 - 10","chan":"stdout","logger":"task"}
{"timestamp":"2025-07-14T11:35:34.783704Z","level":"info","event":"ultimo None","chan":"stdout","logger":"task"}
{"timestamp":"2025-07-14T11:35:34.791972Z","level":"info","event":"[]","chan":"stdout","logger":"task"}
{"timestamp":"2025-07-14T11:35:34.795790","level":"warning","event":"/home/airflow/.local/lib/python3.12/site-packages/numpy/core/fromnumeric.py:3504: RuntimeWarning: Mean of empty slice.\n  return _methods._mean(a, axis=axis, dtype=dtype,\n","logger":"py.warnings"}
{"timestamp":"2025-07-14T11:35:34.796741","level":"warning","event":"/home/airflow/.local/lib/python3.12/site-packages/numpy/core/_methods.py:129: RuntimeWarning: invalid value encountered in scalar divide\n  ret = ret.dtype.type(ret / rcount)\n","logger":"py.warnings"}
{"timestamp":"2025-07-14T11:35:34.796997","level":"warning","event":"/home/airflow/.local/lib/python3.12/site-packages/numpy/core/_methods.py:206: RuntimeWarning: Degrees of freedom <= 0 for slice\n  ret = _var(a, axis=axis, dtype=dtype, out=out, ddof=ddof,\n","logger":"py.warnings"}
{"timestamp":"2025-07-14T11:35:34.797249","level":"warning","event":"/home/airflow/.local/lib/python3.12/site-packages/numpy/core/_methods.py:163: RuntimeWarning: invalid value encountered in divide\n  arrmean = um.true_divide(arrmean, div, out=arrmean,\n","logger":"py.warnings"}
{"timestamp":"2025-07-14T11:35:34.797457","level":"warning","event":"/home/airflow/.local/lib/python3.12/site-packages/numpy/core/_methods.py:198: RuntimeWarning: invalid value encountered in scalar divide\n  ret = ret.dtype.type(ret / rcount)\n","logger":"py.warnings"}
{"timestamp":"2025-07-14T11:35:34.797786Z","level":"info","event":"media nan - desviacion nan","chan":"stdout","logger":"task"}
{"timestamp":"2025-07-14T11:35:34.797957Z","level":"info","event":"lim_inf nan","chan":"stdout","logger":"task"}
{"timestamp":"2025-07-14T11:35:34.798106Z","level":"info","event":"lim_sup nan","chan":"stdout","logger":"task"}
{"timestamp":"2025-07-14T11:35:34.798320Z","level":"info","event":"Task instance in failure state","chan":"stdout","logger":"task"}
{"timestamp":"2025-07-14T11:35:34.797687","level":"error","event":"Task failed with exception","logger":"task","error_detail":[{"exc_type":"TypeError","exc_value":"'NoneType' object is not subscriptable","exc_notes":[],"syntax_error":null,"is_cause":false,"frames":[{"filename":"/home/airflow/.local/lib/python3.12/site-packages/airflow/sdk/execution_time/task_runner.py","lineno":867,"name":"run"},{"filename":"/home/airflow/.local/lib/python3.12/site-packages/airflow/sdk/execution_time/task_runner.py","lineno":1159,"name":"_execute_task"},{"filename":"/home/airflow/.local/lib/python3.12/site-packages/airflow/sdk/bases/operator.py","lineno":397,"name":"wrapper"},{"filename":"/home/airflow/.local/lib/python3.12/site-packages/airflow/providers/standard/operators/python.py","lineno":216,"name":"execute"},{"filename":"/home/airflow/.local/lib/python3.12/site-packages/airflow/providers/standard/operators/python.py","lineno":239,"name":"execute_callable"},{"filename":"/home/airflow/.local/lib/python3.12/site-packages/airflow/sdk/execution_time/callback_runner.py","lineno":81,"name":"run"},{"filename":"/opt/airflow/dags/dag_analisis.py","lineno":149,"name":"detectar_desviacion"}],"is_group":false,"exceptions":[]}]}
{"timestamp":"2025-07-14T11:35:34.828063Z","level":"info","event":"Task start","chan":"stdout","logger":"task"}
{"timestamp":"2025-07-14T11:35:34.828391Z","level":"info","event":"Task:<Task(PythonOperator): detectar_desviacion>","chan":"stdout","logger":"task"}
{"timestamp":"2025-07-14T11:35:34.828583Z","level":"info","event":"Failure caused by 'NoneType' object is not subscriptable","chan":"stdout","logger":"task"}
