{"timestamp":"2025-07-13T06:27:39.989040","level":"info","event":"DAG bundles loaded: dags-folder, example_dags","logger":"airflow.dag_processing.bundles.manager.DagBundlesManager"}
{"timestamp":"2025-07-13T06:27:39.989919","level":"info","event":"Filling up the DagBag from /opt/airflow/dags/dag_analisis.py","logger":"airflow.models.dagbag.DagBag"}
{"timestamp":"2025-07-13T06:27:40.042174Z","level":"info","event":"Task instance is in running state","chan":"stdout","logger":"task"}
{"timestamp":"2025-07-13T06:27:40.042415Z","level":"info","event":" Previous state of the Task instance: TaskInstanceState.QUEUED","chan":"stdout","logger":"task"}
{"timestamp":"2025-07-13T06:27:40.042556Z","level":"info","event":"Current task name:deteccion_valores_congelados","chan":"stdout","logger":"task"}
{"timestamp":"2025-07-13T06:27:40.042698Z","level":"info","event":"Dag name:a2","chan":"stdout","logger":"task"}
{"timestamp":"2025-07-13T06:27:40.020045","level":"warning","event":"/opt/airflow/dags/dag_analisis.py:69: UserWarning: pandas only supports SQLAlchemy connectable (engine/connection) or database string URI or sqlite3 DBAPI2 connection. Other DBAPI2 objects are not tested. Please consider using SQLAlchemy.\n  df = pd.read_sql(query, conn)\n","logger":"py.warnings"}
{"timestamp":"2025-07-13T06:27:40.121935Z","level":"info","event":"         id  device_id           timestamp  value  rn","chan":"stdout","logger":"task"}
{"timestamp":"2025-07-13T06:27:40.122244Z","level":"info","event":"0    232884          1 2025-07-08 12:00:00   1.00   3","chan":"stdout","logger":"task"}
{"timestamp":"2025-07-13T06:27:40.122404Z","level":"info","event":"1    232984          1 2025-07-08 12:15:00   1.14   2","chan":"stdout","logger":"task"}
{"timestamp":"2025-07-13T06:27:40.122567Z","level":"info","event":"2    233084          1 2025-07-08 12:30:00   1.19   1","chan":"stdout","logger":"task"}
{"timestamp":"2025-07-13T06:27:40.122742Z","level":"info","event":"3    232885          2 2025-07-08 12:00:00   0.81   3","chan":"stdout","logger":"task"}
{"timestamp":"2025-07-13T06:27:40.122876Z","level":"info","event":"4    232985          2 2025-07-08 12:15:00   1.02   2","chan":"stdout","logger":"task"}
{"timestamp":"2025-07-13T06:27:40.123001Z","level":"info","event":"..      ...        ...                 ...    ...  ..","chan":"stdout","logger":"task"}
{"timestamp":"2025-07-13T06:27:40.123132Z","level":"info","event":"295  233082         99 2025-07-08 12:15:00   0.51   2","chan":"stdout","logger":"task"}
{"timestamp":"2025-07-13T06:27:40.123296Z","level":"info","event":"296  233182         99 2025-07-08 12:30:00   0.75   1","chan":"stdout","logger":"task"}
{"timestamp":"2025-07-13T06:27:40.123451Z","level":"info","event":"297  232983        100 2025-07-08 12:00:00   0.57   3","chan":"stdout","logger":"task"}
{"timestamp":"2025-07-13T06:27:40.123583Z","level":"info","event":"298  233083        100 2025-07-08 12:15:00   1.37   2","chan":"stdout","logger":"task"}
{"timestamp":"2025-07-13T06:27:40.123701Z","level":"info","event":"299  233183        100 2025-07-08 12:30:00   0.75   1","chan":"stdout","logger":"task"}
{"timestamp":"2025-07-13T06:27:40.123819Z","level":"info","event":"","chan":"stdout","logger":"task"}
{"timestamp":"2025-07-13T06:27:40.123936Z","level":"info","event":"[300 rows x 5 columns]","chan":"stdout","logger":"task"}
{"timestamp":"2025-07-13T06:27:40.138351Z","level":"info","event":"todo bien","chan":"stdout","logger":"task"}
{"timestamp":"2025-07-13T06:27:40.139352","level":"info","event":"Done. Returned value was: None","logger":"airflow.task.operators.airflow.providers.standard.operators.python.PythonOperator"}
{"timestamp":"2025-07-13T06:27:40.166362Z","level":"info","event":"Task instance in success state","chan":"stdout","logger":"task"}
{"timestamp":"2025-07-13T06:27:40.166638Z","level":"info","event":" Previous state of the Task instance: TaskInstanceState.RUNNING","chan":"stdout","logger":"task"}
{"timestamp":"2025-07-13T06:27:40.166801Z","level":"info","event":"Task operator:<Task(PythonOperator): deteccion_valores_congelados>","chan":"stdout","logger":"task"}
