{"timestamp":"2025-07-14T10:58:46.676823","level":"info","event":"DAG bundles loaded: dags-folder, example_dags","logger":"airflow.dag_processing.bundles.manager.DagBundlesManager"}
{"timestamp":"2025-07-14T10:58:46.677662","level":"info","event":"Filling up the DagBag from /opt/airflow/dags/dag_analisis.py","logger":"airflow.models.dagbag.DagBag"}
{"timestamp":"2025-07-14T10:58:46.796648Z","level":"info","event":"Task instance is in running state","chan":"stdout","logger":"task"}
{"timestamp":"2025-07-14T10:58:46.796947Z","level":"info","event":" Previous state of the Task instance: TaskInstanceState.QUEUED","chan":"stdout","logger":"task"}
{"timestamp":"2025-07-14T10:58:46.797122Z","level":"info","event":"Current task name:detectar_desviacion","chan":"stdout","logger":"task"}
{"timestamp":"2025-07-14T10:58:46.797267Z","level":"info","event":"Dag name:a2","chan":"stdout","logger":"task"}
{"timestamp":"2025-07-14T10:58:46.797406Z","level":"info","event":"ultimo (198154, 1, datetime.datetime(2025, 7, 7, 14, 45), 220.99, 'valido')","chan":"stdout","logger":"task"}
{"timestamp":"2025-07-14T10:58:46.797546Z","level":"info","event":"[21.43, 22.7, 23.73, 24.76, 54.92, 55.47, 56.25, 56.87, 85.03, 85.82, 86.33, 87.22, 117.94, 119.08, 120.02, 121.27, 149.14, 150.26, 151.24, 152.43, 186.15, 186.89, 187.58, 188.51, 219.42, 220.46, 220.46, 220.99]","chan":"stdout","logger":"task"}
{"timestamp":"2025-07-14T10:58:46.797689Z","level":"info","event":"media 120.44178571428571 - desviacion 65.66757778242795","chan":"stdout","logger":"task"}
{"timestamp":"2025-07-14T10:58:46.797825Z","level":"info","event":"lim_inf -10.893369850570195","chan":"stdout","logger":"task"}
{"timestamp":"2025-07-14T10:58:46.797960Z","level":"info","event":"lim_sup 251.77694127914162","chan":"stdout","logger":"task"}
{"timestamp":"2025-07-14T10:58:46.798097Z","level":"info","event":"CORRECTO","chan":"stdout","logger":"task"}
{"timestamp":"2025-07-14T10:58:46.798231Z","level":"info","event":"ultimo (198518, 2, datetime.datetime(2025, 7, 7, 14, 45), 205.6, 'valido')","chan":"stdout","logger":"task"}
{"timestamp":"2025-07-14T10:58:46.798366Z","level":"info","event":"[21.09, 22.22, 22.79, 23.69, 49.2, 49.69, 50.55, 51.22, 78.21, 78.85, 79.54, 80.8, 109.92, 110.4, 111.05, 111.54, 139.39, 140.61, 141.46, 142.72, 174.5, 175.56, 176.36, 176.8, 202.92, 203.74, 204.45, 205.6]","chan":"stdout","logger":"task"}
{"timestamp":"2025-07-14T10:58:46.798499Z","level":"info","event":"media 111.95964285714284 - desviacion 61.328431036868025","chan":"stdout","logger":"task"}
{"timestamp":"2025-07-14T10:58:46.798629Z","level":"info","event":"lim_inf -10.697219216593211","chan":"stdout","logger":"task"}
{"timestamp":"2025-07-14T10:58:46.798762Z","level":"info","event":"lim_sup 234.61650493087888","chan":"stdout","logger":"task"}
{"timestamp":"2025-07-14T10:58:46.798894Z","level":"info","event":"CORRECTO","chan":"stdout","logger":"task"}
{"timestamp":"2025-07-14T10:58:46.799025Z","level":"info","event":"ultimo (198882, 3, datetime.datetime(2025, 7, 7, 14, 45), 214.59, 'valido')","chan":"stdout","logger":"task"}
{"timestamp":"2025-07-14T10:58:46.799157Z","level":"info","event":"[20.61, 21.45, 22.28, 23.22, 56.7, 57.95, 58.71, 59.19, 87.21, 87.84, 88.65, 89.2, 114.1, 115.2, 116.44, 117.11, 144.96, 145.93, 146.9, 148.18, 175.78, 176.87, 177.91, 178.92, 212.3, 213.28, 213.79, 214.59]","chan":"stdout","logger":"task"}
{"timestamp":"2025-07-14T10:58:46.799316Z","level":"info","event":"media 117.33107142857146 - desviacion 62.30280384307903","chan":"stdout","logger":"task"}
{"timestamp":"2025-07-14T10:58:46.799458Z","level":"info","event":"lim_inf -7.274536257586604","chan":"stdout","logger":"task"}
{"timestamp":"2025-07-14T10:58:46.799590Z","level":"info","event":"lim_sup 241.93667911472954","chan":"stdout","logger":"task"}
{"timestamp":"2025-07-14T10:58:46.799720Z","level":"info","event":"CORRECTO","chan":"stdout","logger":"task"}
{"timestamp":"2025-07-14T10:58:46.799851Z","level":"info","event":"ultimo (199246, 4, datetime.datetime(2025, 7, 7, 14, 45), 212.89, 'valido')","chan":"stdout","logger":"task"}
{"timestamp":"2025-07-14T10:58:46.800012Z","level":"info","event":"[30.99, 31.56, 32.59, 33.33, 57.0, 57.77, 59.0, 60.19, 87.37, 88.59, 88.59, 89.04, 116.79, 117.82, 118.98, 119.74, 148.84, 149.68, 150.92, 151.83, 181.55, 182.71, 183.98, 184.44, 210.13, 210.84, 211.6, 212.89]","chan":"stdout","logger":"task"}
{"timestamp":"2025-07-14T10:58:46.800152Z","level":"info","event":"media 120.31285714285715 - desviacion 60.67755432595806","chan":"stdout","logger":"task"}
{"timestamp":"2025-07-14T10:58:46.800285Z","level":"info","event":"lim_inf -1.0422515090589712","chan":"stdout","logger":"task"}
{"timestamp":"2025-07-14T10:58:46.800416Z","level":"info","event":"lim_sup 241.6679657947733","chan":"stdout","logger":"task"}
{"timestamp":"2025-07-14T10:58:46.800602Z","level":"info","event":"CORRECTO","chan":"stdout","logger":"task"}
{"timestamp":"2025-07-14T10:58:46.800735Z","level":"info","event":"ultimo (199710, 5, datetime.datetime(2025, 7, 7, 14, 45), 230.75, 'valido')","chan":"stdout","logger":"task"}
{"timestamp":"2025-07-14T10:58:46.800886Z","level":"info","event":"[24.36, 25.05, 26.02, 26.76, 61.63, 61.63, 62.24, 63.25, 90.6, 91.72, 92.23, 93.48, 122.95, 124.0, 124.94, 125.93, 153.17, 153.88, 154.76, 155.85, 192.46, 193.39, 193.92, 195.09, 227.74, 229.02, 229.98, 230.75]","chan":"stdout","logger":"task"}
{"timestamp":"2025-07-14T10:58:46.801067Z","level":"info","event":"media 125.95714285714287 - desviacion 66.98181996723027","chan":"stdout","logger":"task"}
{"timestamp":"2025-07-14T10:58:46.801249Z","level":"info","event":"lim_inf -8.006497077317661","chan":"stdout","logger":"task"}
{"timestamp":"2025-07-14T10:58:46.801432Z","level":"info","event":"lim_sup 259.9207827916034","chan":"stdout","logger":"task"}
{"timestamp":"2025-07-14T10:58:46.801614Z","level":"info","event":"CORRECTO","chan":"stdout","logger":"task"}
{"timestamp":"2025-07-14T10:58:46.801801Z","level":"info","event":"ultimo (200074, 6, datetime.datetime(2025, 7, 7, 14, 45), 213.9, 'valido')","chan":"stdout","logger":"task"}
{"timestamp":"2025-07-14T10:58:46.802008Z","level":"info","event":"[20.54, 21.66, 22.17, 23.37, 50.95, 51.83, 52.29, 52.83, 81.78, 82.55, 83.06, 83.89, 110.34, 110.96, 111.74, 112.87, 141.45, 141.45, 141.45, 142.73, 171.47, 172.62, 173.68, 174.74, 201.73, 209.15, 213.05, 213.9]","chan":"stdout","logger":"task"}
{"timestamp":"2025-07-14T10:58:46.802191Z","level":"info","event":"media 113.2232142857143 - desviacion 61.76528561842413","chan":"stdout","logger":"task"}
{"timestamp":"2025-07-14T10:58:46.802388Z","level":"info","event":"lim_inf -10.307356951133954","chan":"stdout","logger":"task"}
{"timestamp":"2025-07-14T10:58:46.802569Z","level":"info","event":"lim_sup 236.75378552256257","chan":"stdout","logger":"task"}
{"timestamp":"2025-07-14T10:58:46.802749Z","level":"info","event":"CORRECTO","chan":"stdout","logger":"task"}
{"timestamp":"2025-07-14T10:58:46.802927Z","level":"info","event":"ultimo (200438, 7, datetime.datetime(2025, 7, 7, 14, 45), 209.0, 'valido')","chan":"stdout","logger":"task"}
{"timestamp":"2025-07-14T10:58:46.803110Z","level":"info","event":"[21.62, 22.57, 23.2, 24.39, 52.79, 54.06, 54.75, 55.61, 82.44, 83.57, 84.16, 85.01, 109.66, 110.47, 110.47, 110.93, 145.58, 146.4, 147.66, 148.55, 180.27, 180.82, 181.6, 181.6, 207.5, 207.5, 208.1, 209.0]","chan":"stdout","logger":"task"}
{"timestamp":"2025-07-14T10:58:46.803320Z","level":"info","event":"media 115.36714285714287 - desviacion 62.339922364470134","chan":"stdout","logger":"task"}
{"timestamp":"2025-07-14T10:58:46.803572Z","level":"info","event":"lim_inf -9.312701871797401","chan":"stdout","logger":"task"}
{"timestamp":"2025-07-14T10:58:46.803765Z","level":"info","event":"lim_sup 240.04698758608313","chan":"stdout","logger":"task"}
{"timestamp":"2025-07-14T10:58:46.803950Z","level":"info","event":"CORRECTO","chan":"stdout","logger":"task"}
{"timestamp":"2025-07-14T10:58:46.804106Z","level":"info","event":"ultimo (200802, 8, datetime.datetime(2025, 7, 7, 14, 45), 238.36, 'valido')","chan":"stdout","logger":"task"}
{"timestamp":"2025-07-14T10:58:46.804280Z","level":"info","event":"[22.77, 23.44, 24.31, 25.39, 50.76, 51.74, 52.51, 53.78, 88.84, 89.43, 90.54, 91.69, 128.74, 129.61, 130.82, 132.04, 163.48, 164.08, 164.81, 165.83, 206.26, 207.21, 207.73, 208.54, 235.16, 236.43, 237.31, 238.36]","chan":"stdout","logger":"task"}
{"timestamp":"2025-07-14T10:58:46.804483Z","level":"info","event":"media 129.34321428571428 - desviacion 73.18095873798885","chan":"stdout","logger":"task"}
{"timestamp":"2025-07-14T10:58:46.804662Z","level":"info","event":"lim_inf -17.01870319026341","chan":"stdout","logger":"task"}
{"timestamp":"2025-07-14T10:58:46.804843Z","level":"info","event":"lim_sup 275.705131761692","chan":"stdout","logger":"task"}
{"timestamp":"2025-07-14T10:58:46.805015Z","level":"info","event":"CORRECTO","chan":"stdout","logger":"task"}
{"timestamp":"2025-07-14T10:58:46.805184Z","level":"info","event":"ultimo (201166, 9, datetime.datetime(2025, 7, 7, 14, 45), 213.06, 'valido')","chan":"stdout","logger":"task"}
{"timestamp":"2025-07-14T10:58:46.805354Z","level":"info","event":"[22.71, 23.61, 24.49, 25.54, 53.85, 54.43, 55.15, 55.94, 82.33, 83.32, 84.15, 84.88, 111.43, 112.56, 113.4, 114.48, 142.81, 143.38, 143.97, 144.99, 173.16, 174.3, 175.11, 175.62, 211.16, 211.8, 212.5, 213.06]","chan":"stdout","logger":"task"}
{"timestamp":"2025-07-14T10:58:46.805530Z","level":"info","event":"media 115.14750000000001 - desviacion 61.74175541404004","chan":"stdout","logger":"task"}
{"timestamp":"2025-07-14T10:58:46.805699Z","level":"info","event":"lim_inf -8.336010828080077","chan":"stdout","logger":"task"}
{"timestamp":"2025-07-14T10:58:46.805861Z","level":"info","event":"lim_sup 238.6310108280801","chan":"stdout","logger":"task"}
{"timestamp":"2025-07-14T10:58:46.806027Z","level":"info","event":"CORRECTO","chan":"stdout","logger":"task"}
{"timestamp":"2025-07-14T10:58:46.806189Z","level":"info","event":"ultimo (201530, 10, datetime.datetime(2025, 7, 7, 14, 45), 209.27, 'valido')","chan":"stdout","logger":"task"}
{"timestamp":"2025-07-14T10:58:46.806353Z","level":"info","event":"[20.26, 21.48, 27.78, 28.83, 58.84, 60.02, 61.09, 61.7, 90.29, 90.79, 91.58, 92.83, 118.94, 118.94, 119.96, 120.47, 147.61, 148.45, 149.45, 150.32, 178.27, 178.74, 179.28, 180.1, 206.56, 207.14, 208.36, 209.27]","chan":"stdout","logger":"task"}
{"timestamp":"2025-07-14T10:58:46.806779Z","level":"info","event":"media 118.83392857142857 - desviacion 60.39076752636507","chan":"stdout","logger":"task"}
{"timestamp":"2025-07-14T10:58:46.806985Z","level":"info","event":"lim_inf -1.9476064813015626","chan":"stdout","logger":"task"}
{"timestamp":"2025-07-14T10:58:46.807157Z","level":"info","event":"lim_sup 239.6154636241587","chan":"stdout","logger":"task"}
{"timestamp":"2025-07-14T10:58:46.807359Z","level":"info","event":"CORRECTO","chan":"stdout","logger":"task"}
{"timestamp":"2025-07-14T10:58:46.807535Z","level":"info","event":"ultimo (201894, 11, datetime.datetime(2025, 7, 7, 14, 45), 245.89, 'valido')","chan":"stdout","logger":"task"}
{"timestamp":"2025-07-14T10:58:46.807702Z","level":"info","event":"[26.56, 27.69, 28.26, 28.96, 56.45, 57.6, 58.15, 58.6, 87.51, 88.55, 89.47, 90.41, 118.2, 126.31, 132.27, 132.83, 167.31, 167.8, 168.97, 170.27, 208.93, 209.87, 211.06, 211.7, 242.75, 243.97, 245.21, 245.89]","chan":"stdout","logger":"task"}
{"timestamp":"2025-07-14T10:58:46.807854Z","level":"info","event":"media 132.19821428571427 - desviacion 74.07159620710469","chan":"stdout","logger":"task"}
{"timestamp":"2025-07-14T10:58:46.808010Z","level":"info","event":"lim_inf -15.944978128495109","chan":"stdout","logger":"task"}
{"timestamp":"2025-07-14T10:58:46.808172Z","level":"info","event":"lim_sup 280.34140669992365","chan":"stdout","logger":"task"}
{"timestamp":"2025-07-14T10:58:46.808323Z","level":"info","event":"CORRECTO","chan":"stdout","logger":"task"}
{"timestamp":"2025-07-14T10:58:46.808471Z","level":"info","event":"ultimo (202258, 12, datetime.datetime(2025, 7, 7, 14, 45), 247.91, 'valido')","chan":"stdout","logger":"task"}
{"timestamp":"2025-07-14T10:58:46.808626Z","level":"info","event":"[22.17, 23.42, 24.46, 25.75, 62.73, 63.45, 63.45, 64.53, 97.71, 98.37, 98.88, 99.83, 132.18, 133.14, 134.41, 134.92, 179.86, 180.54, 181.54, 182.19, 209.6, 210.7, 211.97, 213.0, 244.64, 245.87, 246.89, 247.91]","chan":"stdout","logger":"task"}
{"timestamp":"2025-07-14T10:58:46.808809Z","level":"info","event":"media 136.93249999999998 - desviacion 74.71578479358581","chan":"stdout","logger":"task"}
{"timestamp":"2025-07-14T10:58:46.808964Z","level":"info","event":"lim_inf -12.499069587171647","chan":"stdout","logger":"task"}
{"timestamp":"2025-07-14T10:58:46.809112Z","level":"info","event":"lim_sup 286.36406958717157","chan":"stdout","logger":"task"}
{"timestamp":"2025-07-14T10:58:46.809262Z","level":"info","event":"CORRECTO","chan":"stdout","logger":"task"}
{"timestamp":"2025-07-14T10:58:46.809408Z","level":"info","event":"ultimo (202622, 13, datetime.datetime(2025, 7, 7, 14, 45), 214.15, 'valido')","chan":"stdout","logger":"task"}
{"timestamp":"2025-07-14T10:58:46.809560Z","level":"info","event":"[21.09, 22.16, 23.32, 24.45, 52.48, 53.35, 54.01, 55.27, 82.85, 84.02, 85.15, 86.32, 121.14, 121.72, 122.22, 123.2, 149.58, 150.45, 151.33, 152.36, 182.18, 182.63, 183.17, 184.12, 212.28, 213.38, 214.15, 214.15]","chan":"stdout","logger":"task"}
{"timestamp":"2025-07-14T10:58:46.809724Z","level":"info","event":"media 118.66178571428573 - desviacion 64.10282298517255","chan":"stdout","logger":"task"}
{"timestamp":"2025-07-14T10:58:46.809906Z","level":"info","event":"lim_inf -9.543860256059375","chan":"stdout","logger":"task"}
{"timestamp":"2025-07-14T10:58:46.810061Z","level":"info","event":"lim_sup 246.86743168463084","chan":"stdout","logger":"task"}
{"timestamp":"2025-07-14T10:58:46.810211Z","level":"info","event":"CORRECTO","chan":"stdout","logger":"task"}
{"timestamp":"2025-07-14T10:58:46.810370Z","level":"info","event":"ultimo (202986, 14, datetime.datetime(2025, 7, 7, 14, 45), 197.27, 'valido')","chan":"stdout","logger":"task"}
{"timestamp":"2025-07-14T10:58:46.810543Z","level":"info","event":"[19.37, 20.3, 21.45, 22.41, 49.61, 50.57, 51.33, 52.57, 79.17, 79.72, 81.0, 81.94, 107.77, 109.02, 109.9, 110.45, 136.05, 137.04, 137.93, 138.74, 164.73, 165.93, 166.51, 167.66, 194.89, 195.78, 196.61, 197.27]","chan":"stdout","logger":"task"}
{"timestamp":"2025-07-14T10:58:46.810726Z","level":"info","event":"media 108.7757142857143 - desviacion 58.092122678956564","chan":"stdout","logger":"task"}
{"timestamp":"2025-07-14T10:58:46.810900Z","level":"info","event":"lim_inf -7.4085310721988265","chan":"stdout","logger":"task"}
{"timestamp":"2025-07-14T10:58:46.811060Z","level":"info","event":"lim_sup 224.95995964362743","chan":"stdout","logger":"task"}
{"timestamp":"2025-07-14T10:58:46.811222Z","level":"info","event":"CORRECTO","chan":"stdout","logger":"task"}
{"timestamp":"2025-07-14T10:58:46.811476Z","level":"info","event":"ultimo (203350, 15, datetime.datetime(2025, 7, 7, 14, 45), 211.41, 'valido')","chan":"stdout","logger":"task"}
{"timestamp":"2025-07-14T10:58:46.811642Z","level":"info","event":"[24.8, 25.23, 25.75, 26.92, 54.46, 55.26, 55.9, 56.65, 83.16, 83.72, 84.59, 84.59, 109.06, 109.78, 110.22, 111.19, 137.63, 138.28, 139.56, 140.42, 172.51, 173.45, 174.2, 175.38, 201.27, 202.17, 210.94, 211.41]","chan":"stdout","logger":"task"}
{"timestamp":"2025-07-14T10:58:46.811805Z","level":"info","event":"media 113.51785714285714 - desviacion 59.65618967749059","chan":"stdout","logger":"task"}
{"timestamp":"2025-07-14T10:58:46.811963Z","level":"info","event":"lim_inf -5.794522212124036","chan":"stdout","logger":"task"}
{"timestamp":"2025-07-14T10:58:46.812126Z","level":"info","event":"lim_sup 232.8302364978383","chan":"stdout","logger":"task"}
{"timestamp":"2025-07-14T10:58:46.812259Z","level":"info","event":"CORRECTO","chan":"stdout","logger":"task"}
{"timestamp":"2025-07-14T10:58:46.812385Z","level":"info","event":"ultimo (203814, 16, datetime.datetime(2025, 7, 7, 14, 45), 220.37, 'valido')","chan":"stdout","logger":"task"}
{"timestamp":"2025-07-14T10:58:46.812513Z","level":"info","event":"[25.89, 26.69, 27.32, 27.87, 69.56, 70.27, 70.88, 71.96, 96.65, 97.38, 98.25, 98.77, 126.71, 127.57, 128.04, 128.67, 156.63, 157.5, 158.5, 159.75, 186.39, 187.67, 188.81, 189.9, 217.15, 218.36, 219.26, 220.37]","chan":"stdout","logger":"task"}
{"timestamp":"2025-07-14T10:58:46.812663Z","level":"info","event":"media 126.88464285714288 - desviacion 62.31601556823912","chan":"stdout","logger":"task"}
{"timestamp":"2025-07-14T10:58:46.812798Z","level":"info","event":"lim_inf 2.252611720664632","chan":"stdout","logger":"task"}
{"timestamp":"2025-07-14T10:58:46.812943Z","level":"info","event":"lim_sup 251.5166739936211","chan":"stdout","logger":"task"}
{"timestamp":"2025-07-14T10:58:46.813086Z","level":"info","event":"CORRECTO","chan":"stdout","logger":"task"}
{"timestamp":"2025-07-14T10:58:46.813217Z","level":"info","event":"ultimo (204178, 17, datetime.datetime(2025, 7, 7, 14, 45), 215.1, 'valido')","chan":"stdout","logger":"task"}
{"timestamp":"2025-07-14T10:58:46.813344Z","level":"info","event":"[21.92, 23.17, 24.34, 25.44, 59.18, 60.31, 61.25, 62.51, 90.82, 91.91, 93.2, 94.09, 121.97, 123.05, 123.67, 124.88, 153.68, 154.65, 155.83, 156.88, 182.22, 182.71, 183.46, 184.63, 212.77, 213.98, 214.67, 215.1]","chan":"stdout","logger":"task"}
{"timestamp":"2025-07-14T10:58:46.813470Z","level":"info","event":"media 121.86750000000002 - desviacion 62.82674610301616","chan":"stdout","logger":"task"}
{"timestamp":"2025-07-14T10:58:46.813601Z","level":"info","event":"lim_inf -3.7859922060323044","chan":"stdout","logger":"task"}
{"timestamp":"2025-07-14T10:58:46.813726Z","level":"info","event":"lim_sup 247.52099220603236","chan":"stdout","logger":"task"}
{"timestamp":"2025-07-14T10:58:46.813851Z","level":"info","event":"CORRECTO","chan":"stdout","logger":"task"}
{"timestamp":"2025-07-14T10:58:46.813984Z","level":"info","event":"ultimo (204542, 18, datetime.datetime(2025, 7, 7, 14, 45), 221.4, 'valido')","chan":"stdout","logger":"task"}
{"timestamp":"2025-07-14T10:58:46.814110Z","level":"info","event":"[20.06, 21.02, 22.18, 23.25, 55.39, 56.02, 56.55, 57.01, 83.02, 83.54, 84.38, 85.46, 112.99, 113.69, 114.84, 115.29, 145.82, 147.09, 147.65, 148.38, 190.43, 191.43, 192.39, 193.36, 219.14, 220.27, 220.89, 221.4]","chan":"stdout","logger":"task"}
{"timestamp":"2025-07-14T10:58:46.814235Z","level":"info","event":"media 119.39071428571427 - desviacion 66.61740361028423","chan":"stdout","logger":"task"}
{"timestamp":"2025-07-14T10:58:46.814370Z","level":"info","event":"lim_inf -13.844092934854189","chan":"stdout","logger":"task"}
{"timestamp":"2025-07-14T10:58:46.814527Z","level":"info","event":"lim_sup 252.62552150628272","chan":"stdout","logger":"task"}
{"timestamp":"2025-07-14T10:58:46.814691Z","level":"info","event":"CORRECTO","chan":"stdout","logger":"task"}
{"timestamp":"2025-07-14T10:58:46.814982Z","level":"info","event":"ultimo (204906, 19, datetime.datetime(2025, 7, 7, 14, 45), 209.97, 'valido')","chan":"stdout","logger":"task"}
{"timestamp":"2025-07-14T10:58:46.815154Z","level":"info","event":"[22.64, 23.68, 24.44, 25.04, 58.64, 59.3, 60.27, 61.54, 88.59, 89.81, 90.38, 91.21, 116.71, 117.85, 118.45, 119.66, 145.85, 146.67, 147.52, 148.14, 178.92, 179.88, 180.64, 181.19, 207.36, 207.83, 208.93, 209.97]","chan":"stdout","logger":"task"}
{"timestamp":"2025-07-14T10:58:46.815340Z","level":"info","event":"media 118.25392857142856 - desviacion 60.83748711228756","chan":"stdout","logger":"task"}
{"timestamp":"2025-07-14T10:58:46.815501Z","level":"info","event":"lim_inf -3.421045653146564","chan":"stdout","logger":"task"}
{"timestamp":"2025-07-14T10:58:46.815664Z","level":"info","event":"lim_sup 239.92890279600368","chan":"stdout","logger":"task"}
{"timestamp":"2025-07-14T10:58:46.815854Z","level":"info","event":"CORRECTO","chan":"stdout","logger":"task"}
{"timestamp":"2025-07-14T10:58:46.816029Z","level":"info","event":"ultimo (205270, 20, datetime.datetime(2025, 7, 7, 14, 45), 206.14, 'valido')","chan":"stdout","logger":"task"}
{"timestamp":"2025-07-14T10:58:46.816286Z","level":"info","event":"[21.83, 22.68, 23.68, 24.14, 60.2, 61.01, 61.58, 62.22, 89.9, 90.72, 91.88, 92.75, 118.98, 119.68, 120.93, 121.62, 146.6, 147.89, 148.82, 149.37, 175.06, 175.88, 176.54, 177.31, 204.14, 204.65, 205.26, 206.14]","chan":"stdout","logger":"task"}
{"timestamp":"2025-07-14T10:58:46.816483Z","level":"info","event":"media 117.9092857142857 - desviacion 59.55486113831583","chan":"stdout","logger":"task"}
{"timestamp":"2025-07-14T10:58:46.816648Z","level":"info","event":"lim_inf -1.2004365623459563","chan":"stdout","logger":"task"}
{"timestamp":"2025-07-14T10:58:46.816806Z","level":"info","event":"lim_sup 237.01900799091737","chan":"stdout","logger":"task"}
{"timestamp":"2025-07-14T10:58:46.816964Z","level":"info","event":"CORRECTO","chan":"stdout","logger":"task"}
{"timestamp":"2025-07-14T10:58:46.817516Z","level":"info","event":"ultimo (205634, 21, datetime.datetime(2025, 7, 7, 14, 45), 201.96, 'valido')","chan":"stdout","logger":"task"}
{"timestamp":"2025-07-14T10:58:46.820074Z","level":"info","event":"[24.0, 25.0, 25.94, 26.73, 55.7, 56.6, 57.08, 57.57, 85.15, 86.01, 87.16, 88.4, 114.97, 115.4, 115.4, 115.88, 142.15, 143.04, 144.06, 145.15, 172.51, 173.31, 174.15, 175.29, 199.41, 200.7, 201.18, 201.96]","chan":"stdout","logger":"task"}
{"timestamp":"2025-07-14T10:58:46.820509Z","level":"info","event":"media 114.6392857142857 - desviacion 58.392845447792624","chan":"stdout","logger":"task"}
{"timestamp":"2025-07-14T10:58:46.820725Z","level":"info","event":"lim_inf -2.146405181299542","chan":"stdout","logger":"task"}
{"timestamp":"2025-07-14T10:58:46.820916Z","level":"info","event":"lim_sup 231.42497660987095","chan":"stdout","logger":"task"}
{"timestamp":"2025-07-14T10:58:46.821064Z","level":"info","event":"CORRECTO","chan":"stdout","logger":"task"}
{"timestamp":"2025-07-14T10:58:46.822548Z","level":"info","event":"ultimo (205998, 22, datetime.datetime(2025, 7, 7, 14, 45), 218.41, 'valido')","chan":"stdout","logger":"task"}
{"timestamp":"2025-07-14T10:58:46.824606Z","level":"info","event":"[22.93, 24.22, 24.94, 25.86, 50.89, 51.76, 52.61, 53.76, 85.84, 86.57, 87.77, 88.38, 114.84, 115.35, 116.33, 117.05, 151.96, 152.57, 153.82, 154.27, 183.78, 184.28, 185.07, 186.1, 215.46, 216.45, 217.65, 218.41]","chan":"stdout","logger":"task"}
{"timestamp":"2025-07-14T10:58:46.824956Z","level":"info","event":"media 119.24714285714285 - desviacion 64.9377864826428","chan":"stdout","logger":"task"}
{"timestamp":"2025-07-14T10:58:46.825235Z","level":"info","event":"lim_inf -10.628430108142766","chan":"stdout","logger":"task"}
{"timestamp":"2025-07-14T10:58:46.825411Z","level":"info","event":"lim_sup 249.12271582242846","chan":"stdout","logger":"task"}
{"timestamp":"2025-07-14T10:58:46.825541Z","level":"info","event":"CORRECTO","chan":"stdout","logger":"task"}
{"timestamp":"2025-07-14T10:58:46.826942Z","level":"info","event":"ultimo (206258, 23, datetime.datetime(2025, 7, 5, 14, 45), 155.02, 'valido')","chan":"stdout","logger":"task"}
{"timestamp":"2025-07-14T10:58:46.829218Z","level":"info","event":"[20.7, 21.18, 22.3, 22.79, 57.67, 58.7, 59.16, 60.41, 85.96, 86.51, 87.2, 87.75, 122.24, 123.44, 124.6, 125.66, 152.81, 153.56, 154.51, 155.02]","chan":"stdout","logger":"task"}
{"timestamp":"2025-07-14T10:58:46.829581Z","level":"info","event":"media 89.10849999999999 - desviacion 46.64590810296225","chan":"stdout","logger":"task"}
{"timestamp":"2025-07-14T10:58:46.829741Z","level":"info","event":"lim_inf -4.183316205924513","chan":"stdout","logger":"task"}
{"timestamp":"2025-07-14T10:58:46.829879Z","level":"info","event":"lim_sup 182.4003162059245","chan":"stdout","logger":"task"}
{"timestamp":"2025-07-14T10:58:46.830010Z","level":"info","event":"CORRECTO","chan":"stdout","logger":"task"}
{"timestamp":"2025-07-14T10:58:46.831227Z","level":"info","event":"ultimo None","chan":"stdout","logger":"task"}
{"timestamp":"2025-07-14T10:58:46.831377","level":"error","event":"Task failed with exception","logger":"task","error_detail":[{"exc_type":"TypeError","exc_value":"object of type 'NoneType' has no len()","exc_notes":[],"syntax_error":null,"is_cause":false,"frames":[{"filename":"/home/airflow/.local/lib/python3.12/site-packages/airflow/sdk/execution_time/task_runner.py","lineno":867,"name":"run"},{"filename":"/home/airflow/.local/lib/python3.12/site-packages/airflow/sdk/execution_time/task_runner.py","lineno":1159,"name":"_execute_task"},{"filename":"/home/airflow/.local/lib/python3.12/site-packages/airflow/sdk/bases/operator.py","lineno":397,"name":"wrapper"},{"filename":"/home/airflow/.local/lib/python3.12/site-packages/airflow/providers/standard/operators/python.py","lineno":216,"name":"execute"},{"filename":"/home/airflow/.local/lib/python3.12/site-packages/airflow/providers/standard/operators/python.py","lineno":239,"name":"execute_callable"},{"filename":"/home/airflow/.local/lib/python3.12/site-packages/airflow/sdk/execution_time/callback_runner.py","lineno":81,"name":"run"},{"filename":"/opt/airflow/dags/dag_analisis.py","lineno":115,"name":"detectar_desviacion"}],"is_group":false,"exceptions":[]}]}
{"timestamp":"2025-07-14T10:58:46.832695Z","level":"info","event":"Task instance in failure state","chan":"stdout","logger":"task"}
{"timestamp":"2025-07-14T10:58:46.832890Z","level":"info","event":"Task start","chan":"stdout","logger":"task"}
{"timestamp":"2025-07-14T10:58:46.833056Z","level":"info","event":"Task:<Task(PythonOperator): detectar_desviacion>","chan":"stdout","logger":"task"}
{"timestamp":"2025-07-14T10:58:46.833217Z","level":"info","event":"Failure caused by object of type 'NoneType' has no len()","chan":"stdout","logger":"task"}
