{"timestamp":"2025-07-14T11:37:00.789302","level":"info","event":"DAG bundles loaded: dags-folder, example_dags","logger":"airflow.dag_processing.bundles.manager.DagBundlesManager"}
{"timestamp":"2025-07-14T11:37:00.789952","level":"info","event":"Filling up the DagBag from /opt/airflow/dags/dag_analisis.py","logger":"airflow.models.dagbag.DagBag"}
{"timestamp":"2025-07-14T11:37:00.849865Z","level":"info","event":"Task instance is in running state","chan":"stdout","logger":"task"}
{"timestamp":"2025-07-14T11:37:00.850068Z","level":"info","event":" Previous state of the Task instance: TaskInstanceState.QUEUED","chan":"stdout","logger":"task"}
{"timestamp":"2025-07-14T11:37:00.850169Z","level":"info","event":"Current task name:detectar_desviacion","chan":"stdout","logger":"task"}
{"timestamp":"2025-07-14T11:37:00.850272Z","level":"info","event":"Dag name:a2","chan":"stdout","logger":"task"}
{"timestamp":"2025-07-14T11:37:00.850366Z","level":"info","event":"franja 8 - 10","chan":"stdout","logger":"task"}
{"timestamp":"2025-07-14T11:37:00.850475Z","level":"info","event":"ultimo (236034, 1, datetime.datetime(2025, 7, 7, 9, 45), 198.64, 'valido')","chan":"stdout","logger":"task"}
{"timestamp":"2025-07-14T11:37:00.850581Z","level":"info","event":"[]","chan":"stdout","logger":"task"}
{"timestamp":"2025-07-14T11:37:00.850687Z","level":"info","event":"media nan - desviacion nan","chan":"stdout","logger":"task"}
{"timestamp":"2025-07-14T11:37:00.850779Z","level":"info","event":"lim_inf nan","chan":"stdout","logger":"task"}
{"timestamp":"2025-07-14T11:37:00.850867Z","level":"info","event":"lim_sup nan","chan":"stdout","logger":"task"}
{"timestamp":"2025-07-14T11:37:00.850954Z","level":"info","event":"CORRECTO","chan":"stdout","logger":"task"}
{"timestamp":"2025-07-14T11:37:00.851042Z","level":"info","event":"franja 8 - 10","chan":"stdout","logger":"task"}
{"timestamp":"2025-07-14T11:37:00.851129Z","level":"info","event":"ultimo (236398, 2, datetime.datetime(2025, 7, 7, 9, 45), 196.96, 'valido')","chan":"stdout","logger":"task"}
{"timestamp":"2025-07-14T11:37:00.851217Z","level":"info","event":"[]","chan":"stdout","logger":"task"}
{"timestamp":"2025-07-14T11:37:00.851337Z","level":"info","event":"media nan - desviacion nan","chan":"stdout","logger":"task"}
{"timestamp":"2025-07-14T11:37:00.851444Z","level":"info","event":"lim_inf nan","chan":"stdout","logger":"task"}
{"timestamp":"2025-07-14T11:37:00.851534Z","level":"info","event":"lim_sup nan","chan":"stdout","logger":"task"}
{"timestamp":"2025-07-14T11:37:00.851650Z","level":"info","event":"CORRECTO","chan":"stdout","logger":"task"}
{"timestamp":"2025-07-14T11:37:00.851782Z","level":"info","event":"franja 8 - 10","chan":"stdout","logger":"task"}
{"timestamp":"2025-07-14T11:37:00.851919Z","level":"info","event":"ultimo (236762, 3, datetime.datetime(2025, 7, 7, 9, 45), 185.66, 'valido')","chan":"stdout","logger":"task"}
{"timestamp":"2025-07-14T11:37:00.827255","level":"warning","event":"/home/airflow/.local/lib/python3.12/site-packages/numpy/core/fromnumeric.py:3504: RuntimeWarning: Mean of empty slice.\n  return _methods._mean(a, axis=axis, dtype=dtype,\n","logger":"py.warnings"}
{"timestamp":"2025-07-14T11:37:00.827798","level":"warning","event":"/home/airflow/.local/lib/python3.12/site-packages/numpy/core/_methods.py:129: RuntimeWarning: invalid value encountered in scalar divide\n  ret = ret.dtype.type(ret / rcount)\n","logger":"py.warnings"}
{"timestamp":"2025-07-14T11:37:00.827973","level":"warning","event":"/home/airflow/.local/lib/python3.12/site-packages/numpy/core/_methods.py:206: RuntimeWarning: Degrees of freedom <= 0 for slice\n  ret = _var(a, axis=axis, dtype=dtype, out=out, ddof=ddof,\n","logger":"py.warnings"}
{"timestamp":"2025-07-14T11:37:00.828194","level":"warning","event":"/home/airflow/.local/lib/python3.12/site-packages/numpy/core/_methods.py:163: RuntimeWarning: invalid value encountered in divide\n  arrmean = um.true_divide(arrmean, div, out=arrmean,\n","logger":"py.warnings"}
{"timestamp":"2025-07-14T11:37:00.828375","level":"warning","event":"/home/airflow/.local/lib/python3.12/site-packages/numpy/core/_methods.py:198: RuntimeWarning: invalid value encountered in scalar divide\n  ret = ret.dtype.type(ret / rcount)\n","logger":"py.warnings"}
{"timestamp":"2025-07-14T11:37:00.852732Z","level":"info","event":"[]","chan":"stdout","logger":"task"}
{"timestamp":"2025-07-14T11:37:00.852847Z","level":"info","event":"media nan - desviacion nan","chan":"stdout","logger":"task"}
{"timestamp":"2025-07-14T11:37:00.852944Z","level":"info","event":"lim_inf nan","chan":"stdout","logger":"task"}
{"timestamp":"2025-07-14T11:37:00.853066Z","level":"info","event":"lim_sup nan","chan":"stdout","logger":"task"}
{"timestamp":"2025-07-14T11:37:00.853172Z","level":"info","event":"CORRECTO","chan":"stdout","logger":"task"}
{"timestamp":"2025-07-14T11:37:00.853304Z","level":"info","event":"franja 8 - 10","chan":"stdout","logger":"task"}
{"timestamp":"2025-07-14T11:37:00.859421Z","level":"info","event":"ultimo (237126, 4, datetime.datetime(2025, 7, 7, 9, 45), 208.68, 'valido')","chan":"stdout","logger":"task"}
{"timestamp":"2025-07-14T11:37:00.864420Z","level":"info","event":"[]","chan":"stdout","logger":"task"}
{"timestamp":"2025-07-14T11:37:00.864714Z","level":"info","event":"media nan - desviacion nan","chan":"stdout","logger":"task"}
{"timestamp":"2025-07-14T11:37:00.864847Z","level":"info","event":"lim_inf nan","chan":"stdout","logger":"task"}
{"timestamp":"2025-07-14T11:37:00.864950Z","level":"info","event":"lim_sup nan","chan":"stdout","logger":"task"}
{"timestamp":"2025-07-14T11:37:00.865047Z","level":"info","event":"CORRECTO","chan":"stdout","logger":"task"}
{"timestamp":"2025-07-14T11:37:00.865146Z","level":"info","event":"franja 8 - 10","chan":"stdout","logger":"task"}
{"timestamp":"2025-07-14T11:37:00.869702Z","level":"info","event":"ultimo (237490, 5, datetime.datetime(2025, 7, 7, 9, 45), 191.61, 'valido')","chan":"stdout","logger":"task"}
{"timestamp":"2025-07-14T11:37:00.874084Z","level":"info","event":"[]","chan":"stdout","logger":"task"}
{"timestamp":"2025-07-14T11:37:00.874487Z","level":"info","event":"media nan - desviacion nan","chan":"stdout","logger":"task"}
{"timestamp":"2025-07-14T11:37:00.874653Z","level":"info","event":"lim_inf nan","chan":"stdout","logger":"task"}
{"timestamp":"2025-07-14T11:37:00.874801Z","level":"info","event":"lim_sup nan","chan":"stdout","logger":"task"}
{"timestamp":"2025-07-14T11:37:00.874968Z","level":"info","event":"CORRECTO","chan":"stdout","logger":"task"}
{"timestamp":"2025-07-14T11:37:00.875135Z","level":"info","event":"franja 8 - 10","chan":"stdout","logger":"task"}
{"timestamp":"2025-07-14T11:37:00.878892Z","level":"info","event":"ultimo (237854, 6, datetime.datetime(2025, 7, 7, 9, 45), 196.29, 'valido')","chan":"stdout","logger":"task"}
{"timestamp":"2025-07-14T11:37:00.882873Z","level":"info","event":"[]","chan":"stdout","logger":"task"}
{"timestamp":"2025-07-14T11:37:00.883178Z","level":"info","event":"media nan - desviacion nan","chan":"stdout","logger":"task"}
{"timestamp":"2025-07-14T11:37:00.883309Z","level":"info","event":"lim_inf nan","chan":"stdout","logger":"task"}
{"timestamp":"2025-07-14T11:37:00.883399Z","level":"info","event":"lim_sup nan","chan":"stdout","logger":"task"}
{"timestamp":"2025-07-14T11:37:00.883486Z","level":"info","event":"CORRECTO","chan":"stdout","logger":"task"}
{"timestamp":"2025-07-14T11:37:00.883570Z","level":"info","event":"franja 8 - 10","chan":"stdout","logger":"task"}
{"timestamp":"2025-07-14T11:37:00.887823Z","level":"info","event":"ultimo (238218, 7, datetime.datetime(2025, 7, 7, 9, 45), 181.54, 'valido')","chan":"stdout","logger":"task"}
{"timestamp":"2025-07-14T11:37:00.891897Z","level":"info","event":"[]","chan":"stdout","logger":"task"}
{"timestamp":"2025-07-14T11:37:00.892203Z","level":"info","event":"media nan - desviacion nan","chan":"stdout","logger":"task"}
{"timestamp":"2025-07-14T11:37:00.892310Z","level":"info","event":"lim_inf nan","chan":"stdout","logger":"task"}
{"timestamp":"2025-07-14T11:37:00.892397Z","level":"info","event":"lim_sup nan","chan":"stdout","logger":"task"}
{"timestamp":"2025-07-14T11:37:00.892483Z","level":"info","event":"CORRECTO","chan":"stdout","logger":"task"}
{"timestamp":"2025-07-14T11:37:00.892586Z","level":"info","event":"franja 8 - 10","chan":"stdout","logger":"task"}
{"timestamp":"2025-07-14T11:37:00.897078Z","level":"info","event":"ultimo (238582, 8, datetime.datetime(2025, 7, 7, 9, 45), 210.41, 'valido')","chan":"stdout","logger":"task"}
{"timestamp":"2025-07-14T11:37:00.902178Z","level":"info","event":"[]","chan":"stdout","logger":"task"}
{"timestamp":"2025-07-14T11:37:00.902517Z","level":"info","event":"media nan - desviacion nan","chan":"stdout","logger":"task"}
{"timestamp":"2025-07-14T11:37:00.902682Z","level":"info","event":"lim_inf nan","chan":"stdout","logger":"task"}
{"timestamp":"2025-07-14T11:37:00.902817Z","level":"info","event":"lim_sup nan","chan":"stdout","logger":"task"}
{"timestamp":"2025-07-14T11:37:00.902940Z","level":"info","event":"CORRECTO","chan":"stdout","logger":"task"}
{"timestamp":"2025-07-14T11:37:00.903057Z","level":"info","event":"franja 8 - 10","chan":"stdout","logger":"task"}
{"timestamp":"2025-07-14T11:37:00.907663Z","level":"info","event":"ultimo (238946, 9, datetime.datetime(2025, 7, 7, 9, 45), 190.77, 'valido')","chan":"stdout","logger":"task"}
{"timestamp":"2025-07-14T11:37:00.912443Z","level":"info","event":"[]","chan":"stdout","logger":"task"}
{"timestamp":"2025-07-14T11:37:00.912684Z","level":"info","event":"media nan - desviacion nan","chan":"stdout","logger":"task"}
{"timestamp":"2025-07-14T11:37:00.912816Z","level":"info","event":"lim_inf nan","chan":"stdout","logger":"task"}
{"timestamp":"2025-07-14T11:37:00.912937Z","level":"info","event":"lim_sup nan","chan":"stdout","logger":"task"}
{"timestamp":"2025-07-14T11:37:00.913056Z","level":"info","event":"CORRECTO","chan":"stdout","logger":"task"}
{"timestamp":"2025-07-14T11:37:00.913171Z","level":"info","event":"franja 8 - 10","chan":"stdout","logger":"task"}
{"timestamp":"2025-07-14T11:37:00.917691Z","level":"info","event":"ultimo (239310, 10, datetime.datetime(2025, 7, 7, 9, 45), 201.64, 'valido')","chan":"stdout","logger":"task"}
{"timestamp":"2025-07-14T11:37:00.921782Z","level":"info","event":"[]","chan":"stdout","logger":"task"}
{"timestamp":"2025-07-14T11:37:00.922097Z","level":"info","event":"media nan - desviacion nan","chan":"stdout","logger":"task"}
{"timestamp":"2025-07-14T11:37:00.922225Z","level":"info","event":"lim_inf nan","chan":"stdout","logger":"task"}
{"timestamp":"2025-07-14T11:37:00.922323Z","level":"info","event":"lim_sup nan","chan":"stdout","logger":"task"}
{"timestamp":"2025-07-14T11:37:00.922417Z","level":"info","event":"CORRECTO","chan":"stdout","logger":"task"}
{"timestamp":"2025-07-14T11:37:00.922509Z","level":"info","event":"franja 8 - 10","chan":"stdout","logger":"task"}
{"timestamp":"2025-07-14T11:37:00.926220Z","level":"info","event":"ultimo (239674, 11, datetime.datetime(2025, 7, 7, 9, 45), 196.03, 'valido')","chan":"stdout","logger":"task"}
{"timestamp":"2025-07-14T11:37:00.930158Z","level":"info","event":"[]","chan":"stdout","logger":"task"}
{"timestamp":"2025-07-14T11:37:00.930410Z","level":"info","event":"media nan - desviacion nan","chan":"stdout","logger":"task"}
{"timestamp":"2025-07-14T11:37:00.930529Z","level":"info","event":"lim_inf nan","chan":"stdout","logger":"task"}
{"timestamp":"2025-07-14T11:37:00.930630Z","level":"info","event":"lim_sup nan","chan":"stdout","logger":"task"}
{"timestamp":"2025-07-14T11:37:00.930734Z","level":"info","event":"CORRECTO","chan":"stdout","logger":"task"}
{"timestamp":"2025-07-14T11:37:00.930832Z","level":"info","event":"franja 8 - 10","chan":"stdout","logger":"task"}
{"timestamp":"2025-07-14T11:37:00.934090Z","level":"info","event":"ultimo (240038, 12, datetime.datetime(2025, 7, 7, 9, 45), 203.72, 'valido')","chan":"stdout","logger":"task"}
{"timestamp":"2025-07-14T11:37:00.938138Z","level":"info","event":"[]","chan":"stdout","logger":"task"}
{"timestamp":"2025-07-14T11:37:00.938393Z","level":"info","event":"media nan - desviacion nan","chan":"stdout","logger":"task"}
{"timestamp":"2025-07-14T11:37:00.938509Z","level":"info","event":"lim_inf nan","chan":"stdout","logger":"task"}
{"timestamp":"2025-07-14T11:37:00.938626Z","level":"info","event":"lim_sup nan","chan":"stdout","logger":"task"}
{"timestamp":"2025-07-14T11:37:00.938730Z","level":"info","event":"CORRECTO","chan":"stdout","logger":"task"}
{"timestamp":"2025-07-14T11:37:00.938827Z","level":"info","event":"franja 8 - 10","chan":"stdout","logger":"task"}
{"timestamp":"2025-07-14T11:37:00.942738Z","level":"info","event":"ultimo (240402, 13, datetime.datetime(2025, 7, 7, 9, 45), 195.1, 'valido')","chan":"stdout","logger":"task"}
{"timestamp":"2025-07-14T11:37:00.946833Z","level":"info","event":"[]","chan":"stdout","logger":"task"}
{"timestamp":"2025-07-14T11:37:00.947100Z","level":"info","event":"media nan - desviacion nan","chan":"stdout","logger":"task"}
{"timestamp":"2025-07-14T11:37:00.947193Z","level":"info","event":"lim_inf nan","chan":"stdout","logger":"task"}
{"timestamp":"2025-07-14T11:37:00.947366Z","level":"info","event":"lim_sup nan","chan":"stdout","logger":"task"}
{"timestamp":"2025-07-14T11:37:00.947473Z","level":"info","event":"CORRECTO","chan":"stdout","logger":"task"}
{"timestamp":"2025-07-14T11:37:00.947576Z","level":"info","event":"franja 8 - 10","chan":"stdout","logger":"task"}
{"timestamp":"2025-07-14T11:37:00.951633Z","level":"info","event":"ultimo (240766, 14, datetime.datetime(2025, 7, 7, 9, 45), 192.38, 'valido')","chan":"stdout","logger":"task"}
{"timestamp":"2025-07-14T11:37:00.955798Z","level":"info","event":"[]","chan":"stdout","logger":"task"}
{"timestamp":"2025-07-14T11:37:00.956107Z","level":"info","event":"media nan - desviacion nan","chan":"stdout","logger":"task"}
{"timestamp":"2025-07-14T11:37:00.956231Z","level":"info","event":"lim_inf nan","chan":"stdout","logger":"task"}
{"timestamp":"2025-07-14T11:37:00.956328Z","level":"info","event":"lim_sup nan","chan":"stdout","logger":"task"}
{"timestamp":"2025-07-14T11:37:00.956424Z","level":"info","event":"CORRECTO","chan":"stdout","logger":"task"}
{"timestamp":"2025-07-14T11:37:00.956582Z","level":"info","event":"franja 8 - 10","chan":"stdout","logger":"task"}
{"timestamp":"2025-07-14T11:37:00.962734Z","level":"info","event":"ultimo (241130, 15, datetime.datetime(2025, 7, 7, 9, 45), 197.97, 'valido')","chan":"stdout","logger":"task"}
{"timestamp":"2025-07-14T11:37:00.968954Z","level":"info","event":"[]","chan":"stdout","logger":"task"}
{"timestamp":"2025-07-14T11:37:00.969216Z","level":"info","event":"media nan - desviacion nan","chan":"stdout","logger":"task"}
{"timestamp":"2025-07-14T11:37:00.969342Z","level":"info","event":"lim_inf nan","chan":"stdout","logger":"task"}
{"timestamp":"2025-07-14T11:37:00.969476Z","level":"info","event":"lim_sup nan","chan":"stdout","logger":"task"}
{"timestamp":"2025-07-14T11:37:00.969660Z","level":"info","event":"CORRECTO","chan":"stdout","logger":"task"}
{"timestamp":"2025-07-14T11:37:00.969822Z","level":"info","event":"franja 8 - 10","chan":"stdout","logger":"task"}
{"timestamp":"2025-07-14T11:37:00.975938Z","level":"info","event":"ultimo (241494, 16, datetime.datetime(2025, 7, 7, 9, 45), 202.27, 'valido')","chan":"stdout","logger":"task"}
{"timestamp":"2025-07-14T11:37:00.981045Z","level":"info","event":"[]","chan":"stdout","logger":"task"}
{"timestamp":"2025-07-14T11:37:00.981340Z","level":"info","event":"media nan - desviacion nan","chan":"stdout","logger":"task"}
{"timestamp":"2025-07-14T11:37:00.981457Z","level":"info","event":"lim_inf nan","chan":"stdout","logger":"task"}
{"timestamp":"2025-07-14T11:37:00.981553Z","level":"info","event":"lim_sup nan","chan":"stdout","logger":"task"}
{"timestamp":"2025-07-14T11:37:00.981646Z","level":"info","event":"CORRECTO","chan":"stdout","logger":"task"}
{"timestamp":"2025-07-14T11:37:00.981740Z","level":"info","event":"franja 8 - 10","chan":"stdout","logger":"task"}
{"timestamp":"2025-07-14T11:37:00.986577Z","level":"info","event":"ultimo (241858, 17, datetime.datetime(2025, 7, 7, 9, 45), 183.59, 'valido')","chan":"stdout","logger":"task"}
{"timestamp":"2025-07-14T11:37:00.991483Z","level":"info","event":"[]","chan":"stdout","logger":"task"}
{"timestamp":"2025-07-14T11:37:00.991823Z","level":"info","event":"media nan - desviacion nan","chan":"stdout","logger":"task"}
{"timestamp":"2025-07-14T11:37:00.991970Z","level":"info","event":"lim_inf nan","chan":"stdout","logger":"task"}
{"timestamp":"2025-07-14T11:37:00.992097Z","level":"info","event":"lim_sup nan","chan":"stdout","logger":"task"}
{"timestamp":"2025-07-14T11:37:00.992221Z","level":"info","event":"CORRECTO","chan":"stdout","logger":"task"}
{"timestamp":"2025-07-14T11:37:00.992342Z","level":"info","event":"franja 8 - 10","chan":"stdout","logger":"task"}
{"timestamp":"2025-07-14T11:37:00.997586Z","level":"info","event":"ultimo (242222, 18, datetime.datetime(2025, 7, 7, 9, 45), 189.89, 'valido')","chan":"stdout","logger":"task"}
{"timestamp":"2025-07-14T11:37:01.003445Z","level":"info","event":"[]","chan":"stdout","logger":"task"}
{"timestamp":"2025-07-14T11:37:01.003732Z","level":"info","event":"media nan - desviacion nan","chan":"stdout","logger":"task"}
{"timestamp":"2025-07-14T11:37:01.003901Z","level":"info","event":"lim_inf nan","chan":"stdout","logger":"task"}
{"timestamp":"2025-07-14T11:37:01.004056Z","level":"info","event":"lim_sup nan","chan":"stdout","logger":"task"}
{"timestamp":"2025-07-14T11:37:01.004204Z","level":"info","event":"CORRECTO","chan":"stdout","logger":"task"}
{"timestamp":"2025-07-14T11:37:01.004374Z","level":"info","event":"franja 8 - 10","chan":"stdout","logger":"task"}
{"timestamp":"2025-07-14T11:37:01.013564Z","level":"info","event":"ultimo (242586, 19, datetime.datetime(2025, 7, 7, 9, 45), 191.26, 'valido')","chan":"stdout","logger":"task"}
{"timestamp":"2025-07-14T11:37:01.013834Z","level":"info","event":"[]","chan":"stdout","logger":"task"}
{"timestamp":"2025-07-14T11:37:01.013976Z","level":"info","event":"media nan - desviacion nan","chan":"stdout","logger":"task"}
{"timestamp":"2025-07-14T11:37:01.014110Z","level":"info","event":"lim_inf nan","chan":"stdout","logger":"task"}
{"timestamp":"2025-07-14T11:37:01.014242Z","level":"info","event":"lim_sup nan","chan":"stdout","logger":"task"}
{"timestamp":"2025-07-14T11:37:01.014370Z","level":"info","event":"CORRECTO","chan":"stdout","logger":"task"}
{"timestamp":"2025-07-14T11:37:01.014498Z","level":"info","event":"franja 8 - 10","chan":"stdout","logger":"task"}
{"timestamp":"2025-07-14T11:37:01.018613Z","level":"info","event":"ultimo (242950, 20, datetime.datetime(2025, 7, 7, 9, 45), 190.94, 'valido')","chan":"stdout","logger":"task"}
{"timestamp":"2025-07-14T11:37:01.023664Z","level":"info","event":"[]","chan":"stdout","logger":"task"}
{"timestamp":"2025-07-14T11:37:01.023976Z","level":"info","event":"media nan - desviacion nan","chan":"stdout","logger":"task"}
{"timestamp":"2025-07-14T11:37:01.024102Z","level":"info","event":"lim_inf nan","chan":"stdout","logger":"task"}
{"timestamp":"2025-07-14T11:37:01.024199Z","level":"info","event":"lim_sup nan","chan":"stdout","logger":"task"}
{"timestamp":"2025-07-14T11:37:01.024292Z","level":"info","event":"CORRECTO","chan":"stdout","logger":"task"}
{"timestamp":"2025-07-14T11:37:01.024385Z","level":"info","event":"franja 8 - 10","chan":"stdout","logger":"task"}
{"timestamp":"2025-07-14T11:37:01.029079Z","level":"info","event":"ultimo (243314, 21, datetime.datetime(2025, 7, 7, 9, 45), 200.41, 'valido')","chan":"stdout","logger":"task"}
{"timestamp":"2025-07-14T11:37:01.034096Z","level":"info","event":"[]","chan":"stdout","logger":"task"}
{"timestamp":"2025-07-14T11:37:01.034480Z","level":"info","event":"media nan - desviacion nan","chan":"stdout","logger":"task"}
{"timestamp":"2025-07-14T11:37:01.034671Z","level":"info","event":"lim_inf nan","chan":"stdout","logger":"task"}
{"timestamp":"2025-07-14T11:37:01.034830Z","level":"info","event":"lim_sup nan","chan":"stdout","logger":"task"}
{"timestamp":"2025-07-14T11:37:01.034978Z","level":"info","event":"CORRECTO","chan":"stdout","logger":"task"}
{"timestamp":"2025-07-14T11:37:01.035141Z","level":"info","event":"franja 8 - 10","chan":"stdout","logger":"task"}
{"timestamp":"2025-07-14T11:37:01.039653Z","level":"info","event":"ultimo (243678, 22, datetime.datetime(2025, 7, 7, 9, 45), 204.44, 'valido')","chan":"stdout","logger":"task"}
{"timestamp":"2025-07-14T11:37:01.044671Z","level":"info","event":"[]","chan":"stdout","logger":"task"}
{"timestamp":"2025-07-14T11:37:01.044929Z","level":"info","event":"media nan - desviacion nan","chan":"stdout","logger":"task"}
{"timestamp":"2025-07-14T11:37:01.045055Z","level":"info","event":"lim_inf nan","chan":"stdout","logger":"task"}
{"timestamp":"2025-07-14T11:37:01.045269Z","level":"info","event":"lim_sup nan","chan":"stdout","logger":"task"}
{"timestamp":"2025-07-14T11:37:01.045421Z","level":"info","event":"CORRECTO","chan":"stdout","logger":"task"}
{"timestamp":"2025-07-14T11:37:01.045554Z","level":"info","event":"franja 8 - 10","chan":"stdout","logger":"task"}
{"timestamp":"2025-07-14T11:37:01.050096Z","level":"info","event":"ultimo (244042, 23, datetime.datetime(2025, 7, 7, 9, 45), 186.84, 'valido')","chan":"stdout","logger":"task"}
{"timestamp":"2025-07-14T11:37:01.056406Z","level":"info","event":"[]","chan":"stdout","logger":"task"}
{"timestamp":"2025-07-14T11:37:01.056671Z","level":"info","event":"media nan - desviacion nan","chan":"stdout","logger":"task"}
{"timestamp":"2025-07-14T11:37:01.056805Z","level":"info","event":"lim_inf nan","chan":"stdout","logger":"task"}
{"timestamp":"2025-07-14T11:37:01.056941Z","level":"info","event":"lim_sup nan","chan":"stdout","logger":"task"}
{"timestamp":"2025-07-14T11:37:01.057077Z","level":"info","event":"CORRECTO","chan":"stdout","logger":"task"}
{"timestamp":"2025-07-14T11:37:01.057211Z","level":"info","event":"franja 8 - 10","chan":"stdout","logger":"task"}
{"timestamp":"2025-07-14T11:37:01.061993Z","level":"info","event":"ultimo (244406, 24, datetime.datetime(2025, 7, 7, 9, 45), 201.11, 'valido')","chan":"stdout","logger":"task"}
{"timestamp":"2025-07-14T11:37:01.067038Z","level":"info","event":"[]","chan":"stdout","logger":"task"}
{"timestamp":"2025-07-14T11:37:01.067443Z","level":"info","event":"media nan - desviacion nan","chan":"stdout","logger":"task"}
{"timestamp":"2025-07-14T11:37:01.067640Z","level":"info","event":"lim_inf nan","chan":"stdout","logger":"task"}
{"timestamp":"2025-07-14T11:37:01.067796Z","level":"info","event":"lim_sup nan","chan":"stdout","logger":"task"}
{"timestamp":"2025-07-14T11:37:01.067944Z","level":"info","event":"CORRECTO","chan":"stdout","logger":"task"}
{"timestamp":"2025-07-14T11:37:01.068086Z","level":"info","event":"franja 8 - 10","chan":"stdout","logger":"task"}
{"timestamp":"2025-07-14T11:37:01.072695Z","level":"info","event":"ultimo (244770, 25, datetime.datetime(2025, 7, 7, 9, 45), 189.03, 'valido')","chan":"stdout","logger":"task"}
{"timestamp":"2025-07-14T11:37:01.077650Z","level":"info","event":"[]","chan":"stdout","logger":"task"}
{"timestamp":"2025-07-14T11:37:01.077939Z","level":"info","event":"media nan - desviacion nan","chan":"stdout","logger":"task"}
{"timestamp":"2025-07-14T11:37:01.078049Z","level":"info","event":"lim_inf nan","chan":"stdout","logger":"task"}
{"timestamp":"2025-07-14T11:37:01.078188Z","level":"info","event":"lim_sup nan","chan":"stdout","logger":"task"}
{"timestamp":"2025-07-14T11:37:01.078288Z","level":"info","event":"CORRECTO","chan":"stdout","logger":"task"}
{"timestamp":"2025-07-14T11:37:01.078381Z","level":"info","event":"franja 8 - 10","chan":"stdout","logger":"task"}
{"timestamp":"2025-07-14T11:37:01.083577Z","level":"info","event":"ultimo (245134, 26, datetime.datetime(2025, 7, 7, 9, 45), 183.35, 'valido')","chan":"stdout","logger":"task"}
{"timestamp":"2025-07-14T11:37:01.088664Z","level":"info","event":"[]","chan":"stdout","logger":"task"}
{"timestamp":"2025-07-14T11:37:01.089045Z","level":"info","event":"media nan - desviacion nan","chan":"stdout","logger":"task"}
{"timestamp":"2025-07-14T11:37:01.089229Z","level":"info","event":"lim_inf nan","chan":"stdout","logger":"task"}
{"timestamp":"2025-07-14T11:37:01.089394Z","level":"info","event":"lim_sup nan","chan":"stdout","logger":"task"}
{"timestamp":"2025-07-14T11:37:01.089551Z","level":"info","event":"CORRECTO","chan":"stdout","logger":"task"}
{"timestamp":"2025-07-14T11:37:01.089720Z","level":"info","event":"franja 8 - 10","chan":"stdout","logger":"task"}
{"timestamp":"2025-07-14T11:37:01.093808Z","level":"info","event":"ultimo (245498, 27, datetime.datetime(2025, 7, 7, 9, 45), 199.67, 'valido')","chan":"stdout","logger":"task"}
{"timestamp":"2025-07-14T11:37:01.098227Z","level":"info","event":"[]","chan":"stdout","logger":"task"}
{"timestamp":"2025-07-14T11:37:01.098585Z","level":"info","event":"media nan - desviacion nan","chan":"stdout","logger":"task"}
{"timestamp":"2025-07-14T11:37:01.098776Z","level":"info","event":"lim_inf nan","chan":"stdout","logger":"task"}
{"timestamp":"2025-07-14T11:37:01.098939Z","level":"info","event":"lim_sup nan","chan":"stdout","logger":"task"}
{"timestamp":"2025-07-14T11:37:01.099094Z","level":"info","event":"CORRECTO","chan":"stdout","logger":"task"}
{"timestamp":"2025-07-14T11:37:01.099247Z","level":"info","event":"franja 8 - 10","chan":"stdout","logger":"task"}
{"timestamp":"2025-07-14T11:37:01.103525Z","level":"info","event":"ultimo (245862, 28, datetime.datetime(2025, 7, 7, 9, 45), 200.84, 'valido')","chan":"stdout","logger":"task"}
{"timestamp":"2025-07-14T11:37:01.108031Z","level":"info","event":"[]","chan":"stdout","logger":"task"}
{"timestamp":"2025-07-14T11:37:01.108466Z","level":"info","event":"media nan - desviacion nan","chan":"stdout","logger":"task"}
{"timestamp":"2025-07-14T11:37:01.108692Z","level":"info","event":"lim_inf nan","chan":"stdout","logger":"task"}
{"timestamp":"2025-07-14T11:37:01.108884Z","level":"info","event":"lim_sup nan","chan":"stdout","logger":"task"}
{"timestamp":"2025-07-14T11:37:01.109071Z","level":"info","event":"CORRECTO","chan":"stdout","logger":"task"}
{"timestamp":"2025-07-14T11:37:01.109258Z","level":"info","event":"franja 8 - 10","chan":"stdout","logger":"task"}
{"timestamp":"2025-07-14T11:37:01.113228Z","level":"info","event":"ultimo (246226, 29, datetime.datetime(2025, 7, 7, 9, 45), 196.0, 'valido')","chan":"stdout","logger":"task"}
{"timestamp":"2025-07-14T11:37:01.118266Z","level":"info","event":"[]","chan":"stdout","logger":"task"}
{"timestamp":"2025-07-14T11:37:01.118546Z","level":"info","event":"media nan - desviacion nan","chan":"stdout","logger":"task"}
{"timestamp":"2025-07-14T11:37:01.118707Z","level":"info","event":"lim_inf nan","chan":"stdout","logger":"task"}
{"timestamp":"2025-07-14T11:37:01.118833Z","level":"info","event":"lim_sup nan","chan":"stdout","logger":"task"}
{"timestamp":"2025-07-14T11:37:01.118959Z","level":"info","event":"CORRECTO","chan":"stdout","logger":"task"}
{"timestamp":"2025-07-14T11:37:01.119075Z","level":"info","event":"franja 8 - 10","chan":"stdout","logger":"task"}
{"timestamp":"2025-07-14T11:37:01.124539Z","level":"info","event":"ultimo (246590, 30, datetime.datetime(2025, 7, 7, 9, 45), 192.25, 'valido')","chan":"stdout","logger":"task"}
{"timestamp":"2025-07-14T11:37:01.129875Z","level":"info","event":"[]","chan":"stdout","logger":"task"}
{"timestamp":"2025-07-14T11:37:01.130235Z","level":"info","event":"media nan - desviacion nan","chan":"stdout","logger":"task"}
{"timestamp":"2025-07-14T11:37:01.130383Z","level":"info","event":"lim_inf nan","chan":"stdout","logger":"task"}
{"timestamp":"2025-07-14T11:37:01.130488Z","level":"info","event":"lim_sup nan","chan":"stdout","logger":"task"}
{"timestamp":"2025-07-14T11:37:01.130589Z","level":"info","event":"CORRECTO","chan":"stdout","logger":"task"}
{"timestamp":"2025-07-14T11:37:01.130692Z","level":"info","event":"franja 8 - 10","chan":"stdout","logger":"task"}
{"timestamp":"2025-07-14T11:37:01.135461Z","level":"info","event":"ultimo (246954, 31, datetime.datetime(2025, 7, 7, 9, 45), 185.78, 'valido')","chan":"stdout","logger":"task"}
{"timestamp":"2025-07-14T11:37:01.141127Z","level":"info","event":"[]","chan":"stdout","logger":"task"}
{"timestamp":"2025-07-14T11:37:01.141426Z","level":"info","event":"media nan - desviacion nan","chan":"stdout","logger":"task"}
{"timestamp":"2025-07-14T11:37:01.141540Z","level":"info","event":"lim_inf nan","chan":"stdout","logger":"task"}
{"timestamp":"2025-07-14T11:37:01.141658Z","level":"info","event":"lim_sup nan","chan":"stdout","logger":"task"}
{"timestamp":"2025-07-14T11:37:01.141757Z","level":"info","event":"CORRECTO","chan":"stdout","logger":"task"}
{"timestamp":"2025-07-14T11:37:01.141857Z","level":"info","event":"franja 8 - 10","chan":"stdout","logger":"task"}
{"timestamp":"2025-07-14T11:37:01.146929Z","level":"info","event":"ultimo (247318, 32, datetime.datetime(2025, 7, 7, 9, 45), 180.12, 'valido')","chan":"stdout","logger":"task"}
{"timestamp":"2025-07-14T11:37:01.151660Z","level":"info","event":"[]","chan":"stdout","logger":"task"}
{"timestamp":"2025-07-14T11:37:01.152457Z","level":"info","event":"media nan - desviacion nan","chan":"stdout","logger":"task"}
{"timestamp":"2025-07-14T11:37:01.152666Z","level":"info","event":"lim_inf nan","chan":"stdout","logger":"task"}
{"timestamp":"2025-07-14T11:37:01.152768Z","level":"info","event":"lim_sup nan","chan":"stdout","logger":"task"}
{"timestamp":"2025-07-14T11:37:01.152903Z","level":"info","event":"CORRECTO","chan":"stdout","logger":"task"}
{"timestamp":"2025-07-14T11:37:01.152999Z","level":"info","event":"franja 8 - 10","chan":"stdout","logger":"task"}
{"timestamp":"2025-07-14T11:37:01.158010Z","level":"info","event":"ultimo (247682, 33, datetime.datetime(2025, 7, 7, 9, 45), 197.19, 'valido')","chan":"stdout","logger":"task"}
{"timestamp":"2025-07-14T11:37:01.163213Z","level":"info","event":"[]","chan":"stdout","logger":"task"}
{"timestamp":"2025-07-14T11:37:01.163471Z","level":"info","event":"media nan - desviacion nan","chan":"stdout","logger":"task"}
{"timestamp":"2025-07-14T11:37:01.163570Z","level":"info","event":"lim_inf nan","chan":"stdout","logger":"task"}
{"timestamp":"2025-07-14T11:37:01.163656Z","level":"info","event":"lim_sup nan","chan":"stdout","logger":"task"}
{"timestamp":"2025-07-14T11:37:01.163739Z","level":"info","event":"CORRECTO","chan":"stdout","logger":"task"}
{"timestamp":"2025-07-14T11:37:01.163821Z","level":"info","event":"franja 8 - 10","chan":"stdout","logger":"task"}
{"timestamp":"2025-07-14T11:37:01.169332Z","level":"info","event":"ultimo (248046, 34, datetime.datetime(2025, 7, 7, 9, 45), 198.47, 'valido')","chan":"stdout","logger":"task"}
{"timestamp":"2025-07-14T11:37:01.174008Z","level":"info","event":"[]","chan":"stdout","logger":"task"}
{"timestamp":"2025-07-14T11:37:01.174271Z","level":"info","event":"media nan - desviacion nan","chan":"stdout","logger":"task"}
{"timestamp":"2025-07-14T11:37:01.174407Z","level":"info","event":"lim_inf nan","chan":"stdout","logger":"task"}
{"timestamp":"2025-07-14T11:37:01.174524Z","level":"info","event":"lim_sup nan","chan":"stdout","logger":"task"}
{"timestamp":"2025-07-14T11:37:01.174637Z","level":"info","event":"CORRECTO","chan":"stdout","logger":"task"}
{"timestamp":"2025-07-14T11:37:01.174745Z","level":"info","event":"franja 8 - 10","chan":"stdout","logger":"task"}
{"timestamp":"2025-07-14T11:37:01.179460Z","level":"info","event":"ultimo (248410, 35, datetime.datetime(2025, 7, 7, 9, 45), 190.42, 'valido')","chan":"stdout","logger":"task"}
{"timestamp":"2025-07-14T11:37:01.184766Z","level":"info","event":"[]","chan":"stdout","logger":"task"}
{"timestamp":"2025-07-14T11:37:01.185227Z","level":"info","event":"media nan - desviacion nan","chan":"stdout","logger":"task"}
{"timestamp":"2025-07-14T11:37:01.185490Z","level":"info","event":"lim_inf nan","chan":"stdout","logger":"task"}
{"timestamp":"2025-07-14T11:37:01.185650Z","level":"info","event":"lim_sup nan","chan":"stdout","logger":"task"}
{"timestamp":"2025-07-14T11:37:01.185795Z","level":"info","event":"CORRECTO","chan":"stdout","logger":"task"}
{"timestamp":"2025-07-14T11:37:01.185935Z","level":"info","event":"franja 8 - 10","chan":"stdout","logger":"task"}
{"timestamp":"2025-07-14T11:37:01.191340Z","level":"info","event":"ultimo (248774, 36, datetime.datetime(2025, 7, 7, 9, 45), 196.37, 'valido')","chan":"stdout","logger":"task"}
{"timestamp":"2025-07-14T11:37:01.196048Z","level":"info","event":"[]","chan":"stdout","logger":"task"}
{"timestamp":"2025-07-14T11:37:01.196426Z","level":"info","event":"media nan - desviacion nan","chan":"stdout","logger":"task"}
{"timestamp":"2025-07-14T11:37:01.196702Z","level":"info","event":"lim_inf nan","chan":"stdout","logger":"task"}
{"timestamp":"2025-07-14T11:37:01.196877Z","level":"info","event":"lim_sup nan","chan":"stdout","logger":"task"}
{"timestamp":"2025-07-14T11:37:01.197104Z","level":"info","event":"CORRECTO","chan":"stdout","logger":"task"}
{"timestamp":"2025-07-14T11:37:01.197426Z","level":"info","event":"franja 8 - 10","chan":"stdout","logger":"task"}
{"timestamp":"2025-07-14T11:37:01.201160Z","level":"info","event":"ultimo (249138, 37, datetime.datetime(2025, 7, 7, 9, 45), 224.52, 'valido')","chan":"stdout","logger":"task"}
{"timestamp":"2025-07-14T11:37:01.206039Z","level":"info","event":"[]","chan":"stdout","logger":"task"}
{"timestamp":"2025-07-14T11:37:01.206421Z","level":"info","event":"media nan - desviacion nan","chan":"stdout","logger":"task"}
{"timestamp":"2025-07-14T11:37:01.206583Z","level":"info","event":"lim_inf nan","chan":"stdout","logger":"task"}
{"timestamp":"2025-07-14T11:37:01.206717Z","level":"info","event":"lim_sup nan","chan":"stdout","logger":"task"}
{"timestamp":"2025-07-14T11:37:01.206836Z","level":"info","event":"CORRECTO","chan":"stdout","logger":"task"}
{"timestamp":"2025-07-14T11:37:01.206956Z","level":"info","event":"franja 8 - 10","chan":"stdout","logger":"task"}
{"timestamp":"2025-07-14T11:37:01.211905Z","level":"info","event":"ultimo (249502, 38, datetime.datetime(2025, 7, 7, 9, 45), 215.7, 'valido')","chan":"stdout","logger":"task"}
{"timestamp":"2025-07-14T11:37:01.216674Z","level":"info","event":"[]","chan":"stdout","logger":"task"}
{"timestamp":"2025-07-14T11:37:01.217219Z","level":"info","event":"media nan - desviacion nan","chan":"stdout","logger":"task"}
{"timestamp":"2025-07-14T11:37:01.217556Z","level":"info","event":"lim_inf nan","chan":"stdout","logger":"task"}
{"timestamp":"2025-07-14T11:37:01.217860Z","level":"info","event":"lim_sup nan","chan":"stdout","logger":"task"}
{"timestamp":"2025-07-14T11:37:01.218142Z","level":"info","event":"CORRECTO","chan":"stdout","logger":"task"}
{"timestamp":"2025-07-14T11:37:01.218436Z","level":"info","event":"franja 8 - 10","chan":"stdout","logger":"task"}
{"timestamp":"2025-07-14T11:37:01.222560Z","level":"info","event":"ultimo (249866, 39, datetime.datetime(2025, 7, 7, 9, 45), 206.42, 'valido')","chan":"stdout","logger":"task"}
{"timestamp":"2025-07-14T11:37:01.227356Z","level":"info","event":"[]","chan":"stdout","logger":"task"}
{"timestamp":"2025-07-14T11:37:01.227629Z","level":"info","event":"media nan - desviacion nan","chan":"stdout","logger":"task"}
{"timestamp":"2025-07-14T11:37:01.227771Z","level":"info","event":"lim_inf nan","chan":"stdout","logger":"task"}
{"timestamp":"2025-07-14T11:37:01.227893Z","level":"info","event":"lim_sup nan","chan":"stdout","logger":"task"}
{"timestamp":"2025-07-14T11:37:01.228012Z","level":"info","event":"CORRECTO","chan":"stdout","logger":"task"}
{"timestamp":"2025-07-14T11:37:01.228106Z","level":"info","event":"franja 8 - 10","chan":"stdout","logger":"task"}
{"timestamp":"2025-07-14T11:37:01.234738Z","level":"info","event":"ultimo (250230, 40, datetime.datetime(2025, 7, 7, 9, 45), 212.31, 'valido')","chan":"stdout","logger":"task"}
{"timestamp":"2025-07-14T11:37:01.241888Z","level":"info","event":"[]","chan":"stdout","logger":"task"}
{"timestamp":"2025-07-14T11:37:01.242236Z","level":"info","event":"media nan - desviacion nan","chan":"stdout","logger":"task"}
{"timestamp":"2025-07-14T11:37:01.242386Z","level":"info","event":"lim_inf nan","chan":"stdout","logger":"task"}
{"timestamp":"2025-07-14T11:37:01.242513Z","level":"info","event":"lim_sup nan","chan":"stdout","logger":"task"}
{"timestamp":"2025-07-14T11:37:01.242636Z","level":"info","event":"CORRECTO","chan":"stdout","logger":"task"}
{"timestamp":"2025-07-14T11:37:01.242759Z","level":"info","event":"franja 8 - 10","chan":"stdout","logger":"task"}
{"timestamp":"2025-07-14T11:37:01.248559Z","level":"info","event":"ultimo (250594, 41, datetime.datetime(2025, 7, 7, 9, 45), 187.16, 'valido')","chan":"stdout","logger":"task"}
{"timestamp":"2025-07-14T11:37:01.254634Z","level":"info","event":"[]","chan":"stdout","logger":"task"}
{"timestamp":"2025-07-14T11:37:01.255002Z","level":"info","event":"media nan - desviacion nan","chan":"stdout","logger":"task"}
{"timestamp":"2025-07-14T11:37:01.255208Z","level":"info","event":"lim_inf nan","chan":"stdout","logger":"task"}
{"timestamp":"2025-07-14T11:37:01.255404Z","level":"info","event":"lim_sup nan","chan":"stdout","logger":"task"}
{"timestamp":"2025-07-14T11:37:01.255564Z","level":"info","event":"CORRECTO","chan":"stdout","logger":"task"}
{"timestamp":"2025-07-14T11:37:01.255726Z","level":"info","event":"franja 8 - 10","chan":"stdout","logger":"task"}
{"timestamp":"2025-07-14T11:37:01.259711Z","level":"info","event":"ultimo (250958, 42, datetime.datetime(2025, 7, 7, 9, 45), 212.26, 'valido')","chan":"stdout","logger":"task"}
{"timestamp":"2025-07-14T11:37:01.264218Z","level":"info","event":"[]","chan":"stdout","logger":"task"}
{"timestamp":"2025-07-14T11:37:01.264522Z","level":"info","event":"media nan - desviacion nan","chan":"stdout","logger":"task"}
{"timestamp":"2025-07-14T11:37:01.264652Z","level":"info","event":"lim_inf nan","chan":"stdout","logger":"task"}
{"timestamp":"2025-07-14T11:37:01.264811Z","level":"info","event":"lim_sup nan","chan":"stdout","logger":"task"}
{"timestamp":"2025-07-14T11:37:01.264983Z","level":"info","event":"CORRECTO","chan":"stdout","logger":"task"}
{"timestamp":"2025-07-14T11:37:01.265146Z","level":"info","event":"franja 8 - 10","chan":"stdout","logger":"task"}
{"timestamp":"2025-07-14T11:37:01.271109Z","level":"info","event":"ultimo (251322, 43, datetime.datetime(2025, 7, 7, 9, 45), 203.93, 'valido')","chan":"stdout","logger":"task"}
{"timestamp":"2025-07-14T11:37:01.276734Z","level":"info","event":"[]","chan":"stdout","logger":"task"}
{"timestamp":"2025-07-14T11:37:01.277114Z","level":"info","event":"media nan - desviacion nan","chan":"stdout","logger":"task"}
{"timestamp":"2025-07-14T11:37:01.277268Z","level":"info","event":"lim_inf nan","chan":"stdout","logger":"task"}
{"timestamp":"2025-07-14T11:37:01.277383Z","level":"info","event":"lim_sup nan","chan":"stdout","logger":"task"}
{"timestamp":"2025-07-14T11:37:01.277493Z","level":"info","event":"CORRECTO","chan":"stdout","logger":"task"}
{"timestamp":"2025-07-14T11:37:01.277601Z","level":"info","event":"franja 8 - 10","chan":"stdout","logger":"task"}
{"timestamp":"2025-07-14T11:37:01.284042Z","level":"info","event":"ultimo (251686, 44, datetime.datetime(2025, 7, 7, 9, 45), 190.66, 'valido')","chan":"stdout","logger":"task"}
{"timestamp":"2025-07-14T11:37:01.292572Z","level":"info","event":"[]","chan":"stdout","logger":"task"}
{"timestamp":"2025-07-14T11:37:01.292938Z","level":"info","event":"media nan - desviacion nan","chan":"stdout","logger":"task"}
{"timestamp":"2025-07-14T11:37:01.293120Z","level":"info","event":"lim_inf nan","chan":"stdout","logger":"task"}
{"timestamp":"2025-07-14T11:37:01.293276Z","level":"info","event":"lim_sup nan","chan":"stdout","logger":"task"}
{"timestamp":"2025-07-14T11:37:01.293429Z","level":"info","event":"CORRECTO","chan":"stdout","logger":"task"}
{"timestamp":"2025-07-14T11:37:01.293581Z","level":"info","event":"franja 8 - 10","chan":"stdout","logger":"task"}
{"timestamp":"2025-07-14T11:37:01.299418Z","level":"info","event":"ultimo (252050, 45, datetime.datetime(2025, 7, 7, 9, 45), 206.71, 'valido')","chan":"stdout","logger":"task"}
{"timestamp":"2025-07-14T11:37:01.306467Z","level":"info","event":"[]","chan":"stdout","logger":"task"}
{"timestamp":"2025-07-14T11:37:01.306892Z","level":"info","event":"media nan - desviacion nan","chan":"stdout","logger":"task"}
{"timestamp":"2025-07-14T11:37:01.307059Z","level":"info","event":"lim_inf nan","chan":"stdout","logger":"task"}
{"timestamp":"2025-07-14T11:37:01.307179Z","level":"info","event":"lim_sup nan","chan":"stdout","logger":"task"}
{"timestamp":"2025-07-14T11:37:01.307338Z","level":"info","event":"CORRECTO","chan":"stdout","logger":"task"}
{"timestamp":"2025-07-14T11:37:01.307522Z","level":"info","event":"franja 8 - 10","chan":"stdout","logger":"task"}
{"timestamp":"2025-07-14T11:37:01.312895Z","level":"info","event":"ultimo (252414, 46, datetime.datetime(2025, 7, 7, 9, 45), 184.96, 'valido')","chan":"stdout","logger":"task"}
{"timestamp":"2025-07-14T11:37:01.320851Z","level":"info","event":"[]","chan":"stdout","logger":"task"}
{"timestamp":"2025-07-14T11:37:01.321740Z","level":"info","event":"media nan - desviacion nan","chan":"stdout","logger":"task"}
{"timestamp":"2025-07-14T11:37:01.322552Z","level":"info","event":"lim_inf nan","chan":"stdout","logger":"task"}
{"timestamp":"2025-07-14T11:37:01.323348Z","level":"info","event":"lim_sup nan","chan":"stdout","logger":"task"}
{"timestamp":"2025-07-14T11:37:01.324172Z","level":"info","event":"CORRECTO","chan":"stdout","logger":"task"}
{"timestamp":"2025-07-14T11:37:01.324976Z","level":"info","event":"franja 8 - 10","chan":"stdout","logger":"task"}
{"timestamp":"2025-07-14T11:37:01.326109Z","level":"info","event":"ultimo (252778, 47, datetime.datetime(2025, 7, 7, 9, 45), 185.49, 'valido')","chan":"stdout","logger":"task"}
{"timestamp":"2025-07-14T11:37:01.332308Z","level":"info","event":"[]","chan":"stdout","logger":"task"}
{"timestamp":"2025-07-14T11:37:01.332900Z","level":"info","event":"media nan - desviacion nan","chan":"stdout","logger":"task"}
{"timestamp":"2025-07-14T11:37:01.333155Z","level":"info","event":"lim_inf nan","chan":"stdout","logger":"task"}
{"timestamp":"2025-07-14T11:37:01.333373Z","level":"info","event":"lim_sup nan","chan":"stdout","logger":"task"}
{"timestamp":"2025-07-14T11:37:01.333530Z","level":"info","event":"CORRECTO","chan":"stdout","logger":"task"}
{"timestamp":"2025-07-14T11:37:01.333683Z","level":"info","event":"franja 8 - 10","chan":"stdout","logger":"task"}
{"timestamp":"2025-07-14T11:37:01.339186Z","level":"info","event":"ultimo (253142, 48, datetime.datetime(2025, 7, 7, 9, 45), 192.83, 'valido')","chan":"stdout","logger":"task"}
{"timestamp":"2025-07-14T11:37:01.346715Z","level":"info","event":"[]","chan":"stdout","logger":"task"}
{"timestamp":"2025-07-14T11:37:01.347109Z","level":"info","event":"media nan - desviacion nan","chan":"stdout","logger":"task"}
{"timestamp":"2025-07-14T11:37:01.347378Z","level":"info","event":"lim_inf nan","chan":"stdout","logger":"task"}
{"timestamp":"2025-07-14T11:37:01.347543Z","level":"info","event":"lim_sup nan","chan":"stdout","logger":"task"}
{"timestamp":"2025-07-14T11:37:01.347709Z","level":"info","event":"CORRECTO","chan":"stdout","logger":"task"}
{"timestamp":"2025-07-14T11:37:01.347864Z","level":"info","event":"franja 8 - 10","chan":"stdout","logger":"task"}
{"timestamp":"2025-07-14T11:37:01.353422Z","level":"info","event":"ultimo (253506, 49, datetime.datetime(2025, 7, 7, 9, 45), 197.05, 'valido')","chan":"stdout","logger":"task"}
{"timestamp":"2025-07-14T11:37:01.360345Z","level":"info","event":"[]","chan":"stdout","logger":"task"}
{"timestamp":"2025-07-14T11:37:01.361184Z","level":"info","event":"media nan - desviacion nan","chan":"stdout","logger":"task"}
{"timestamp":"2025-07-14T11:37:01.362021Z","level":"info","event":"lim_inf nan","chan":"stdout","logger":"task"}
{"timestamp":"2025-07-14T11:37:01.362787Z","level":"info","event":"lim_sup nan","chan":"stdout","logger":"task"}
{"timestamp":"2025-07-14T11:37:01.363600Z","level":"info","event":"CORRECTO","chan":"stdout","logger":"task"}
{"timestamp":"2025-07-14T11:37:01.364337Z","level":"info","event":"franja 8 - 10","chan":"stdout","logger":"task"}
{"timestamp":"2025-07-14T11:37:01.365867Z","level":"info","event":"ultimo (253870, 50, datetime.datetime(2025, 7, 7, 9, 45), 212.36, 'valido')","chan":"stdout","logger":"task"}
{"timestamp":"2025-07-14T11:37:01.371846Z","level":"info","event":"[]","chan":"stdout","logger":"task"}
{"timestamp":"2025-07-14T11:37:01.372737Z","level":"info","event":"media nan - desviacion nan","chan":"stdout","logger":"task"}
{"timestamp":"2025-07-14T11:37:01.373464Z","level":"info","event":"lim_inf nan","chan":"stdout","logger":"task"}
{"timestamp":"2025-07-14T11:37:01.374253Z","level":"info","event":"lim_sup nan","chan":"stdout","logger":"task"}
{"timestamp":"2025-07-14T11:37:01.375120Z","level":"info","event":"CORRECTO","chan":"stdout","logger":"task"}
{"timestamp":"2025-07-14T11:37:01.375461Z","level":"info","event":"franja 8 - 10","chan":"stdout","logger":"task"}
{"timestamp":"2025-07-14T11:37:01.376510Z","level":"info","event":"ultimo (254234, 51, datetime.datetime(2025, 7, 7, 9, 45), 223.34, 'valido')","chan":"stdout","logger":"task"}
{"timestamp":"2025-07-14T11:37:01.381077Z","level":"info","event":"[]","chan":"stdout","logger":"task"}
{"timestamp":"2025-07-14T11:37:01.381464Z","level":"info","event":"media nan - desviacion nan","chan":"stdout","logger":"task"}
{"timestamp":"2025-07-14T11:37:01.381662Z","level":"info","event":"lim_inf nan","chan":"stdout","logger":"task"}
{"timestamp":"2025-07-14T11:37:01.381820Z","level":"info","event":"lim_sup nan","chan":"stdout","logger":"task"}
{"timestamp":"2025-07-14T11:37:01.381970Z","level":"info","event":"CORRECTO","chan":"stdout","logger":"task"}
{"timestamp":"2025-07-14T11:37:01.382117Z","level":"info","event":"franja 8 - 10","chan":"stdout","logger":"task"}
{"timestamp":"2025-07-14T11:37:01.389046Z","level":"info","event":"ultimo (254598, 52, datetime.datetime(2025, 7, 7, 9, 45), 183.48, 'valido')","chan":"stdout","logger":"task"}
{"timestamp":"2025-07-14T11:37:01.396921Z","level":"info","event":"[]","chan":"stdout","logger":"task"}
{"timestamp":"2025-07-14T11:37:01.397800Z","level":"info","event":"media nan - desviacion nan","chan":"stdout","logger":"task"}
{"timestamp":"2025-07-14T11:37:01.398630Z","level":"info","event":"lim_inf nan","chan":"stdout","logger":"task"}
{"timestamp":"2025-07-14T11:37:01.399497Z","level":"info","event":"lim_sup nan","chan":"stdout","logger":"task"}
{"timestamp":"2025-07-14T11:37:01.400522Z","level":"info","event":"CORRECTO","chan":"stdout","logger":"task"}
{"timestamp":"2025-07-14T11:37:01.401369Z","level":"info","event":"franja 8 - 10","chan":"stdout","logger":"task"}
{"timestamp":"2025-07-14T11:37:01.405649Z","level":"info","event":"ultimo (254962, 53, datetime.datetime(2025, 7, 7, 9, 45), 188.46, 'valido')","chan":"stdout","logger":"task"}
{"timestamp":"2025-07-14T11:37:01.414607Z","level":"info","event":"[]","chan":"stdout","logger":"task"}
{"timestamp":"2025-07-14T11:37:01.415477Z","level":"info","event":"media nan - desviacion nan","chan":"stdout","logger":"task"}
{"timestamp":"2025-07-14T11:37:01.416172Z","level":"info","event":"lim_inf nan","chan":"stdout","logger":"task"}
{"timestamp":"2025-07-14T11:37:01.416889Z","level":"info","event":"lim_sup nan","chan":"stdout","logger":"task"}
{"timestamp":"2025-07-14T11:37:01.417574Z","level":"info","event":"CORRECTO","chan":"stdout","logger":"task"}
{"timestamp":"2025-07-14T11:37:01.418314Z","level":"info","event":"franja 8 - 10","chan":"stdout","logger":"task"}
{"timestamp":"2025-07-14T11:37:01.423521Z","level":"info","event":"ultimo (255326, 54, datetime.datetime(2025, 7, 7, 9, 45), 193.33, 'valido')","chan":"stdout","logger":"task"}
{"timestamp":"2025-07-14T11:37:01.431761Z","level":"info","event":"[]","chan":"stdout","logger":"task"}
{"timestamp":"2025-07-14T11:37:01.432153Z","level":"info","event":"media nan - desviacion nan","chan":"stdout","logger":"task"}
{"timestamp":"2025-07-14T11:37:01.432311Z","level":"info","event":"lim_inf nan","chan":"stdout","logger":"task"}
{"timestamp":"2025-07-14T11:37:01.432489Z","level":"info","event":"lim_sup nan","chan":"stdout","logger":"task"}
{"timestamp":"2025-07-14T11:37:01.432643Z","level":"info","event":"CORRECTO","chan":"stdout","logger":"task"}
{"timestamp":"2025-07-14T11:37:01.432777Z","level":"info","event":"franja 8 - 10","chan":"stdout","logger":"task"}
{"timestamp":"2025-07-14T11:37:01.439387Z","level":"info","event":"ultimo (255690, 55, datetime.datetime(2025, 7, 7, 9, 45), 183.5, 'valido')","chan":"stdout","logger":"task"}
{"timestamp":"2025-07-14T11:37:01.445467Z","level":"info","event":"[]","chan":"stdout","logger":"task"}
{"timestamp":"2025-07-14T11:37:01.446433Z","level":"info","event":"media nan - desviacion nan","chan":"stdout","logger":"task"}
{"timestamp":"2025-07-14T11:37:01.446887Z","level":"info","event":"lim_inf nan","chan":"stdout","logger":"task"}
{"timestamp":"2025-07-14T11:37:01.447138Z","level":"info","event":"lim_sup nan","chan":"stdout","logger":"task"}
{"timestamp":"2025-07-14T11:37:01.447353Z","level":"info","event":"CORRECTO","chan":"stdout","logger":"task"}
{"timestamp":"2025-07-14T11:37:01.447681Z","level":"info","event":"franja 8 - 10","chan":"stdout","logger":"task"}
{"timestamp":"2025-07-14T11:37:01.453661Z","level":"info","event":"ultimo (256054, 56, datetime.datetime(2025, 7, 7, 9, 45), 198.76, 'valido')","chan":"stdout","logger":"task"}
{"timestamp":"2025-07-14T11:37:01.460506Z","level":"info","event":"[]","chan":"stdout","logger":"task"}
{"timestamp":"2025-07-14T11:37:01.460798Z","level":"info","event":"media nan - desviacion nan","chan":"stdout","logger":"task"}
{"timestamp":"2025-07-14T11:37:01.461008Z","level":"info","event":"lim_inf nan","chan":"stdout","logger":"task"}
{"timestamp":"2025-07-14T11:37:01.461203Z","level":"info","event":"lim_sup nan","chan":"stdout","logger":"task"}
{"timestamp":"2025-07-14T11:37:01.461376Z","level":"info","event":"CORRECTO","chan":"stdout","logger":"task"}
{"timestamp":"2025-07-14T11:37:01.461547Z","level":"info","event":"franja 8 - 10","chan":"stdout","logger":"task"}
{"timestamp":"2025-07-14T11:37:01.469476Z","level":"info","event":"ultimo (256418, 57, datetime.datetime(2025, 7, 7, 9, 45), 199.11, 'valido')","chan":"stdout","logger":"task"}
{"timestamp":"2025-07-14T11:37:01.479428Z","level":"info","event":"[]","chan":"stdout","logger":"task"}
{"timestamp":"2025-07-14T11:37:01.479760Z","level":"info","event":"media nan - desviacion nan","chan":"stdout","logger":"task"}
{"timestamp":"2025-07-14T11:37:01.479949Z","level":"info","event":"lim_inf nan","chan":"stdout","logger":"task"}
{"timestamp":"2025-07-14T11:37:01.480115Z","level":"info","event":"lim_sup nan","chan":"stdout","logger":"task"}
{"timestamp":"2025-07-14T11:37:01.480287Z","level":"info","event":"CORRECTO","chan":"stdout","logger":"task"}
{"timestamp":"2025-07-14T11:37:01.480459Z","level":"info","event":"franja 8 - 10","chan":"stdout","logger":"task"}
{"timestamp":"2025-07-14T11:37:01.487474Z","level":"info","event":"ultimo (256782, 58, datetime.datetime(2025, 7, 7, 9, 45), 217.34, 'valido')","chan":"stdout","logger":"task"}
{"timestamp":"2025-07-14T11:37:01.494819Z","level":"info","event":"[]","chan":"stdout","logger":"task"}
{"timestamp":"2025-07-14T11:37:01.495190Z","level":"info","event":"media nan - desviacion nan","chan":"stdout","logger":"task"}
{"timestamp":"2025-07-14T11:37:01.495406Z","level":"info","event":"lim_inf nan","chan":"stdout","logger":"task"}
{"timestamp":"2025-07-14T11:37:01.495583Z","level":"info","event":"lim_sup nan","chan":"stdout","logger":"task"}
{"timestamp":"2025-07-14T11:37:01.495749Z","level":"info","event":"CORRECTO","chan":"stdout","logger":"task"}
{"timestamp":"2025-07-14T11:37:01.495888Z","level":"info","event":"franja 8 - 10","chan":"stdout","logger":"task"}
{"timestamp":"2025-07-14T11:37:01.503951Z","level":"info","event":"ultimo (257146, 59, datetime.datetime(2025, 7, 7, 9, 45), 196.64, 'valido')","chan":"stdout","logger":"task"}
{"timestamp":"2025-07-14T11:37:01.512385Z","level":"info","event":"[]","chan":"stdout","logger":"task"}
{"timestamp":"2025-07-14T11:37:01.513253Z","level":"info","event":"media nan - desviacion nan","chan":"stdout","logger":"task"}
{"timestamp":"2025-07-14T11:37:01.513949Z","level":"info","event":"lim_inf nan","chan":"stdout","logger":"task"}
{"timestamp":"2025-07-14T11:37:01.521077Z","level":"info","event":"lim_sup nan","chan":"stdout","logger":"task"}
{"timestamp":"2025-07-14T11:37:01.521376Z","level":"info","event":"CORRECTO","chan":"stdout","logger":"task"}
{"timestamp":"2025-07-14T11:37:01.521537Z","level":"info","event":"franja 8 - 10","chan":"stdout","logger":"task"}
{"timestamp":"2025-07-14T11:37:01.521789Z","level":"info","event":"ultimo (257510, 60, datetime.datetime(2025, 7, 7, 9, 45), 192.51, 'valido')","chan":"stdout","logger":"task"}
{"timestamp":"2025-07-14T11:37:01.530012Z","level":"info","event":"[]","chan":"stdout","logger":"task"}
{"timestamp":"2025-07-14T11:37:01.530471Z","level":"info","event":"media nan - desviacion nan","chan":"stdout","logger":"task"}
{"timestamp":"2025-07-14T11:37:01.530728Z","level":"info","event":"lim_inf nan","chan":"stdout","logger":"task"}
{"timestamp":"2025-07-14T11:37:01.530924Z","level":"info","event":"lim_sup nan","chan":"stdout","logger":"task"}
{"timestamp":"2025-07-14T11:37:01.531109Z","level":"info","event":"CORRECTO","chan":"stdout","logger":"task"}
{"timestamp":"2025-07-14T11:37:01.531353Z","level":"info","event":"franja 8 - 10","chan":"stdout","logger":"task"}
{"timestamp":"2025-07-14T11:37:01.539697Z","level":"info","event":"ultimo (257874, 61, datetime.datetime(2025, 7, 7, 9, 45), 190.6, 'valido')","chan":"stdout","logger":"task"}
{"timestamp":"2025-07-14T11:37:01.549088Z","level":"info","event":"[]","chan":"stdout","logger":"task"}
{"timestamp":"2025-07-14T11:37:01.549538Z","level":"info","event":"media nan - desviacion nan","chan":"stdout","logger":"task"}
{"timestamp":"2025-07-14T11:37:01.549803Z","level":"info","event":"lim_inf nan","chan":"stdout","logger":"task"}
{"timestamp":"2025-07-14T11:37:01.549999Z","level":"info","event":"lim_sup nan","chan":"stdout","logger":"task"}
{"timestamp":"2025-07-14T11:37:01.550200Z","level":"info","event":"CORRECTO","chan":"stdout","logger":"task"}
{"timestamp":"2025-07-14T11:37:01.550405Z","level":"info","event":"franja 8 - 10","chan":"stdout","logger":"task"}
{"timestamp":"2025-07-14T11:37:01.557334Z","level":"info","event":"ultimo (258238, 62, datetime.datetime(2025, 7, 7, 9, 45), 190.84, 'valido')","chan":"stdout","logger":"task"}
{"timestamp":"2025-07-14T11:37:01.565382Z","level":"info","event":"[]","chan":"stdout","logger":"task"}
{"timestamp":"2025-07-14T11:37:01.565837Z","level":"info","event":"media nan - desviacion nan","chan":"stdout","logger":"task"}
{"timestamp":"2025-07-14T11:37:01.566034Z","level":"info","event":"lim_inf nan","chan":"stdout","logger":"task"}
{"timestamp":"2025-07-14T11:37:01.566186Z","level":"info","event":"lim_sup nan","chan":"stdout","logger":"task"}
{"timestamp":"2025-07-14T11:37:01.566313Z","level":"info","event":"CORRECTO","chan":"stdout","logger":"task"}
{"timestamp":"2025-07-14T11:37:01.566439Z","level":"info","event":"franja 8 - 10","chan":"stdout","logger":"task"}
{"timestamp":"2025-07-14T11:37:01.573583Z","level":"info","event":"ultimo (258602, 63, datetime.datetime(2025, 7, 7, 9, 45), 188.31, 'valido')","chan":"stdout","logger":"task"}
{"timestamp":"2025-07-14T11:37:01.581641Z","level":"info","event":"[]","chan":"stdout","logger":"task"}
{"timestamp":"2025-07-14T11:37:01.582031Z","level":"info","event":"media nan - desviacion nan","chan":"stdout","logger":"task"}
{"timestamp":"2025-07-14T11:37:01.582211Z","level":"info","event":"lim_inf nan","chan":"stdout","logger":"task"}
{"timestamp":"2025-07-14T11:37:01.582363Z","level":"info","event":"lim_sup nan","chan":"stdout","logger":"task"}
{"timestamp":"2025-07-14T11:37:01.582510Z","level":"info","event":"CORRECTO","chan":"stdout","logger":"task"}
{"timestamp":"2025-07-14T11:37:01.582655Z","level":"info","event":"franja 8 - 10","chan":"stdout","logger":"task"}
{"timestamp":"2025-07-14T11:37:01.589993Z","level":"info","event":"ultimo (258966, 64, datetime.datetime(2025, 7, 7, 9, 45), 195.86, 'valido')","chan":"stdout","logger":"task"}
{"timestamp":"2025-07-14T11:37:01.597905Z","level":"info","event":"[]","chan":"stdout","logger":"task"}
{"timestamp":"2025-07-14T11:37:01.598349Z","level":"info","event":"media nan - desviacion nan","chan":"stdout","logger":"task"}
{"timestamp":"2025-07-14T11:37:01.598563Z","level":"info","event":"lim_inf nan","chan":"stdout","logger":"task"}
{"timestamp":"2025-07-14T11:37:01.598713Z","level":"info","event":"lim_sup nan","chan":"stdout","logger":"task"}
{"timestamp":"2025-07-14T11:37:01.598856Z","level":"info","event":"CORRECTO","chan":"stdout","logger":"task"}
{"timestamp":"2025-07-14T11:37:01.599000Z","level":"info","event":"franja 8 - 10","chan":"stdout","logger":"task"}
{"timestamp":"2025-07-14T11:37:01.606805Z","level":"info","event":"ultimo (259330, 65, datetime.datetime(2025, 7, 7, 9, 45), 200.89, 'valido')","chan":"stdout","logger":"task"}
{"timestamp":"2025-07-14T11:37:01.614012Z","level":"info","event":"[]","chan":"stdout","logger":"task"}
{"timestamp":"2025-07-14T11:37:01.614366Z","level":"info","event":"media nan - desviacion nan","chan":"stdout","logger":"task"}
{"timestamp":"2025-07-14T11:37:01.614572Z","level":"info","event":"lim_inf nan","chan":"stdout","logger":"task"}
{"timestamp":"2025-07-14T11:37:01.614773Z","level":"info","event":"lim_sup nan","chan":"stdout","logger":"task"}
{"timestamp":"2025-07-14T11:37:01.614972Z","level":"info","event":"CORRECTO","chan":"stdout","logger":"task"}
{"timestamp":"2025-07-14T11:37:01.615295Z","level":"info","event":"franja 8 - 10","chan":"stdout","logger":"task"}
{"timestamp":"2025-07-14T11:37:01.623083Z","level":"info","event":"ultimo (259694, 66, datetime.datetime(2025, 7, 7, 9, 45), 199.89, 'valido')","chan":"stdout","logger":"task"}
{"timestamp":"2025-07-14T11:37:01.630490Z","level":"info","event":"[]","chan":"stdout","logger":"task"}
{"timestamp":"2025-07-14T11:37:01.630821Z","level":"info","event":"media nan - desviacion nan","chan":"stdout","logger":"task"}
{"timestamp":"2025-07-14T11:37:01.631032Z","level":"info","event":"lim_inf nan","chan":"stdout","logger":"task"}
{"timestamp":"2025-07-14T11:37:01.631234Z","level":"info","event":"lim_sup nan","chan":"stdout","logger":"task"}
{"timestamp":"2025-07-14T11:37:01.631485Z","level":"info","event":"CORRECTO","chan":"stdout","logger":"task"}
{"timestamp":"2025-07-14T11:37:01.631674Z","level":"info","event":"franja 8 - 10","chan":"stdout","logger":"task"}
{"timestamp":"2025-07-14T11:37:01.640117Z","level":"info","event":"ultimo (260058, 67, datetime.datetime(2025, 7, 7, 9, 45), 183.8, 'valido')","chan":"stdout","logger":"task"}
{"timestamp":"2025-07-14T11:37:01.648253Z","level":"info","event":"[]","chan":"stdout","logger":"task"}
{"timestamp":"2025-07-14T11:37:01.648803Z","level":"info","event":"media nan - desviacion nan","chan":"stdout","logger":"task"}
{"timestamp":"2025-07-14T11:37:01.649099Z","level":"info","event":"lim_inf nan","chan":"stdout","logger":"task"}
{"timestamp":"2025-07-14T11:37:01.649324Z","level":"info","event":"lim_sup nan","chan":"stdout","logger":"task"}
{"timestamp":"2025-07-14T11:37:01.649536Z","level":"info","event":"CORRECTO","chan":"stdout","logger":"task"}
{"timestamp":"2025-07-14T11:37:01.649744Z","level":"info","event":"franja 8 - 10","chan":"stdout","logger":"task"}
{"timestamp":"2025-07-14T11:37:01.656871Z","level":"info","event":"ultimo (260422, 68, datetime.datetime(2025, 7, 7, 9, 45), 184.11, 'valido')","chan":"stdout","logger":"task"}
{"timestamp":"2025-07-14T11:37:01.663343Z","level":"info","event":"[]","chan":"stdout","logger":"task"}
{"timestamp":"2025-07-14T11:37:01.663819Z","level":"info","event":"media nan - desviacion nan","chan":"stdout","logger":"task"}
{"timestamp":"2025-07-14T11:37:01.664075Z","level":"info","event":"lim_inf nan","chan":"stdout","logger":"task"}
{"timestamp":"2025-07-14T11:37:01.664265Z","level":"info","event":"lim_sup nan","chan":"stdout","logger":"task"}
{"timestamp":"2025-07-14T11:37:01.664450Z","level":"info","event":"CORRECTO","chan":"stdout","logger":"task"}
{"timestamp":"2025-07-14T11:37:01.664631Z","level":"info","event":"franja 8 - 10","chan":"stdout","logger":"task"}
{"timestamp":"2025-07-14T11:37:01.671707Z","level":"info","event":"ultimo (260786, 69, datetime.datetime(2025, 7, 7, 9, 45), 194.34, 'valido')","chan":"stdout","logger":"task"}
{"timestamp":"2025-07-14T11:37:01.679394Z","level":"info","event":"[]","chan":"stdout","logger":"task"}
{"timestamp":"2025-07-14T11:37:01.680006Z","level":"info","event":"media nan - desviacion nan","chan":"stdout","logger":"task"}
{"timestamp":"2025-07-14T11:37:01.680288Z","level":"info","event":"lim_inf nan","chan":"stdout","logger":"task"}
{"timestamp":"2025-07-14T11:37:01.680638Z","level":"info","event":"lim_sup nan","chan":"stdout","logger":"task"}
{"timestamp":"2025-07-14T11:37:01.680870Z","level":"info","event":"CORRECTO","chan":"stdout","logger":"task"}
{"timestamp":"2025-07-14T11:37:01.681031Z","level":"info","event":"franja 8 - 10","chan":"stdout","logger":"task"}
{"timestamp":"2025-07-14T11:37:01.687595Z","level":"info","event":"ultimo (261150, 70, datetime.datetime(2025, 7, 7, 9, 45), 196.6, 'valido')","chan":"stdout","logger":"task"}
{"timestamp":"2025-07-14T11:37:01.693804Z","level":"info","event":"[]","chan":"stdout","logger":"task"}
{"timestamp":"2025-07-14T11:37:01.694270Z","level":"info","event":"media nan - desviacion nan","chan":"stdout","logger":"task"}
{"timestamp":"2025-07-14T11:37:01.694509Z","level":"info","event":"lim_inf nan","chan":"stdout","logger":"task"}
{"timestamp":"2025-07-14T11:37:01.694727Z","level":"info","event":"lim_sup nan","chan":"stdout","logger":"task"}
{"timestamp":"2025-07-14T11:37:01.694931Z","level":"info","event":"CORRECTO","chan":"stdout","logger":"task"}
{"timestamp":"2025-07-14T11:37:01.695138Z","level":"info","event":"franja 8 - 10","chan":"stdout","logger":"task"}
{"timestamp":"2025-07-14T11:37:01.700452Z","level":"info","event":"ultimo (261514, 71, datetime.datetime(2025, 7, 7, 9, 45), 200.27, 'valido')","chan":"stdout","logger":"task"}
{"timestamp":"2025-07-14T11:37:01.707233Z","level":"info","event":"[]","chan":"stdout","logger":"task"}
{"timestamp":"2025-07-14T11:37:01.707660Z","level":"info","event":"media nan - desviacion nan","chan":"stdout","logger":"task"}
{"timestamp":"2025-07-14T11:37:01.707895Z","level":"info","event":"lim_inf nan","chan":"stdout","logger":"task"}
{"timestamp":"2025-07-14T11:37:01.708088Z","level":"info","event":"lim_sup nan","chan":"stdout","logger":"task"}
{"timestamp":"2025-07-14T11:37:01.708278Z","level":"info","event":"CORRECTO","chan":"stdout","logger":"task"}
{"timestamp":"2025-07-14T11:37:01.708461Z","level":"info","event":"franja 8 - 10","chan":"stdout","logger":"task"}
{"timestamp":"2025-07-14T11:37:01.712850Z","level":"info","event":"ultimo (261878, 72, datetime.datetime(2025, 7, 7, 9, 45), 198.85, 'valido')","chan":"stdout","logger":"task"}
{"timestamp":"2025-07-14T11:37:01.717980Z","level":"info","event":"[]","chan":"stdout","logger":"task"}
{"timestamp":"2025-07-14T11:37:01.718358Z","level":"info","event":"media nan - desviacion nan","chan":"stdout","logger":"task"}
{"timestamp":"2025-07-14T11:37:01.718584Z","level":"info","event":"lim_inf nan","chan":"stdout","logger":"task"}
{"timestamp":"2025-07-14T11:37:01.718769Z","level":"info","event":"lim_sup nan","chan":"stdout","logger":"task"}
{"timestamp":"2025-07-14T11:37:01.718952Z","level":"info","event":"CORRECTO","chan":"stdout","logger":"task"}
{"timestamp":"2025-07-14T11:37:01.719130Z","level":"info","event":"franja 8 - 10","chan":"stdout","logger":"task"}
{"timestamp":"2025-07-14T11:37:01.724865Z","level":"info","event":"ultimo (262242, 73, datetime.datetime(2025, 7, 7, 9, 45), 212.33, 'valido')","chan":"stdout","logger":"task"}
{"timestamp":"2025-07-14T11:37:01.730912Z","level":"info","event":"[]","chan":"stdout","logger":"task"}
{"timestamp":"2025-07-14T11:37:01.731256Z","level":"info","event":"media nan - desviacion nan","chan":"stdout","logger":"task"}
{"timestamp":"2025-07-14T11:37:01.731512Z","level":"info","event":"lim_inf nan","chan":"stdout","logger":"task"}
{"timestamp":"2025-07-14T11:37:01.731662Z","level":"info","event":"lim_sup nan","chan":"stdout","logger":"task"}
{"timestamp":"2025-07-14T11:37:01.731799Z","level":"info","event":"CORRECTO","chan":"stdout","logger":"task"}
{"timestamp":"2025-07-14T11:37:01.731938Z","level":"info","event":"franja 8 - 10","chan":"stdout","logger":"task"}
{"timestamp":"2025-07-14T11:37:01.737568Z","level":"info","event":"ultimo (262606, 74, datetime.datetime(2025, 7, 7, 9, 45), 190.72, 'valido')","chan":"stdout","logger":"task"}
{"timestamp":"2025-07-14T11:37:01.743692Z","level":"info","event":"[]","chan":"stdout","logger":"task"}
{"timestamp":"2025-07-14T11:37:01.744068Z","level":"info","event":"media nan - desviacion nan","chan":"stdout","logger":"task"}
{"timestamp":"2025-07-14T11:37:01.744258Z","level":"info","event":"lim_inf nan","chan":"stdout","logger":"task"}
{"timestamp":"2025-07-14T11:37:01.744400Z","level":"info","event":"lim_sup nan","chan":"stdout","logger":"task"}
{"timestamp":"2025-07-14T11:37:01.744533Z","level":"info","event":"CORRECTO","chan":"stdout","logger":"task"}
{"timestamp":"2025-07-14T11:37:01.744667Z","level":"info","event":"franja 8 - 10","chan":"stdout","logger":"task"}
{"timestamp":"2025-07-14T11:37:01.749098Z","level":"info","event":"ultimo (262970, 75, datetime.datetime(2025, 7, 7, 9, 45), 190.84, 'valido')","chan":"stdout","logger":"task"}
{"timestamp":"2025-07-14T11:37:01.754982Z","level":"info","event":"[]","chan":"stdout","logger":"task"}
{"timestamp":"2025-07-14T11:37:01.755399Z","level":"info","event":"media nan - desviacion nan","chan":"stdout","logger":"task"}
{"timestamp":"2025-07-14T11:37:01.755578Z","level":"info","event":"lim_inf nan","chan":"stdout","logger":"task"}
{"timestamp":"2025-07-14T11:37:01.755715Z","level":"info","event":"lim_sup nan","chan":"stdout","logger":"task"}
{"timestamp":"2025-07-14T11:37:01.755847Z","level":"info","event":"CORRECTO","chan":"stdout","logger":"task"}
{"timestamp":"2025-07-14T11:37:01.755979Z","level":"info","event":"franja 8 - 10","chan":"stdout","logger":"task"}
{"timestamp":"2025-07-14T11:37:01.761290Z","level":"info","event":"ultimo (263334, 76, datetime.datetime(2025, 7, 7, 9, 45), 210.06, 'valido')","chan":"stdout","logger":"task"}
{"timestamp":"2025-07-14T11:37:01.766779Z","level":"info","event":"[]","chan":"stdout","logger":"task"}
{"timestamp":"2025-07-14T11:37:01.767258Z","level":"info","event":"media nan - desviacion nan","chan":"stdout","logger":"task"}
{"timestamp":"2025-07-14T11:37:01.767535Z","level":"info","event":"lim_inf nan","chan":"stdout","logger":"task"}
{"timestamp":"2025-07-14T11:37:01.767769Z","level":"info","event":"lim_sup nan","chan":"stdout","logger":"task"}
{"timestamp":"2025-07-14T11:37:01.767980Z","level":"info","event":"CORRECTO","chan":"stdout","logger":"task"}
{"timestamp":"2025-07-14T11:37:01.768183Z","level":"info","event":"franja 8 - 10","chan":"stdout","logger":"task"}
{"timestamp":"2025-07-14T11:37:01.776636Z","level":"info","event":"ultimo (263698, 77, datetime.datetime(2025, 7, 7, 9, 45), 187.8, 'valido')","chan":"stdout","logger":"task"}
{"timestamp":"2025-07-14T11:37:01.785350Z","level":"info","event":"[]","chan":"stdout","logger":"task"}
{"timestamp":"2025-07-14T11:37:01.785882Z","level":"info","event":"media nan - desviacion nan","chan":"stdout","logger":"task"}
{"timestamp":"2025-07-14T11:37:01.786175Z","level":"info","event":"lim_inf nan","chan":"stdout","logger":"task"}
{"timestamp":"2025-07-14T11:37:01.786442Z","level":"info","event":"lim_sup nan","chan":"stdout","logger":"task"}
{"timestamp":"2025-07-14T11:37:01.786717Z","level":"info","event":"CORRECTO","chan":"stdout","logger":"task"}
{"timestamp":"2025-07-14T11:37:01.786933Z","level":"info","event":"franja 8 - 10","chan":"stdout","logger":"task"}
{"timestamp":"2025-07-14T11:37:01.793085Z","level":"info","event":"ultimo (264062, 78, datetime.datetime(2025, 7, 7, 9, 45), 202.97, 'valido')","chan":"stdout","logger":"task"}
{"timestamp":"2025-07-14T11:37:01.799039Z","level":"info","event":"[]","chan":"stdout","logger":"task"}
{"timestamp":"2025-07-14T11:37:01.799505Z","level":"info","event":"media nan - desviacion nan","chan":"stdout","logger":"task"}
{"timestamp":"2025-07-14T11:37:01.799939Z","level":"info","event":"lim_inf nan","chan":"stdout","logger":"task"}
{"timestamp":"2025-07-14T11:37:01.800777Z","level":"info","event":"lim_sup nan","chan":"stdout","logger":"task"}
{"timestamp":"2025-07-14T11:37:01.801134Z","level":"info","event":"CORRECTO","chan":"stdout","logger":"task"}
{"timestamp":"2025-07-14T11:37:01.801356Z","level":"info","event":"franja 8 - 10","chan":"stdout","logger":"task"}
{"timestamp":"2025-07-14T11:37:01.808558Z","level":"info","event":"ultimo (264426, 79, datetime.datetime(2025, 7, 7, 9, 45), 188.0, 'valido')","chan":"stdout","logger":"task"}
{"timestamp":"2025-07-14T11:37:01.815629Z","level":"info","event":"[]","chan":"stdout","logger":"task"}
{"timestamp":"2025-07-14T11:37:01.816031Z","level":"info","event":"media nan - desviacion nan","chan":"stdout","logger":"task"}
{"timestamp":"2025-07-14T11:37:01.816193Z","level":"info","event":"lim_inf nan","chan":"stdout","logger":"task"}
{"timestamp":"2025-07-14T11:37:01.816387Z","level":"info","event":"lim_sup nan","chan":"stdout","logger":"task"}
{"timestamp":"2025-07-14T11:37:01.816516Z","level":"info","event":"CORRECTO","chan":"stdout","logger":"task"}
{"timestamp":"2025-07-14T11:37:01.816633Z","level":"info","event":"franja 8 - 10","chan":"stdout","logger":"task"}
{"timestamp":"2025-07-14T11:37:01.824702Z","level":"info","event":"ultimo (264790, 80, datetime.datetime(2025, 7, 7, 9, 45), 205.85, 'valido')","chan":"stdout","logger":"task"}
{"timestamp":"2025-07-14T11:37:01.832665Z","level":"info","event":"[]","chan":"stdout","logger":"task"}
{"timestamp":"2025-07-14T11:37:01.833629Z","level":"info","event":"media nan - desviacion nan","chan":"stdout","logger":"task"}
{"timestamp":"2025-07-14T11:37:01.833937Z","level":"info","event":"lim_inf nan","chan":"stdout","logger":"task"}
{"timestamp":"2025-07-14T11:37:01.834257Z","level":"info","event":"lim_sup nan","chan":"stdout","logger":"task"}
{"timestamp":"2025-07-14T11:37:01.834478Z","level":"info","event":"CORRECTO","chan":"stdout","logger":"task"}
{"timestamp":"2025-07-14T11:37:01.834660Z","level":"info","event":"franja 8 - 10","chan":"stdout","logger":"task"}
{"timestamp":"2025-07-14T11:37:01.840986Z","level":"info","event":"ultimo (265154, 81, datetime.datetime(2025, 7, 7, 9, 45), 195.84, 'valido')","chan":"stdout","logger":"task"}
{"timestamp":"2025-07-14T11:37:01.848289Z","level":"info","event":"[]","chan":"stdout","logger":"task"}
{"timestamp":"2025-07-14T11:37:01.848652Z","level":"info","event":"media nan - desviacion nan","chan":"stdout","logger":"task"}
{"timestamp":"2025-07-14T11:37:01.848829Z","level":"info","event":"lim_inf nan","chan":"stdout","logger":"task"}
{"timestamp":"2025-07-14T11:37:01.848973Z","level":"info","event":"lim_sup nan","chan":"stdout","logger":"task"}
{"timestamp":"2025-07-14T11:37:01.849117Z","level":"info","event":"CORRECTO","chan":"stdout","logger":"task"}
{"timestamp":"2025-07-14T11:37:01.849264Z","level":"info","event":"franja 8 - 10","chan":"stdout","logger":"task"}
{"timestamp":"2025-07-14T11:37:01.856069Z","level":"info","event":"ultimo (265518, 82, datetime.datetime(2025, 7, 7, 9, 45), 189.85, 'valido')","chan":"stdout","logger":"task"}
{"timestamp":"2025-07-14T11:37:01.862907Z","level":"info","event":"[]","chan":"stdout","logger":"task"}
{"timestamp":"2025-07-14T11:37:01.863396Z","level":"info","event":"media nan - desviacion nan","chan":"stdout","logger":"task"}
{"timestamp":"2025-07-14T11:37:01.863666Z","level":"info","event":"lim_inf nan","chan":"stdout","logger":"task"}
{"timestamp":"2025-07-14T11:37:01.863870Z","level":"info","event":"lim_sup nan","chan":"stdout","logger":"task"}
{"timestamp":"2025-07-14T11:37:01.864038Z","level":"info","event":"CORRECTO","chan":"stdout","logger":"task"}
{"timestamp":"2025-07-14T11:37:01.864198Z","level":"info","event":"franja 8 - 10","chan":"stdout","logger":"task"}
{"timestamp":"2025-07-14T11:37:01.870479Z","level":"info","event":"ultimo (265882, 83, datetime.datetime(2025, 7, 7, 9, 45), 213.58, 'valido')","chan":"stdout","logger":"task"}
{"timestamp":"2025-07-14T11:37:01.877737Z","level":"info","event":"[]","chan":"stdout","logger":"task"}
{"timestamp":"2025-07-14T11:37:01.878154Z","level":"info","event":"media nan - desviacion nan","chan":"stdout","logger":"task"}
{"timestamp":"2025-07-14T11:37:01.878363Z","level":"info","event":"lim_inf nan","chan":"stdout","logger":"task"}
{"timestamp":"2025-07-14T11:37:01.878526Z","level":"info","event":"lim_sup nan","chan":"stdout","logger":"task"}
{"timestamp":"2025-07-14T11:37:01.878670Z","level":"info","event":"CORRECTO","chan":"stdout","logger":"task"}
{"timestamp":"2025-07-14T11:37:01.878823Z","level":"info","event":"franja 8 - 10","chan":"stdout","logger":"task"}
{"timestamp":"2025-07-14T11:37:01.886738Z","level":"info","event":"ultimo (266246, 84, datetime.datetime(2025, 7, 7, 9, 45), 183.25, 'valido')","chan":"stdout","logger":"task"}
{"timestamp":"2025-07-14T11:37:01.893975Z","level":"info","event":"[]","chan":"stdout","logger":"task"}
{"timestamp":"2025-07-14T11:37:01.894409Z","level":"info","event":"media nan - desviacion nan","chan":"stdout","logger":"task"}
{"timestamp":"2025-07-14T11:37:01.894645Z","level":"info","event":"lim_inf nan","chan":"stdout","logger":"task"}
{"timestamp":"2025-07-14T11:37:01.894829Z","level":"info","event":"lim_sup nan","chan":"stdout","logger":"task"}
{"timestamp":"2025-07-14T11:37:01.895000Z","level":"info","event":"CORRECTO","chan":"stdout","logger":"task"}
{"timestamp":"2025-07-14T11:37:01.895163Z","level":"info","event":"franja 8 - 10","chan":"stdout","logger":"task"}
{"timestamp":"2025-07-14T11:37:01.902213Z","level":"info","event":"ultimo (266610, 85, datetime.datetime(2025, 7, 7, 9, 45), 202.05, 'valido')","chan":"stdout","logger":"task"}
{"timestamp":"2025-07-14T11:37:01.910097Z","level":"info","event":"[]","chan":"stdout","logger":"task"}
{"timestamp":"2025-07-14T11:37:01.910507Z","level":"info","event":"media nan - desviacion nan","chan":"stdout","logger":"task"}
{"timestamp":"2025-07-14T11:37:01.910689Z","level":"info","event":"lim_inf nan","chan":"stdout","logger":"task"}
{"timestamp":"2025-07-14T11:37:01.910846Z","level":"info","event":"lim_sup nan","chan":"stdout","logger":"task"}
{"timestamp":"2025-07-14T11:37:01.911016Z","level":"info","event":"CORRECTO","chan":"stdout","logger":"task"}
{"timestamp":"2025-07-14T11:37:01.911190Z","level":"info","event":"franja 8 - 10","chan":"stdout","logger":"task"}
{"timestamp":"2025-07-14T11:37:01.917983Z","level":"info","event":"ultimo (266974, 86, datetime.datetime(2025, 7, 7, 9, 45), 203.46, 'valido')","chan":"stdout","logger":"task"}
{"timestamp":"2025-07-14T11:37:01.925600Z","level":"info","event":"[]","chan":"stdout","logger":"task"}
{"timestamp":"2025-07-14T11:37:01.925986Z","level":"info","event":"media nan - desviacion nan","chan":"stdout","logger":"task"}
{"timestamp":"2025-07-14T11:37:01.926170Z","level":"info","event":"lim_inf nan","chan":"stdout","logger":"task"}
{"timestamp":"2025-07-14T11:37:01.926335Z","level":"info","event":"lim_sup nan","chan":"stdout","logger":"task"}
{"timestamp":"2025-07-14T11:37:01.926471Z","level":"info","event":"CORRECTO","chan":"stdout","logger":"task"}
{"timestamp":"2025-07-14T11:37:01.926602Z","level":"info","event":"franja 8 - 10","chan":"stdout","logger":"task"}
{"timestamp":"2025-07-14T11:37:01.932905Z","level":"info","event":"ultimo (267338, 87, datetime.datetime(2025, 7, 7, 9, 45), 203.81, 'valido')","chan":"stdout","logger":"task"}
{"timestamp":"2025-07-14T11:37:01.938427Z","level":"info","event":"[]","chan":"stdout","logger":"task"}
{"timestamp":"2025-07-14T11:37:01.938892Z","level":"info","event":"media nan - desviacion nan","chan":"stdout","logger":"task"}
{"timestamp":"2025-07-14T11:37:01.939103Z","level":"info","event":"lim_inf nan","chan":"stdout","logger":"task"}
{"timestamp":"2025-07-14T11:37:01.939250Z","level":"info","event":"lim_sup nan","chan":"stdout","logger":"task"}
{"timestamp":"2025-07-14T11:37:01.939431Z","level":"info","event":"CORRECTO","chan":"stdout","logger":"task"}
{"timestamp":"2025-07-14T11:37:01.939593Z","level":"info","event":"franja 8 - 10","chan":"stdout","logger":"task"}
{"timestamp":"2025-07-14T11:37:01.946206Z","level":"info","event":"ultimo (267702, 88, datetime.datetime(2025, 7, 7, 9, 45), 197.3, 'valido')","chan":"stdout","logger":"task"}
{"timestamp":"2025-07-14T11:37:01.951606Z","level":"info","event":"[]","chan":"stdout","logger":"task"}
{"timestamp":"2025-07-14T11:37:01.952044Z","level":"info","event":"media nan - desviacion nan","chan":"stdout","logger":"task"}
{"timestamp":"2025-07-14T11:37:01.952252Z","level":"info","event":"lim_inf nan","chan":"stdout","logger":"task"}
{"timestamp":"2025-07-14T11:37:01.952410Z","level":"info","event":"lim_sup nan","chan":"stdout","logger":"task"}
{"timestamp":"2025-07-14T11:37:01.952587Z","level":"info","event":"CORRECTO","chan":"stdout","logger":"task"}
{"timestamp":"2025-07-14T11:37:01.952735Z","level":"info","event":"franja 8 - 10","chan":"stdout","logger":"task"}
{"timestamp":"2025-07-14T11:37:01.958933Z","level":"info","event":"ultimo (268066, 89, datetime.datetime(2025, 7, 7, 9, 45), 191.71, 'valido')","chan":"stdout","logger":"task"}
{"timestamp":"2025-07-14T11:37:01.964953Z","level":"info","event":"[]","chan":"stdout","logger":"task"}
{"timestamp":"2025-07-14T11:37:01.965323Z","level":"info","event":"media nan - desviacion nan","chan":"stdout","logger":"task"}
{"timestamp":"2025-07-14T11:37:01.965493Z","level":"info","event":"lim_inf nan","chan":"stdout","logger":"task"}
{"timestamp":"2025-07-14T11:37:01.965645Z","level":"info","event":"lim_sup nan","chan":"stdout","logger":"task"}
{"timestamp":"2025-07-14T11:37:01.965794Z","level":"info","event":"CORRECTO","chan":"stdout","logger":"task"}
{"timestamp":"2025-07-14T11:37:01.965937Z","level":"info","event":"franja 8 - 10","chan":"stdout","logger":"task"}
{"timestamp":"2025-07-14T11:37:01.972324Z","level":"info","event":"ultimo (268430, 90, datetime.datetime(2025, 7, 7, 9, 45), 205.0, 'valido')","chan":"stdout","logger":"task"}
{"timestamp":"2025-07-14T11:37:01.978819Z","level":"info","event":"[]","chan":"stdout","logger":"task"}
{"timestamp":"2025-07-14T11:37:01.979196Z","level":"info","event":"media nan - desviacion nan","chan":"stdout","logger":"task"}
{"timestamp":"2025-07-14T11:37:01.979429Z","level":"info","event":"lim_inf nan","chan":"stdout","logger":"task"}
{"timestamp":"2025-07-14T11:37:01.979619Z","level":"info","event":"lim_sup nan","chan":"stdout","logger":"task"}
{"timestamp":"2025-07-14T11:37:01.979793Z","level":"info","event":"CORRECTO","chan":"stdout","logger":"task"}
{"timestamp":"2025-07-14T11:37:01.979963Z","level":"info","event":"franja 8 - 10","chan":"stdout","logger":"task"}
{"timestamp":"2025-07-14T11:37:01.984841Z","level":"info","event":"ultimo (268794, 91, datetime.datetime(2025, 7, 7, 9, 45), 193.04, 'valido')","chan":"stdout","logger":"task"}
{"timestamp":"2025-07-14T11:37:01.990631Z","level":"info","event":"[]","chan":"stdout","logger":"task"}
{"timestamp":"2025-07-14T11:37:01.990915Z","level":"info","event":"media nan - desviacion nan","chan":"stdout","logger":"task"}
{"timestamp":"2025-07-14T11:37:01.991076Z","level":"info","event":"lim_inf nan","chan":"stdout","logger":"task"}
{"timestamp":"2025-07-14T11:37:01.991221Z","level":"info","event":"lim_sup nan","chan":"stdout","logger":"task"}
{"timestamp":"2025-07-14T11:37:01.991394Z","level":"info","event":"CORRECTO","chan":"stdout","logger":"task"}
{"timestamp":"2025-07-14T11:37:01.991586Z","level":"info","event":"franja 8 - 10","chan":"stdout","logger":"task"}
{"timestamp":"2025-07-14T11:37:01.998480Z","level":"info","event":"ultimo (269158, 92, datetime.datetime(2025, 7, 7, 9, 45), 212.43, 'valido')","chan":"stdout","logger":"task"}
{"timestamp":"2025-07-14T11:37:02.005023Z","level":"info","event":"[]","chan":"stdout","logger":"task"}
{"timestamp":"2025-07-14T11:37:02.005458Z","level":"info","event":"media nan - desviacion nan","chan":"stdout","logger":"task"}
{"timestamp":"2025-07-14T11:37:02.005752Z","level":"info","event":"lim_inf nan","chan":"stdout","logger":"task"}
{"timestamp":"2025-07-14T11:37:02.005940Z","level":"info","event":"lim_sup nan","chan":"stdout","logger":"task"}
{"timestamp":"2025-07-14T11:37:02.006137Z","level":"info","event":"CORRECTO","chan":"stdout","logger":"task"}
{"timestamp":"2025-07-14T11:37:02.006339Z","level":"info","event":"franja 8 - 10","chan":"stdout","logger":"task"}
{"timestamp":"2025-07-14T11:37:02.011770Z","level":"info","event":"ultimo (269522, 93, datetime.datetime(2025, 7, 7, 9, 45), 204.13, 'valido')","chan":"stdout","logger":"task"}
{"timestamp":"2025-07-14T11:37:02.017856Z","level":"info","event":"[]","chan":"stdout","logger":"task"}
{"timestamp":"2025-07-14T11:37:02.018237Z","level":"info","event":"media nan - desviacion nan","chan":"stdout","logger":"task"}
{"timestamp":"2025-07-14T11:37:02.018466Z","level":"info","event":"lim_inf nan","chan":"stdout","logger":"task"}
{"timestamp":"2025-07-14T11:37:02.018667Z","level":"info","event":"lim_sup nan","chan":"stdout","logger":"task"}
{"timestamp":"2025-07-14T11:37:02.018842Z","level":"info","event":"CORRECTO","chan":"stdout","logger":"task"}
{"timestamp":"2025-07-14T11:37:02.019007Z","level":"info","event":"franja 8 - 10","chan":"stdout","logger":"task"}
{"timestamp":"2025-07-14T11:37:02.027209Z","level":"info","event":"ultimo (269886, 94, datetime.datetime(2025, 7, 7, 9, 45), 192.2, 'valido')","chan":"stdout","logger":"task"}
{"timestamp":"2025-07-14T11:37:02.035593Z","level":"info","event":"[]","chan":"stdout","logger":"task"}
{"timestamp":"2025-07-14T11:37:02.036026Z","level":"info","event":"media nan - desviacion nan","chan":"stdout","logger":"task"}
{"timestamp":"2025-07-14T11:37:02.036303Z","level":"info","event":"lim_inf nan","chan":"stdout","logger":"task"}
{"timestamp":"2025-07-14T11:37:02.036513Z","level":"info","event":"lim_sup nan","chan":"stdout","logger":"task"}
{"timestamp":"2025-07-14T11:37:02.036734Z","level":"info","event":"CORRECTO","chan":"stdout","logger":"task"}
{"timestamp":"2025-07-14T11:37:02.036925Z","level":"info","event":"franja 8 - 10","chan":"stdout","logger":"task"}
{"timestamp":"2025-07-14T11:37:02.044172Z","level":"info","event":"ultimo (270250, 95, datetime.datetime(2025, 7, 7, 9, 45), 195.27, 'valido')","chan":"stdout","logger":"task"}
{"timestamp":"2025-07-14T11:37:02.051961Z","level":"info","event":"[]","chan":"stdout","logger":"task"}
{"timestamp":"2025-07-14T11:37:02.052421Z","level":"info","event":"media nan - desviacion nan","chan":"stdout","logger":"task"}
{"timestamp":"2025-07-14T11:37:02.052698Z","level":"info","event":"lim_inf nan","chan":"stdout","logger":"task"}
{"timestamp":"2025-07-14T11:37:02.052914Z","level":"info","event":"lim_sup nan","chan":"stdout","logger":"task"}
{"timestamp":"2025-07-14T11:37:02.053113Z","level":"info","event":"CORRECTO","chan":"stdout","logger":"task"}
{"timestamp":"2025-07-14T11:37:02.053309Z","level":"info","event":"franja 8 - 10","chan":"stdout","logger":"task"}
{"timestamp":"2025-07-14T11:37:02.060241Z","level":"info","event":"ultimo (270614, 96, datetime.datetime(2025, 7, 7, 9, 45), 190.97, 'valido')","chan":"stdout","logger":"task"}
{"timestamp":"2025-07-14T11:37:02.067783Z","level":"info","event":"[]","chan":"stdout","logger":"task"}
{"timestamp":"2025-07-14T11:37:02.068241Z","level":"info","event":"media nan - desviacion nan","chan":"stdout","logger":"task"}
{"timestamp":"2025-07-14T11:37:02.068512Z","level":"info","event":"lim_inf nan","chan":"stdout","logger":"task"}
{"timestamp":"2025-07-14T11:37:02.068713Z","level":"info","event":"lim_sup nan","chan":"stdout","logger":"task"}
{"timestamp":"2025-07-14T11:37:02.068895Z","level":"info","event":"CORRECTO","chan":"stdout","logger":"task"}
{"timestamp":"2025-07-14T11:37:02.069082Z","level":"info","event":"franja 8 - 10","chan":"stdout","logger":"task"}
{"timestamp":"2025-07-14T11:37:02.076123Z","level":"info","event":"ultimo (270978, 97, datetime.datetime(2025, 7, 7, 9, 45), 193.55, 'valido')","chan":"stdout","logger":"task"}
{"timestamp":"2025-07-14T11:37:02.083926Z","level":"info","event":"[]","chan":"stdout","logger":"task"}
{"timestamp":"2025-07-14T11:37:02.084374Z","level":"info","event":"media nan - desviacion nan","chan":"stdout","logger":"task"}
{"timestamp":"2025-07-14T11:37:02.084649Z","level":"info","event":"lim_inf nan","chan":"stdout","logger":"task"}
{"timestamp":"2025-07-14T11:37:02.084871Z","level":"info","event":"lim_sup nan","chan":"stdout","logger":"task"}
{"timestamp":"2025-07-14T11:37:02.085074Z","level":"info","event":"CORRECTO","chan":"stdout","logger":"task"}
{"timestamp":"2025-07-14T11:37:02.085276Z","level":"info","event":"franja 8 - 10","chan":"stdout","logger":"task"}
{"timestamp":"2025-07-14T11:37:02.092889Z","level":"info","event":"ultimo (271342, 98, datetime.datetime(2025, 7, 7, 9, 45), 198.46, 'valido')","chan":"stdout","logger":"task"}
{"timestamp":"2025-07-14T11:37:02.099349Z","level":"info","event":"[]","chan":"stdout","logger":"task"}
{"timestamp":"2025-07-14T11:37:02.099864Z","level":"info","event":"media nan - desviacion nan","chan":"stdout","logger":"task"}
{"timestamp":"2025-07-14T11:37:02.100107Z","level":"info","event":"lim_inf nan","chan":"stdout","logger":"task"}
{"timestamp":"2025-07-14T11:37:02.100290Z","level":"info","event":"lim_sup nan","chan":"stdout","logger":"task"}
{"timestamp":"2025-07-14T11:37:02.100470Z","level":"info","event":"CORRECTO","chan":"stdout","logger":"task"}
{"timestamp":"2025-07-14T11:37:02.100661Z","level":"info","event":"franja 8 - 10","chan":"stdout","logger":"task"}
{"timestamp":"2025-07-14T11:37:02.105958Z","level":"info","event":"ultimo (271706, 99, datetime.datetime(2025, 7, 7, 9, 45), 193.86, 'valido')","chan":"stdout","logger":"task"}
{"timestamp":"2025-07-14T11:37:02.112273Z","level":"info","event":"[]","chan":"stdout","logger":"task"}
{"timestamp":"2025-07-14T11:37:02.112656Z","level":"info","event":"media nan - desviacion nan","chan":"stdout","logger":"task"}
{"timestamp":"2025-07-14T11:37:02.112844Z","level":"info","event":"lim_inf nan","chan":"stdout","logger":"task"}
{"timestamp":"2025-07-14T11:37:02.113028Z","level":"info","event":"lim_sup nan","chan":"stdout","logger":"task"}
{"timestamp":"2025-07-14T11:37:02.113182Z","level":"info","event":"CORRECTO","chan":"stdout","logger":"task"}
{"timestamp":"2025-07-14T11:37:02.113330Z","level":"info","event":"franja 8 - 10","chan":"stdout","logger":"task"}
{"timestamp":"2025-07-14T11:37:02.120327Z","level":"info","event":"ultimo (272070, 100, datetime.datetime(2025, 7, 7, 9, 45), 192.49, 'valido')","chan":"stdout","logger":"task"}
{"timestamp":"2025-07-14T11:37:02.126582Z","level":"info","event":"[]","chan":"stdout","logger":"task"}
{"timestamp":"2025-07-14T11:37:02.127016Z","level":"info","event":"media nan - desviacion nan","chan":"stdout","logger":"task"}
{"timestamp":"2025-07-14T11:37:02.127324Z","level":"info","event":"lim_inf nan","chan":"stdout","logger":"task"}
{"timestamp":"2025-07-14T11:37:02.127553Z","level":"info","event":"lim_sup nan","chan":"stdout","logger":"task"}
{"timestamp":"2025-07-14T11:37:02.127747Z","level":"info","event":"CORRECTO","chan":"stdout","logger":"task"}
{"timestamp":"2025-07-14T11:37:02.128057Z","level":"info","event":"franja 10 - 12","chan":"stdout","logger":"task"}
{"timestamp":"2025-07-14T11:37:02.127333","level":"error","event":"Task failed with exception","logger":"task","error_detail":[{"exc_type":"InterfaceError","exc_value":"cursor already closed","exc_notes":[],"syntax_error":null,"is_cause":false,"frames":[{"filename":"/home/airflow/.local/lib/python3.12/site-packages/airflow/sdk/execution_time/task_runner.py","lineno":867,"name":"run"},{"filename":"/home/airflow/.local/lib/python3.12/site-packages/airflow/sdk/execution_time/task_runner.py","lineno":1159,"name":"_execute_task"},{"filename":"/home/airflow/.local/lib/python3.12/site-packages/airflow/sdk/bases/operator.py","lineno":397,"name":"wrapper"},{"filename":"/home/airflow/.local/lib/python3.12/site-packages/airflow/providers/standard/operators/python.py","lineno":216,"name":"execute"},{"filename":"/home/airflow/.local/lib/python3.12/site-packages/airflow/providers/standard/operators/python.py","lineno":239,"name":"execute_callable"},{"filename":"/home/airflow/.local/lib/python3.12/site-packages/airflow/sdk/execution_time/callback_runner.py","lineno":81,"name":"run"},{"filename":"/opt/airflow/dags/dag_analisis.py","lineno":106,"name":"detectar_desviacion"}],"is_group":false,"exceptions":[]}]}
{"timestamp":"2025-07-14T11:37:02.129026Z","level":"info","event":"Task instance in failure state","chan":"stdout","logger":"task"}
{"timestamp":"2025-07-14T11:37:02.129281Z","level":"info","event":"Task start","chan":"stdout","logger":"task"}
{"timestamp":"2025-07-14T11:37:02.129464Z","level":"info","event":"Task:<Task(PythonOperator): detectar_desviacion>","chan":"stdout","logger":"task"}
{"timestamp":"2025-07-14T11:37:02.129656Z","level":"info","event":"Failure caused by cursor already closed","chan":"stdout","logger":"task"}
