{"timestamp":"2025-07-13T00:02:41.022971","level":"info","event":"DAG bundles loaded: dags-folder, example_dags","logger":"airflow.dag_processing.bundles.manager.DagBundlesManager"}
{"timestamp":"2025-07-13T00:02:41.024535","level":"info","event":"Filling up the DagBag from /opt/airflow/dags/dag_analisis.py","logger":"airflow.models.dagbag.DagBag"}
{"timestamp":"2025-07-13T00:02:41.102378Z","level":"info","event":"Task instance is in running state","chan":"stdout","logger":"task"}
{"timestamp":"2025-07-13T00:02:41.102772Z","level":"info","event":" Previous state of the Task instance: TaskInstanceState.QUEUED","chan":"stdout","logger":"task"}
{"timestamp":"2025-07-13T00:02:41.103034Z","level":"info","event":"Current task name:detectar_pico","chan":"stdout","logger":"task"}
{"timestamp":"2025-07-13T00:02:41.103281Z","level":"info","event":"Dag name:a2","chan":"stdout","logger":"task"}
{"timestamp":"2025-07-13T00:02:41.103497Z","level":"info","event":"Analizando dispositivo 1, hora: 7, vista: franja_6_a_8","chan":"stdout","logger":"task"}
{"timestamp":"2025-07-13T00:02:41.103597","level":"warning","event":"/opt/airflow/dags/dag_analisis.py:123: UserWarning: pandas only supports SQLAlchemy connectable (engine/connection) or database string URI or sqlite3 DBAPI2 connection. Other DBAPI2 objects are not tested. Please consider using SQLAlchemy.\n  df = pd.read_sql(f\"\"\"\n","logger":"py.warnings"}
{"timestamp":"2025-07-13T00:02:41.106107Z","level":"info","event":"No se pudo acceder a la vista franja_6_a_8: Execution failed on sql '","chan":"stdout","logger":"task"}
{"timestamp":"2025-07-13T00:02:41.106660Z","level":"info","event":"                SELECT value","chan":"stdout","logger":"task"}
{"timestamp":"2025-07-13T00:02:41.106918Z","level":"info","event":"                FROM franja_6_a_8","chan":"stdout","logger":"task"}
{"timestamp":"2025-07-13T00:02:41.107151Z","level":"info","event":"                WHERE device_id = %s","chan":"stdout","logger":"task"}
{"timestamp":"2025-07-13T00:02:41.107372Z","level":"info","event":"            ': column \"value\" does not exist","chan":"stdout","logger":"task"}
{"timestamp":"2025-07-13T00:02:41.107605Z","level":"info","event":"LINE 2:                 SELECT value","chan":"stdout","logger":"task"}
{"timestamp":"2025-07-13T00:02:41.107851Z","level":"info","event":"                               ^","chan":"stdout","logger":"task"}
{"timestamp":"2025-07-13T00:02:41.108080Z","level":"info","event":"","chan":"stdout","logger":"task"}
{"timestamp":"2025-07-13T00:02:41.108479Z","level":"info","event":"Task instance in success state","chan":"stdout","logger":"task"}
{"timestamp":"2025-07-13T00:02:41.108723Z","level":"info","event":" Previous state of the Task instance: TaskInstanceState.RUNNING","chan":"stdout","logger":"task"}
{"timestamp":"2025-07-13T00:02:41.107078","level":"info","event":"Done. Returned value was: None","logger":"airflow.task.operators.airflow.providers.standard.operators.python.PythonOperator"}
{"timestamp":"2025-07-13T00:02:41.150089Z","level":"info","event":"Task operator:<Task(PythonOperator): detectar_pico>","chan":"stdout","logger":"task"}
