{"timestamp":"2025-07-14T11:38:06.399099","level":"info","event":"DAG bundles loaded: dags-folder, example_dags","logger":"airflow.dag_processing.bundles.manager.DagBundlesManager"}
{"timestamp":"2025-07-14T11:38:06.411251","level":"info","event":"Filling up the DagBag from /opt/airflow/dags/dag_analisis.py","logger":"airflow.models.dagbag.DagBag"}
{"timestamp":"2025-07-14T11:38:06.480091Z","level":"info","event":"Task instance is in running state","chan":"stdout","logger":"task"}
{"timestamp":"2025-07-14T11:38:06.480447Z","level":"info","event":" Previous state of the Task instance: TaskInstanceState.QUEUED","chan":"stdout","logger":"task"}
{"timestamp":"2025-07-14T11:38:06.480665Z","level":"info","event":"Current task name:detectar_desviacion","chan":"stdout","logger":"task"}
{"timestamp":"2025-07-14T11:38:06.480864Z","level":"info","event":"Dag name:a2","chan":"stdout","logger":"task"}
{"timestamp":"2025-07-14T11:38:06.487919Z","level":"info","event":"franja 8 - 10","chan":"stdout","logger":"task"}
{"timestamp":"2025-07-14T11:38:06.503160Z","level":"info","event":"ultimo (236034, 1, datetime.datetime(2025, 7, 7, 9, 45), 198.64, 'valido')","chan":"stdout","logger":"task"}
{"timestamp":"2025-07-14T11:38:06.514110Z","level":"info","event":"[]","chan":"stdout","logger":"task"}
{"timestamp":"2025-07-14T11:38:06.516976","level":"warning","event":"/home/airflow/.local/lib/python3.12/site-packages/numpy/core/fromnumeric.py:3504: RuntimeWarning: Mean of empty slice.\n  return _methods._mean(a, axis=axis, dtype=dtype,\n","logger":"py.warnings"}
{"timestamp":"2025-07-14T11:38:06.518868","level":"warning","event":"/home/airflow/.local/lib/python3.12/site-packages/numpy/core/_methods.py:129: RuntimeWarning: invalid value encountered in scalar divide\n  ret = ret.dtype.type(ret / rcount)\n","logger":"py.warnings"}
{"timestamp":"2025-07-14T11:38:06.520111","level":"warning","event":"/home/airflow/.local/lib/python3.12/site-packages/numpy/core/_methods.py:206: RuntimeWarning: Degrees of freedom <= 0 for slice\n  ret = _var(a, axis=axis, dtype=dtype, out=out, ddof=ddof,\n","logger":"py.warnings"}
{"timestamp":"2025-07-14T11:38:06.521417","level":"warning","event":"/home/airflow/.local/lib/python3.12/site-packages/numpy/core/_methods.py:163: RuntimeWarning: invalid value encountered in divide\n  arrmean = um.true_divide(arrmean, div, out=arrmean,\n","logger":"py.warnings"}
{"timestamp":"2025-07-14T11:38:06.522637","level":"warning","event":"/home/airflow/.local/lib/python3.12/site-packages/numpy/core/_methods.py:198: RuntimeWarning: invalid value encountered in scalar divide\n  ret = ret.dtype.type(ret / rcount)\n","logger":"py.warnings"}
{"timestamp":"2025-07-14T11:38:06.524695Z","level":"info","event":"media nan - desviacion nan","chan":"stdout","logger":"task"}
{"timestamp":"2025-07-14T11:38:06.525033Z","level":"info","event":"lim_inf nan","chan":"stdout","logger":"task"}
{"timestamp":"2025-07-14T11:38:06.525267Z","level":"info","event":"lim_sup nan","chan":"stdout","logger":"task"}
{"timestamp":"2025-07-14T11:38:06.525499Z","level":"info","event":"CORRECTO","chan":"stdout","logger":"task"}
{"timestamp":"2025-07-14T11:38:06.525722Z","level":"info","event":"franja 8 - 10","chan":"stdout","logger":"task"}
{"timestamp":"2025-07-14T11:38:06.538804Z","level":"info","event":"ultimo (236398, 2, datetime.datetime(2025, 7, 7, 9, 45), 196.96, 'valido')","chan":"stdout","logger":"task"}
{"timestamp":"2025-07-14T11:38:06.547700Z","level":"info","event":"[]","chan":"stdout","logger":"task"}
{"timestamp":"2025-07-14T11:38:06.548718Z","level":"info","event":"media nan - desviacion nan","chan":"stdout","logger":"task"}
{"timestamp":"2025-07-14T11:38:06.549198Z","level":"info","event":"lim_inf nan","chan":"stdout","logger":"task"}
{"timestamp":"2025-07-14T11:38:06.549510Z","level":"info","event":"lim_sup nan","chan":"stdout","logger":"task"}
{"timestamp":"2025-07-14T11:38:06.549730Z","level":"info","event":"CORRECTO","chan":"stdout","logger":"task"}
{"timestamp":"2025-07-14T11:38:06.549930Z","level":"info","event":"franja 8 - 10","chan":"stdout","logger":"task"}
{"timestamp":"2025-07-14T11:38:06.560865Z","level":"info","event":"ultimo (236762, 3, datetime.datetime(2025, 7, 7, 9, 45), 185.66, 'valido')","chan":"stdout","logger":"task"}
{"timestamp":"2025-07-14T11:38:06.571562Z","level":"info","event":"[]","chan":"stdout","logger":"task"}
{"timestamp":"2025-07-14T11:38:06.572539Z","level":"info","event":"media nan - desviacion nan","chan":"stdout","logger":"task"}
{"timestamp":"2025-07-14T11:38:06.573066Z","level":"info","event":"lim_inf nan","chan":"stdout","logger":"task"}
{"timestamp":"2025-07-14T11:38:06.573507Z","level":"info","event":"lim_sup nan","chan":"stdout","logger":"task"}
{"timestamp":"2025-07-14T11:38:06.573889Z","level":"info","event":"CORRECTO","chan":"stdout","logger":"task"}
{"timestamp":"2025-07-14T11:38:06.574246Z","level":"info","event":"franja 8 - 10","chan":"stdout","logger":"task"}
{"timestamp":"2025-07-14T11:38:06.585157Z","level":"info","event":"ultimo (237126, 4, datetime.datetime(2025, 7, 7, 9, 45), 208.68, 'valido')","chan":"stdout","logger":"task"}
{"timestamp":"2025-07-14T11:38:06.596399Z","level":"info","event":"[]","chan":"stdout","logger":"task"}
{"timestamp":"2025-07-14T11:38:06.596882Z","level":"info","event":"media nan - desviacion nan","chan":"stdout","logger":"task"}
{"timestamp":"2025-07-14T11:38:06.597104Z","level":"info","event":"lim_inf nan","chan":"stdout","logger":"task"}
{"timestamp":"2025-07-14T11:38:06.597281Z","level":"info","event":"lim_sup nan","chan":"stdout","logger":"task"}
{"timestamp":"2025-07-14T11:38:06.597449Z","level":"info","event":"CORRECTO","chan":"stdout","logger":"task"}
{"timestamp":"2025-07-14T11:38:06.597644Z","level":"info","event":"franja 8 - 10","chan":"stdout","logger":"task"}
{"timestamp":"2025-07-14T11:38:06.607751Z","level":"info","event":"ultimo (237490, 5, datetime.datetime(2025, 7, 7, 9, 45), 191.61, 'valido')","chan":"stdout","logger":"task"}
{"timestamp":"2025-07-14T11:38:06.617317Z","level":"info","event":"[]","chan":"stdout","logger":"task"}
{"timestamp":"2025-07-14T11:38:06.617737Z","level":"info","event":"media nan - desviacion nan","chan":"stdout","logger":"task"}
{"timestamp":"2025-07-14T11:38:06.617996Z","level":"info","event":"lim_inf nan","chan":"stdout","logger":"task"}
{"timestamp":"2025-07-14T11:38:06.618219Z","level":"info","event":"lim_sup nan","chan":"stdout","logger":"task"}
{"timestamp":"2025-07-14T11:38:06.618428Z","level":"info","event":"CORRECTO","chan":"stdout","logger":"task"}
{"timestamp":"2025-07-14T11:38:06.618635Z","level":"info","event":"franja 8 - 10","chan":"stdout","logger":"task"}
{"timestamp":"2025-07-14T11:38:06.629812Z","level":"info","event":"ultimo (237854, 6, datetime.datetime(2025, 7, 7, 9, 45), 196.29, 'valido')","chan":"stdout","logger":"task"}
{"timestamp":"2025-07-14T11:38:06.639843Z","level":"info","event":"[]","chan":"stdout","logger":"task"}
{"timestamp":"2025-07-14T11:38:06.640159Z","level":"info","event":"media nan - desviacion nan","chan":"stdout","logger":"task"}
{"timestamp":"2025-07-14T11:38:06.640389Z","level":"info","event":"lim_inf nan","chan":"stdout","logger":"task"}
{"timestamp":"2025-07-14T11:38:06.640606Z","level":"info","event":"lim_sup nan","chan":"stdout","logger":"task"}
{"timestamp":"2025-07-14T11:38:06.640821Z","level":"info","event":"CORRECTO","chan":"stdout","logger":"task"}
{"timestamp":"2025-07-14T11:38:06.641031Z","level":"info","event":"franja 8 - 10","chan":"stdout","logger":"task"}
{"timestamp":"2025-07-14T11:38:06.651057Z","level":"info","event":"ultimo (238218, 7, datetime.datetime(2025, 7, 7, 9, 45), 181.54, 'valido')","chan":"stdout","logger":"task"}
{"timestamp":"2025-07-14T11:38:06.662532Z","level":"info","event":"[]","chan":"stdout","logger":"task"}
{"timestamp":"2025-07-14T11:38:06.662831Z","level":"info","event":"media nan - desviacion nan","chan":"stdout","logger":"task"}
{"timestamp":"2025-07-14T11:38:06.663061Z","level":"info","event":"lim_inf nan","chan":"stdout","logger":"task"}
{"timestamp":"2025-07-14T11:38:06.663299Z","level":"info","event":"lim_sup nan","chan":"stdout","logger":"task"}
{"timestamp":"2025-07-14T11:38:06.663520Z","level":"info","event":"CORRECTO","chan":"stdout","logger":"task"}
{"timestamp":"2025-07-14T11:38:06.663763Z","level":"info","event":"franja 8 - 10","chan":"stdout","logger":"task"}
{"timestamp":"2025-07-14T11:38:06.673907Z","level":"info","event":"ultimo (238582, 8, datetime.datetime(2025, 7, 7, 9, 45), 210.41, 'valido')","chan":"stdout","logger":"task"}
{"timestamp":"2025-07-14T11:38:06.684239Z","level":"info","event":"[]","chan":"stdout","logger":"task"}
{"timestamp":"2025-07-14T11:38:06.684553Z","level":"info","event":"media nan - desviacion nan","chan":"stdout","logger":"task"}
{"timestamp":"2025-07-14T11:38:06.684765Z","level":"info","event":"lim_inf nan","chan":"stdout","logger":"task"}
{"timestamp":"2025-07-14T11:38:06.684955Z","level":"info","event":"lim_sup nan","chan":"stdout","logger":"task"}
{"timestamp":"2025-07-14T11:38:06.685143Z","level":"info","event":"CORRECTO","chan":"stdout","logger":"task"}
{"timestamp":"2025-07-14T11:38:06.685325Z","level":"info","event":"franja 8 - 10","chan":"stdout","logger":"task"}
{"timestamp":"2025-07-14T11:38:06.695011Z","level":"info","event":"ultimo (238946, 9, datetime.datetime(2025, 7, 7, 9, 45), 190.77, 'valido')","chan":"stdout","logger":"task"}
{"timestamp":"2025-07-14T11:38:06.706289Z","level":"info","event":"[]","chan":"stdout","logger":"task"}
{"timestamp":"2025-07-14T11:38:06.706625Z","level":"info","event":"media nan - desviacion nan","chan":"stdout","logger":"task"}
{"timestamp":"2025-07-14T11:38:06.706843Z","level":"info","event":"lim_inf nan","chan":"stdout","logger":"task"}
{"timestamp":"2025-07-14T11:38:06.707060Z","level":"info","event":"lim_sup nan","chan":"stdout","logger":"task"}
{"timestamp":"2025-07-14T11:38:06.707260Z","level":"info","event":"CORRECTO","chan":"stdout","logger":"task"}
{"timestamp":"2025-07-14T11:38:06.707492Z","level":"info","event":"franja 8 - 10","chan":"stdout","logger":"task"}
{"timestamp":"2025-07-14T11:38:06.713778Z","level":"info","event":"ultimo (239310, 10, datetime.datetime(2025, 7, 7, 9, 45), 201.64, 'valido')","chan":"stdout","logger":"task"}
{"timestamp":"2025-07-14T11:38:06.722641Z","level":"info","event":"[]","chan":"stdout","logger":"task"}
{"timestamp":"2025-07-14T11:38:06.722963Z","level":"info","event":"media nan - desviacion nan","chan":"stdout","logger":"task"}
{"timestamp":"2025-07-14T11:38:06.723215Z","level":"info","event":"lim_inf nan","chan":"stdout","logger":"task"}
{"timestamp":"2025-07-14T11:38:06.723468Z","level":"info","event":"lim_sup nan","chan":"stdout","logger":"task"}
{"timestamp":"2025-07-14T11:38:06.723695Z","level":"info","event":"CORRECTO","chan":"stdout","logger":"task"}
{"timestamp":"2025-07-14T11:38:06.723910Z","level":"info","event":"franja 8 - 10","chan":"stdout","logger":"task"}
{"timestamp":"2025-07-14T11:38:06.731863Z","level":"info","event":"ultimo (239674, 11, datetime.datetime(2025, 7, 7, 9, 45), 196.03, 'valido')","chan":"stdout","logger":"task"}
{"timestamp":"2025-07-14T11:38:06.740250Z","level":"info","event":"[]","chan":"stdout","logger":"task"}
{"timestamp":"2025-07-14T11:38:06.740615Z","level":"info","event":"media nan - desviacion nan","chan":"stdout","logger":"task"}
{"timestamp":"2025-07-14T11:38:06.740858Z","level":"info","event":"lim_inf nan","chan":"stdout","logger":"task"}
{"timestamp":"2025-07-14T11:38:06.741070Z","level":"info","event":"lim_sup nan","chan":"stdout","logger":"task"}
{"timestamp":"2025-07-14T11:38:06.741281Z","level":"info","event":"CORRECTO","chan":"stdout","logger":"task"}
{"timestamp":"2025-07-14T11:38:06.741616Z","level":"info","event":"franja 8 - 10","chan":"stdout","logger":"task"}
{"timestamp":"2025-07-14T11:38:06.749699Z","level":"info","event":"ultimo (240038, 12, datetime.datetime(2025, 7, 7, 9, 45), 203.72, 'valido')","chan":"stdout","logger":"task"}
{"timestamp":"2025-07-14T11:38:06.758575Z","level":"info","event":"[]","chan":"stdout","logger":"task"}
{"timestamp":"2025-07-14T11:38:06.758901Z","level":"info","event":"media nan - desviacion nan","chan":"stdout","logger":"task"}
{"timestamp":"2025-07-14T11:38:06.759113Z","level":"info","event":"lim_inf nan","chan":"stdout","logger":"task"}
{"timestamp":"2025-07-14T11:38:06.759451Z","level":"info","event":"lim_sup nan","chan":"stdout","logger":"task"}
{"timestamp":"2025-07-14T11:38:06.759652Z","level":"info","event":"CORRECTO","chan":"stdout","logger":"task"}
{"timestamp":"2025-07-14T11:38:06.759828Z","level":"info","event":"franja 8 - 10","chan":"stdout","logger":"task"}
{"timestamp":"2025-07-14T11:38:06.769087Z","level":"info","event":"ultimo (240402, 13, datetime.datetime(2025, 7, 7, 9, 45), 195.1, 'valido')","chan":"stdout","logger":"task"}
{"timestamp":"2025-07-14T11:38:06.777380Z","level":"info","event":"[]","chan":"stdout","logger":"task"}
{"timestamp":"2025-07-14T11:38:06.777765Z","level":"info","event":"media nan - desviacion nan","chan":"stdout","logger":"task"}
{"timestamp":"2025-07-14T11:38:06.777989Z","level":"info","event":"lim_inf nan","chan":"stdout","logger":"task"}
{"timestamp":"2025-07-14T11:38:06.778186Z","level":"info","event":"lim_sup nan","chan":"stdout","logger":"task"}
{"timestamp":"2025-07-14T11:38:06.778385Z","level":"info","event":"CORRECTO","chan":"stdout","logger":"task"}
{"timestamp":"2025-07-14T11:38:06.778583Z","level":"info","event":"franja 8 - 10","chan":"stdout","logger":"task"}
{"timestamp":"2025-07-14T11:38:06.786696Z","level":"info","event":"ultimo (240766, 14, datetime.datetime(2025, 7, 7, 9, 45), 192.38, 'valido')","chan":"stdout","logger":"task"}
{"timestamp":"2025-07-14T11:38:06.795692Z","level":"info","event":"[]","chan":"stdout","logger":"task"}
{"timestamp":"2025-07-14T11:38:06.796040Z","level":"info","event":"media nan - desviacion nan","chan":"stdout","logger":"task"}
{"timestamp":"2025-07-14T11:38:06.796213Z","level":"info","event":"lim_inf nan","chan":"stdout","logger":"task"}
{"timestamp":"2025-07-14T11:38:06.796361Z","level":"info","event":"lim_sup nan","chan":"stdout","logger":"task"}
{"timestamp":"2025-07-14T11:38:06.796507Z","level":"info","event":"CORRECTO","chan":"stdout","logger":"task"}
{"timestamp":"2025-07-14T11:38:06.796652Z","level":"info","event":"franja 8 - 10","chan":"stdout","logger":"task"}
{"timestamp":"2025-07-14T11:38:06.805465Z","level":"info","event":"ultimo (241130, 15, datetime.datetime(2025, 7, 7, 9, 45), 197.97, 'valido')","chan":"stdout","logger":"task"}
{"timestamp":"2025-07-14T11:38:06.815839Z","level":"info","event":"[]","chan":"stdout","logger":"task"}
{"timestamp":"2025-07-14T11:38:06.816340Z","level":"info","event":"media nan - desviacion nan","chan":"stdout","logger":"task"}
{"timestamp":"2025-07-14T11:38:06.816626Z","level":"info","event":"lim_inf nan","chan":"stdout","logger":"task"}
{"timestamp":"2025-07-14T11:38:06.816838Z","level":"info","event":"lim_sup nan","chan":"stdout","logger":"task"}
{"timestamp":"2025-07-14T11:38:06.817039Z","level":"info","event":"CORRECTO","chan":"stdout","logger":"task"}
{"timestamp":"2025-07-14T11:38:06.817238Z","level":"info","event":"franja 8 - 10","chan":"stdout","logger":"task"}
{"timestamp":"2025-07-14T11:38:06.827623Z","level":"info","event":"ultimo (241494, 16, datetime.datetime(2025, 7, 7, 9, 45), 202.27, 'valido')","chan":"stdout","logger":"task"}
{"timestamp":"2025-07-14T11:38:06.838236Z","level":"info","event":"[]","chan":"stdout","logger":"task"}
{"timestamp":"2025-07-14T11:38:06.838680Z","level":"info","event":"media nan - desviacion nan","chan":"stdout","logger":"task"}
{"timestamp":"2025-07-14T11:38:06.838936Z","level":"info","event":"lim_inf nan","chan":"stdout","logger":"task"}
{"timestamp":"2025-07-14T11:38:06.839135Z","level":"info","event":"lim_sup nan","chan":"stdout","logger":"task"}
{"timestamp":"2025-07-14T11:38:06.842251Z","level":"info","event":"CORRECTO","chan":"stdout","logger":"task"}
{"timestamp":"2025-07-14T11:38:06.842574Z","level":"info","event":"franja 8 - 10","chan":"stdout","logger":"task"}
{"timestamp":"2025-07-14T11:38:06.850461Z","level":"info","event":"ultimo (241858, 17, datetime.datetime(2025, 7, 7, 9, 45), 183.59, 'valido')","chan":"stdout","logger":"task"}
{"timestamp":"2025-07-14T11:38:06.861545Z","level":"info","event":"[]","chan":"stdout","logger":"task"}
{"timestamp":"2025-07-14T11:38:06.862781Z","level":"info","event":"media nan - desviacion nan","chan":"stdout","logger":"task"}
{"timestamp":"2025-07-14T11:38:06.863112Z","level":"info","event":"lim_inf nan","chan":"stdout","logger":"task"}
{"timestamp":"2025-07-14T11:38:06.863367Z","level":"info","event":"lim_sup nan","chan":"stdout","logger":"task"}
{"timestamp":"2025-07-14T11:38:06.863584Z","level":"info","event":"CORRECTO","chan":"stdout","logger":"task"}
{"timestamp":"2025-07-14T11:38:06.863790Z","level":"info","event":"franja 8 - 10","chan":"stdout","logger":"task"}
{"timestamp":"2025-07-14T11:38:06.872839Z","level":"info","event":"ultimo (242222, 18, datetime.datetime(2025, 7, 7, 9, 45), 189.89, 'valido')","chan":"stdout","logger":"task"}
{"timestamp":"2025-07-14T11:38:06.883303Z","level":"info","event":"[]","chan":"stdout","logger":"task"}
{"timestamp":"2025-07-14T11:38:06.883767Z","level":"info","event":"media nan - desviacion nan","chan":"stdout","logger":"task"}
{"timestamp":"2025-07-14T11:38:06.884036Z","level":"info","event":"lim_inf nan","chan":"stdout","logger":"task"}
{"timestamp":"2025-07-14T11:38:06.884251Z","level":"info","event":"lim_sup nan","chan":"stdout","logger":"task"}
{"timestamp":"2025-07-14T11:38:06.884448Z","level":"info","event":"CORRECTO","chan":"stdout","logger":"task"}
{"timestamp":"2025-07-14T11:38:06.884650Z","level":"info","event":"franja 8 - 10","chan":"stdout","logger":"task"}
{"timestamp":"2025-07-14T11:38:06.894227Z","level":"info","event":"ultimo (242586, 19, datetime.datetime(2025, 7, 7, 9, 45), 191.26, 'valido')","chan":"stdout","logger":"task"}
{"timestamp":"2025-07-14T11:38:06.904913Z","level":"info","event":"[]","chan":"stdout","logger":"task"}
{"timestamp":"2025-07-14T11:38:06.905392Z","level":"info","event":"media nan - desviacion nan","chan":"stdout","logger":"task"}
{"timestamp":"2025-07-14T11:38:06.905650Z","level":"info","event":"lim_inf nan","chan":"stdout","logger":"task"}
{"timestamp":"2025-07-14T11:38:06.905858Z","level":"info","event":"lim_sup nan","chan":"stdout","logger":"task"}
{"timestamp":"2025-07-14T11:38:06.906061Z","level":"info","event":"CORRECTO","chan":"stdout","logger":"task"}
{"timestamp":"2025-07-14T11:38:06.906260Z","level":"info","event":"franja 8 - 10","chan":"stdout","logger":"task"}
{"timestamp":"2025-07-14T11:38:06.914750Z","level":"info","event":"ultimo (242950, 20, datetime.datetime(2025, 7, 7, 9, 45), 190.94, 'valido')","chan":"stdout","logger":"task"}
{"timestamp":"2025-07-14T11:38:06.926313Z","level":"info","event":"[]","chan":"stdout","logger":"task"}
{"timestamp":"2025-07-14T11:38:06.926780Z","level":"info","event":"media nan - desviacion nan","chan":"stdout","logger":"task"}
{"timestamp":"2025-07-14T11:38:06.927044Z","level":"info","event":"lim_inf nan","chan":"stdout","logger":"task"}
{"timestamp":"2025-07-14T11:38:06.927257Z","level":"info","event":"lim_sup nan","chan":"stdout","logger":"task"}
{"timestamp":"2025-07-14T11:38:06.927490Z","level":"info","event":"CORRECTO","chan":"stdout","logger":"task"}
{"timestamp":"2025-07-14T11:38:06.927702Z","level":"info","event":"franja 8 - 10","chan":"stdout","logger":"task"}
{"timestamp":"2025-07-14T11:38:06.935999Z","level":"info","event":"ultimo (243314, 21, datetime.datetime(2025, 7, 7, 9, 45), 200.41, 'valido')","chan":"stdout","logger":"task"}
{"timestamp":"2025-07-14T11:38:06.945491Z","level":"info","event":"[]","chan":"stdout","logger":"task"}
{"timestamp":"2025-07-14T11:38:06.946024Z","level":"info","event":"media nan - desviacion nan","chan":"stdout","logger":"task"}
{"timestamp":"2025-07-14T11:38:06.946340Z","level":"info","event":"lim_inf nan","chan":"stdout","logger":"task"}
{"timestamp":"2025-07-14T11:38:06.946534Z","level":"info","event":"lim_sup nan","chan":"stdout","logger":"task"}
{"timestamp":"2025-07-14T11:38:06.946736Z","level":"info","event":"CORRECTO","chan":"stdout","logger":"task"}
{"timestamp":"2025-07-14T11:38:06.946925Z","level":"info","event":"franja 8 - 10","chan":"stdout","logger":"task"}
{"timestamp":"2025-07-14T11:38:06.955118Z","level":"info","event":"ultimo (243678, 22, datetime.datetime(2025, 7, 7, 9, 45), 204.44, 'valido')","chan":"stdout","logger":"task"}
{"timestamp":"2025-07-14T11:38:06.967548Z","level":"info","event":"[]","chan":"stdout","logger":"task"}
{"timestamp":"2025-07-14T11:38:06.968004Z","level":"info","event":"media nan - desviacion nan","chan":"stdout","logger":"task"}
{"timestamp":"2025-07-14T11:38:06.968241Z","level":"info","event":"lim_inf nan","chan":"stdout","logger":"task"}
{"timestamp":"2025-07-14T11:38:06.968446Z","level":"info","event":"lim_sup nan","chan":"stdout","logger":"task"}
{"timestamp":"2025-07-14T11:38:06.968648Z","level":"info","event":"CORRECTO","chan":"stdout","logger":"task"}
{"timestamp":"2025-07-14T11:38:06.968851Z","level":"info","event":"franja 8 - 10","chan":"stdout","logger":"task"}
{"timestamp":"2025-07-14T11:38:06.984807Z","level":"info","event":"ultimo (244042, 23, datetime.datetime(2025, 7, 7, 9, 45), 186.84, 'valido')","chan":"stdout","logger":"task"}
{"timestamp":"2025-07-14T11:38:06.998974Z","level":"info","event":"[]","chan":"stdout","logger":"task"}
{"timestamp":"2025-07-14T11:38:06.999496Z","level":"info","event":"media nan - desviacion nan","chan":"stdout","logger":"task"}
{"timestamp":"2025-07-14T11:38:06.999815Z","level":"info","event":"lim_inf nan","chan":"stdout","logger":"task"}
{"timestamp":"2025-07-14T11:38:07.000052Z","level":"info","event":"lim_sup nan","chan":"stdout","logger":"task"}
{"timestamp":"2025-07-14T11:38:07.000268Z","level":"info","event":"CORRECTO","chan":"stdout","logger":"task"}
{"timestamp":"2025-07-14T11:38:07.000486Z","level":"info","event":"franja 8 - 10","chan":"stdout","logger":"task"}
{"timestamp":"2025-07-14T11:38:07.008780Z","level":"info","event":"ultimo (244406, 24, datetime.datetime(2025, 7, 7, 9, 45), 201.11, 'valido')","chan":"stdout","logger":"task"}
{"timestamp":"2025-07-14T11:38:07.015392Z","level":"info","event":"[]","chan":"stdout","logger":"task"}
{"timestamp":"2025-07-14T11:38:07.015853Z","level":"info","event":"media nan - desviacion nan","chan":"stdout","logger":"task"}
{"timestamp":"2025-07-14T11:38:07.016121Z","level":"info","event":"lim_inf nan","chan":"stdout","logger":"task"}
{"timestamp":"2025-07-14T11:38:07.016317Z","level":"info","event":"lim_sup nan","chan":"stdout","logger":"task"}
{"timestamp":"2025-07-14T11:38:07.016497Z","level":"info","event":"CORRECTO","chan":"stdout","logger":"task"}
{"timestamp":"2025-07-14T11:38:07.016680Z","level":"info","event":"franja 8 - 10","chan":"stdout","logger":"task"}
{"timestamp":"2025-07-14T11:38:07.026967Z","level":"info","event":"ultimo (244770, 25, datetime.datetime(2025, 7, 7, 9, 45), 189.03, 'valido')","chan":"stdout","logger":"task"}
{"timestamp":"2025-07-14T11:38:07.036062Z","level":"info","event":"[]","chan":"stdout","logger":"task"}
{"timestamp":"2025-07-14T11:38:07.036385Z","level":"info","event":"media nan - desviacion nan","chan":"stdout","logger":"task"}
{"timestamp":"2025-07-14T11:38:07.036575Z","level":"info","event":"lim_inf nan","chan":"stdout","logger":"task"}
{"timestamp":"2025-07-14T11:38:07.036737Z","level":"info","event":"lim_sup nan","chan":"stdout","logger":"task"}
{"timestamp":"2025-07-14T11:38:07.036897Z","level":"info","event":"CORRECTO","chan":"stdout","logger":"task"}
{"timestamp":"2025-07-14T11:38:07.037056Z","level":"info","event":"franja 8 - 10","chan":"stdout","logger":"task"}
{"timestamp":"2025-07-14T11:38:07.046132Z","level":"info","event":"ultimo (245134, 26, datetime.datetime(2025, 7, 7, 9, 45), 183.35, 'valido')","chan":"stdout","logger":"task"}
{"timestamp":"2025-07-14T11:38:07.056242Z","level":"info","event":"[]","chan":"stdout","logger":"task"}
{"timestamp":"2025-07-14T11:38:07.056570Z","level":"info","event":"media nan - desviacion nan","chan":"stdout","logger":"task"}
{"timestamp":"2025-07-14T11:38:07.056776Z","level":"info","event":"lim_inf nan","chan":"stdout","logger":"task"}
{"timestamp":"2025-07-14T11:38:07.056969Z","level":"info","event":"lim_sup nan","chan":"stdout","logger":"task"}
{"timestamp":"2025-07-14T11:38:07.057156Z","level":"info","event":"CORRECTO","chan":"stdout","logger":"task"}
{"timestamp":"2025-07-14T11:38:07.057373Z","level":"info","event":"franja 8 - 10","chan":"stdout","logger":"task"}
{"timestamp":"2025-07-14T11:38:07.066845Z","level":"info","event":"ultimo (245498, 27, datetime.datetime(2025, 7, 7, 9, 45), 199.67, 'valido')","chan":"stdout","logger":"task"}
{"timestamp":"2025-07-14T11:38:07.076921Z","level":"info","event":"[]","chan":"stdout","logger":"task"}
{"timestamp":"2025-07-14T11:38:07.077222Z","level":"info","event":"media nan - desviacion nan","chan":"stdout","logger":"task"}
{"timestamp":"2025-07-14T11:38:07.077426Z","level":"info","event":"lim_inf nan","chan":"stdout","logger":"task"}
{"timestamp":"2025-07-14T11:38:07.077615Z","level":"info","event":"lim_sup nan","chan":"stdout","logger":"task"}
{"timestamp":"2025-07-14T11:38:07.077801Z","level":"info","event":"CORRECTO","chan":"stdout","logger":"task"}
{"timestamp":"2025-07-14T11:38:07.077988Z","level":"info","event":"franja 8 - 10","chan":"stdout","logger":"task"}
{"timestamp":"2025-07-14T11:38:07.088397Z","level":"info","event":"ultimo (245862, 28, datetime.datetime(2025, 7, 7, 9, 45), 200.84, 'valido')","chan":"stdout","logger":"task"}
{"timestamp":"2025-07-14T11:38:07.098743Z","level":"info","event":"[]","chan":"stdout","logger":"task"}
{"timestamp":"2025-07-14T11:38:07.099094Z","level":"info","event":"media nan - desviacion nan","chan":"stdout","logger":"task"}
{"timestamp":"2025-07-14T11:38:07.099337Z","level":"info","event":"lim_inf nan","chan":"stdout","logger":"task"}
{"timestamp":"2025-07-14T11:38:07.099569Z","level":"info","event":"lim_sup nan","chan":"stdout","logger":"task"}
{"timestamp":"2025-07-14T11:38:07.099779Z","level":"info","event":"CORRECTO","chan":"stdout","logger":"task"}
{"timestamp":"2025-07-14T11:38:07.099981Z","level":"info","event":"franja 8 - 10","chan":"stdout","logger":"task"}
{"timestamp":"2025-07-14T11:38:07.110088Z","level":"info","event":"ultimo (246226, 29, datetime.datetime(2025, 7, 7, 9, 45), 196.0, 'valido')","chan":"stdout","logger":"task"}
{"timestamp":"2025-07-14T11:38:07.120774Z","level":"info","event":"[]","chan":"stdout","logger":"task"}
{"timestamp":"2025-07-14T11:38:07.121158Z","level":"info","event":"media nan - desviacion nan","chan":"stdout","logger":"task"}
{"timestamp":"2025-07-14T11:38:07.121416Z","level":"info","event":"lim_inf nan","chan":"stdout","logger":"task"}
{"timestamp":"2025-07-14T11:38:07.121644Z","level":"info","event":"lim_sup nan","chan":"stdout","logger":"task"}
{"timestamp":"2025-07-14T11:38:07.121858Z","level":"info","event":"CORRECTO","chan":"stdout","logger":"task"}
{"timestamp":"2025-07-14T11:38:07.122077Z","level":"info","event":"franja 8 - 10","chan":"stdout","logger":"task"}
{"timestamp":"2025-07-14T11:38:07.132556Z","level":"info","event":"ultimo (246590, 30, datetime.datetime(2025, 7, 7, 9, 45), 192.25, 'valido')","chan":"stdout","logger":"task"}
{"timestamp":"2025-07-14T11:38:07.143203Z","level":"info","event":"[]","chan":"stdout","logger":"task"}
{"timestamp":"2025-07-14T11:38:07.143591Z","level":"info","event":"media nan - desviacion nan","chan":"stdout","logger":"task"}
{"timestamp":"2025-07-14T11:38:07.143855Z","level":"info","event":"lim_inf nan","chan":"stdout","logger":"task"}
{"timestamp":"2025-07-14T11:38:07.144100Z","level":"info","event":"lim_sup nan","chan":"stdout","logger":"task"}
{"timestamp":"2025-07-14T11:38:07.144329Z","level":"info","event":"CORRECTO","chan":"stdout","logger":"task"}
{"timestamp":"2025-07-14T11:38:07.144553Z","level":"info","event":"franja 8 - 10","chan":"stdout","logger":"task"}
{"timestamp":"2025-07-14T11:38:07.154982Z","level":"info","event":"ultimo (246954, 31, datetime.datetime(2025, 7, 7, 9, 45), 185.78, 'valido')","chan":"stdout","logger":"task"}
{"timestamp":"2025-07-14T11:38:07.165836Z","level":"info","event":"[]","chan":"stdout","logger":"task"}
{"timestamp":"2025-07-14T11:38:07.166222Z","level":"info","event":"media nan - desviacion nan","chan":"stdout","logger":"task"}
{"timestamp":"2025-07-14T11:38:07.166497Z","level":"info","event":"lim_inf nan","chan":"stdout","logger":"task"}
{"timestamp":"2025-07-14T11:38:07.166778Z","level":"info","event":"lim_sup nan","chan":"stdout","logger":"task"}
{"timestamp":"2025-07-14T11:38:07.167038Z","level":"info","event":"CORRECTO","chan":"stdout","logger":"task"}
{"timestamp":"2025-07-14T11:38:07.167314Z","level":"info","event":"franja 8 - 10","chan":"stdout","logger":"task"}
{"timestamp":"2025-07-14T11:38:07.179972Z","level":"info","event":"ultimo (247318, 32, datetime.datetime(2025, 7, 7, 9, 45), 180.12, 'valido')","chan":"stdout","logger":"task"}
{"timestamp":"2025-07-14T11:38:07.190136Z","level":"info","event":"[]","chan":"stdout","logger":"task"}
{"timestamp":"2025-07-14T11:38:07.190473Z","level":"info","event":"media nan - desviacion nan","chan":"stdout","logger":"task"}
{"timestamp":"2025-07-14T11:38:07.190703Z","level":"info","event":"lim_inf nan","chan":"stdout","logger":"task"}
{"timestamp":"2025-07-14T11:38:07.190907Z","level":"info","event":"lim_sup nan","chan":"stdout","logger":"task"}
{"timestamp":"2025-07-14T11:38:07.191104Z","level":"info","event":"CORRECTO","chan":"stdout","logger":"task"}
{"timestamp":"2025-07-14T11:38:07.191374Z","level":"info","event":"franja 8 - 10","chan":"stdout","logger":"task"}
{"timestamp":"2025-07-14T11:38:07.201241Z","level":"info","event":"ultimo (247682, 33, datetime.datetime(2025, 7, 7, 9, 45), 197.19, 'valido')","chan":"stdout","logger":"task"}
{"timestamp":"2025-07-14T11:38:07.212797Z","level":"info","event":"[]","chan":"stdout","logger":"task"}
{"timestamp":"2025-07-14T11:38:07.213890Z","level":"info","event":"media nan - desviacion nan","chan":"stdout","logger":"task"}
{"timestamp":"2025-07-14T11:38:07.214244Z","level":"info","event":"lim_inf nan","chan":"stdout","logger":"task"}
{"timestamp":"2025-07-14T11:38:07.214484Z","level":"info","event":"lim_sup nan","chan":"stdout","logger":"task"}
{"timestamp":"2025-07-14T11:38:07.214708Z","level":"info","event":"CORRECTO","chan":"stdout","logger":"task"}
{"timestamp":"2025-07-14T11:38:07.214934Z","level":"info","event":"franja 8 - 10","chan":"stdout","logger":"task"}
{"timestamp":"2025-07-14T11:38:07.226747Z","level":"info","event":"ultimo (248046, 34, datetime.datetime(2025, 7, 7, 9, 45), 198.47, 'valido')","chan":"stdout","logger":"task"}
{"timestamp":"2025-07-14T11:38:07.242259Z","level":"info","event":"[]","chan":"stdout","logger":"task"}
{"timestamp":"2025-07-14T11:38:07.242628Z","level":"info","event":"media nan - desviacion nan","chan":"stdout","logger":"task"}
{"timestamp":"2025-07-14T11:38:07.242879Z","level":"info","event":"lim_inf nan","chan":"stdout","logger":"task"}
{"timestamp":"2025-07-14T11:38:07.243112Z","level":"info","event":"lim_sup nan","chan":"stdout","logger":"task"}
{"timestamp":"2025-07-14T11:38:07.243371Z","level":"info","event":"CORRECTO","chan":"stdout","logger":"task"}
{"timestamp":"2025-07-14T11:38:07.243596Z","level":"info","event":"franja 8 - 10","chan":"stdout","logger":"task"}
{"timestamp":"2025-07-14T11:38:07.254037Z","level":"info","event":"ultimo (248410, 35, datetime.datetime(2025, 7, 7, 9, 45), 190.42, 'valido')","chan":"stdout","logger":"task"}
{"timestamp":"2025-07-14T11:38:07.264982Z","level":"info","event":"[]","chan":"stdout","logger":"task"}
{"timestamp":"2025-07-14T11:38:07.265360Z","level":"info","event":"media nan - desviacion nan","chan":"stdout","logger":"task"}
{"timestamp":"2025-07-14T11:38:07.265621Z","level":"info","event":"lim_inf nan","chan":"stdout","logger":"task"}
{"timestamp":"2025-07-14T11:38:07.265866Z","level":"info","event":"lim_sup nan","chan":"stdout","logger":"task"}
{"timestamp":"2025-07-14T11:38:07.266097Z","level":"info","event":"CORRECTO","chan":"stdout","logger":"task"}
{"timestamp":"2025-07-14T11:38:07.266337Z","level":"info","event":"franja 8 - 10","chan":"stdout","logger":"task"}
{"timestamp":"2025-07-14T11:38:07.277191Z","level":"info","event":"ultimo (248774, 36, datetime.datetime(2025, 7, 7, 9, 45), 196.37, 'valido')","chan":"stdout","logger":"task"}
{"timestamp":"2025-07-14T11:38:07.288236Z","level":"info","event":"[]","chan":"stdout","logger":"task"}
{"timestamp":"2025-07-14T11:38:07.288606Z","level":"info","event":"media nan - desviacion nan","chan":"stdout","logger":"task"}
{"timestamp":"2025-07-14T11:38:07.288872Z","level":"info","event":"lim_inf nan","chan":"stdout","logger":"task"}
{"timestamp":"2025-07-14T11:38:07.289102Z","level":"info","event":"lim_sup nan","chan":"stdout","logger":"task"}
{"timestamp":"2025-07-14T11:38:07.289336Z","level":"info","event":"CORRECTO","chan":"stdout","logger":"task"}
{"timestamp":"2025-07-14T11:38:07.289546Z","level":"info","event":"franja 8 - 10","chan":"stdout","logger":"task"}
{"timestamp":"2025-07-14T11:38:07.300467Z","level":"info","event":"ultimo (249138, 37, datetime.datetime(2025, 7, 7, 9, 45), 224.52, 'valido')","chan":"stdout","logger":"task"}
{"timestamp":"2025-07-14T11:38:07.313989Z","level":"info","event":"[]","chan":"stdout","logger":"task"}
{"timestamp":"2025-07-14T11:38:07.314333Z","level":"info","event":"media nan - desviacion nan","chan":"stdout","logger":"task"}
{"timestamp":"2025-07-14T11:38:07.314522Z","level":"info","event":"lim_inf nan","chan":"stdout","logger":"task"}
{"timestamp":"2025-07-14T11:38:07.314697Z","level":"info","event":"lim_sup nan","chan":"stdout","logger":"task"}
{"timestamp":"2025-07-14T11:38:07.314872Z","level":"info","event":"CORRECTO","chan":"stdout","logger":"task"}
{"timestamp":"2025-07-14T11:38:07.315043Z","level":"info","event":"franja 8 - 10","chan":"stdout","logger":"task"}
{"timestamp":"2025-07-14T11:38:07.327422Z","level":"info","event":"ultimo (249502, 38, datetime.datetime(2025, 7, 7, 9, 45), 215.7, 'valido')","chan":"stdout","logger":"task"}
{"timestamp":"2025-07-14T11:38:07.334304Z","level":"info","event":"[]","chan":"stdout","logger":"task"}
{"timestamp":"2025-07-14T11:38:07.334751Z","level":"info","event":"media nan - desviacion nan","chan":"stdout","logger":"task"}
{"timestamp":"2025-07-14T11:38:07.334966Z","level":"info","event":"lim_inf nan","chan":"stdout","logger":"task"}
{"timestamp":"2025-07-14T11:38:07.335146Z","level":"info","event":"lim_sup nan","chan":"stdout","logger":"task"}
{"timestamp":"2025-07-14T11:38:07.335350Z","level":"info","event":"CORRECTO","chan":"stdout","logger":"task"}
{"timestamp":"2025-07-14T11:38:07.335529Z","level":"info","event":"franja 8 - 10","chan":"stdout","logger":"task"}
{"timestamp":"2025-07-14T11:38:07.345847Z","level":"info","event":"ultimo (249866, 39, datetime.datetime(2025, 7, 7, 9, 45), 206.42, 'valido')","chan":"stdout","logger":"task"}
{"timestamp":"2025-07-14T11:38:07.356312Z","level":"info","event":"[]","chan":"stdout","logger":"task"}
{"timestamp":"2025-07-14T11:38:07.356777Z","level":"info","event":"media nan - desviacion nan","chan":"stdout","logger":"task"}
{"timestamp":"2025-07-14T11:38:07.356993Z","level":"info","event":"lim_inf nan","chan":"stdout","logger":"task"}
{"timestamp":"2025-07-14T11:38:07.357173Z","level":"info","event":"lim_sup nan","chan":"stdout","logger":"task"}
{"timestamp":"2025-07-14T11:38:07.357345Z","level":"info","event":"CORRECTO","chan":"stdout","logger":"task"}
{"timestamp":"2025-07-14T11:38:07.357517Z","level":"info","event":"franja 8 - 10","chan":"stdout","logger":"task"}
{"timestamp":"2025-07-14T11:38:07.368686Z","level":"info","event":"ultimo (250230, 40, datetime.datetime(2025, 7, 7, 9, 45), 212.31, 'valido')","chan":"stdout","logger":"task"}
{"timestamp":"2025-07-14T11:38:07.378338Z","level":"info","event":"[]","chan":"stdout","logger":"task"}
{"timestamp":"2025-07-14T11:38:07.378813Z","level":"info","event":"media nan - desviacion nan","chan":"stdout","logger":"task"}
{"timestamp":"2025-07-14T11:38:07.379050Z","level":"info","event":"lim_inf nan","chan":"stdout","logger":"task"}
{"timestamp":"2025-07-14T11:38:07.379250Z","level":"info","event":"lim_sup nan","chan":"stdout","logger":"task"}
{"timestamp":"2025-07-14T11:38:07.379486Z","level":"info","event":"CORRECTO","chan":"stdout","logger":"task"}
{"timestamp":"2025-07-14T11:38:07.379678Z","level":"info","event":"franja 8 - 10","chan":"stdout","logger":"task"}
{"timestamp":"2025-07-14T11:38:07.390337Z","level":"info","event":"ultimo (250594, 41, datetime.datetime(2025, 7, 7, 9, 45), 187.16, 'valido')","chan":"stdout","logger":"task"}
{"timestamp":"2025-07-14T11:38:07.396961Z","level":"info","event":"[]","chan":"stdout","logger":"task"}
{"timestamp":"2025-07-14T11:38:07.397364Z","level":"info","event":"media nan - desviacion nan","chan":"stdout","logger":"task"}
{"timestamp":"2025-07-14T11:38:07.397593Z","level":"info","event":"lim_inf nan","chan":"stdout","logger":"task"}
{"timestamp":"2025-07-14T11:38:07.397802Z","level":"info","event":"lim_sup nan","chan":"stdout","logger":"task"}
{"timestamp":"2025-07-14T11:38:07.398000Z","level":"info","event":"CORRECTO","chan":"stdout","logger":"task"}
{"timestamp":"2025-07-14T11:38:07.398211Z","level":"info","event":"franja 8 - 10","chan":"stdout","logger":"task"}
{"timestamp":"2025-07-14T11:38:07.406828Z","level":"info","event":"ultimo (250958, 42, datetime.datetime(2025, 7, 7, 9, 45), 212.26, 'valido')","chan":"stdout","logger":"task"}
{"timestamp":"2025-07-14T11:38:07.418558Z","level":"info","event":"[]","chan":"stdout","logger":"task"}
{"timestamp":"2025-07-14T11:38:07.418905Z","level":"info","event":"media nan - desviacion nan","chan":"stdout","logger":"task"}
{"timestamp":"2025-07-14T11:38:07.419131Z","level":"info","event":"lim_inf nan","chan":"stdout","logger":"task"}
{"timestamp":"2025-07-14T11:38:07.419358Z","level":"info","event":"lim_sup nan","chan":"stdout","logger":"task"}
{"timestamp":"2025-07-14T11:38:07.419547Z","level":"info","event":"CORRECTO","chan":"stdout","logger":"task"}
{"timestamp":"2025-07-14T11:38:07.419731Z","level":"info","event":"franja 8 - 10","chan":"stdout","logger":"task"}
{"timestamp":"2025-07-14T11:38:07.425870Z","level":"info","event":"ultimo (251322, 43, datetime.datetime(2025, 7, 7, 9, 45), 203.93, 'valido')","chan":"stdout","logger":"task"}
{"timestamp":"2025-07-14T11:38:07.436232Z","level":"info","event":"[]","chan":"stdout","logger":"task"}
{"timestamp":"2025-07-14T11:38:07.436621Z","level":"info","event":"media nan - desviacion nan","chan":"stdout","logger":"task"}
{"timestamp":"2025-07-14T11:38:07.436822Z","level":"info","event":"lim_inf nan","chan":"stdout","logger":"task"}
{"timestamp":"2025-07-14T11:38:07.437007Z","level":"info","event":"lim_sup nan","chan":"stdout","logger":"task"}
{"timestamp":"2025-07-14T11:38:07.437190Z","level":"info","event":"CORRECTO","chan":"stdout","logger":"task"}
{"timestamp":"2025-07-14T11:38:07.437373Z","level":"info","event":"franja 8 - 10","chan":"stdout","logger":"task"}
{"timestamp":"2025-07-14T11:38:07.446669Z","level":"info","event":"ultimo (251686, 44, datetime.datetime(2025, 7, 7, 9, 45), 190.66, 'valido')","chan":"stdout","logger":"task"}
{"timestamp":"2025-07-14T11:38:07.457884Z","level":"info","event":"[]","chan":"stdout","logger":"task"}
{"timestamp":"2025-07-14T11:38:07.458244Z","level":"info","event":"media nan - desviacion nan","chan":"stdout","logger":"task"}
{"timestamp":"2025-07-14T11:38:07.458520Z","level":"info","event":"lim_inf nan","chan":"stdout","logger":"task"}
{"timestamp":"2025-07-14T11:38:07.458746Z","level":"info","event":"lim_sup nan","chan":"stdout","logger":"task"}
{"timestamp":"2025-07-14T11:38:07.458976Z","level":"info","event":"CORRECTO","chan":"stdout","logger":"task"}
{"timestamp":"2025-07-14T11:38:07.459196Z","level":"info","event":"franja 8 - 10","chan":"stdout","logger":"task"}
{"timestamp":"2025-07-14T11:38:07.467843Z","level":"info","event":"ultimo (252050, 45, datetime.datetime(2025, 7, 7, 9, 45), 206.71, 'valido')","chan":"stdout","logger":"task"}
{"timestamp":"2025-07-14T11:38:07.478897Z","level":"info","event":"[]","chan":"stdout","logger":"task"}
{"timestamp":"2025-07-14T11:38:07.479200Z","level":"info","event":"media nan - desviacion nan","chan":"stdout","logger":"task"}
{"timestamp":"2025-07-14T11:38:07.481972Z","level":"info","event":"lim_inf nan","chan":"stdout","logger":"task"}
{"timestamp":"2025-07-14T11:38:07.482253Z","level":"info","event":"lim_sup nan","chan":"stdout","logger":"task"}
{"timestamp":"2025-07-14T11:38:07.482483Z","level":"info","event":"CORRECTO","chan":"stdout","logger":"task"}
{"timestamp":"2025-07-14T11:38:07.482743Z","level":"info","event":"franja 8 - 10","chan":"stdout","logger":"task"}
{"timestamp":"2025-07-14T11:38:07.491418Z","level":"info","event":"ultimo (252414, 46, datetime.datetime(2025, 7, 7, 9, 45), 184.96, 'valido')","chan":"stdout","logger":"task"}
{"timestamp":"2025-07-14T11:38:07.505101Z","level":"info","event":"[]","chan":"stdout","logger":"task"}
{"timestamp":"2025-07-14T11:38:07.505472Z","level":"info","event":"media nan - desviacion nan","chan":"stdout","logger":"task"}
{"timestamp":"2025-07-14T11:38:07.505689Z","level":"info","event":"lim_inf nan","chan":"stdout","logger":"task"}
{"timestamp":"2025-07-14T11:38:07.505885Z","level":"info","event":"lim_sup nan","chan":"stdout","logger":"task"}
{"timestamp":"2025-07-14T11:38:07.506078Z","level":"info","event":"CORRECTO","chan":"stdout","logger":"task"}
{"timestamp":"2025-07-14T11:38:07.506265Z","level":"info","event":"franja 8 - 10","chan":"stdout","logger":"task"}
{"timestamp":"2025-07-14T11:38:07.514701Z","level":"info","event":"ultimo (252778, 47, datetime.datetime(2025, 7, 7, 9, 45), 185.49, 'valido')","chan":"stdout","logger":"task"}
{"timestamp":"2025-07-14T11:38:07.525708Z","level":"info","event":"[]","chan":"stdout","logger":"task"}
{"timestamp":"2025-07-14T11:38:07.526224Z","level":"info","event":"media nan - desviacion nan","chan":"stdout","logger":"task"}
{"timestamp":"2025-07-14T11:38:07.526506Z","level":"info","event":"lim_inf nan","chan":"stdout","logger":"task"}
{"timestamp":"2025-07-14T11:38:07.526708Z","level":"info","event":"lim_sup nan","chan":"stdout","logger":"task"}
{"timestamp":"2025-07-14T11:38:07.526895Z","level":"info","event":"CORRECTO","chan":"stdout","logger":"task"}
{"timestamp":"2025-07-14T11:38:07.527080Z","level":"info","event":"franja 8 - 10","chan":"stdout","logger":"task"}
{"timestamp":"2025-07-14T11:38:07.541535Z","level":"info","event":"ultimo (253142, 48, datetime.datetime(2025, 7, 7, 9, 45), 192.83, 'valido')","chan":"stdout","logger":"task"}
{"timestamp":"2025-07-14T11:38:07.557964Z","level":"info","event":"[]","chan":"stdout","logger":"task"}
{"timestamp":"2025-07-14T11:38:07.558295Z","level":"info","event":"media nan - desviacion nan","chan":"stdout","logger":"task"}
{"timestamp":"2025-07-14T11:38:07.558490Z","level":"info","event":"lim_inf nan","chan":"stdout","logger":"task"}
{"timestamp":"2025-07-14T11:38:07.558675Z","level":"info","event":"lim_sup nan","chan":"stdout","logger":"task"}
{"timestamp":"2025-07-14T11:38:07.558857Z","level":"info","event":"CORRECTO","chan":"stdout","logger":"task"}
{"timestamp":"2025-07-14T11:38:07.559046Z","level":"info","event":"franja 8 - 10","chan":"stdout","logger":"task"}
{"timestamp":"2025-07-14T11:38:07.568555Z","level":"info","event":"ultimo (253506, 49, datetime.datetime(2025, 7, 7, 9, 45), 197.05, 'valido')","chan":"stdout","logger":"task"}
{"timestamp":"2025-07-14T11:38:07.579320Z","level":"info","event":"[]","chan":"stdout","logger":"task"}
{"timestamp":"2025-07-14T11:38:07.579678Z","level":"info","event":"media nan - desviacion nan","chan":"stdout","logger":"task"}
{"timestamp":"2025-07-14T11:38:07.579839Z","level":"info","event":"lim_inf nan","chan":"stdout","logger":"task"}
{"timestamp":"2025-07-14T11:38:07.580015Z","level":"info","event":"lim_sup nan","chan":"stdout","logger":"task"}
{"timestamp":"2025-07-14T11:38:07.580196Z","level":"info","event":"CORRECTO","chan":"stdout","logger":"task"}
{"timestamp":"2025-07-14T11:38:07.580400Z","level":"info","event":"franja 8 - 10","chan":"stdout","logger":"task"}
{"timestamp":"2025-07-14T11:38:07.589820Z","level":"info","event":"ultimo (253870, 50, datetime.datetime(2025, 7, 7, 9, 45), 212.36, 'valido')","chan":"stdout","logger":"task"}
{"timestamp":"2025-07-14T11:38:07.599657Z","level":"info","event":"[]","chan":"stdout","logger":"task"}
{"timestamp":"2025-07-14T11:38:07.600115Z","level":"info","event":"media nan - desviacion nan","chan":"stdout","logger":"task"}
{"timestamp":"2025-07-14T11:38:07.600398Z","level":"info","event":"lim_inf nan","chan":"stdout","logger":"task"}
{"timestamp":"2025-07-14T11:38:07.600669Z","level":"info","event":"lim_sup nan","chan":"stdout","logger":"task"}
{"timestamp":"2025-07-14T11:38:07.600931Z","level":"info","event":"CORRECTO","chan":"stdout","logger":"task"}
{"timestamp":"2025-07-14T11:38:07.601149Z","level":"info","event":"franja 8 - 10","chan":"stdout","logger":"task"}
{"timestamp":"2025-07-14T11:38:07.610714Z","level":"info","event":"ultimo (254234, 51, datetime.datetime(2025, 7, 7, 9, 45), 223.34, 'valido')","chan":"stdout","logger":"task"}
{"timestamp":"2025-07-14T11:38:07.620037Z","level":"info","event":"[]","chan":"stdout","logger":"task"}
{"timestamp":"2025-07-14T11:38:07.620415Z","level":"info","event":"media nan - desviacion nan","chan":"stdout","logger":"task"}
{"timestamp":"2025-07-14T11:38:07.620605Z","level":"info","event":"lim_inf nan","chan":"stdout","logger":"task"}
{"timestamp":"2025-07-14T11:38:07.620953Z","level":"info","event":"lim_sup nan","chan":"stdout","logger":"task"}
{"timestamp":"2025-07-14T11:38:07.621191Z","level":"info","event":"CORRECTO","chan":"stdout","logger":"task"}
{"timestamp":"2025-07-14T11:38:07.621431Z","level":"info","event":"franja 8 - 10","chan":"stdout","logger":"task"}
{"timestamp":"2025-07-14T11:38:07.630151Z","level":"info","event":"ultimo (254598, 52, datetime.datetime(2025, 7, 7, 9, 45), 183.48, 'valido')","chan":"stdout","logger":"task"}
{"timestamp":"2025-07-14T11:38:07.639908Z","level":"info","event":"[]","chan":"stdout","logger":"task"}
{"timestamp":"2025-07-14T11:38:07.640257Z","level":"info","event":"media nan - desviacion nan","chan":"stdout","logger":"task"}
{"timestamp":"2025-07-14T11:38:07.640499Z","level":"info","event":"lim_inf nan","chan":"stdout","logger":"task"}
{"timestamp":"2025-07-14T11:38:07.640707Z","level":"info","event":"lim_sup nan","chan":"stdout","logger":"task"}
{"timestamp":"2025-07-14T11:38:07.640953Z","level":"info","event":"CORRECTO","chan":"stdout","logger":"task"}
{"timestamp":"2025-07-14T11:38:07.641156Z","level":"info","event":"franja 8 - 10","chan":"stdout","logger":"task"}
{"timestamp":"2025-07-14T11:38:07.650633Z","level":"info","event":"ultimo (254962, 53, datetime.datetime(2025, 7, 7, 9, 45), 188.46, 'valido')","chan":"stdout","logger":"task"}
{"timestamp":"2025-07-14T11:38:07.659176Z","level":"info","event":"[]","chan":"stdout","logger":"task"}
{"timestamp":"2025-07-14T11:38:07.659905Z","level":"info","event":"media nan - desviacion nan","chan":"stdout","logger":"task"}
{"timestamp":"2025-07-14T11:38:07.660299Z","level":"info","event":"lim_inf nan","chan":"stdout","logger":"task"}
{"timestamp":"2025-07-14T11:38:07.660587Z","level":"info","event":"lim_sup nan","chan":"stdout","logger":"task"}
{"timestamp":"2025-07-14T11:38:07.660855Z","level":"info","event":"CORRECTO","chan":"stdout","logger":"task"}
{"timestamp":"2025-07-14T11:38:07.661069Z","level":"info","event":"franja 8 - 10","chan":"stdout","logger":"task"}
{"timestamp":"2025-07-14T11:38:07.669733Z","level":"info","event":"ultimo (255326, 54, datetime.datetime(2025, 7, 7, 9, 45), 193.33, 'valido')","chan":"stdout","logger":"task"}
{"timestamp":"2025-07-14T11:38:07.679113Z","level":"info","event":"[]","chan":"stdout","logger":"task"}
{"timestamp":"2025-07-14T11:38:07.679634Z","level":"info","event":"media nan - desviacion nan","chan":"stdout","logger":"task"}
{"timestamp":"2025-07-14T11:38:07.679921Z","level":"info","event":"lim_inf nan","chan":"stdout","logger":"task"}
{"timestamp":"2025-07-14T11:38:07.680155Z","level":"info","event":"lim_sup nan","chan":"stdout","logger":"task"}
{"timestamp":"2025-07-14T11:38:07.680362Z","level":"info","event":"CORRECTO","chan":"stdout","logger":"task"}
{"timestamp":"2025-07-14T11:38:07.680564Z","level":"info","event":"franja 8 - 10","chan":"stdout","logger":"task"}
{"timestamp":"2025-07-14T11:38:07.690231Z","level":"info","event":"ultimo (255690, 55, datetime.datetime(2025, 7, 7, 9, 45), 183.5, 'valido')","chan":"stdout","logger":"task"}
{"timestamp":"2025-07-14T11:38:07.701423Z","level":"info","event":"[]","chan":"stdout","logger":"task"}
{"timestamp":"2025-07-14T11:38:07.701808Z","level":"info","event":"media nan - desviacion nan","chan":"stdout","logger":"task"}
{"timestamp":"2025-07-14T11:38:07.702103Z","level":"info","event":"lim_inf nan","chan":"stdout","logger":"task"}
{"timestamp":"2025-07-14T11:38:07.702363Z","level":"info","event":"lim_sup nan","chan":"stdout","logger":"task"}
{"timestamp":"2025-07-14T11:38:07.702616Z","level":"info","event":"CORRECTO","chan":"stdout","logger":"task"}
{"timestamp":"2025-07-14T11:38:07.702863Z","level":"info","event":"franja 8 - 10","chan":"stdout","logger":"task"}
{"timestamp":"2025-07-14T11:38:07.711428Z","level":"info","event":"ultimo (256054, 56, datetime.datetime(2025, 7, 7, 9, 45), 198.76, 'valido')","chan":"stdout","logger":"task"}
{"timestamp":"2025-07-14T11:38:07.720656Z","level":"info","event":"[]","chan":"stdout","logger":"task"}
{"timestamp":"2025-07-14T11:38:07.721061Z","level":"info","event":"media nan - desviacion nan","chan":"stdout","logger":"task"}
{"timestamp":"2025-07-14T11:38:07.721364Z","level":"info","event":"lim_inf nan","chan":"stdout","logger":"task"}
{"timestamp":"2025-07-14T11:38:07.721612Z","level":"info","event":"lim_sup nan","chan":"stdout","logger":"task"}
{"timestamp":"2025-07-14T11:38:07.721849Z","level":"info","event":"CORRECTO","chan":"stdout","logger":"task"}
{"timestamp":"2025-07-14T11:38:07.722076Z","level":"info","event":"franja 8 - 10","chan":"stdout","logger":"task"}
{"timestamp":"2025-07-14T11:38:07.731427Z","level":"info","event":"ultimo (256418, 57, datetime.datetime(2025, 7, 7, 9, 45), 199.11, 'valido')","chan":"stdout","logger":"task"}
{"timestamp":"2025-07-14T11:38:07.741158Z","level":"info","event":"[]","chan":"stdout","logger":"task"}
{"timestamp":"2025-07-14T11:38:07.741609Z","level":"info","event":"media nan - desviacion nan","chan":"stdout","logger":"task"}
{"timestamp":"2025-07-14T11:38:07.741940Z","level":"info","event":"lim_inf nan","chan":"stdout","logger":"task"}
{"timestamp":"2025-07-14T11:38:07.742230Z","level":"info","event":"lim_sup nan","chan":"stdout","logger":"task"}
{"timestamp":"2025-07-14T11:38:07.742504Z","level":"info","event":"CORRECTO","chan":"stdout","logger":"task"}
{"timestamp":"2025-07-14T11:38:07.742792Z","level":"info","event":"franja 8 - 10","chan":"stdout","logger":"task"}
{"timestamp":"2025-07-14T11:38:07.751877Z","level":"info","event":"ultimo (256782, 58, datetime.datetime(2025, 7, 7, 9, 45), 217.34, 'valido')","chan":"stdout","logger":"task"}
{"timestamp":"2025-07-14T11:38:07.762115Z","level":"info","event":"[]","chan":"stdout","logger":"task"}
{"timestamp":"2025-07-14T11:38:07.762692Z","level":"info","event":"media nan - desviacion nan","chan":"stdout","logger":"task"}
{"timestamp":"2025-07-14T11:38:07.763047Z","level":"info","event":"lim_inf nan","chan":"stdout","logger":"task"}
{"timestamp":"2025-07-14T11:38:07.763379Z","level":"info","event":"lim_sup nan","chan":"stdout","logger":"task"}
{"timestamp":"2025-07-14T11:38:07.763658Z","level":"info","event":"CORRECTO","chan":"stdout","logger":"task"}
{"timestamp":"2025-07-14T11:38:07.763928Z","level":"info","event":"franja 8 - 10","chan":"stdout","logger":"task"}
{"timestamp":"2025-07-14T11:38:07.774677Z","level":"info","event":"ultimo (257146, 59, datetime.datetime(2025, 7, 7, 9, 45), 196.64, 'valido')","chan":"stdout","logger":"task"}
{"timestamp":"2025-07-14T11:38:07.784165Z","level":"info","event":"[]","chan":"stdout","logger":"task"}
{"timestamp":"2025-07-14T11:38:07.784427Z","level":"info","event":"media nan - desviacion nan","chan":"stdout","logger":"task"}
{"timestamp":"2025-07-14T11:38:07.784579Z","level":"info","event":"lim_inf nan","chan":"stdout","logger":"task"}
{"timestamp":"2025-07-14T11:38:07.784722Z","level":"info","event":"lim_sup nan","chan":"stdout","logger":"task"}
{"timestamp":"2025-07-14T11:38:07.784861Z","level":"info","event":"CORRECTO","chan":"stdout","logger":"task"}
{"timestamp":"2025-07-14T11:38:07.785001Z","level":"info","event":"franja 8 - 10","chan":"stdout","logger":"task"}
{"timestamp":"2025-07-14T11:38:07.794636Z","level":"info","event":"ultimo (257510, 60, datetime.datetime(2025, 7, 7, 9, 45), 192.51, 'valido')","chan":"stdout","logger":"task"}
{"timestamp":"2025-07-14T11:38:07.806031Z","level":"info","event":"[]","chan":"stdout","logger":"task"}
{"timestamp":"2025-07-14T11:38:07.806563Z","level":"info","event":"media nan - desviacion nan","chan":"stdout","logger":"task"}
{"timestamp":"2025-07-14T11:38:07.806857Z","level":"info","event":"lim_inf nan","chan":"stdout","logger":"task"}
{"timestamp":"2025-07-14T11:38:07.807077Z","level":"info","event":"lim_sup nan","chan":"stdout","logger":"task"}
{"timestamp":"2025-07-14T11:38:07.807375Z","level":"info","event":"CORRECTO","chan":"stdout","logger":"task"}
{"timestamp":"2025-07-14T11:38:07.807600Z","level":"info","event":"franja 8 - 10","chan":"stdout","logger":"task"}
{"timestamp":"2025-07-14T11:38:07.816300Z","level":"info","event":"ultimo (257874, 61, datetime.datetime(2025, 7, 7, 9, 45), 190.6, 'valido')","chan":"stdout","logger":"task"}
{"timestamp":"2025-07-14T11:38:07.827074Z","level":"info","event":"[]","chan":"stdout","logger":"task"}
{"timestamp":"2025-07-14T11:38:07.827605Z","level":"info","event":"media nan - desviacion nan","chan":"stdout","logger":"task"}
{"timestamp":"2025-07-14T11:38:07.827893Z","level":"info","event":"lim_inf nan","chan":"stdout","logger":"task"}
{"timestamp":"2025-07-14T11:38:07.828130Z","level":"info","event":"lim_sup nan","chan":"stdout","logger":"task"}
{"timestamp":"2025-07-14T11:38:07.828353Z","level":"info","event":"CORRECTO","chan":"stdout","logger":"task"}
{"timestamp":"2025-07-14T11:38:07.828578Z","level":"info","event":"franja 8 - 10","chan":"stdout","logger":"task"}
{"timestamp":"2025-07-14T11:38:07.837547Z","level":"info","event":"ultimo (258238, 62, datetime.datetime(2025, 7, 7, 9, 45), 190.84, 'valido')","chan":"stdout","logger":"task"}
{"timestamp":"2025-07-14T11:38:07.845927Z","level":"info","event":"[]","chan":"stdout","logger":"task"}
{"timestamp":"2025-07-14T11:38:07.846310Z","level":"info","event":"media nan - desviacion nan","chan":"stdout","logger":"task"}
{"timestamp":"2025-07-14T11:38:07.846619Z","level":"info","event":"lim_inf nan","chan":"stdout","logger":"task"}
{"timestamp":"2025-07-14T11:38:07.846826Z","level":"info","event":"lim_sup nan","chan":"stdout","logger":"task"}
{"timestamp":"2025-07-14T11:38:07.847020Z","level":"info","event":"CORRECTO","chan":"stdout","logger":"task"}
{"timestamp":"2025-07-14T11:38:07.847206Z","level":"info","event":"franja 8 - 10","chan":"stdout","logger":"task"}
{"timestamp":"2025-07-14T11:38:07.855957Z","level":"info","event":"ultimo (258602, 63, datetime.datetime(2025, 7, 7, 9, 45), 188.31, 'valido')","chan":"stdout","logger":"task"}
{"timestamp":"2025-07-14T11:38:07.863729Z","level":"info","event":"[]","chan":"stdout","logger":"task"}
{"timestamp":"2025-07-14T11:38:07.864109Z","level":"info","event":"media nan - desviacion nan","chan":"stdout","logger":"task"}
{"timestamp":"2025-07-14T11:38:07.864351Z","level":"info","event":"lim_inf nan","chan":"stdout","logger":"task"}
{"timestamp":"2025-07-14T11:38:07.864592Z","level":"info","event":"lim_sup nan","chan":"stdout","logger":"task"}
{"timestamp":"2025-07-14T11:38:07.864809Z","level":"info","event":"CORRECTO","chan":"stdout","logger":"task"}
{"timestamp":"2025-07-14T11:38:07.865017Z","level":"info","event":"franja 8 - 10","chan":"stdout","logger":"task"}
{"timestamp":"2025-07-14T11:38:07.872332Z","level":"info","event":"ultimo (258966, 64, datetime.datetime(2025, 7, 7, 9, 45), 195.86, 'valido')","chan":"stdout","logger":"task"}
{"timestamp":"2025-07-14T11:38:07.881109Z","level":"info","event":"[]","chan":"stdout","logger":"task"}
{"timestamp":"2025-07-14T11:38:07.881474Z","level":"info","event":"media nan - desviacion nan","chan":"stdout","logger":"task"}
{"timestamp":"2025-07-14T11:38:07.881687Z","level":"info","event":"lim_inf nan","chan":"stdout","logger":"task"}
{"timestamp":"2025-07-14T11:38:07.881868Z","level":"info","event":"lim_sup nan","chan":"stdout","logger":"task"}
{"timestamp":"2025-07-14T11:38:07.882049Z","level":"info","event":"CORRECTO","chan":"stdout","logger":"task"}
{"timestamp":"2025-07-14T11:38:07.882226Z","level":"info","event":"franja 8 - 10","chan":"stdout","logger":"task"}
{"timestamp":"2025-07-14T11:38:07.890411Z","level":"info","event":"ultimo (259330, 65, datetime.datetime(2025, 7, 7, 9, 45), 200.89, 'valido')","chan":"stdout","logger":"task"}
{"timestamp":"2025-07-14T11:38:07.898883Z","level":"info","event":"[]","chan":"stdout","logger":"task"}
{"timestamp":"2025-07-14T11:38:07.899304Z","level":"info","event":"media nan - desviacion nan","chan":"stdout","logger":"task"}
{"timestamp":"2025-07-14T11:38:07.899579Z","level":"info","event":"lim_inf nan","chan":"stdout","logger":"task"}
{"timestamp":"2025-07-14T11:38:07.899793Z","level":"info","event":"lim_sup nan","chan":"stdout","logger":"task"}
{"timestamp":"2025-07-14T11:38:07.899999Z","level":"info","event":"CORRECTO","chan":"stdout","logger":"task"}
{"timestamp":"2025-07-14T11:38:07.900203Z","level":"info","event":"franja 8 - 10","chan":"stdout","logger":"task"}
{"timestamp":"2025-07-14T11:38:07.908022Z","level":"info","event":"ultimo (259694, 66, datetime.datetime(2025, 7, 7, 9, 45), 199.89, 'valido')","chan":"stdout","logger":"task"}
{"timestamp":"2025-07-14T11:38:07.915450Z","level":"info","event":"[]","chan":"stdout","logger":"task"}
{"timestamp":"2025-07-14T11:38:07.915844Z","level":"info","event":"media nan - desviacion nan","chan":"stdout","logger":"task"}
{"timestamp":"2025-07-14T11:38:07.916046Z","level":"info","event":"lim_inf nan","chan":"stdout","logger":"task"}
{"timestamp":"2025-07-14T11:38:07.916218Z","level":"info","event":"lim_sup nan","chan":"stdout","logger":"task"}
{"timestamp":"2025-07-14T11:38:07.916387Z","level":"info","event":"CORRECTO","chan":"stdout","logger":"task"}
{"timestamp":"2025-07-14T11:38:07.916553Z","level":"info","event":"franja 8 - 10","chan":"stdout","logger":"task"}
{"timestamp":"2025-07-14T11:38:07.927243Z","level":"info","event":"ultimo (260058, 67, datetime.datetime(2025, 7, 7, 9, 45), 183.8, 'valido')","chan":"stdout","logger":"task"}
{"timestamp":"2025-07-14T11:38:07.934979Z","level":"info","event":"[]","chan":"stdout","logger":"task"}
{"timestamp":"2025-07-14T11:38:07.935412Z","level":"info","event":"media nan - desviacion nan","chan":"stdout","logger":"task"}
{"timestamp":"2025-07-14T11:38:07.935633Z","level":"info","event":"lim_inf nan","chan":"stdout","logger":"task"}
{"timestamp":"2025-07-14T11:38:07.935805Z","level":"info","event":"lim_sup nan","chan":"stdout","logger":"task"}
{"timestamp":"2025-07-14T11:38:07.935973Z","level":"info","event":"CORRECTO","chan":"stdout","logger":"task"}
{"timestamp":"2025-07-14T11:38:07.936136Z","level":"info","event":"franja 8 - 10","chan":"stdout","logger":"task"}
{"timestamp":"2025-07-14T11:38:07.944770Z","level":"info","event":"ultimo (260422, 68, datetime.datetime(2025, 7, 7, 9, 45), 184.11, 'valido')","chan":"stdout","logger":"task"}
{"timestamp":"2025-07-14T11:38:07.953363Z","level":"info","event":"[]","chan":"stdout","logger":"task"}
{"timestamp":"2025-07-14T11:38:07.953864Z","level":"info","event":"media nan - desviacion nan","chan":"stdout","logger":"task"}
{"timestamp":"2025-07-14T11:38:07.954221Z","level":"info","event":"lim_inf nan","chan":"stdout","logger":"task"}
{"timestamp":"2025-07-14T11:38:07.954440Z","level":"info","event":"lim_sup nan","chan":"stdout","logger":"task"}
{"timestamp":"2025-07-14T11:38:07.954648Z","level":"info","event":"CORRECTO","chan":"stdout","logger":"task"}
{"timestamp":"2025-07-14T11:38:07.954851Z","level":"info","event":"franja 8 - 10","chan":"stdout","logger":"task"}
{"timestamp":"2025-07-14T11:38:07.962198Z","level":"info","event":"ultimo (260786, 69, datetime.datetime(2025, 7, 7, 9, 45), 194.34, 'valido')","chan":"stdout","logger":"task"}
{"timestamp":"2025-07-14T11:38:07.970466Z","level":"info","event":"[]","chan":"stdout","logger":"task"}
{"timestamp":"2025-07-14T11:38:07.971995Z","level":"info","event":"media nan - desviacion nan","chan":"stdout","logger":"task"}
{"timestamp":"2025-07-14T11:38:07.972373Z","level":"info","event":"lim_inf nan","chan":"stdout","logger":"task"}
{"timestamp":"2025-07-14T11:38:07.972591Z","level":"info","event":"lim_sup nan","chan":"stdout","logger":"task"}
{"timestamp":"2025-07-14T11:38:07.972869Z","level":"info","event":"CORRECTO","chan":"stdout","logger":"task"}
{"timestamp":"2025-07-14T11:38:07.973072Z","level":"info","event":"franja 8 - 10","chan":"stdout","logger":"task"}
{"timestamp":"2025-07-14T11:38:07.979020Z","level":"info","event":"ultimo (261150, 70, datetime.datetime(2025, 7, 7, 9, 45), 196.6, 'valido')","chan":"stdout","logger":"task"}
{"timestamp":"2025-07-14T11:38:07.986849Z","level":"info","event":"[]","chan":"stdout","logger":"task"}
{"timestamp":"2025-07-14T11:38:07.987358Z","level":"info","event":"media nan - desviacion nan","chan":"stdout","logger":"task"}
{"timestamp":"2025-07-14T11:38:07.987795Z","level":"info","event":"lim_inf nan","chan":"stdout","logger":"task"}
{"timestamp":"2025-07-14T11:38:07.988027Z","level":"info","event":"lim_sup nan","chan":"stdout","logger":"task"}
{"timestamp":"2025-07-14T11:38:07.988229Z","level":"info","event":"CORRECTO","chan":"stdout","logger":"task"}
{"timestamp":"2025-07-14T11:38:07.988439Z","level":"info","event":"franja 8 - 10","chan":"stdout","logger":"task"}
{"timestamp":"2025-07-14T11:38:07.995640Z","level":"info","event":"ultimo (261514, 71, datetime.datetime(2025, 7, 7, 9, 45), 200.27, 'valido')","chan":"stdout","logger":"task"}
{"timestamp":"2025-07-14T11:38:08.002944Z","level":"info","event":"[]","chan":"stdout","logger":"task"}
{"timestamp":"2025-07-14T11:38:08.003444Z","level":"info","event":"media nan - desviacion nan","chan":"stdout","logger":"task"}
{"timestamp":"2025-07-14T11:38:08.003704Z","level":"info","event":"lim_inf nan","chan":"stdout","logger":"task"}
{"timestamp":"2025-07-14T11:38:08.003894Z","level":"info","event":"lim_sup nan","chan":"stdout","logger":"task"}
{"timestamp":"2025-07-14T11:38:08.004079Z","level":"info","event":"CORRECTO","chan":"stdout","logger":"task"}
{"timestamp":"2025-07-14T11:38:08.004261Z","level":"info","event":"franja 8 - 10","chan":"stdout","logger":"task"}
{"timestamp":"2025-07-14T11:38:08.013092Z","level":"info","event":"ultimo (261878, 72, datetime.datetime(2025, 7, 7, 9, 45), 198.85, 'valido')","chan":"stdout","logger":"task"}
{"timestamp":"2025-07-14T11:38:08.020922Z","level":"info","event":"[]","chan":"stdout","logger":"task"}
{"timestamp":"2025-07-14T11:38:08.021248Z","level":"info","event":"media nan - desviacion nan","chan":"stdout","logger":"task"}
{"timestamp":"2025-07-14T11:38:08.021433Z","level":"info","event":"lim_inf nan","chan":"stdout","logger":"task"}
{"timestamp":"2025-07-14T11:38:08.021591Z","level":"info","event":"lim_sup nan","chan":"stdout","logger":"task"}
{"timestamp":"2025-07-14T11:38:08.021743Z","level":"info","event":"CORRECTO","chan":"stdout","logger":"task"}
{"timestamp":"2025-07-14T11:38:08.021897Z","level":"info","event":"franja 8 - 10","chan":"stdout","logger":"task"}
{"timestamp":"2025-07-14T11:38:08.027845Z","level":"info","event":"ultimo (262242, 73, datetime.datetime(2025, 7, 7, 9, 45), 212.33, 'valido')","chan":"stdout","logger":"task"}
{"timestamp":"2025-07-14T11:38:08.034197Z","level":"info","event":"[]","chan":"stdout","logger":"task"}
{"timestamp":"2025-07-14T11:38:08.034620Z","level":"info","event":"media nan - desviacion nan","chan":"stdout","logger":"task"}
{"timestamp":"2025-07-14T11:38:08.034844Z","level":"info","event":"lim_inf nan","chan":"stdout","logger":"task"}
{"timestamp":"2025-07-14T11:38:08.035027Z","level":"info","event":"lim_sup nan","chan":"stdout","logger":"task"}
{"timestamp":"2025-07-14T11:38:08.035206Z","level":"info","event":"CORRECTO","chan":"stdout","logger":"task"}
{"timestamp":"2025-07-14T11:38:08.035415Z","level":"info","event":"franja 8 - 10","chan":"stdout","logger":"task"}
{"timestamp":"2025-07-14T11:38:08.041535Z","level":"info","event":"ultimo (262606, 74, datetime.datetime(2025, 7, 7, 9, 45), 190.72, 'valido')","chan":"stdout","logger":"task"}
{"timestamp":"2025-07-14T11:38:08.048400Z","level":"info","event":"[]","chan":"stdout","logger":"task"}
{"timestamp":"2025-07-14T11:38:08.048772Z","level":"info","event":"media nan - desviacion nan","chan":"stdout","logger":"task"}
{"timestamp":"2025-07-14T11:38:08.049041Z","level":"info","event":"lim_inf nan","chan":"stdout","logger":"task"}
{"timestamp":"2025-07-14T11:38:08.049210Z","level":"info","event":"lim_sup nan","chan":"stdout","logger":"task"}
{"timestamp":"2025-07-14T11:38:08.049365Z","level":"info","event":"CORRECTO","chan":"stdout","logger":"task"}
{"timestamp":"2025-07-14T11:38:08.049518Z","level":"info","event":"franja 8 - 10","chan":"stdout","logger":"task"}
{"timestamp":"2025-07-14T11:38:08.056875Z","level":"info","event":"ultimo (262970, 75, datetime.datetime(2025, 7, 7, 9, 45), 190.84, 'valido')","chan":"stdout","logger":"task"}
{"timestamp":"2025-07-14T11:38:08.064183Z","level":"info","event":"[]","chan":"stdout","logger":"task"}
{"timestamp":"2025-07-14T11:38:08.064520Z","level":"info","event":"media nan - desviacion nan","chan":"stdout","logger":"task"}
{"timestamp":"2025-07-14T11:38:08.064716Z","level":"info","event":"lim_inf nan","chan":"stdout","logger":"task"}
{"timestamp":"2025-07-14T11:38:08.064896Z","level":"info","event":"lim_sup nan","chan":"stdout","logger":"task"}
{"timestamp":"2025-07-14T11:38:08.065078Z","level":"info","event":"CORRECTO","chan":"stdout","logger":"task"}
{"timestamp":"2025-07-14T11:38:08.065268Z","level":"info","event":"franja 8 - 10","chan":"stdout","logger":"task"}
{"timestamp":"2025-07-14T11:38:08.073121Z","level":"info","event":"ultimo (263334, 76, datetime.datetime(2025, 7, 7, 9, 45), 210.06, 'valido')","chan":"stdout","logger":"task"}
{"timestamp":"2025-07-14T11:38:08.080838Z","level":"info","event":"[]","chan":"stdout","logger":"task"}
{"timestamp":"2025-07-14T11:38:08.081172Z","level":"info","event":"media nan - desviacion nan","chan":"stdout","logger":"task"}
{"timestamp":"2025-07-14T11:38:08.081363Z","level":"info","event":"lim_inf nan","chan":"stdout","logger":"task"}
{"timestamp":"2025-07-14T11:38:08.081538Z","level":"info","event":"lim_sup nan","chan":"stdout","logger":"task"}
{"timestamp":"2025-07-14T11:38:08.081715Z","level":"info","event":"CORRECTO","chan":"stdout","logger":"task"}
{"timestamp":"2025-07-14T11:38:08.081884Z","level":"info","event":"franja 8 - 10","chan":"stdout","logger":"task"}
{"timestamp":"2025-07-14T11:38:08.089230Z","level":"info","event":"ultimo (263698, 77, datetime.datetime(2025, 7, 7, 9, 45), 187.8, 'valido')","chan":"stdout","logger":"task"}
{"timestamp":"2025-07-14T11:38:08.096121Z","level":"info","event":"[]","chan":"stdout","logger":"task"}
{"timestamp":"2025-07-14T11:38:08.096500Z","level":"info","event":"media nan - desviacion nan","chan":"stdout","logger":"task"}
{"timestamp":"2025-07-14T11:38:08.096686Z","level":"info","event":"lim_inf nan","chan":"stdout","logger":"task"}
{"timestamp":"2025-07-14T11:38:08.096846Z","level":"info","event":"lim_sup nan","chan":"stdout","logger":"task"}
{"timestamp":"2025-07-14T11:38:08.097010Z","level":"info","event":"CORRECTO","chan":"stdout","logger":"task"}
{"timestamp":"2025-07-14T11:38:08.097176Z","level":"info","event":"franja 8 - 10","chan":"stdout","logger":"task"}
{"timestamp":"2025-07-14T11:38:08.104013Z","level":"info","event":"ultimo (264062, 78, datetime.datetime(2025, 7, 7, 9, 45), 202.97, 'valido')","chan":"stdout","logger":"task"}
{"timestamp":"2025-07-14T11:38:08.111055Z","level":"info","event":"[]","chan":"stdout","logger":"task"}
{"timestamp":"2025-07-14T11:38:08.111442Z","level":"info","event":"media nan - desviacion nan","chan":"stdout","logger":"task"}
{"timestamp":"2025-07-14T11:38:08.111652Z","level":"info","event":"lim_inf nan","chan":"stdout","logger":"task"}
{"timestamp":"2025-07-14T11:38:08.111833Z","level":"info","event":"lim_sup nan","chan":"stdout","logger":"task"}
{"timestamp":"2025-07-14T11:38:08.112012Z","level":"info","event":"CORRECTO","chan":"stdout","logger":"task"}
{"timestamp":"2025-07-14T11:38:08.112180Z","level":"info","event":"franja 8 - 10","chan":"stdout","logger":"task"}
{"timestamp":"2025-07-14T11:38:08.119081Z","level":"info","event":"ultimo (264426, 79, datetime.datetime(2025, 7, 7, 9, 45), 188.0, 'valido')","chan":"stdout","logger":"task"}
{"timestamp":"2025-07-14T11:38:08.127198Z","level":"info","event":"[]","chan":"stdout","logger":"task"}
{"timestamp":"2025-07-14T11:38:08.127665Z","level":"info","event":"media nan - desviacion nan","chan":"stdout","logger":"task"}
{"timestamp":"2025-07-14T11:38:08.127838Z","level":"info","event":"lim_inf nan","chan":"stdout","logger":"task"}
{"timestamp":"2025-07-14T11:38:08.127972Z","level":"info","event":"lim_sup nan","chan":"stdout","logger":"task"}
{"timestamp":"2025-07-14T11:38:08.128101Z","level":"info","event":"CORRECTO","chan":"stdout","logger":"task"}
{"timestamp":"2025-07-14T11:38:08.128229Z","level":"info","event":"franja 8 - 10","chan":"stdout","logger":"task"}
{"timestamp":"2025-07-14T11:38:08.135717Z","level":"info","event":"ultimo (264790, 80, datetime.datetime(2025, 7, 7, 9, 45), 205.85, 'valido')","chan":"stdout","logger":"task"}
{"timestamp":"2025-07-14T11:38:08.142707Z","level":"info","event":"[]","chan":"stdout","logger":"task"}
{"timestamp":"2025-07-14T11:38:08.143102Z","level":"info","event":"media nan - desviacion nan","chan":"stdout","logger":"task"}
{"timestamp":"2025-07-14T11:38:08.143372Z","level":"info","event":"lim_inf nan","chan":"stdout","logger":"task"}
{"timestamp":"2025-07-14T11:38:08.143556Z","level":"info","event":"lim_sup nan","chan":"stdout","logger":"task"}
{"timestamp":"2025-07-14T11:38:08.143728Z","level":"info","event":"CORRECTO","chan":"stdout","logger":"task"}
{"timestamp":"2025-07-14T11:38:08.143897Z","level":"info","event":"franja 8 - 10","chan":"stdout","logger":"task"}
{"timestamp":"2025-07-14T11:38:08.151667Z","level":"info","event":"ultimo (265154, 81, datetime.datetime(2025, 7, 7, 9, 45), 195.84, 'valido')","chan":"stdout","logger":"task"}
{"timestamp":"2025-07-14T11:38:08.159932Z","level":"info","event":"[]","chan":"stdout","logger":"task"}
{"timestamp":"2025-07-14T11:38:08.160311Z","level":"info","event":"media nan - desviacion nan","chan":"stdout","logger":"task"}
{"timestamp":"2025-07-14T11:38:08.160497Z","level":"info","event":"lim_inf nan","chan":"stdout","logger":"task"}
{"timestamp":"2025-07-14T11:38:08.160655Z","level":"info","event":"lim_sup nan","chan":"stdout","logger":"task"}
{"timestamp":"2025-07-14T11:38:08.160809Z","level":"info","event":"CORRECTO","chan":"stdout","logger":"task"}
{"timestamp":"2025-07-14T11:38:08.160964Z","level":"info","event":"franja 8 - 10","chan":"stdout","logger":"task"}
{"timestamp":"2025-07-14T11:38:08.168566Z","level":"info","event":"ultimo (265518, 82, datetime.datetime(2025, 7, 7, 9, 45), 189.85, 'valido')","chan":"stdout","logger":"task"}
{"timestamp":"2025-07-14T11:38:08.176260Z","level":"info","event":"[]","chan":"stdout","logger":"task"}
{"timestamp":"2025-07-14T11:38:08.176699Z","level":"info","event":"media nan - desviacion nan","chan":"stdout","logger":"task"}
{"timestamp":"2025-07-14T11:38:08.176943Z","level":"info","event":"lim_inf nan","chan":"stdout","logger":"task"}
{"timestamp":"2025-07-14T11:38:08.177166Z","level":"info","event":"lim_sup nan","chan":"stdout","logger":"task"}
{"timestamp":"2025-07-14T11:38:08.177380Z","level":"info","event":"CORRECTO","chan":"stdout","logger":"task"}
{"timestamp":"2025-07-14T11:38:08.177570Z","level":"info","event":"franja 8 - 10","chan":"stdout","logger":"task"}
{"timestamp":"2025-07-14T11:38:08.185536Z","level":"info","event":"ultimo (265882, 83, datetime.datetime(2025, 7, 7, 9, 45), 213.58, 'valido')","chan":"stdout","logger":"task"}
{"timestamp":"2025-07-14T11:38:08.194092Z","level":"info","event":"[]","chan":"stdout","logger":"task"}
{"timestamp":"2025-07-14T11:38:08.194557Z","level":"info","event":"media nan - desviacion nan","chan":"stdout","logger":"task"}
{"timestamp":"2025-07-14T11:38:08.194831Z","level":"info","event":"lim_inf nan","chan":"stdout","logger":"task"}
{"timestamp":"2025-07-14T11:38:08.195034Z","level":"info","event":"lim_sup nan","chan":"stdout","logger":"task"}
{"timestamp":"2025-07-14T11:38:08.195215Z","level":"info","event":"CORRECTO","chan":"stdout","logger":"task"}
{"timestamp":"2025-07-14T11:38:08.195430Z","level":"info","event":"franja 8 - 10","chan":"stdout","logger":"task"}
{"timestamp":"2025-07-14T11:38:08.203381Z","level":"info","event":"ultimo (266246, 84, datetime.datetime(2025, 7, 7, 9, 45), 183.25, 'valido')","chan":"stdout","logger":"task"}
{"timestamp":"2025-07-14T11:38:08.213195Z","level":"info","event":"[]","chan":"stdout","logger":"task"}
{"timestamp":"2025-07-14T11:38:08.213518Z","level":"info","event":"media nan - desviacion nan","chan":"stdout","logger":"task"}
{"timestamp":"2025-07-14T11:38:08.213722Z","level":"info","event":"lim_inf nan","chan":"stdout","logger":"task"}
{"timestamp":"2025-07-14T11:38:08.214001Z","level":"info","event":"lim_sup nan","chan":"stdout","logger":"task"}
{"timestamp":"2025-07-14T11:38:08.214179Z","level":"info","event":"CORRECTO","chan":"stdout","logger":"task"}
{"timestamp":"2025-07-14T11:38:08.214353Z","level":"info","event":"franja 8 - 10","chan":"stdout","logger":"task"}
{"timestamp":"2025-07-14T11:38:08.223249Z","level":"info","event":"ultimo (266610, 85, datetime.datetime(2025, 7, 7, 9, 45), 202.05, 'valido')","chan":"stdout","logger":"task"}
{"timestamp":"2025-07-14T11:38:08.232630Z","level":"info","event":"[]","chan":"stdout","logger":"task"}
{"timestamp":"2025-07-14T11:38:08.233083Z","level":"info","event":"media nan - desviacion nan","chan":"stdout","logger":"task"}
{"timestamp":"2025-07-14T11:38:08.233333Z","level":"info","event":"lim_inf nan","chan":"stdout","logger":"task"}
{"timestamp":"2025-07-14T11:38:08.233534Z","level":"info","event":"lim_sup nan","chan":"stdout","logger":"task"}
{"timestamp":"2025-07-14T11:38:08.233723Z","level":"info","event":"CORRECTO","chan":"stdout","logger":"task"}
{"timestamp":"2025-07-14T11:38:08.233901Z","level":"info","event":"franja 8 - 10","chan":"stdout","logger":"task"}
{"timestamp":"2025-07-14T11:38:08.241677Z","level":"info","event":"ultimo (266974, 86, datetime.datetime(2025, 7, 7, 9, 45), 203.46, 'valido')","chan":"stdout","logger":"task"}
{"timestamp":"2025-07-14T11:38:08.250345Z","level":"info","event":"[]","chan":"stdout","logger":"task"}
{"timestamp":"2025-07-14T11:38:08.250755Z","level":"info","event":"media nan - desviacion nan","chan":"stdout","logger":"task"}
{"timestamp":"2025-07-14T11:38:08.250990Z","level":"info","event":"lim_inf nan","chan":"stdout","logger":"task"}
{"timestamp":"2025-07-14T11:38:08.251165Z","level":"info","event":"lim_sup nan","chan":"stdout","logger":"task"}
{"timestamp":"2025-07-14T11:38:08.251372Z","level":"info","event":"CORRECTO","chan":"stdout","logger":"task"}
{"timestamp":"2025-07-14T11:38:08.251540Z","level":"info","event":"franja 8 - 10","chan":"stdout","logger":"task"}
{"timestamp":"2025-07-14T11:38:08.259194Z","level":"info","event":"ultimo (267338, 87, datetime.datetime(2025, 7, 7, 9, 45), 203.81, 'valido')","chan":"stdout","logger":"task"}
{"timestamp":"2025-07-14T11:38:08.268846Z","level":"info","event":"[]","chan":"stdout","logger":"task"}
{"timestamp":"2025-07-14T11:38:08.269217Z","level":"info","event":"media nan - desviacion nan","chan":"stdout","logger":"task"}
{"timestamp":"2025-07-14T11:38:08.269461Z","level":"info","event":"lim_inf nan","chan":"stdout","logger":"task"}
{"timestamp":"2025-07-14T11:38:08.269670Z","level":"info","event":"lim_sup nan","chan":"stdout","logger":"task"}
{"timestamp":"2025-07-14T11:38:08.269872Z","level":"info","event":"CORRECTO","chan":"stdout","logger":"task"}
{"timestamp":"2025-07-14T11:38:08.270071Z","level":"info","event":"franja 8 - 10","chan":"stdout","logger":"task"}
{"timestamp":"2025-07-14T11:38:08.277249Z","level":"info","event":"ultimo (267702, 88, datetime.datetime(2025, 7, 7, 9, 45), 197.3, 'valido')","chan":"stdout","logger":"task"}
{"timestamp":"2025-07-14T11:38:08.284012Z","level":"info","event":"[]","chan":"stdout","logger":"task"}
{"timestamp":"2025-07-14T11:38:08.284490Z","level":"info","event":"media nan - desviacion nan","chan":"stdout","logger":"task"}
{"timestamp":"2025-07-14T11:38:08.284752Z","level":"info","event":"lim_inf nan","chan":"stdout","logger":"task"}
{"timestamp":"2025-07-14T11:38:08.284948Z","level":"info","event":"lim_sup nan","chan":"stdout","logger":"task"}
{"timestamp":"2025-07-14T11:38:08.285152Z","level":"info","event":"CORRECTO","chan":"stdout","logger":"task"}
{"timestamp":"2025-07-14T11:38:08.285327Z","level":"info","event":"franja 8 - 10","chan":"stdout","logger":"task"}
{"timestamp":"2025-07-14T11:38:08.292459Z","level":"info","event":"ultimo (268066, 89, datetime.datetime(2025, 7, 7, 9, 45), 191.71, 'valido')","chan":"stdout","logger":"task"}
{"timestamp":"2025-07-14T11:38:08.299922Z","level":"info","event":"[]","chan":"stdout","logger":"task"}
{"timestamp":"2025-07-14T11:38:08.300413Z","level":"info","event":"media nan - desviacion nan","chan":"stdout","logger":"task"}
{"timestamp":"2025-07-14T11:38:08.300718Z","level":"info","event":"lim_inf nan","chan":"stdout","logger":"task"}
{"timestamp":"2025-07-14T11:38:08.300941Z","level":"info","event":"lim_sup nan","chan":"stdout","logger":"task"}
{"timestamp":"2025-07-14T11:38:08.301142Z","level":"info","event":"CORRECTO","chan":"stdout","logger":"task"}
{"timestamp":"2025-07-14T11:38:08.301341Z","level":"info","event":"franja 8 - 10","chan":"stdout","logger":"task"}
{"timestamp":"2025-07-14T11:38:08.309163Z","level":"info","event":"ultimo (268430, 90, datetime.datetime(2025, 7, 7, 9, 45), 205.0, 'valido')","chan":"stdout","logger":"task"}
{"timestamp":"2025-07-14T11:38:08.316401Z","level":"info","event":"[]","chan":"stdout","logger":"task"}
{"timestamp":"2025-07-14T11:38:08.316918Z","level":"info","event":"media nan - desviacion nan","chan":"stdout","logger":"task"}
{"timestamp":"2025-07-14T11:38:08.317211Z","level":"info","event":"lim_inf nan","chan":"stdout","logger":"task"}
{"timestamp":"2025-07-14T11:38:08.317427Z","level":"info","event":"lim_sup nan","chan":"stdout","logger":"task"}
{"timestamp":"2025-07-14T11:38:08.317624Z","level":"info","event":"CORRECTO","chan":"stdout","logger":"task"}
{"timestamp":"2025-07-14T11:38:08.317825Z","level":"info","event":"franja 8 - 10","chan":"stdout","logger":"task"}
{"timestamp":"2025-07-14T11:38:08.326400Z","level":"info","event":"ultimo (268794, 91, datetime.datetime(2025, 7, 7, 9, 45), 193.04, 'valido')","chan":"stdout","logger":"task"}
{"timestamp":"2025-07-14T11:38:08.336326Z","level":"info","event":"[]","chan":"stdout","logger":"task"}
{"timestamp":"2025-07-14T11:38:08.336842Z","level":"info","event":"media nan - desviacion nan","chan":"stdout","logger":"task"}
{"timestamp":"2025-07-14T11:38:08.337108Z","level":"info","event":"lim_inf nan","chan":"stdout","logger":"task"}
{"timestamp":"2025-07-14T11:38:08.337324Z","level":"info","event":"lim_sup nan","chan":"stdout","logger":"task"}
{"timestamp":"2025-07-14T11:38:08.337537Z","level":"info","event":"CORRECTO","chan":"stdout","logger":"task"}
{"timestamp":"2025-07-14T11:38:08.337742Z","level":"info","event":"franja 8 - 10","chan":"stdout","logger":"task"}
{"timestamp":"2025-07-14T11:38:08.346610Z","level":"info","event":"ultimo (269158, 92, datetime.datetime(2025, 7, 7, 9, 45), 212.43, 'valido')","chan":"stdout","logger":"task"}
{"timestamp":"2025-07-14T11:38:08.355673Z","level":"info","event":"[]","chan":"stdout","logger":"task"}
{"timestamp":"2025-07-14T11:38:08.356215Z","level":"info","event":"media nan - desviacion nan","chan":"stdout","logger":"task"}
{"timestamp":"2025-07-14T11:38:08.356520Z","level":"info","event":"lim_inf nan","chan":"stdout","logger":"task"}
{"timestamp":"2025-07-14T11:38:08.356735Z","level":"info","event":"lim_sup nan","chan":"stdout","logger":"task"}
{"timestamp":"2025-07-14T11:38:08.356945Z","level":"info","event":"CORRECTO","chan":"stdout","logger":"task"}
{"timestamp":"2025-07-14T11:38:08.357147Z","level":"info","event":"franja 8 - 10","chan":"stdout","logger":"task"}
{"timestamp":"2025-07-14T11:38:08.365428Z","level":"info","event":"ultimo (269522, 93, datetime.datetime(2025, 7, 7, 9, 45), 204.13, 'valido')","chan":"stdout","logger":"task"}
{"timestamp":"2025-07-14T11:38:08.373408Z","level":"info","event":"[]","chan":"stdout","logger":"task"}
{"timestamp":"2025-07-14T11:38:08.373847Z","level":"info","event":"media nan - desviacion nan","chan":"stdout","logger":"task"}
{"timestamp":"2025-07-14T11:38:08.374081Z","level":"info","event":"lim_inf nan","chan":"stdout","logger":"task"}
{"timestamp":"2025-07-14T11:38:08.374263Z","level":"info","event":"lim_sup nan","chan":"stdout","logger":"task"}
{"timestamp":"2025-07-14T11:38:08.374417Z","level":"info","event":"CORRECTO","chan":"stdout","logger":"task"}
{"timestamp":"2025-07-14T11:38:08.374562Z","level":"info","event":"franja 8 - 10","chan":"stdout","logger":"task"}
{"timestamp":"2025-07-14T11:38:08.382951Z","level":"info","event":"ultimo (269886, 94, datetime.datetime(2025, 7, 7, 9, 45), 192.2, 'valido')","chan":"stdout","logger":"task"}
{"timestamp":"2025-07-14T11:38:08.390954Z","level":"info","event":"[]","chan":"stdout","logger":"task"}
{"timestamp":"2025-07-14T11:38:08.391495Z","level":"info","event":"media nan - desviacion nan","chan":"stdout","logger":"task"}
{"timestamp":"2025-07-14T11:38:08.391798Z","level":"info","event":"lim_inf nan","chan":"stdout","logger":"task"}
{"timestamp":"2025-07-14T11:38:08.392036Z","level":"info","event":"lim_sup nan","chan":"stdout","logger":"task"}
{"timestamp":"2025-07-14T11:38:08.392267Z","level":"info","event":"CORRECTO","chan":"stdout","logger":"task"}
{"timestamp":"2025-07-14T11:38:08.392499Z","level":"info","event":"franja 8 - 10","chan":"stdout","logger":"task"}
{"timestamp":"2025-07-14T11:38:08.399667Z","level":"info","event":"ultimo (270250, 95, datetime.datetime(2025, 7, 7, 9, 45), 195.27, 'valido')","chan":"stdout","logger":"task"}
{"timestamp":"2025-07-14T11:38:08.407319Z","level":"info","event":"[]","chan":"stdout","logger":"task"}
{"timestamp":"2025-07-14T11:38:08.407810Z","level":"info","event":"media nan - desviacion nan","chan":"stdout","logger":"task"}
{"timestamp":"2025-07-14T11:38:08.408078Z","level":"info","event":"lim_inf nan","chan":"stdout","logger":"task"}
{"timestamp":"2025-07-14T11:38:08.408286Z","level":"info","event":"lim_sup nan","chan":"stdout","logger":"task"}
{"timestamp":"2025-07-14T11:38:08.408489Z","level":"info","event":"CORRECTO","chan":"stdout","logger":"task"}
{"timestamp":"2025-07-14T11:38:08.408685Z","level":"info","event":"franja 8 - 10","chan":"stdout","logger":"task"}
{"timestamp":"2025-07-14T11:38:08.416881Z","level":"info","event":"ultimo (270614, 96, datetime.datetime(2025, 7, 7, 9, 45), 190.97, 'valido')","chan":"stdout","logger":"task"}
{"timestamp":"2025-07-14T11:38:08.425704Z","level":"info","event":"[]","chan":"stdout","logger":"task"}
{"timestamp":"2025-07-14T11:38:08.426162Z","level":"info","event":"media nan - desviacion nan","chan":"stdout","logger":"task"}
{"timestamp":"2025-07-14T11:38:08.426362Z","level":"info","event":"lim_inf nan","chan":"stdout","logger":"task"}
{"timestamp":"2025-07-14T11:38:08.426526Z","level":"info","event":"lim_sup nan","chan":"stdout","logger":"task"}
{"timestamp":"2025-07-14T11:38:08.426717Z","level":"info","event":"CORRECTO","chan":"stdout","logger":"task"}
{"timestamp":"2025-07-14T11:38:08.426921Z","level":"info","event":"franja 8 - 10","chan":"stdout","logger":"task"}
{"timestamp":"2025-07-14T11:38:08.435020Z","level":"info","event":"ultimo (270978, 97, datetime.datetime(2025, 7, 7, 9, 45), 193.55, 'valido')","chan":"stdout","logger":"task"}
{"timestamp":"2025-07-14T11:38:08.443600Z","level":"info","event":"[]","chan":"stdout","logger":"task"}
{"timestamp":"2025-07-14T11:38:08.444042Z","level":"info","event":"media nan - desviacion nan","chan":"stdout","logger":"task"}
{"timestamp":"2025-07-14T11:38:08.444252Z","level":"info","event":"lim_inf nan","chan":"stdout","logger":"task"}
{"timestamp":"2025-07-14T11:38:08.444430Z","level":"info","event":"lim_sup nan","chan":"stdout","logger":"task"}
{"timestamp":"2025-07-14T11:38:08.444587Z","level":"info","event":"CORRECTO","chan":"stdout","logger":"task"}
{"timestamp":"2025-07-14T11:38:08.444735Z","level":"info","event":"franja 8 - 10","chan":"stdout","logger":"task"}
{"timestamp":"2025-07-14T11:38:08.452447Z","level":"info","event":"ultimo (271342, 98, datetime.datetime(2025, 7, 7, 9, 45), 198.46, 'valido')","chan":"stdout","logger":"task"}
{"timestamp":"2025-07-14T11:38:08.461270Z","level":"info","event":"[]","chan":"stdout","logger":"task"}
{"timestamp":"2025-07-14T11:38:08.461667Z","level":"info","event":"media nan - desviacion nan","chan":"stdout","logger":"task"}
{"timestamp":"2025-07-14T11:38:08.461955Z","level":"info","event":"lim_inf nan","chan":"stdout","logger":"task"}
{"timestamp":"2025-07-14T11:38:08.462200Z","level":"info","event":"lim_sup nan","chan":"stdout","logger":"task"}
{"timestamp":"2025-07-14T11:38:08.462429Z","level":"info","event":"CORRECTO","chan":"stdout","logger":"task"}
{"timestamp":"2025-07-14T11:38:08.462654Z","level":"info","event":"franja 8 - 10","chan":"stdout","logger":"task"}
{"timestamp":"2025-07-14T11:38:08.469903Z","level":"info","event":"ultimo (271706, 99, datetime.datetime(2025, 7, 7, 9, 45), 193.86, 'valido')","chan":"stdout","logger":"task"}
{"timestamp":"2025-07-14T11:38:08.479317Z","level":"info","event":"[]","chan":"stdout","logger":"task"}
{"timestamp":"2025-07-14T11:38:08.479714Z","level":"info","event":"media nan - desviacion nan","chan":"stdout","logger":"task"}
{"timestamp":"2025-07-14T11:38:08.479974Z","level":"info","event":"lim_inf nan","chan":"stdout","logger":"task"}
{"timestamp":"2025-07-14T11:38:08.480180Z","level":"info","event":"lim_sup nan","chan":"stdout","logger":"task"}
{"timestamp":"2025-07-14T11:38:08.480376Z","level":"info","event":"CORRECTO","chan":"stdout","logger":"task"}
{"timestamp":"2025-07-14T11:38:08.480574Z","level":"info","event":"franja 8 - 10","chan":"stdout","logger":"task"}
{"timestamp":"2025-07-14T11:38:08.488069Z","level":"info","event":"ultimo (272070, 100, datetime.datetime(2025, 7, 7, 9, 45), 192.49, 'valido')","chan":"stdout","logger":"task"}
{"timestamp":"2025-07-14T11:38:08.497358Z","level":"info","event":"[]","chan":"stdout","logger":"task"}
{"timestamp":"2025-07-14T11:38:08.497804Z","level":"info","event":"media nan - desviacion nan","chan":"stdout","logger":"task"}
{"timestamp":"2025-07-14T11:38:08.498068Z","level":"info","event":"lim_inf nan","chan":"stdout","logger":"task"}
{"timestamp":"2025-07-14T11:38:08.498305Z","level":"info","event":"lim_sup nan","chan":"stdout","logger":"task"}
{"timestamp":"2025-07-14T11:38:08.498563Z","level":"info","event":"CORRECTO","chan":"stdout","logger":"task"}
{"timestamp":"2025-07-14T11:38:08.498898Z","level":"info","event":"franja 10 - 12","chan":"stdout","logger":"task"}
{"timestamp":"2025-07-14T11:38:08.498372","level":"error","event":"Task failed with exception","logger":"task","error_detail":[{"exc_type":"InterfaceError","exc_value":"cursor already closed","exc_notes":[],"syntax_error":null,"is_cause":false,"frames":[{"filename":"/home/airflow/.local/lib/python3.12/site-packages/airflow/sdk/execution_time/task_runner.py","lineno":867,"name":"run"},{"filename":"/home/airflow/.local/lib/python3.12/site-packages/airflow/sdk/execution_time/task_runner.py","lineno":1159,"name":"_execute_task"},{"filename":"/home/airflow/.local/lib/python3.12/site-packages/airflow/sdk/bases/operator.py","lineno":397,"name":"wrapper"},{"filename":"/home/airflow/.local/lib/python3.12/site-packages/airflow/providers/standard/operators/python.py","lineno":216,"name":"execute"},{"filename":"/home/airflow/.local/lib/python3.12/site-packages/airflow/providers/standard/operators/python.py","lineno":239,"name":"execute_callable"},{"filename":"/home/airflow/.local/lib/python3.12/site-packages/airflow/sdk/execution_time/callback_runner.py","lineno":81,"name":"run"},{"filename":"/opt/airflow/dags/dag_analisis.py","lineno":106,"name":"detectar_desviacion"}],"is_group":false,"exceptions":[]}]}
{"timestamp":"2025-07-14T11:38:08.500339Z","level":"info","event":"Task instance in failure state","chan":"stdout","logger":"task"}
{"timestamp":"2025-07-14T11:38:08.500618Z","level":"info","event":"Task start","chan":"stdout","logger":"task"}
{"timestamp":"2025-07-14T11:38:08.500814Z","level":"info","event":"Task:<Task(PythonOperator): detectar_desviacion>","chan":"stdout","logger":"task"}
{"timestamp":"2025-07-14T11:38:08.500995Z","level":"info","event":"Failure caused by cursor already closed","chan":"stdout","logger":"task"}
