{"timestamp":"2025-07-14T11:35:54.075193","level":"info","event":"DAG bundles loaded: dags-folder, example_dags","logger":"airflow.dag_processing.bundles.manager.DagBundlesManager"}
{"timestamp":"2025-07-14T11:35:54.076045","level":"info","event":"Filling up the DagBag from /opt/airflow/dags/dag_analisis.py","logger":"airflow.models.dagbag.DagBag"}
{"timestamp":"2025-07-14T11:35:54.124849Z","level":"info","event":"Task instance is in running state","chan":"stdout","logger":"task"}
{"timestamp":"2025-07-14T11:35:54.125218Z","level":"info","event":" Previous state of the Task instance: TaskInstanceState.QUEUED","chan":"stdout","logger":"task"}
{"timestamp":"2025-07-14T11:35:54.125467Z","level":"info","event":"Current task name:detectar_desviacion","chan":"stdout","logger":"task"}
{"timestamp":"2025-07-14T11:35:54.125676Z","level":"info","event":"Dag name:a2","chan":"stdout","logger":"task"}
{"timestamp":"2025-07-14T11:35:54.125868Z","level":"info","event":"franja 8 - 10","chan":"stdout","logger":"task"}
{"timestamp":"2025-07-14T11:35:54.126050Z","level":"info","event":"ultimo None","chan":"stdout","logger":"task"}
{"timestamp":"2025-07-14T11:35:54.126221Z","level":"info","event":"[]","chan":"stdout","logger":"task"}
{"timestamp":"2025-07-14T11:35:54.126376Z","level":"info","event":"media nan - desviacion nan","chan":"stdout","logger":"task"}
{"timestamp":"2025-07-14T11:35:54.126541Z","level":"info","event":"lim_inf nan","chan":"stdout","logger":"task"}
{"timestamp":"2025-07-14T11:35:54.126687Z","level":"info","event":"lim_sup nan","chan":"stdout","logger":"task"}
{"timestamp":"2025-07-14T11:35:54.126831Z","level":"info","event":"Task instance in failure state","chan":"stdout","logger":"task"}
{"timestamp":"2025-07-14T11:35:54.126992Z","level":"info","event":"Task start","chan":"stdout","logger":"task"}
{"timestamp":"2025-07-14T11:35:54.127135Z","level":"info","event":"Task:<Task(PythonOperator): detectar_desviacion>","chan":"stdout","logger":"task"}
{"timestamp":"2025-07-14T11:35:54.127283Z","level":"info","event":"Failure caused by 'NoneType' object is not subscriptable","chan":"stdout","logger":"task"}
{"timestamp":"2025-07-14T11:35:54.116286","level":"warning","event":"/home/airflow/.local/lib/python3.12/site-packages/numpy/core/fromnumeric.py:3504: RuntimeWarning: Mean of empty slice.\n  return _methods._mean(a, axis=axis, dtype=dtype,\n","logger":"py.warnings"}
{"timestamp":"2025-07-14T11:35:54.117143","level":"warning","event":"/home/airflow/.local/lib/python3.12/site-packages/numpy/core/_methods.py:129: RuntimeWarning: invalid value encountered in scalar divide\n  ret = ret.dtype.type(ret / rcount)\n","logger":"py.warnings"}
{"timestamp":"2025-07-14T11:35:54.117486","level":"warning","event":"/home/airflow/.local/lib/python3.12/site-packages/numpy/core/_methods.py:206: RuntimeWarning: Degrees of freedom <= 0 for slice\n  ret = _var(a, axis=axis, dtype=dtype, out=out, ddof=ddof,\n","logger":"py.warnings"}
{"timestamp":"2025-07-14T11:35:54.117941","level":"warning","event":"/home/airflow/.local/lib/python3.12/site-packages/numpy/core/_methods.py:163: RuntimeWarning: invalid value encountered in divide\n  arrmean = um.true_divide(arrmean, div, out=arrmean,\n","logger":"py.warnings"}
{"timestamp":"2025-07-14T11:35:54.118447","level":"warning","event":"/home/airflow/.local/lib/python3.12/site-packages/numpy/core/_methods.py:198: RuntimeWarning: invalid value encountered in scalar divide\n  ret = ret.dtype.type(ret / rcount)\n","logger":"py.warnings"}
{"timestamp":"2025-07-14T11:35:54.118890","level":"error","event":"Task failed with exception","logger":"task","error_detail":[{"exc_type":"TypeError","exc_value":"'NoneType' object is not subscriptable","exc_notes":[],"syntax_error":null,"is_cause":false,"frames":[{"filename":"/home/airflow/.local/lib/python3.12/site-packages/airflow/sdk/execution_time/task_runner.py","lineno":867,"name":"run"},{"filename":"/home/airflow/.local/lib/python3.12/site-packages/airflow/sdk/execution_time/task_runner.py","lineno":1159,"name":"_execute_task"},{"filename":"/home/airflow/.local/lib/python3.12/site-packages/airflow/sdk/bases/operator.py","lineno":397,"name":"wrapper"},{"filename":"/home/airflow/.local/lib/python3.12/site-packages/airflow/providers/standard/operators/python.py","lineno":216,"name":"execute"},{"filename":"/home/airflow/.local/lib/python3.12/site-packages/airflow/providers/standard/operators/python.py","lineno":239,"name":"execute_callable"},{"filename":"/home/airflow/.local/lib/python3.12/site-packages/airflow/sdk/execution_time/callback_runner.py","lineno":81,"name":"run"},{"filename":"/opt/airflow/dags/dag_analisis.py","lineno":149,"name":"detectar_desviacion"}],"is_group":false,"exceptions":[]}]}
