{"timestamp":"2025-07-12T23:16:21.015852","level":"info","event":"DAG bundles loaded: dags-folder, example_dags","logger":"airflow.dag_processing.bundles.manager.DagBundlesManager"}
{"timestamp":"2025-07-12T23:16:21.016533","level":"info","event":"Filling up the DagBag from /opt/airflow/dags/dag_analisis.py","logger":"airflow.models.dagbag.DagBag"}
{"timestamp":"2025-07-12T23:16:21.066278Z","level":"info","event":"Task instance is in running state","chan":"stdout","logger":"task"}
{"timestamp":"2025-07-12T23:16:21.066651Z","level":"info","event":" Previous state of the Task instance: TaskInstanceState.QUEUED","chan":"stdout","logger":"task"}
{"timestamp":"2025-07-12T23:16:21.066873Z","level":"info","event":"Current task name:deteccion_valores_congelados","chan":"stdout","logger":"task"}
{"timestamp":"2025-07-12T23:16:21.067103Z","level":"info","event":"Dag name:a1","chan":"stdout","logger":"task"}
{"timestamp":"2025-07-12T23:16:21.048541","level":"warning","event":"/opt/airflow/dags/dag_analisis.py:68: UserWarning: pandas only supports SQLAlchemy connectable (engine/connection) or database string URI or sqlite3 DBAPI2 connection. Other DBAPI2 objects are not tested. Please consider using SQLAlchemy.\n  df = pd.read_sql(query, conn)\n","logger":"py.warnings"}
{"timestamp":"2025-07-12T23:16:21.120800Z","level":"info","event":"         id  device_id           timestamp  value  rn","chan":"stdout","logger":"task"}
{"timestamp":"2025-07-12T23:16:21.121002Z","level":"info","event":"0    230984          1 2025-07-08 07:15:00   0.28   3","chan":"stdout","logger":"task"}
{"timestamp":"2025-07-12T23:16:21.121116Z","level":"info","event":"1    231084          1 2025-07-08 07:30:00   0.19   2","chan":"stdout","logger":"task"}
{"timestamp":"2025-07-12T23:16:21.121305Z","level":"info","event":"2    231184          1 2025-07-08 07:45:00   0.17   1","chan":"stdout","logger":"task"}
{"timestamp":"2025-07-12T23:16:21.121417Z","level":"info","event":"3    230985          2 2025-07-08 07:15:00   0.28   3","chan":"stdout","logger":"task"}
{"timestamp":"2025-07-12T23:16:21.121524Z","level":"info","event":"4    231085          2 2025-07-08 07:30:00   0.19   2","chan":"stdout","logger":"task"}
{"timestamp":"2025-07-12T23:16:21.121665Z","level":"info","event":"..      ...        ...                 ...    ...  ..","chan":"stdout","logger":"task"}
{"timestamp":"2025-07-12T23:16:21.121778Z","level":"info","event":"295  231182         99 2025-07-08 07:30:00   0.27   2","chan":"stdout","logger":"task"}
{"timestamp":"2025-07-12T23:16:21.121914Z","level":"info","event":"296  231282         99 2025-07-08 07:45:00   0.33   1","chan":"stdout","logger":"task"}
{"timestamp":"2025-07-12T23:16:21.122030Z","level":"info","event":"297  231083        100 2025-07-08 07:15:00   0.39   3","chan":"stdout","logger":"task"}
{"timestamp":"2025-07-12T23:16:21.122156Z","level":"info","event":"298  231183        100 2025-07-08 07:30:00   0.23   2","chan":"stdout","logger":"task"}
{"timestamp":"2025-07-12T23:16:21.122317Z","level":"info","event":"299  231283        100 2025-07-08 07:45:00   0.15   1","chan":"stdout","logger":"task"}
{"timestamp":"2025-07-12T23:16:21.122446Z","level":"info","event":"","chan":"stdout","logger":"task"}
{"timestamp":"2025-07-12T23:16:21.122554Z","level":"info","event":"[300 rows x 5 columns]","chan":"stdout","logger":"task"}
{"timestamp":"2025-07-12T23:16:21.133421Z","level":"info","event":"congelados 36","chan":"stdout","logger":"task"}
{"timestamp":"2025-07-12T23:16:21.134109","level":"info","event":"Done. Returned value was: None","logger":"airflow.task.operators.airflow.providers.standard.operators.python.PythonOperator"}
{"timestamp":"2025-07-12T23:16:21.159156Z","level":"info","event":"Task instance in success state","chan":"stdout","logger":"task"}
{"timestamp":"2025-07-12T23:16:21.159393Z","level":"info","event":" Previous state of the Task instance: TaskInstanceState.RUNNING","chan":"stdout","logger":"task"}
{"timestamp":"2025-07-12T23:16:21.159528Z","level":"info","event":"Task operator:<Task(PythonOperator): deteccion_valores_congelados>","chan":"stdout","logger":"task"}
