{"timestamp":"2025-07-13T15:03:50.668008","level":"info","event":"DAG bundles loaded: dags-folder, example_dags","logger":"airflow.dag_processing.bundles.manager.DagBundlesManager"}
{"timestamp":"2025-07-13T15:03:50.668797","level":"info","event":"Filling up the DagBag from /opt/airflow/dags/dag_analisis.py","logger":"airflow.models.dagbag.DagBag"}
{"timestamp":"2025-07-13T15:03:50.712836Z","level":"info","event":"Task instance is in running state","chan":"stdout","logger":"task"}
{"timestamp":"2025-07-13T15:03:50.713042Z","level":"info","event":" Previous state of the Task instance: TaskInstanceState.QUEUED","chan":"stdout","logger":"task"}
{"timestamp":"2025-07-13T15:03:50.713164Z","level":"info","event":"Current task name:detectar_pico","chan":"stdout","logger":"task"}
{"timestamp":"2025-07-13T15:03:50.713284Z","level":"info","event":"Dag name:a2","chan":"stdout","logger":"task"}
{"timestamp":"2025-07-13T15:03:50.694122","level":"warning","event":"/opt/airflow/dags/dag_analisis.py:96: UserWarning: pandas only supports SQLAlchemy connectable (engine/connection) or database string URI or sqlite3 DBAPI2 connection. Other DBAPI2 objects are not tested. Please consider using SQLAlchemy.\n  ultimos_df = pd.read_sql(\"\"\"\n","logger":"py.warnings"}
{"timestamp":"2025-07-13T15:03:50.744613","level":"warning","event":"/opt/airflow/dags/dag_analisis.py:103: UserWarning: pandas only supports SQLAlchemy connectable (engine/connection) or database string URI or sqlite3 DBAPI2 connection. Other DBAPI2 objects are not tested. Please consider using SQLAlchemy.\n  historico_df = pd.read_sql(\"SELECT * FROM franja_valores_historicos\", conn)\n","logger":"py.warnings"}
{"timestamp":"2025-07-13T15:03:50.804556Z","level":"info","event":"atipico","chan":"stdout","logger":"task"}
{"timestamp":"2025-07-13T15:03:50.806115Z","level":"info","event":"atipico","chan":"stdout","logger":"task"}
{"timestamp":"2025-07-13T15:03:50.807539Z","level":"info","event":"atipico","chan":"stdout","logger":"task"}
{"timestamp":"2025-07-13T15:03:50.809040Z","level":"info","event":"atipico","chan":"stdout","logger":"task"}
{"timestamp":"2025-07-13T15:03:50.811240Z","level":"info","event":"atipico","chan":"stdout","logger":"task"}
{"timestamp":"2025-07-13T15:03:50.812933Z","level":"info","event":"atipico","chan":"stdout","logger":"task"}
{"timestamp":"2025-07-13T15:03:50.814175Z","level":"info","event":"atipico","chan":"stdout","logger":"task"}
{"timestamp":"2025-07-13T15:03:50.815424Z","level":"info","event":"atipico","chan":"stdout","logger":"task"}
{"timestamp":"2025-07-13T15:03:50.816760Z","level":"info","event":"atipico","chan":"stdout","logger":"task"}
{"timestamp":"2025-07-13T15:03:50.818375Z","level":"info","event":"atipico","chan":"stdout","logger":"task"}
{"timestamp":"2025-07-13T15:03:50.820298Z","level":"info","event":"atipico","chan":"stdout","logger":"task"}
{"timestamp":"2025-07-13T15:03:50.821819Z","level":"info","event":"atipico","chan":"stdout","logger":"task"}
{"timestamp":"2025-07-13T15:03:50.823248Z","level":"info","event":"atipico","chan":"stdout","logger":"task"}
{"timestamp":"2025-07-13T15:03:50.825134Z","level":"info","event":"atipico","chan":"stdout","logger":"task"}
{"timestamp":"2025-07-13T15:03:50.827184Z","level":"info","event":"atipico","chan":"stdout","logger":"task"}
{"timestamp":"2025-07-13T15:03:50.828982Z","level":"info","event":"atipico","chan":"stdout","logger":"task"}
{"timestamp":"2025-07-13T15:03:50.830358Z","level":"info","event":"atipico","chan":"stdout","logger":"task"}
{"timestamp":"2025-07-13T15:03:50.831783Z","level":"info","event":"atipico","chan":"stdout","logger":"task"}
{"timestamp":"2025-07-13T15:03:50.833125Z","level":"info","event":"atipico","chan":"stdout","logger":"task"}
{"timestamp":"2025-07-13T15:03:50.834680Z","level":"info","event":"atipico","chan":"stdout","logger":"task"}
{"timestamp":"2025-07-13T15:03:50.836632Z","level":"info","event":"atipico","chan":"stdout","logger":"task"}
{"timestamp":"2025-07-13T15:03:50.838229Z","level":"info","event":"atipico","chan":"stdout","logger":"task"}
{"timestamp":"2025-07-13T15:03:50.839793Z","level":"info","event":"atipico","chan":"stdout","logger":"task"}
{"timestamp":"2025-07-13T15:03:50.841700Z","level":"info","event":"atipico","chan":"stdout","logger":"task"}
{"timestamp":"2025-07-13T15:03:50.843964Z","level":"info","event":"atipico","chan":"stdout","logger":"task"}
{"timestamp":"2025-07-13T15:03:50.845438Z","level":"info","event":"atipico","chan":"stdout","logger":"task"}
{"timestamp":"2025-07-13T15:03:50.846884Z","level":"info","event":"atipico","chan":"stdout","logger":"task"}
{"timestamp":"2025-07-13T15:03:50.848318Z","level":"info","event":"atipico","chan":"stdout","logger":"task"}
{"timestamp":"2025-07-13T15:03:50.849727Z","level":"info","event":"atipico","chan":"stdout","logger":"task"}
{"timestamp":"2025-07-13T15:03:50.851319Z","level":"info","event":"atipico","chan":"stdout","logger":"task"}
{"timestamp":"2025-07-13T15:03:50.853274Z","level":"info","event":"atipico","chan":"stdout","logger":"task"}
{"timestamp":"2025-07-13T15:03:50.855019Z","level":"info","event":"atipico","chan":"stdout","logger":"task"}
{"timestamp":"2025-07-13T15:03:50.856642Z","level":"info","event":"atipico","chan":"stdout","logger":"task"}
{"timestamp":"2025-07-13T15:03:50.858239Z","level":"info","event":"atipico","chan":"stdout","logger":"task"}
{"timestamp":"2025-07-13T15:03:50.860432Z","level":"info","event":"atipico","chan":"stdout","logger":"task"}
{"timestamp":"2025-07-13T15:03:50.862091Z","level":"info","event":"atipico","chan":"stdout","logger":"task"}
{"timestamp":"2025-07-13T15:03:50.863416Z","level":"info","event":"atipico","chan":"stdout","logger":"task"}
{"timestamp":"2025-07-13T15:03:50.864728Z","level":"info","event":"atipico","chan":"stdout","logger":"task"}
{"timestamp":"2025-07-13T15:03:50.866035Z","level":"info","event":"atipico","chan":"stdout","logger":"task"}
{"timestamp":"2025-07-13T15:03:50.867520Z","level":"info","event":"atipico","chan":"stdout","logger":"task"}
{"timestamp":"2025-07-13T15:03:50.869475Z","level":"info","event":"atipico","chan":"stdout","logger":"task"}
{"timestamp":"2025-07-13T15:03:50.871189Z","level":"info","event":"atipico","chan":"stdout","logger":"task"}
{"timestamp":"2025-07-13T15:03:50.872956Z","level":"info","event":"atipico","chan":"stdout","logger":"task"}
{"timestamp":"2025-07-13T15:03:50.874841Z","level":"info","event":"atipico","chan":"stdout","logger":"task"}
{"timestamp":"2025-07-13T15:03:50.877044Z","level":"info","event":"atipico","chan":"stdout","logger":"task"}
{"timestamp":"2025-07-13T15:03:50.878605Z","level":"info","event":"atipico","chan":"stdout","logger":"task"}
{"timestamp":"2025-07-13T15:03:50.880071Z","level":"info","event":"atipico","chan":"stdout","logger":"task"}
{"timestamp":"2025-07-13T15:03:50.881516Z","level":"info","event":"atipico","chan":"stdout","logger":"task"}
{"timestamp":"2025-07-13T15:03:50.882928Z","level":"info","event":"atipico","chan":"stdout","logger":"task"}
{"timestamp":"2025-07-13T15:03:50.884487Z","level":"info","event":"atipico","chan":"stdout","logger":"task"}
{"timestamp":"2025-07-13T15:03:50.886294Z","level":"info","event":"atipico","chan":"stdout","logger":"task"}
{"timestamp":"2025-07-13T15:03:50.887890Z","level":"info","event":"atipico","chan":"stdout","logger":"task"}
{"timestamp":"2025-07-13T15:03:50.889368Z","level":"info","event":"atipico","chan":"stdout","logger":"task"}
{"timestamp":"2025-07-13T15:03:50.891258Z","level":"info","event":"atipico","chan":"stdout","logger":"task"}
{"timestamp":"2025-07-13T15:03:50.893151Z","level":"info","event":"atipico","chan":"stdout","logger":"task"}
{"timestamp":"2025-07-13T15:03:50.894807Z","level":"info","event":"atipico","chan":"stdout","logger":"task"}
{"timestamp":"2025-07-13T15:03:50.896493Z","level":"info","event":"atipico","chan":"stdout","logger":"task"}
{"timestamp":"2025-07-13T15:03:50.898167Z","level":"info","event":"atipico","chan":"stdout","logger":"task"}
{"timestamp":"2025-07-13T15:03:50.899781Z","level":"info","event":"atipico","chan":"stdout","logger":"task"}
{"timestamp":"2025-07-13T15:03:50.901626Z","level":"info","event":"atipico","chan":"stdout","logger":"task"}
{"timestamp":"2025-07-13T15:03:50.903740Z","level":"info","event":"atipico","chan":"stdout","logger":"task"}
{"timestamp":"2025-07-13T15:03:50.905659Z","level":"info","event":"atipico","chan":"stdout","logger":"task"}
{"timestamp":"2025-07-13T15:03:50.907585Z","level":"info","event":"atipico","chan":"stdout","logger":"task"}
{"timestamp":"2025-07-13T15:03:50.909397Z","level":"info","event":"atipico","chan":"stdout","logger":"task"}
{"timestamp":"2025-07-13T15:03:50.911218Z","level":"info","event":"atipico","chan":"stdout","logger":"task"}
{"timestamp":"2025-07-13T15:03:50.912829Z","level":"info","event":"atipico","chan":"stdout","logger":"task"}
{"timestamp":"2025-07-13T15:03:50.914322Z","level":"info","event":"atipico","chan":"stdout","logger":"task"}
{"timestamp":"2025-07-13T15:03:50.915829Z","level":"info","event":"atipico","chan":"stdout","logger":"task"}
{"timestamp":"2025-07-13T15:03:50.917371Z","level":"info","event":"atipico","chan":"stdout","logger":"task"}
{"timestamp":"2025-07-13T15:03:50.919354Z","level":"info","event":"atipico","chan":"stdout","logger":"task"}
{"timestamp":"2025-07-13T15:03:50.921183Z","level":"info","event":"atipico","chan":"stdout","logger":"task"}
{"timestamp":"2025-07-13T15:03:50.922907Z","level":"info","event":"atipico","chan":"stdout","logger":"task"}
{"timestamp":"2025-07-13T15:03:50.924706Z","level":"info","event":"atipico","chan":"stdout","logger":"task"}
{"timestamp":"2025-07-13T15:03:50.926434Z","level":"info","event":"atipico","chan":"stdout","logger":"task"}
{"timestamp":"2025-07-13T15:03:50.928105Z","level":"info","event":"atipico","chan":"stdout","logger":"task"}
{"timestamp":"2025-07-13T15:03:50.929619Z","level":"info","event":"atipico","chan":"stdout","logger":"task"}
{"timestamp":"2025-07-13T15:03:50.931107Z","level":"info","event":"atipico","chan":"stdout","logger":"task"}
{"timestamp":"2025-07-13T15:03:50.932602Z","level":"info","event":"atipico","chan":"stdout","logger":"task"}
{"timestamp":"2025-07-13T15:03:50.934257Z","level":"info","event":"atipico","chan":"stdout","logger":"task"}
{"timestamp":"2025-07-13T15:03:50.936168Z","level":"info","event":"atipico","chan":"stdout","logger":"task"}
{"timestamp":"2025-07-13T15:03:50.937818Z","level":"info","event":"atipico","chan":"stdout","logger":"task"}
{"timestamp":"2025-07-13T15:03:50.939429Z","level":"info","event":"atipico","chan":"stdout","logger":"task"}
{"timestamp":"2025-07-13T15:03:50.941114Z","level":"info","event":"atipico","chan":"stdout","logger":"task"}
{"timestamp":"2025-07-13T15:03:50.942806Z","level":"info","event":"atipico","chan":"stdout","logger":"task"}
{"timestamp":"2025-07-13T15:03:50.944420Z","level":"info","event":"atipico","chan":"stdout","logger":"task"}
{"timestamp":"2025-07-13T15:03:50.945915Z","level":"info","event":"atipico","chan":"stdout","logger":"task"}
{"timestamp":"2025-07-13T15:03:50.947405Z","level":"info","event":"atipico","chan":"stdout","logger":"task"}
{"timestamp":"2025-07-13T15:03:50.948896Z","level":"info","event":"atipico","chan":"stdout","logger":"task"}
{"timestamp":"2025-07-13T15:03:50.950354Z","level":"info","event":"atipico","chan":"stdout","logger":"task"}
{"timestamp":"2025-07-13T15:03:50.952464Z","level":"info","event":"atipico","chan":"stdout","logger":"task"}
{"timestamp":"2025-07-13T15:03:50.954195Z","level":"info","event":"atipico","chan":"stdout","logger":"task"}
{"timestamp":"2025-07-13T15:03:50.955917Z","level":"info","event":"atipico","chan":"stdout","logger":"task"}
{"timestamp":"2025-07-13T15:03:50.957684Z","level":"info","event":"atipico","chan":"stdout","logger":"task"}
{"timestamp":"2025-07-13T15:03:50.959415Z","level":"info","event":"atipico","chan":"stdout","logger":"task"}
{"timestamp":"2025-07-13T15:03:50.961120Z","level":"info","event":"atipico","chan":"stdout","logger":"task"}
{"timestamp":"2025-07-13T15:03:50.962657Z","level":"info","event":"atipico","chan":"stdout","logger":"task"}
{"timestamp":"2025-07-13T15:03:50.964196Z","level":"info","event":"atipico","chan":"stdout","logger":"task"}
{"timestamp":"2025-07-13T15:03:50.965678Z","level":"info","event":"atipico","chan":"stdout","logger":"task"}
{"timestamp":"2025-07-13T15:03:50.967395Z","level":"info","event":"atipico","chan":"stdout","logger":"task"}
{"timestamp":"2025-07-13T15:03:50.969168Z","level":"info","event":"atipico","chan":"stdout","logger":"task"}
{"timestamp":"2025-07-13T15:03:50.970065","level":"info","event":"Done. Returned value was: None","logger":"airflow.task.operators.airflow.providers.standard.operators.python.PythonOperator"}
{"timestamp":"2025-07-13T15:03:50.990270Z","level":"info","event":"Task instance in success state","chan":"stdout","logger":"task"}
{"timestamp":"2025-07-13T15:03:50.990479Z","level":"info","event":" Previous state of the Task instance: TaskInstanceState.RUNNING","chan":"stdout","logger":"task"}
{"timestamp":"2025-07-13T15:03:50.990588Z","level":"info","event":"Task operator:<Task(PythonOperator): detectar_pico>","chan":"stdout","logger":"task"}
