{"timestamp":"2025-07-13T14:52:48.367159","level":"info","event":"DAG bundles loaded: dags-folder, example_dags","logger":"airflow.dag_processing.bundles.manager.DagBundlesManager"}
{"timestamp":"2025-07-13T14:52:48.367707","level":"info","event":"Filling up the DagBag from /opt/airflow/dags/dag_analisis.py","logger":"airflow.models.dagbag.DagBag"}
{"timestamp":"2025-07-13T14:52:48.410252Z","level":"info","event":"Task instance is in running state","chan":"stdout","logger":"task"}
{"timestamp":"2025-07-13T14:52:48.410447Z","level":"info","event":" Previous state of the Task instance: TaskInstanceState.QUEUED","chan":"stdout","logger":"task"}
{"timestamp":"2025-07-13T14:52:48.410554Z","level":"info","event":"Current task name:deteccion_valores_congelados","chan":"stdout","logger":"task"}
{"timestamp":"2025-07-13T14:52:48.410659Z","level":"info","event":"Dag name:a2","chan":"stdout","logger":"task"}
{"timestamp":"2025-07-13T14:52:48.390262","level":"warning","event":"/opt/airflow/dags/dag_analisis.py:69: UserWarning: pandas only supports SQLAlchemy connectable (engine/connection) or database string URI or sqlite3 DBAPI2 connection. Other DBAPI2 objects are not tested. Please consider using SQLAlchemy.\n  df = pd.read_sql(query, conn)\n","logger":"py.warnings"}
{"timestamp":"2025-07-13T14:52:48.476034Z","level":"info","event":"         id  device_id           timestamp  value  rn","chan":"stdout","logger":"task"}
{"timestamp":"2025-07-13T14:52:48.476242Z","level":"info","event":"0    233084          1 2025-07-08 12:30:00   1.19   3","chan":"stdout","logger":"task"}
{"timestamp":"2025-07-13T14:52:48.476361Z","level":"info","event":"1    233184          1 2025-07-08 12:45:00   0.00   2","chan":"stdout","logger":"task"}
{"timestamp":"2025-07-13T14:52:48.476471Z","level":"info","event":"2    233284          1 2025-07-08 13:00:00   0.00   1","chan":"stdout","logger":"task"}
{"timestamp":"2025-07-13T14:52:48.476581Z","level":"info","event":"3    233085          2 2025-07-08 12:30:00   0.66   3","chan":"stdout","logger":"task"}
{"timestamp":"2025-07-13T14:52:48.476688Z","level":"info","event":"4    233185          2 2025-07-08 12:45:00   0.00   2","chan":"stdout","logger":"task"}
{"timestamp":"2025-07-13T14:52:48.476794Z","level":"info","event":"..      ...        ...                 ...    ...  ..","chan":"stdout","logger":"task"}
{"timestamp":"2025-07-13T14:52:48.476899Z","level":"info","event":"295  233282         99 2025-07-08 12:45:00   0.00   2","chan":"stdout","logger":"task"}
{"timestamp":"2025-07-13T14:52:48.477003Z","level":"info","event":"296  233382         99 2025-07-08 13:00:00   0.00   1","chan":"stdout","logger":"task"}
{"timestamp":"2025-07-13T14:52:48.477124Z","level":"info","event":"297  233183        100 2025-07-08 12:30:00   0.75   3","chan":"stdout","logger":"task"}
{"timestamp":"2025-07-13T14:52:48.477254Z","level":"info","event":"298  233283        100 2025-07-08 12:45:00   0.00   2","chan":"stdout","logger":"task"}
{"timestamp":"2025-07-13T14:52:48.477378Z","level":"info","event":"299  233383        100 2025-07-08 13:00:00   0.00   1","chan":"stdout","logger":"task"}
{"timestamp":"2025-07-13T14:52:48.477494Z","level":"info","event":"","chan":"stdout","logger":"task"}
{"timestamp":"2025-07-13T14:52:48.477611Z","level":"info","event":"[300 rows x 5 columns]","chan":"stdout","logger":"task"}
{"timestamp":"2025-07-13T14:52:48.483069Z","level":"info","event":"Hay congelados  [17, 62]","chan":"stdout","logger":"task"}
{"timestamp":"2025-07-13T14:52:48.483572","level":"info","event":"Done. Returned value was: None","logger":"airflow.task.operators.airflow.providers.standard.operators.python.PythonOperator"}
{"timestamp":"2025-07-13T14:52:48.507161Z","level":"info","event":"Task instance in success state","chan":"stdout","logger":"task"}
{"timestamp":"2025-07-13T14:52:48.507434Z","level":"info","event":" Previous state of the Task instance: TaskInstanceState.RUNNING","chan":"stdout","logger":"task"}
{"timestamp":"2025-07-13T14:52:48.507555Z","level":"info","event":"Task operator:<Task(PythonOperator): deteccion_valores_congelados>","chan":"stdout","logger":"task"}
