{"timestamp":"2025-07-14T00:53:35.766863","level":"info","event":"DAG bundles loaded: dags-folder, example_dags","logger":"airflow.dag_processing.bundles.manager.DagBundlesManager"}
{"timestamp":"2025-07-14T00:53:35.812244","level":"info","event":"Filling up the DagBag from /opt/airflow/dags/dag_analisis.py","logger":"airflow.models.dagbag.DagBag"}
{"timestamp":"2025-07-14T00:53:35.911519Z","level":"info","event":"Task instance is in running state","chan":"stdout","logger":"task"}
{"timestamp":"2025-07-14T00:53:35.911863Z","level":"info","event":" Previous state of the Task instance: TaskInstanceState.QUEUED","chan":"stdout","logger":"task"}
{"timestamp":"2025-07-14T00:53:35.912073Z","level":"info","event":"Current task name:deteccion_valores_congelados","chan":"stdout","logger":"task"}
{"timestamp":"2025-07-14T00:53:35.912270Z","level":"info","event":"Dag name:a2","chan":"stdout","logger":"task"}
{"timestamp":"2025-07-14T00:53:35.932140","level":"warning","event":"/opt/airflow/dags/dag_analisis.py:69: UserWarning: pandas only supports SQLAlchemy connectable (engine/connection) or database string URI or sqlite3 DBAPI2 connection. Other DBAPI2 objects are not tested. Please consider using SQLAlchemy.\n  df = pd.read_sql(query, conn)\n","logger":"py.warnings"}
{"timestamp":"2025-07-14T00:53:36.146731Z","level":"info","event":"        id  device_id           timestamp   value  rn","chan":"stdout","logger":"task"}
{"timestamp":"2025-07-14T00:53:36.147113Z","level":"info","event":"0      358          1 2025-07-07 17:15:00  216.65   3","chan":"stdout","logger":"task"}
{"timestamp":"2025-07-14T00:53:36.147390Z","level":"info","event":"1      359          1 2025-07-07 17:30:00  216.95   2","chan":"stdout","logger":"task"}
{"timestamp":"2025-07-14T00:53:36.147602Z","level":"info","event":"2      360          1 2025-07-07 17:45:00  217.30   1","chan":"stdout","logger":"task"}
{"timestamp":"2025-07-14T00:53:36.147824Z","level":"info","event":"3      722          2 2025-07-07 17:15:00  235.13   3","chan":"stdout","logger":"task"}
{"timestamp":"2025-07-14T00:53:36.148045Z","level":"info","event":"4      723          2 2025-07-07 17:30:00  235.29   2","chan":"stdout","logger":"task"}
{"timestamp":"2025-07-14T00:53:36.148269Z","level":"info","event":"..     ...        ...                 ...     ...  ..","chan":"stdout","logger":"task"}
{"timestamp":"2025-07-14T00:53:36.148469Z","level":"info","event":"256  31499         86 2025-07-07 17:30:00  226.48   2","chan":"stdout","logger":"task"}
{"timestamp":"2025-07-14T00:53:36.148662Z","level":"info","event":"257  31500         86 2025-07-07 17:45:00  226.62   1","chan":"stdout","logger":"task"}
{"timestamp":"2025-07-14T00:53:36.148851Z","level":"info","event":"258  31828         87 2025-07-07 08:45:00  187.14   3","chan":"stdout","logger":"task"}
{"timestamp":"2025-07-14T00:53:36.149061Z","level":"info","event":"259  31829         87 2025-07-07 09:00:00  187.97   2","chan":"stdout","logger":"task"}
{"timestamp":"2025-07-14T00:53:36.149269Z","level":"info","event":"260  31830         87 2025-07-07 09:15:00  188.96   1","chan":"stdout","logger":"task"}
{"timestamp":"2025-07-14T00:53:36.149469Z","level":"info","event":"","chan":"stdout","logger":"task"}
{"timestamp":"2025-07-14T00:53:36.151499Z","level":"info","event":"[261 rows x 5 columns]","chan":"stdout","logger":"task"}
{"timestamp":"2025-07-14T00:53:36.195436Z","level":"info","event":"todo bien","chan":"stdout","logger":"task"}
{"timestamp":"2025-07-14T00:53:36.197579","level":"info","event":"Done. Returned value was: None","logger":"airflow.task.operators.airflow.providers.standard.operators.python.PythonOperator"}
{"timestamp":"2025-07-14T00:53:36.256261Z","level":"info","event":"Task instance in success state","chan":"stdout","logger":"task"}
{"timestamp":"2025-07-14T00:53:36.256636Z","level":"info","event":" Previous state of the Task instance: TaskInstanceState.RUNNING","chan":"stdout","logger":"task"}
{"timestamp":"2025-07-14T00:53:36.256858Z","level":"info","event":"Task operator:<Task(PythonOperator): deteccion_valores_congelados>","chan":"stdout","logger":"task"}
