{"timestamp":"2025-07-14T11:02:09.455487","level":"info","event":"DAG bundles loaded: dags-folder, example_dags","logger":"airflow.dag_processing.bundles.manager.DagBundlesManager"}
{"timestamp":"2025-07-14T11:02:09.457349","level":"info","event":"Filling up the DagBag from /opt/airflow/dags/dag_analisis.py","logger":"airflow.models.dagbag.DagBag"}
{"timestamp":"2025-07-14T11:02:09.532752Z","level":"info","event":"Task instance is in running state","chan":"stdout","logger":"task"}
{"timestamp":"2025-07-14T11:02:09.533173Z","level":"info","event":" Previous state of the Task instance: TaskInstanceState.QUEUED","chan":"stdout","logger":"task"}
{"timestamp":"2025-07-14T11:02:09.533369Z","level":"info","event":"Current task name:detectar_desviacion","chan":"stdout","logger":"task"}
{"timestamp":"2025-07-14T11:02:09.533531Z","level":"info","event":"Dag name:a2","chan":"stdout","logger":"task"}
{"timestamp":"2025-07-14T11:02:09.533685Z","level":"info","event":"ultimo (198154, 1, datetime.datetime(2025, 7, 7, 14, 45), 220.99, 'valido')","chan":"stdout","logger":"task"}
{"timestamp":"2025-07-14T11:02:09.533838Z","level":"info","event":"[21.43, 22.7, 23.73, 24.76, 54.92, 55.47, 56.25, 56.87, 85.03, 85.82, 86.33, 87.22, 117.94, 119.08, 120.02, 121.27, 149.14, 150.26, 151.24, 152.43, 186.15, 186.89, 187.58, 188.51, 219.42, 220.46, 220.46, 220.99]","chan":"stdout","logger":"task"}
{"timestamp":"2025-07-14T11:02:09.533994Z","level":"info","event":"media 120.44178571428571 - desviacion 65.66757778242795","chan":"stdout","logger":"task"}
{"timestamp":"2025-07-14T11:02:09.534154Z","level":"info","event":"lim_inf -10.893369850570195","chan":"stdout","logger":"task"}
{"timestamp":"2025-07-14T11:02:09.534304Z","level":"info","event":"lim_sup 251.77694127914162","chan":"stdout","logger":"task"}
{"timestamp":"2025-07-14T11:02:09.534461Z","level":"info","event":"CORRECTO","chan":"stdout","logger":"task"}
{"timestamp":"2025-07-14T11:02:09.534610Z","level":"info","event":"ultimo (198518, 2, datetime.datetime(2025, 7, 7, 14, 45), 205.6, 'valido')","chan":"stdout","logger":"task"}
{"timestamp":"2025-07-14T11:02:09.534761Z","level":"info","event":"[21.09, 22.22, 22.79, 23.69, 49.2, 49.69, 50.55, 51.22, 78.21, 78.85, 79.54, 80.8, 109.92, 110.4, 111.05, 111.54, 139.39, 140.61, 141.46, 142.72, 174.5, 175.56, 176.36, 176.8, 202.92, 203.74, 204.45, 205.6]","chan":"stdout","logger":"task"}
{"timestamp":"2025-07-14T11:02:09.534911Z","level":"info","event":"media 111.95964285714284 - desviacion 61.328431036868025","chan":"stdout","logger":"task"}
{"timestamp":"2025-07-14T11:02:09.535068Z","level":"info","event":"lim_inf -10.697219216593211","chan":"stdout","logger":"task"}
{"timestamp":"2025-07-14T11:02:09.535231Z","level":"info","event":"lim_sup 234.61650493087888","chan":"stdout","logger":"task"}
{"timestamp":"2025-07-14T11:02:09.535433Z","level":"info","event":"CORRECTO","chan":"stdout","logger":"task"}
{"timestamp":"2025-07-14T11:02:09.535718Z","level":"info","event":"ultimo (198882, 3, datetime.datetime(2025, 7, 7, 14, 45), 214.59, 'valido')","chan":"stdout","logger":"task"}
{"timestamp":"2025-07-14T11:02:09.540463Z","level":"info","event":"[20.61, 21.45, 22.28, 23.22, 56.7, 57.95, 58.71, 59.19, 87.21, 87.84, 88.65, 89.2, 114.1, 115.2, 116.44, 117.11, 144.96, 145.93, 146.9, 148.18, 175.78, 176.87, 177.91, 178.92, 212.3, 213.28, 213.79, 214.59]","chan":"stdout","logger":"task"}
{"timestamp":"2025-07-14T11:02:09.541035Z","level":"info","event":"media 117.33107142857146 - desviacion 62.30280384307903","chan":"stdout","logger":"task"}
{"timestamp":"2025-07-14T11:02:09.541303Z","level":"info","event":"lim_inf -7.274536257586604","chan":"stdout","logger":"task"}
{"timestamp":"2025-07-14T11:02:09.541479Z","level":"info","event":"lim_sup 241.93667911472954","chan":"stdout","logger":"task"}
{"timestamp":"2025-07-14T11:02:09.541700Z","level":"info","event":"CORRECTO","chan":"stdout","logger":"task"}
{"timestamp":"2025-07-14T11:02:09.548876Z","level":"info","event":"ultimo (199246, 4, datetime.datetime(2025, 7, 7, 14, 45), 212.89, 'valido')","chan":"stdout","logger":"task"}
{"timestamp":"2025-07-14T11:02:09.553702Z","level":"info","event":"[30.99, 31.56, 32.59, 33.33, 57.0, 57.77, 59.0, 60.19, 87.37, 88.59, 88.59, 89.04, 116.79, 117.82, 118.98, 119.74, 148.84, 149.68, 150.92, 151.83, 181.55, 182.71, 183.98, 184.44, 210.13, 210.84, 211.6, 212.89]","chan":"stdout","logger":"task"}
{"timestamp":"2025-07-14T11:02:09.554122Z","level":"info","event":"media 120.31285714285715 - desviacion 60.67755432595806","chan":"stdout","logger":"task"}
{"timestamp":"2025-07-14T11:02:09.554336Z","level":"info","event":"lim_inf -1.0422515090589712","chan":"stdout","logger":"task"}
{"timestamp":"2025-07-14T11:02:09.554495Z","level":"info","event":"lim_sup 241.6679657947733","chan":"stdout","logger":"task"}
{"timestamp":"2025-07-14T11:02:09.554654Z","level":"info","event":"CORRECTO","chan":"stdout","logger":"task"}
{"timestamp":"2025-07-14T11:02:09.559513Z","level":"info","event":"ultimo (199710, 5, datetime.datetime(2025, 7, 7, 14, 45), 230.75, 'valido')","chan":"stdout","logger":"task"}
{"timestamp":"2025-07-14T11:02:09.564041Z","level":"info","event":"[24.36, 25.05, 26.02, 26.76, 61.63, 61.63, 62.24, 63.25, 90.6, 91.72, 92.23, 93.48, 122.95, 124.0, 124.94, 125.93, 153.17, 153.88, 154.76, 155.85, 192.46, 193.39, 193.92, 195.09, 227.74, 229.02, 229.98, 230.75]","chan":"stdout","logger":"task"}
{"timestamp":"2025-07-14T11:02:09.565096Z","level":"info","event":"media 125.95714285714287 - desviacion 66.98181996723027","chan":"stdout","logger":"task"}
{"timestamp":"2025-07-14T11:02:09.568725Z","level":"info","event":"lim_inf -8.006497077317661","chan":"stdout","logger":"task"}
{"timestamp":"2025-07-14T11:02:09.569695Z","level":"info","event":"lim_sup 259.9207827916034","chan":"stdout","logger":"task"}
{"timestamp":"2025-07-14T11:02:09.570650Z","level":"info","event":"CORRECTO","chan":"stdout","logger":"task"}
{"timestamp":"2025-07-14T11:02:09.571599Z","level":"info","event":"ultimo (200074, 6, datetime.datetime(2025, 7, 7, 14, 45), 213.9, 'valido')","chan":"stdout","logger":"task"}
{"timestamp":"2025-07-14T11:02:09.574692Z","level":"info","event":"[20.54, 21.66, 22.17, 23.37, 50.95, 51.83, 52.29, 52.83, 81.78, 82.55, 83.06, 83.89, 110.34, 110.96, 111.74, 112.87, 141.45, 141.45, 141.45, 142.73, 171.47, 172.62, 173.68, 174.74, 201.73, 209.15, 213.05, 213.9]","chan":"stdout","logger":"task"}
{"timestamp":"2025-07-14T11:02:09.575513Z","level":"info","event":"media 113.2232142857143 - desviacion 61.76528561842413","chan":"stdout","logger":"task"}
{"timestamp":"2025-07-14T11:02:09.576282Z","level":"info","event":"lim_inf -10.307356951133954","chan":"stdout","logger":"task"}
{"timestamp":"2025-07-14T11:02:09.576533Z","level":"info","event":"lim_sup 236.75378552256257","chan":"stdout","logger":"task"}
{"timestamp":"2025-07-14T11:02:09.576714Z","level":"info","event":"CORRECTO","chan":"stdout","logger":"task"}
{"timestamp":"2025-07-14T11:02:09.579459Z","level":"info","event":"ultimo (200438, 7, datetime.datetime(2025, 7, 7, 14, 45), 209.0, 'valido')","chan":"stdout","logger":"task"}
{"timestamp":"2025-07-14T11:02:09.584564Z","level":"info","event":"[21.62, 22.57, 23.2, 24.39, 52.79, 54.06, 54.75, 55.61, 82.44, 83.57, 84.16, 85.01, 109.66, 110.47, 110.47, 110.93, 145.58, 146.4, 147.66, 148.55, 180.27, 180.82, 181.6, 181.6, 207.5, 207.5, 208.1, 209.0]","chan":"stdout","logger":"task"}
{"timestamp":"2025-07-14T11:02:09.585615Z","level":"info","event":"media 115.36714285714287 - desviacion 62.339922364470134","chan":"stdout","logger":"task"}
{"timestamp":"2025-07-14T11:02:09.586461Z","level":"info","event":"lim_inf -9.312701871797401","chan":"stdout","logger":"task"}
{"timestamp":"2025-07-14T11:02:09.587320Z","level":"info","event":"lim_sup 240.04698758608313","chan":"stdout","logger":"task"}
{"timestamp":"2025-07-14T11:02:09.588235Z","level":"info","event":"CORRECTO","chan":"stdout","logger":"task"}
{"timestamp":"2025-07-14T11:02:09.589702Z","level":"info","event":"ultimo (200802, 8, datetime.datetime(2025, 7, 7, 14, 45), 238.36, 'valido')","chan":"stdout","logger":"task"}
{"timestamp":"2025-07-14T11:02:09.594286Z","level":"info","event":"[22.77, 23.44, 24.31, 25.39, 50.76, 51.74, 52.51, 53.78, 88.84, 89.43, 90.54, 91.69, 128.74, 129.61, 130.82, 132.04, 163.48, 164.08, 164.81, 165.83, 206.26, 207.21, 207.73, 208.54, 235.16, 236.43, 237.31, 238.36]","chan":"stdout","logger":"task"}
{"timestamp":"2025-07-14T11:02:09.595163Z","level":"info","event":"media 129.34321428571428 - desviacion 73.18095873798885","chan":"stdout","logger":"task"}
{"timestamp":"2025-07-14T11:02:09.595492Z","level":"info","event":"lim_inf -17.01870319026341","chan":"stdout","logger":"task"}
{"timestamp":"2025-07-14T11:02:09.595665Z","level":"info","event":"lim_sup 275.705131761692","chan":"stdout","logger":"task"}
{"timestamp":"2025-07-14T11:02:09.595926Z","level":"info","event":"CORRECTO","chan":"stdout","logger":"task"}
{"timestamp":"2025-07-14T11:02:09.599373Z","level":"info","event":"ultimo (201166, 9, datetime.datetime(2025, 7, 7, 14, 45), 213.06, 'valido')","chan":"stdout","logger":"task"}
{"timestamp":"2025-07-14T11:02:09.603373Z","level":"info","event":"[22.71, 23.61, 24.49, 25.54, 53.85, 54.43, 55.15, 55.94, 82.33, 83.32, 84.15, 84.88, 111.43, 112.56, 113.4, 114.48, 142.81, 143.38, 143.97, 144.99, 173.16, 174.3, 175.11, 175.62, 211.16, 211.8, 212.5, 213.06]","chan":"stdout","logger":"task"}
{"timestamp":"2025-07-14T11:02:09.603709Z","level":"info","event":"media 115.14750000000001 - desviacion 61.74175541404004","chan":"stdout","logger":"task"}
{"timestamp":"2025-07-14T11:02:09.603899Z","level":"info","event":"lim_inf -8.336010828080077","chan":"stdout","logger":"task"}
{"timestamp":"2025-07-14T11:02:09.604065Z","level":"info","event":"lim_sup 238.6310108280801","chan":"stdout","logger":"task"}
{"timestamp":"2025-07-14T11:02:09.604215Z","level":"info","event":"CORRECTO","chan":"stdout","logger":"task"}
{"timestamp":"2025-07-14T11:02:09.607844Z","level":"info","event":"ultimo (201530, 10, datetime.datetime(2025, 7, 7, 14, 45), 209.27, 'valido')","chan":"stdout","logger":"task"}
{"timestamp":"2025-07-14T11:02:09.612753Z","level":"info","event":"[20.26, 21.48, 27.78, 28.83, 58.84, 60.02, 61.09, 61.7, 90.29, 90.79, 91.58, 92.83, 118.94, 118.94, 119.96, 120.47, 147.61, 148.45, 149.45, 150.32, 178.27, 178.74, 179.28, 180.1, 206.56, 207.14, 208.36, 209.27]","chan":"stdout","logger":"task"}
{"timestamp":"2025-07-14T11:02:09.613194Z","level":"info","event":"media 118.83392857142857 - desviacion 60.39076752636507","chan":"stdout","logger":"task"}
{"timestamp":"2025-07-14T11:02:09.613401Z","level":"info","event":"lim_inf -1.9476064813015626","chan":"stdout","logger":"task"}
{"timestamp":"2025-07-14T11:02:09.613578Z","level":"info","event":"lim_sup 239.6154636241587","chan":"stdout","logger":"task"}
{"timestamp":"2025-07-14T11:02:09.613788Z","level":"info","event":"CORRECTO","chan":"stdout","logger":"task"}
{"timestamp":"2025-07-14T11:02:09.617822Z","level":"info","event":"ultimo (201894, 11, datetime.datetime(2025, 7, 7, 14, 45), 245.89, 'valido')","chan":"stdout","logger":"task"}
{"timestamp":"2025-07-14T11:02:09.622089Z","level":"info","event":"[26.56, 27.69, 28.26, 28.96, 56.45, 57.6, 58.15, 58.6, 87.51, 88.55, 89.47, 90.41, 118.2, 126.31, 132.27, 132.83, 167.31, 167.8, 168.97, 170.27, 208.93, 209.87, 211.06, 211.7, 242.75, 243.97, 245.21, 245.89]","chan":"stdout","logger":"task"}
{"timestamp":"2025-07-14T11:02:09.622566Z","level":"info","event":"media 132.19821428571427 - desviacion 74.07159620710469","chan":"stdout","logger":"task"}
{"timestamp":"2025-07-14T11:02:09.622812Z","level":"info","event":"lim_inf -15.944978128495109","chan":"stdout","logger":"task"}
{"timestamp":"2025-07-14T11:02:09.623016Z","level":"info","event":"lim_sup 280.34140669992365","chan":"stdout","logger":"task"}
{"timestamp":"2025-07-14T11:02:09.623205Z","level":"info","event":"CORRECTO","chan":"stdout","logger":"task"}
{"timestamp":"2025-07-14T11:02:09.626621Z","level":"info","event":"ultimo (202258, 12, datetime.datetime(2025, 7, 7, 14, 45), 247.91, 'valido')","chan":"stdout","logger":"task"}
{"timestamp":"2025-07-14T11:02:09.630786Z","level":"info","event":"[22.17, 23.42, 24.46, 25.75, 62.73, 63.45, 63.45, 64.53, 97.71, 98.37, 98.88, 99.83, 132.18, 133.14, 134.41, 134.92, 179.86, 180.54, 181.54, 182.19, 209.6, 210.7, 211.97, 213.0, 244.64, 245.87, 246.89, 247.91]","chan":"stdout","logger":"task"}
{"timestamp":"2025-07-14T11:02:09.631209Z","level":"info","event":"media 136.93249999999998 - desviacion 74.71578479358581","chan":"stdout","logger":"task"}
{"timestamp":"2025-07-14T11:02:09.631464Z","level":"info","event":"lim_inf -12.499069587171647","chan":"stdout","logger":"task"}
{"timestamp":"2025-07-14T11:02:09.631652Z","level":"info","event":"lim_sup 286.36406958717157","chan":"stdout","logger":"task"}
{"timestamp":"2025-07-14T11:02:09.631835Z","level":"info","event":"CORRECTO","chan":"stdout","logger":"task"}
{"timestamp":"2025-07-14T11:02:09.635805Z","level":"info","event":"ultimo (202622, 13, datetime.datetime(2025, 7, 7, 14, 45), 214.15, 'valido')","chan":"stdout","logger":"task"}
{"timestamp":"2025-07-14T11:02:09.639873Z","level":"info","event":"[21.09, 22.16, 23.32, 24.45, 52.48, 53.35, 54.01, 55.27, 82.85, 84.02, 85.15, 86.32, 121.14, 121.72, 122.22, 123.2, 149.58, 150.45, 151.33, 152.36, 182.18, 182.63, 183.17, 184.12, 212.28, 213.38, 214.15, 214.15]","chan":"stdout","logger":"task"}
{"timestamp":"2025-07-14T11:02:09.640261Z","level":"info","event":"media 118.66178571428573 - desviacion 64.10282298517255","chan":"stdout","logger":"task"}
{"timestamp":"2025-07-14T11:02:09.640453Z","level":"info","event":"lim_inf -9.543860256059375","chan":"stdout","logger":"task"}
{"timestamp":"2025-07-14T11:02:09.640613Z","level":"info","event":"lim_sup 246.86743168463084","chan":"stdout","logger":"task"}
{"timestamp":"2025-07-14T11:02:09.640767Z","level":"info","event":"CORRECTO","chan":"stdout","logger":"task"}
{"timestamp":"2025-07-14T11:02:09.643913Z","level":"info","event":"ultimo (202986, 14, datetime.datetime(2025, 7, 7, 14, 45), 197.27, 'valido')","chan":"stdout","logger":"task"}
{"timestamp":"2025-07-14T11:02:09.647505Z","level":"info","event":"[19.37, 20.3, 21.45, 22.41, 49.61, 50.57, 51.33, 52.57, 79.17, 79.72, 81.0, 81.94, 107.77, 109.02, 109.9, 110.45, 136.05, 137.04, 137.93, 138.74, 164.73, 165.93, 166.51, 167.66, 194.89, 195.78, 196.61, 197.27]","chan":"stdout","logger":"task"}
{"timestamp":"2025-07-14T11:02:09.647879Z","level":"info","event":"media 108.7757142857143 - desviacion 58.092122678956564","chan":"stdout","logger":"task"}
{"timestamp":"2025-07-14T11:02:09.648080Z","level":"info","event":"lim_inf -7.4085310721988265","chan":"stdout","logger":"task"}
{"timestamp":"2025-07-14T11:02:09.648248Z","level":"info","event":"lim_sup 224.95995964362743","chan":"stdout","logger":"task"}
{"timestamp":"2025-07-14T11:02:09.648412Z","level":"info","event":"CORRECTO","chan":"stdout","logger":"task"}
{"timestamp":"2025-07-14T11:02:09.651378Z","level":"info","event":"ultimo (203350, 15, datetime.datetime(2025, 7, 7, 14, 45), 211.41, 'valido')","chan":"stdout","logger":"task"}
{"timestamp":"2025-07-14T11:02:09.654834Z","level":"info","event":"[24.8, 25.23, 25.75, 26.92, 54.46, 55.26, 55.9, 56.65, 83.16, 83.72, 84.59, 84.59, 109.06, 109.78, 110.22, 111.19, 137.63, 138.28, 139.56, 140.42, 172.51, 173.45, 174.2, 175.38, 201.27, 202.17, 210.94, 211.41]","chan":"stdout","logger":"task"}
{"timestamp":"2025-07-14T11:02:09.655233Z","level":"info","event":"media 113.51785714285714 - desviacion 59.65618967749059","chan":"stdout","logger":"task"}
{"timestamp":"2025-07-14T11:02:09.655506Z","level":"info","event":"lim_inf -5.794522212124036","chan":"stdout","logger":"task"}
{"timestamp":"2025-07-14T11:02:09.655694Z","level":"info","event":"lim_sup 232.8302364978383","chan":"stdout","logger":"task"}
{"timestamp":"2025-07-14T11:02:09.655870Z","level":"info","event":"CORRECTO","chan":"stdout","logger":"task"}
{"timestamp":"2025-07-14T11:02:09.658646Z","level":"info","event":"ultimo (203814, 16, datetime.datetime(2025, 7, 7, 14, 45), 220.37, 'valido')","chan":"stdout","logger":"task"}
{"timestamp":"2025-07-14T11:02:09.662324Z","level":"info","event":"[25.89, 26.69, 27.32, 27.87, 69.56, 70.27, 70.88, 71.96, 96.65, 97.38, 98.25, 98.77, 126.71, 127.57, 128.04, 128.67, 156.63, 157.5, 158.5, 159.75, 186.39, 187.67, 188.81, 189.9, 217.15, 218.36, 219.26, 220.37]","chan":"stdout","logger":"task"}
{"timestamp":"2025-07-14T11:02:09.662697Z","level":"info","event":"media 126.88464285714288 - desviacion 62.31601556823912","chan":"stdout","logger":"task"}
{"timestamp":"2025-07-14T11:02:09.662889Z","level":"info","event":"lim_inf 2.252611720664632","chan":"stdout","logger":"task"}
{"timestamp":"2025-07-14T11:02:09.663058Z","level":"info","event":"lim_sup 251.5166739936211","chan":"stdout","logger":"task"}
{"timestamp":"2025-07-14T11:02:09.663229Z","level":"info","event":"CORRECTO","chan":"stdout","logger":"task"}
{"timestamp":"2025-07-14T11:02:09.666089Z","level":"info","event":"ultimo (204178, 17, datetime.datetime(2025, 7, 7, 14, 45), 215.1, 'valido')","chan":"stdout","logger":"task"}
{"timestamp":"2025-07-14T11:02:09.669467Z","level":"info","event":"[21.92, 23.17, 24.34, 25.44, 59.18, 60.31, 61.25, 62.51, 90.82, 91.91, 93.2, 94.09, 121.97, 123.05, 123.67, 124.88, 153.68, 154.65, 155.83, 156.88, 182.22, 182.71, 183.46, 184.63, 212.77, 213.98, 214.67, 215.1]","chan":"stdout","logger":"task"}
{"timestamp":"2025-07-14T11:02:09.669849Z","level":"info","event":"media 121.86750000000002 - desviacion 62.82674610301616","chan":"stdout","logger":"task"}
{"timestamp":"2025-07-14T11:02:09.670018Z","level":"info","event":"lim_inf -3.7859922060323044","chan":"stdout","logger":"task"}
{"timestamp":"2025-07-14T11:02:09.670161Z","level":"info","event":"lim_sup 247.52099220603236","chan":"stdout","logger":"task"}
{"timestamp":"2025-07-14T11:02:09.670331Z","level":"info","event":"CORRECTO","chan":"stdout","logger":"task"}
{"timestamp":"2025-07-14T11:02:09.673145Z","level":"info","event":"ultimo (204542, 18, datetime.datetime(2025, 7, 7, 14, 45), 221.4, 'valido')","chan":"stdout","logger":"task"}
{"timestamp":"2025-07-14T11:02:09.676879Z","level":"info","event":"[20.06, 21.02, 22.18, 23.25, 55.39, 56.02, 56.55, 57.01, 83.02, 83.54, 84.38, 85.46, 112.99, 113.69, 114.84, 115.29, 145.82, 147.09, 147.65, 148.38, 190.43, 191.43, 192.39, 193.36, 219.14, 220.27, 220.89, 221.4]","chan":"stdout","logger":"task"}
{"timestamp":"2025-07-14T11:02:09.677212Z","level":"info","event":"media 119.39071428571427 - desviacion 66.61740361028423","chan":"stdout","logger":"task"}
{"timestamp":"2025-07-14T11:02:09.677355Z","level":"info","event":"lim_inf -13.844092934854189","chan":"stdout","logger":"task"}
{"timestamp":"2025-07-14T11:02:09.677483Z","level":"info","event":"lim_sup 252.62552150628272","chan":"stdout","logger":"task"}
{"timestamp":"2025-07-14T11:02:09.677608Z","level":"info","event":"CORRECTO","chan":"stdout","logger":"task"}
{"timestamp":"2025-07-14T11:02:09.680813Z","level":"info","event":"ultimo (204906, 19, datetime.datetime(2025, 7, 7, 14, 45), 209.97, 'valido')","chan":"stdout","logger":"task"}
{"timestamp":"2025-07-14T11:02:09.684016Z","level":"info","event":"[22.64, 23.68, 24.44, 25.04, 58.64, 59.3, 60.27, 61.54, 88.59, 89.81, 90.38, 91.21, 116.71, 117.85, 118.45, 119.66, 145.85, 146.67, 147.52, 148.14, 178.92, 179.88, 180.64, 181.19, 207.36, 207.83, 208.93, 209.97]","chan":"stdout","logger":"task"}
{"timestamp":"2025-07-14T11:02:09.684306Z","level":"info","event":"media 118.25392857142856 - desviacion 60.83748711228756","chan":"stdout","logger":"task"}
{"timestamp":"2025-07-14T11:02:09.684445Z","level":"info","event":"lim_inf -3.421045653146564","chan":"stdout","logger":"task"}
{"timestamp":"2025-07-14T11:02:09.684569Z","level":"info","event":"lim_sup 239.92890279600368","chan":"stdout","logger":"task"}
{"timestamp":"2025-07-14T11:02:09.684689Z","level":"info","event":"CORRECTO","chan":"stdout","logger":"task"}
{"timestamp":"2025-07-14T11:02:09.687569Z","level":"info","event":"ultimo (205270, 20, datetime.datetime(2025, 7, 7, 14, 45), 206.14, 'valido')","chan":"stdout","logger":"task"}
{"timestamp":"2025-07-14T11:02:09.690343Z","level":"info","event":"[21.83, 22.68, 23.68, 24.14, 60.2, 61.01, 61.58, 62.22, 89.9, 90.72, 91.88, 92.75, 118.98, 119.68, 120.93, 121.62, 146.6, 147.89, 148.82, 149.37, 175.06, 175.88, 176.54, 177.31, 204.14, 204.65, 205.26, 206.14]","chan":"stdout","logger":"task"}
{"timestamp":"2025-07-14T11:02:09.690725Z","level":"info","event":"media 117.9092857142857 - desviacion 59.55486113831583","chan":"stdout","logger":"task"}
{"timestamp":"2025-07-14T11:02:09.690940Z","level":"info","event":"lim_inf -1.2004365623459563","chan":"stdout","logger":"task"}
{"timestamp":"2025-07-14T11:02:09.691075Z","level":"info","event":"lim_sup 237.01900799091737","chan":"stdout","logger":"task"}
{"timestamp":"2025-07-14T11:02:09.691196Z","level":"info","event":"CORRECTO","chan":"stdout","logger":"task"}
{"timestamp":"2025-07-14T11:02:09.693482Z","level":"info","event":"ultimo (205634, 21, datetime.datetime(2025, 7, 7, 14, 45), 201.96, 'valido')","chan":"stdout","logger":"task"}
{"timestamp":"2025-07-14T11:02:09.696240Z","level":"info","event":"[24.0, 25.0, 25.94, 26.73, 55.7, 56.6, 57.08, 57.57, 85.15, 86.01, 87.16, 88.4, 114.97, 115.4, 115.4, 115.88, 142.15, 143.04, 144.06, 145.15, 172.51, 173.31, 174.15, 175.29, 199.41, 200.7, 201.18, 201.96]","chan":"stdout","logger":"task"}
{"timestamp":"2025-07-14T11:02:09.696515Z","level":"info","event":"media 114.6392857142857 - desviacion 58.392845447792624","chan":"stdout","logger":"task"}
{"timestamp":"2025-07-14T11:02:09.696641Z","level":"info","event":"lim_inf -2.146405181299542","chan":"stdout","logger":"task"}
{"timestamp":"2025-07-14T11:02:09.696752Z","level":"info","event":"lim_sup 231.42497660987095","chan":"stdout","logger":"task"}
{"timestamp":"2025-07-14T11:02:09.696860Z","level":"info","event":"CORRECTO","chan":"stdout","logger":"task"}
{"timestamp":"2025-07-14T11:02:09.699742Z","level":"info","event":"ultimo (205998, 22, datetime.datetime(2025, 7, 7, 14, 45), 218.41, 'valido')","chan":"stdout","logger":"task"}
{"timestamp":"2025-07-14T11:02:09.702856Z","level":"info","event":"[22.93, 24.22, 24.94, 25.86, 50.89, 51.76, 52.61, 53.76, 85.84, 86.57, 87.77, 88.38, 114.84, 115.35, 116.33, 117.05, 151.96, 152.57, 153.82, 154.27, 183.78, 184.28, 185.07, 186.1, 215.46, 216.45, 217.65, 218.41]","chan":"stdout","logger":"task"}
{"timestamp":"2025-07-14T11:02:09.703289Z","level":"info","event":"media 119.24714285714285 - desviacion 64.9377864826428","chan":"stdout","logger":"task"}
{"timestamp":"2025-07-14T11:02:09.703516Z","level":"info","event":"lim_inf -10.628430108142766","chan":"stdout","logger":"task"}
{"timestamp":"2025-07-14T11:02:09.703696Z","level":"info","event":"lim_sup 249.12271582242846","chan":"stdout","logger":"task"}
{"timestamp":"2025-07-14T11:02:09.703872Z","level":"info","event":"CORRECTO","chan":"stdout","logger":"task"}
{"timestamp":"2025-07-14T11:02:09.705845Z","level":"info","event":"ultimo (206362, 23, datetime.datetime(2025, 7, 7, 14, 45), 216.6, 'valido')","chan":"stdout","logger":"task"}
{"timestamp":"2025-07-14T11:02:09.709076Z","level":"info","event":"[20.7, 21.18, 22.3, 22.79, 57.67, 58.7, 59.16, 60.41, 85.96, 86.51, 87.2, 87.75, 122.24, 123.44, 124.6, 125.66, 152.81, 153.56, 154.51, 155.02, 184.88, 185.92, 186.85, 188.02, 214.09, 215.28, 215.73, 216.6]","chan":"stdout","logger":"task"}
{"timestamp":"2025-07-14T11:02:09.709433Z","level":"info","event":"media 121.05500000000002 - desviacion 64.544793056561","chan":"stdout","logger":"task"}
{"timestamp":"2025-07-14T11:02:09.709600Z","level":"info","event":"lim_inf -8.03458611312199","chan":"stdout","logger":"task"}
{"timestamp":"2025-07-14T11:02:09.709745Z","level":"info","event":"lim_sup 250.14458611312205","chan":"stdout","logger":"task"}
{"timestamp":"2025-07-14T11:02:09.709883Z","level":"info","event":"CORRECTO","chan":"stdout","logger":"task"}
{"timestamp":"2025-07-14T11:02:09.713353Z","level":"info","event":"ultimo (206726, 24, datetime.datetime(2025, 7, 7, 14, 45), 221.28, 'valido')","chan":"stdout","logger":"task"}
{"timestamp":"2025-07-14T11:02:09.716592Z","level":"info","event":"[26.65, 27.23, 27.98, 29.12, 56.4, 57.13, 57.64, 58.07, 89.99, 91.27, 92.37, 93.03, 119.7, 120.83, 122.13, 123.0, 150.56, 151.84, 152.42, 153.57, 183.76, 184.67, 185.39, 185.39, 218.17, 219.42, 220.59, 221.28]","chan":"stdout","logger":"task"}
{"timestamp":"2025-07-14T11:02:09.716990Z","level":"info","event":"media 122.12857142857145 - desviacion 63.72259308430373","chan":"stdout","logger":"task"}
{"timestamp":"2025-07-14T11:02:09.717171Z","level":"info","event":"lim_inf -5.316614740036016","chan":"stdout","logger":"task"}
{"timestamp":"2025-07-14T11:02:09.717318Z","level":"info","event":"lim_sup 249.5737575971789","chan":"stdout","logger":"task"}
{"timestamp":"2025-07-14T11:02:09.717462Z","level":"info","event":"CORRECTO","chan":"stdout","logger":"task"}
{"timestamp":"2025-07-14T11:02:09.720001Z","level":"info","event":"ultimo (207090, 25, datetime.datetime(2025, 7, 7, 14, 45), 198.05, 'valido')","chan":"stdout","logger":"task"}
{"timestamp":"2025-07-14T11:02:09.723377Z","level":"info","event":"[21.33, 22.33, 22.93, 24.18, 51.5, 52.21, 52.93, 53.97, 80.62, 81.88, 83.18, 83.18, 107.9, 108.77, 109.8, 110.25, 139.66, 140.87, 141.33, 142.19, 166.37, 166.97, 167.54, 168.07, 195.71, 196.2, 197.41, 198.05]","chan":"stdout","logger":"task"}
{"timestamp":"2025-07-14T11:02:09.723725Z","level":"info","event":"media 110.26178571428571 - desviacion 57.90266204425514","chan":"stdout","logger":"task"}
{"timestamp":"2025-07-14T11:02:09.723900Z","level":"info","event":"lim_inf -5.543538374224568","chan":"stdout","logger":"task"}
{"timestamp":"2025-07-14T11:02:09.724030Z","level":"info","event":"lim_sup 226.06710980279598","chan":"stdout","logger":"task"}
{"timestamp":"2025-07-14T11:02:09.724151Z","level":"info","event":"CORRECTO","chan":"stdout","logger":"task"}
{"timestamp":"2025-07-14T11:02:09.727098Z","level":"info","event":"ultimo (207454, 26, datetime.datetime(2025, 7, 7, 14, 45), 201.83, 'valido')","chan":"stdout","logger":"task"}
{"timestamp":"2025-07-14T11:02:09.730458Z","level":"info","event":"[20.7, 21.48, 22.43, 23.58, 51.84, 52.99, 53.79, 55.0, 84.38, 85.25, 86.04, 87.31, 114.21, 114.96, 115.83, 116.76, 143.23, 143.77, 144.48, 145.42, 171.27, 171.97, 173.06, 173.72, 199.88, 200.53, 201.24, 201.83]","chan":"stdout","logger":"task"}
{"timestamp":"2025-07-14T11:02:09.730810Z","level":"info","event":"media 113.46250000000002 - desviacion 59.53973736835641","chan":"stdout","logger":"task"}
{"timestamp":"2025-07-14T11:02:09.730997Z","level":"info","event":"lim_inf -5.616974736712805","chan":"stdout","logger":"task"}
{"timestamp":"2025-07-14T11:02:09.731149Z","level":"info","event":"lim_sup 232.54197473671286","chan":"stdout","logger":"task"}
{"timestamp":"2025-07-14T11:02:09.731334Z","level":"info","event":"CORRECTO","chan":"stdout","logger":"task"}
{"timestamp":"2025-07-14T11:02:09.734980Z","level":"info","event":"ultimo (207918, 27, datetime.datetime(2025, 7, 7, 14, 45), 199.67, 'valido')","chan":"stdout","logger":"task"}
{"timestamp":"2025-07-14T11:02:09.739220Z","level":"info","event":"[21.92, 22.4, 22.92, 23.99, 53.26, 54.49, 55.59, 56.69, 82.76, 83.27, 84.1, 85.17, 111.35, 112.43, 113.63, 114.44, 139.64, 140.74, 141.7, 142.36, 167.9, 168.66, 169.46, 170.0, 197.22, 197.8, 198.62, 199.67]","chan":"stdout","logger":"task"}
{"timestamp":"2025-07-14T11:02:09.739636Z","level":"info","event":"media 111.86357142857142 - desviacion 58.00792022365109","chan":"stdout","logger":"task"}
{"timestamp":"2025-07-14T11:02:09.739812Z","level":"info","event":"lim_inf -4.152269018730763","chan":"stdout","logger":"task"}
{"timestamp":"2025-07-14T11:02:09.739959Z","level":"info","event":"lim_sup 227.8794118758736","chan":"stdout","logger":"task"}
{"timestamp":"2025-07-14T11:02:09.740104Z","level":"info","event":"CORRECTO","chan":"stdout","logger":"task"}
{"timestamp":"2025-07-14T11:02:09.743604Z","level":"info","event":"ultimo (208282, 28, datetime.datetime(2025, 7, 7, 14, 45), 212.26, 'valido')","chan":"stdout","logger":"task"}
{"timestamp":"2025-07-14T11:02:09.747661Z","level":"info","event":"[19.09, 20.26, 21.05, 22.11, 50.63, 51.23, 51.99, 52.5, 78.52, 79.3, 80.25, 81.33, 108.96, 110.05, 110.69, 111.22, 140.01, 140.56, 149.74, 150.87, 179.44, 179.94, 181.21, 181.71, 208.87, 210.16, 211.13, 212.26]","chan":"stdout","logger":"task"}
{"timestamp":"2025-07-14T11:02:09.747996Z","level":"info","event":"media 114.11 - desviacion 63.88546738388272","chan":"stdout","logger":"task"}
{"timestamp":"2025-07-14T11:02:09.748137Z","level":"info","event":"lim_inf -13.66093476776544","chan":"stdout","logger":"task"}
{"timestamp":"2025-07-14T11:02:09.748256Z","level":"info","event":"lim_sup 241.88093476776544","chan":"stdout","logger":"task"}
{"timestamp":"2025-07-14T11:02:09.748370Z","level":"info","event":"CORRECTO","chan":"stdout","logger":"task"}
{"timestamp":"2025-07-14T11:02:09.751939Z","level":"info","event":"ultimo (208646, 29, datetime.datetime(2025, 7, 7, 14, 45), 214.44, 'valido')","chan":"stdout","logger":"task"}
{"timestamp":"2025-07-14T11:02:09.755910Z","level":"info","event":"[22.82, 23.26, 23.75, 24.34, 50.84, 51.5, 52.66, 53.55, 86.92, 87.75, 88.28, 89.47, 117.87, 118.63, 119.1, 125.12, 153.46, 154.49, 155.54, 156.76, 185.44, 186.31, 187.36, 188.4, 211.76, 212.99, 213.82, 214.44]","chan":"stdout","logger":"task"}
{"timestamp":"2025-07-14T11:02:09.756218Z","level":"info","event":"media 119.87964285714285 - desviacion 64.74006721840716","chan":"stdout","logger":"task"}
{"timestamp":"2025-07-14T11:02:09.756345Z","level":"info","event":"lim_inf -9.60049157967147","chan":"stdout","logger":"task"}
{"timestamp":"2025-07-14T11:02:09.756454Z","level":"info","event":"lim_sup 249.35977729395717","chan":"stdout","logger":"task"}
{"timestamp":"2025-07-14T11:02:09.756579Z","level":"info","event":"CORRECTO","chan":"stdout","logger":"task"}
{"timestamp":"2025-07-14T11:02:09.760208Z","level":"info","event":"ultimo (209010, 30, datetime.datetime(2025, 7, 7, 14, 45), 222.51, 'valido')","chan":"stdout","logger":"task"}
{"timestamp":"2025-07-14T11:02:09.764585Z","level":"info","event":"[20.76, 21.57, 22.37, 22.96, 50.4, 51.43, 52.13, 52.59, 81.39, 85.07, 86.14, 86.75, 112.31, 113.54, 114.25, 115.49, 160.1, 160.64, 161.86, 162.96, 190.0, 190.0, 190.8, 191.66, 219.28, 220.42, 221.51, 222.51]","chan":"stdout","logger":"task"}
{"timestamp":"2025-07-14T11:02:09.764931Z","level":"info","event":"media 120.74607142857144 - desviacion 68.09708570118765","chan":"stdout","logger":"task"}
{"timestamp":"2025-07-14T11:02:09.765070Z","level":"info","event":"lim_inf -15.448099973803863","chan":"stdout","logger":"task"}
{"timestamp":"2025-07-14T11:02:09.765182Z","level":"info","event":"lim_sup 256.9402428309468","chan":"stdout","logger":"task"}
{"timestamp":"2025-07-14T11:02:09.765291Z","level":"info","event":"CORRECTO","chan":"stdout","logger":"task"}
{"timestamp":"2025-07-14T11:02:09.768739Z","level":"info","event":"ultimo (209374, 31, datetime.datetime(2025, 7, 7, 14, 45), 208.71, 'valido')","chan":"stdout","logger":"task"}
{"timestamp":"2025-07-14T11:02:09.772573Z","level":"info","event":"[19.67, 20.67, 21.51, 22.0, 48.97, 50.18, 50.84, 51.79, 77.28, 77.85, 78.69, 79.69, 109.25, 110.19, 110.92, 111.76, 138.55, 139.42, 145.41, 146.26, 171.77, 172.26, 173.3, 174.25, 206.18, 207.16, 207.68, 208.71]","chan":"stdout","logger":"task"}
{"timestamp":"2025-07-14T11:02:09.772909Z","level":"info","event":"media 111.86464285714284 - desviacion 62.06777853294982","chan":"stdout","logger":"task"}
{"timestamp":"2025-07-14T11:02:09.773050Z","level":"info","event":"lim_inf -12.270914208756807","chan":"stdout","logger":"task"}
{"timestamp":"2025-07-14T11:02:09.773159Z","level":"info","event":"lim_sup 236.0001999230425","chan":"stdout","logger":"task"}
{"timestamp":"2025-07-14T11:02:09.773265Z","level":"info","event":"CORRECTO","chan":"stdout","logger":"task"}
{"timestamp":"2025-07-14T11:02:09.776747Z","level":"info","event":"ultimo (209738, 32, datetime.datetime(2025, 7, 7, 14, 45), 216.27, 'valido')","chan":"stdout","logger":"task"}
{"timestamp":"2025-07-14T11:02:09.780515Z","level":"info","event":"[21.18, 21.73, 22.79, 23.88, 50.6, 51.69, 51.69, 52.98, 88.59, 89.18, 90.16, 90.63, 117.67, 118.65, 119.53, 120.66, 149.62, 150.86, 151.3, 152.24, 180.84, 181.78, 183.06, 184.06, 213.56, 214.49, 215.33, 216.27]","chan":"stdout","logger":"task"}
{"timestamp":"2025-07-14T11:02:09.780846Z","level":"info","event":"media 118.75071428571428 - desviacion 64.33459844152797","chan":"stdout","logger":"task"}
{"timestamp":"2025-07-14T11:02:09.780991Z","level":"info","event":"lim_inf -9.918482597341665","chan":"stdout","logger":"task"}
{"timestamp":"2025-07-14T11:02:09.781101Z","level":"info","event":"lim_sup 247.41991116877023","chan":"stdout","logger":"task"}
{"timestamp":"2025-07-14T11:02:09.781205Z","level":"info","event":"CORRECTO","chan":"stdout","logger":"task"}
{"timestamp":"2025-07-14T11:02:09.784665Z","level":"info","event":"ultimo (210102, 33, datetime.datetime(2025, 7, 7, 14, 45), 209.16, 'valido')","chan":"stdout","logger":"task"}
{"timestamp":"2025-07-14T11:02:09.788247Z","level":"info","event":"[21.41, 22.01, 23.3, 23.81, 55.63, 56.7, 57.79, 59.07, 86.82, 87.51, 88.75, 89.52, 117.88, 118.93, 119.98, 121.11, 149.9, 151.08, 151.95, 152.99, 179.68, 179.68, 180.74, 181.85, 206.82, 207.58, 208.54, 209.16]","chan":"stdout","logger":"task"}
{"timestamp":"2025-07-14T11:02:09.788580Z","level":"info","event":"media 118.22107142857143 - desviacion 61.88781292094394","chan":"stdout","logger":"task"}
{"timestamp":"2025-07-14T11:02:09.788715Z","level":"info","event":"lim_inf -5.554554413316438","chan":"stdout","logger":"task"}
{"timestamp":"2025-07-14T11:02:09.788824Z","level":"info","event":"lim_sup 241.99669727045932","chan":"stdout","logger":"task"}
{"timestamp":"2025-07-14T11:02:09.788929Z","level":"info","event":"CORRECTO","chan":"stdout","logger":"task"}
{"timestamp":"2025-07-14T11:02:09.792281Z","level":"info","event":"ultimo (210466, 34, datetime.datetime(2025, 7, 7, 14, 45), 216.06, 'valido')","chan":"stdout","logger":"task"}
{"timestamp":"2025-07-14T11:02:09.795196Z","level":"info","event":"[31.26, 32.12, 32.81, 33.26, 60.77, 61.88, 62.48, 63.48, 88.79, 89.4, 90.1, 90.91, 115.38, 115.98, 116.42, 117.33, 141.41, 142.01, 143.31, 144.01, 173.32, 174.41, 175.39, 176.09, 212.65, 213.85, 214.79, 216.06]","chan":"stdout","logger":"task"}
{"timestamp":"2025-07-14T11:02:09.795513Z","level":"info","event":"media 118.9167857142857 - desviacion 59.00146487609872","chan":"stdout","logger":"task"}
{"timestamp":"2025-07-14T11:02:09.795641Z","level":"info","event":"lim_inf 0.9138559620882489","chan":"stdout","logger":"task"}
{"timestamp":"2025-07-14T11:02:09.795747Z","level":"info","event":"lim_sup 236.91971546648313","chan":"stdout","logger":"task"}
{"timestamp":"2025-07-14T11:02:09.795851Z","level":"info","event":"CORRECTO","chan":"stdout","logger":"task"}
{"timestamp":"2025-07-14T11:02:09.798405Z","level":"info","event":"ultimo (210830, 35, datetime.datetime(2025, 7, 7, 14, 45), 218.46, 'valido')","chan":"stdout","logger":"task"}
{"timestamp":"2025-07-14T11:02:09.802542Z","level":"info","event":"[21.95, 23.24, 24.2, 25.02, 63.4, 64.21, 65.08, 65.69, 92.54, 93.42, 94.19, 95.12, 121.91, 123.21, 124.02, 124.94, 152.7, 157.08, 157.62, 158.41, 184.59, 185.29, 186.17, 186.77, 215.94, 216.77, 217.27, 218.46]","chan":"stdout","logger":"task"}
{"timestamp":"2025-07-14T11:02:09.802863Z","level":"info","event":"media 123.54321428571427 - desviacion 63.31232767871467","chan":"stdout","logger":"task"}
{"timestamp":"2025-07-14T11:02:09.803011Z","level":"info","event":"lim_inf -3.081441071715062","chan":"stdout","logger":"task"}
{"timestamp":"2025-07-14T11:02:09.803117Z","level":"info","event":"lim_sup 250.1678696431436","chan":"stdout","logger":"task"}
{"timestamp":"2025-07-14T11:02:09.803221Z","level":"info","event":"CORRECTO","chan":"stdout","logger":"task"}
{"timestamp":"2025-07-14T11:02:09.806122Z","level":"info","event":"ultimo (211194, 36, datetime.datetime(2025, 7, 7, 14, 45), 210.52, 'valido')","chan":"stdout","logger":"task"}
{"timestamp":"2025-07-14T11:02:09.809765Z","level":"info","event":"[20.93, 21.66, 22.7, 23.46, 49.88, 50.95, 51.65, 52.26, 79.31, 80.07, 80.94, 81.95, 107.36, 108.12, 109.3, 109.9, 143.17, 144.26, 145.41, 145.87, 180.09, 180.81, 181.44, 182.41, 208.34, 208.84, 209.85, 210.52]","chan":"stdout","logger":"task"}
{"timestamp":"2025-07-14T11:02:09.810105Z","level":"info","event":"media 113.98035714285716 - desviacion 63.337714700199584","chan":"stdout","logger":"task"}
{"timestamp":"2025-07-14T11:02:09.810296Z","level":"info","event":"lim_inf -12.695072257542009","chan":"stdout","logger":"task"}
{"timestamp":"2025-07-14T11:02:09.810436Z","level":"info","event":"lim_sup 240.65578654325634","chan":"stdout","logger":"task"}
{"timestamp":"2025-07-14T11:02:09.810573Z","level":"info","event":"CORRECTO","chan":"stdout","logger":"task"}
{"timestamp":"2025-07-14T11:02:09.813683Z","level":"info","event":"ultimo (211658, 37, datetime.datetime(2025, 7, 7, 14, 45), 231.39, 'valido')","chan":"stdout","logger":"task"}
{"timestamp":"2025-07-14T11:02:09.817281Z","level":"info","event":"[22.91, 23.45, 24.42, 25.45, 61.14, 61.95, 63.11, 63.63, 98.02, 98.92, 100.08, 100.08, 125.73, 127.0, 127.64, 128.38, 154.07, 154.99, 155.56, 155.56, 193.56, 194.56, 195.73, 196.6, 228.33, 229.61, 230.59, 231.39]","chan":"stdout","logger":"task"}
{"timestamp":"2025-07-14T11:02:09.817637Z","level":"info","event":"media 127.58785714285716 - desviacion 67.15279604630574","chan":"stdout","logger":"task"}
{"timestamp":"2025-07-14T11:02:09.817827Z","level":"info","event":"lim_inf -6.717734949754316","chan":"stdout","logger":"task"}
{"timestamp":"2025-07-14T11:02:09.817980Z","level":"info","event":"lim_sup 261.89344923546867","chan":"stdout","logger":"task"}
{"timestamp":"2025-07-14T11:02:09.818117Z","level":"info","event":"CORRECTO","chan":"stdout","logger":"task"}
{"timestamp":"2025-07-14T11:02:09.820997Z","level":"info","event":"ultimo (212022, 38, datetime.datetime(2025, 7, 7, 14, 45), 212.39, 'valido')","chan":"stdout","logger":"task"}
{"timestamp":"2025-07-14T11:02:09.824370Z","level":"info","event":"[26.53, 27.62, 28.19, 28.62, 56.01, 56.89, 58.07, 58.91, 83.03, 83.52, 84.06, 85.34, 111.23, 112.4, 112.4, 113.7, 142.09, 142.91, 143.78, 144.24, 180.2, 180.82, 181.52, 182.42, 209.81, 210.38, 211.28, 212.39]","chan":"stdout","logger":"task"}
{"timestamp":"2025-07-14T11:02:09.824657Z","level":"info","event":"media 116.72714285714287 - desviacion 61.263503517716856","chan":"stdout","logger":"task"}
{"timestamp":"2025-07-14T11:02:09.824811Z","level":"info","event":"lim_inf -5.799864178290846","chan":"stdout","logger":"task"}
{"timestamp":"2025-07-14T11:02:09.824955Z","level":"info","event":"lim_sup 239.25414989257658","chan":"stdout","logger":"task"}
{"timestamp":"2025-07-14T11:02:09.825090Z","level":"info","event":"CORRECTO","chan":"stdout","logger":"task"}
{"timestamp":"2025-07-14T11:02:09.828422Z","level":"info","event":"ultimo (212386, 39, datetime.datetime(2025, 7, 7, 14, 45), 215.69, 'valido')","chan":"stdout","logger":"task"}
{"timestamp":"2025-07-14T11:02:09.831997Z","level":"info","event":"[22.9, 23.46, 24.59, 25.82, 59.31, 59.92, 59.92, 61.07, 91.27, 92.49, 93.14, 93.68, 121.26, 122.52, 123.45, 124.67, 155.13, 155.77, 156.47, 157.7, 184.57, 185.44, 185.98, 187.01, 214.11, 214.63, 214.63, 215.69]","chan":"stdout","logger":"task"}
{"timestamp":"2025-07-14T11:02:09.832290Z","level":"info","event":"media 122.37857142857145 - desviacion 63.37515543594835","chan":"stdout","logger":"task"}
{"timestamp":"2025-07-14T11:02:09.832444Z","level":"info","event":"lim_inf -4.371739443325254","chan":"stdout","logger":"task"}
{"timestamp":"2025-07-14T11:02:09.832583Z","level":"info","event":"lim_sup 249.12888230046815","chan":"stdout","logger":"task"}
{"timestamp":"2025-07-14T11:02:09.832719Z","level":"info","event":"CORRECTO","chan":"stdout","logger":"task"}
{"timestamp":"2025-07-14T11:02:09.835831Z","level":"info","event":"ultimo (212750, 40, datetime.datetime(2025, 7, 7, 14, 45), 213.66, 'valido')","chan":"stdout","logger":"task"}
{"timestamp":"2025-07-14T11:02:09.839355Z","level":"info","event":"[22.82, 23.44, 24.2, 25.14, 53.39, 54.46, 55.19, 56.11, 84.21, 84.88, 85.33, 86.47, 114.33, 115.43, 116.22, 117.49, 146.37, 146.99, 148.13, 149.04, 180.43, 181.6, 182.77, 183.67, 211.67, 212.48, 212.48, 213.66]","chan":"stdout","logger":"task"}
{"timestamp":"2025-07-14T11:02:09.839642Z","level":"info","event":"media 117.44285714285715 - desviacion 63.09546739760669","chan":"stdout","logger":"task"}
{"timestamp":"2025-07-14T11:02:09.839830Z","level":"info","event":"lim_inf -8.74807765235623","chan":"stdout","logger":"task"}
{"timestamp":"2025-07-14T11:02:09.839979Z","level":"info","event":"lim_sup 243.63379193807054","chan":"stdout","logger":"task"}
{"timestamp":"2025-07-14T11:02:09.840113Z","level":"info","event":"CORRECTO","chan":"stdout","logger":"task"}
{"timestamp":"2025-07-14T11:02:09.843215Z","level":"info","event":"ultimo (213114, 41, datetime.datetime(2025, 7, 7, 14, 45), 196.69, 'valido')","chan":"stdout","logger":"task"}
{"timestamp":"2025-07-14T11:02:09.846695Z","level":"info","event":"[20.47, 21.22, 21.9, 22.49, 48.35, 49.29, 49.95, 50.52, 76.98, 77.49, 78.31, 79.01, 104.6, 105.06, 105.53, 106.25, 132.49, 133.5, 134.65, 135.86, 165.05, 166.03, 166.99, 167.45, 193.95, 194.81, 195.59, 196.69]","chan":"stdout","logger":"task"}
{"timestamp":"2025-07-14T11:02:09.846946Z","level":"info","event":"media 107.16 - desviacion 57.95775148453274","chan":"stdout","logger":"task"}
{"timestamp":"2025-07-14T11:02:09.847104Z","level":"info","event":"lim_inf -8.755502969065489","chan":"stdout","logger":"task"}
{"timestamp":"2025-07-14T11:02:09.847243Z","level":"info","event":"lim_sup 223.0755029690655","chan":"stdout","logger":"task"}
{"timestamp":"2025-07-14T11:02:09.847407Z","level":"info","event":"CORRECTO","chan":"stdout","logger":"task"}
{"timestamp":"2025-07-14T11:02:09.850566Z","level":"info","event":"ultimo (213478, 42, datetime.datetime(2025, 7, 7, 14, 45), 236.73, 'valido')","chan":"stdout","logger":"task"}
{"timestamp":"2025-07-14T11:02:09.854037Z","level":"info","event":"[24.92, 25.92, 27.14, 27.74, 57.06, 57.82, 58.98, 59.78, 96.94, 97.52, 98.62, 99.9, 127.4, 128.13, 129.01, 130.21, 162.01, 162.7, 163.73, 164.18, 202.22, 203.19, 203.19, 204.25, 235.1, 235.1, 236.21, 236.73]","chan":"stdout","logger":"task"}
{"timestamp":"2025-07-14T11:02:09.854297Z","level":"info","event":"media 130.56071428571425 - desviacion 70.22002832569369","chan":"stdout","logger":"task"}
{"timestamp":"2025-07-14T11:02:09.854466Z","level":"info","event":"lim_inf -9.879342365673125","chan":"stdout","logger":"task"}
{"timestamp":"2025-07-14T11:02:09.854605Z","level":"info","event":"lim_sup 271.0007709371016","chan":"stdout","logger":"task"}
{"timestamp":"2025-07-14T11:02:09.854741Z","level":"info","event":"CORRECTO","chan":"stdout","logger":"task"}
{"timestamp":"2025-07-14T11:02:09.857851Z","level":"info","event":"ultimo (213842, 43, datetime.datetime(2025, 7, 7, 14, 45), 194.14, 'valido')","chan":"stdout","logger":"task"}
{"timestamp":"2025-07-14T11:02:09.861074Z","level":"info","event":"[20.69, 21.73, 22.82, 24.05, 51.06, 52.06, 52.82, 53.63, 78.3, 78.82, 79.89, 81.15, 105.9, 106.99, 107.69, 108.43, 133.53, 134.74, 135.26, 136.27, 162.21, 162.89, 163.76, 163.76, 191.66, 192.78, 193.6, 194.14]","chan":"stdout","logger":"task"}
{"timestamp":"2025-07-14T11:02:09.861338Z","level":"info","event":"media 107.5225 - desviacion 56.378297599152205","chan":"stdout","logger":"task"}
{"timestamp":"2025-07-14T11:02:09.861497Z","level":"info","event":"lim_inf -5.234095198304416","chan":"stdout","logger":"task"}
{"timestamp":"2025-07-14T11:02:09.861637Z","level":"info","event":"lim_sup 220.2790951983044","chan":"stdout","logger":"task"}
{"timestamp":"2025-07-14T11:02:09.861772Z","level":"info","event":"CORRECTO","chan":"stdout","logger":"task"}
{"timestamp":"2025-07-14T11:02:09.864410Z","level":"info","event":"ultimo (214206, 44, datetime.datetime(2025, 7, 7, 14, 45), 198.85, 'valido')","chan":"stdout","logger":"task"}
{"timestamp":"2025-07-14T11:02:09.867389Z","level":"info","event":"[22.6, 23.81, 24.51, 25.78, 55.69, 56.28, 56.28, 57.27, 82.08, 83.25, 83.76, 84.41, 113.32, 114.0, 114.99, 115.61, 141.25, 141.8, 142.37, 143.27, 170.19, 170.86, 172.02, 172.87, 195.87, 197.11, 197.81, 198.85]","chan":"stdout","logger":"task"}
{"timestamp":"2025-07-14T11:02:09.867649Z","level":"info","event":"media 112.7825 - desviacion 57.78993607547203","chan":"stdout","logger":"task"}
{"timestamp":"2025-07-14T11:02:09.867815Z","level":"info","event":"lim_inf -2.7973721509440566","chan":"stdout","logger":"task"}
{"timestamp":"2025-07-14T11:02:09.867980Z","level":"info","event":"lim_sup 228.36237215094405","chan":"stdout","logger":"task"}
{"timestamp":"2025-07-14T11:02:09.868116Z","level":"info","event":"CORRECTO","chan":"stdout","logger":"task"}
{"timestamp":"2025-07-14T11:02:09.870730Z","level":"info","event":"ultimo (214570, 45, datetime.datetime(2025, 7, 7, 14, 45), 214.57, 'valido')","chan":"stdout","logger":"task"}
{"timestamp":"2025-07-14T11:02:09.873789Z","level":"info","event":"[21.54, 22.2, 23.02, 23.6, 59.62, 60.89, 61.48, 62.14, 92.42, 93.59, 94.16, 94.87, 122.6, 123.22, 123.86, 124.82, 152.21, 152.88, 154.14, 154.91, 182.29, 183.01, 183.01, 184.03, 211.5, 212.53, 213.4, 214.57]","chan":"stdout","logger":"task"}
{"timestamp":"2025-07-14T11:02:09.874075Z","level":"info","event":"media 121.51821428571431 - desviacion 62.57618608279324","chan":"stdout","logger":"task"}
{"timestamp":"2025-07-14T11:02:09.874224Z","level":"info","event":"lim_inf -3.634157879872177","chan":"stdout","logger":"task"}
{"timestamp":"2025-07-14T11:02:09.874364Z","level":"info","event":"lim_sup 246.67058645130078","chan":"stdout","logger":"task"}
{"timestamp":"2025-07-14T11:02:09.874495Z","level":"info","event":"CORRECTO","chan":"stdout","logger":"task"}
{"timestamp":"2025-07-14T11:02:09.877709Z","level":"info","event":"ultimo (214934, 46, datetime.datetime(2025, 7, 7, 14, 45), 204.46, 'valido')","chan":"stdout","logger":"task"}
{"timestamp":"2025-07-14T11:02:09.880930Z","level":"info","event":"[21.3, 22.39, 23.31, 24.34, 50.68, 51.34, 52.05, 52.67, 80.24, 81.06, 82.09, 83.3, 110.22, 111.18, 111.74, 112.65, 140.36, 140.36, 141.06, 141.99, 174.25, 174.25, 175.13, 175.86, 201.99, 202.71, 203.65, 204.46]","chan":"stdout","logger":"task"}
{"timestamp":"2025-07-14T11:02:09.881189Z","level":"info","event":"media 112.37964285714288 - desviacion 60.49976401855648","chan":"stdout","logger":"task"}
{"timestamp":"2025-07-14T11:02:09.881348Z","level":"info","event":"lim_inf -8.619885179970083","chan":"stdout","logger":"task"}
{"timestamp":"2025-07-14T11:02:09.881491Z","level":"info","event":"lim_sup 233.37917089425585","chan":"stdout","logger":"task"}
{"timestamp":"2025-07-14T11:02:09.881624Z","level":"info","event":"CORRECTO","chan":"stdout","logger":"task"}
{"timestamp":"2025-07-14T11:02:09.884258Z","level":"info","event":"ultimo (215298, 47, datetime.datetime(2025, 7, 7, 14, 45), 205.34, 'valido')","chan":"stdout","logger":"task"}
{"timestamp":"2025-07-14T11:02:09.887301Z","level":"info","event":"[25.67, 26.56, 27.14, 28.33, 57.53, 58.13, 58.66, 59.18, 82.77, 83.78, 84.87, 85.78, 112.88, 113.52, 114.28, 114.87, 142.21, 142.79, 143.85, 144.91, 174.08, 174.88, 176.05, 177.13, 203.13, 204.03, 204.75, 205.34]","chan":"stdout","logger":"task"}
{"timestamp":"2025-07-14T11:02:09.887580Z","level":"info","event":"media 115.25357142857145 - desviacion 58.99535031401601","chan":"stdout","logger":"task"}
{"timestamp":"2025-07-14T11:02:09.887734Z","level":"info","event":"lim_inf -2.7371291994605684","chan":"stdout","logger":"task"}
{"timestamp":"2025-07-14T11:02:09.887874Z","level":"info","event":"lim_sup 233.24427205660345","chan":"stdout","logger":"task"}
{"timestamp":"2025-07-14T11:02:09.888006Z","level":"info","event":"CORRECTO","chan":"stdout","logger":"task"}
{"timestamp":"2025-07-14T11:02:09.891063Z","level":"info","event":"ultimo (215662, 48, datetime.datetime(2025, 7, 7, 14, 45), 207.98, 'valido')","chan":"stdout","logger":"task"}
{"timestamp":"2025-07-14T11:02:09.894029Z","level":"info","event":"[21.2, 22.23, 23.07, 23.65, 55.42, 56.38, 57.12, 57.89, 86.1, 87.22, 88.06, 88.56, 116.13, 116.85, 117.3, 117.84, 147.78, 148.9, 149.48, 150.53, 177.84, 178.31, 178.9, 180.08, 205.61, 206.31, 206.93, 207.98]","chan":"stdout","logger":"task"}
{"timestamp":"2025-07-14T11:02:09.894292Z","level":"info","event":"media 116.91678571428572 - desviacion 61.33632855317192","chan":"stdout","logger":"task"}
{"timestamp":"2025-07-14T11:02:09.894459Z","level":"info","event":"lim_inf -5.755871392058111","chan":"stdout","logger":"task"}
{"timestamp":"2025-07-14T11:02:09.894623Z","level":"info","event":"lim_sup 239.58944282062956","chan":"stdout","logger":"task"}
{"timestamp":"2025-07-14T11:02:09.894758Z","level":"info","event":"CORRECTO","chan":"stdout","logger":"task"}
{"timestamp":"2025-07-14T11:02:09.897355Z","level":"info","event":"ultimo (216026, 49, datetime.datetime(2025, 7, 7, 14, 45), 225.0, 'valido')","chan":"stdout","logger":"task"}
{"timestamp":"2025-07-14T11:02:09.900374Z","level":"info","event":"[24.83, 26.09, 27.16, 28.27, 61.44, 62.24, 62.69, 63.45, 110.13, 111.35, 112.21, 112.93, 138.18, 139.1, 140.04, 140.66, 167.28, 168.14, 168.64, 169.3, 195.18, 196.31, 197.22, 198.22, 222.06, 222.72, 223.99, 225.0]","chan":"stdout","logger":"task"}
{"timestamp":"2025-07-14T11:02:09.900634Z","level":"info","event":"media 132.67249999999999 - desviacion 65.7865311673728","chan":"stdout","logger":"task"}
{"timestamp":"2025-07-14T11:02:09.900793Z","level":"info","event":"lim_inf 1.099437665254385","chan":"stdout","logger":"task"}
{"timestamp":"2025-07-14T11:02:09.900931Z","level":"info","event":"lim_sup 264.2455623347456","chan":"stdout","logger":"task"}
{"timestamp":"2025-07-14T11:02:09.901062Z","level":"info","event":"CORRECTO","chan":"stdout","logger":"task"}
{"timestamp":"2025-07-14T11:02:09.903664Z","level":"info","event":"ultimo (216490, 50, datetime.datetime(2025, 7, 7, 14, 45), 229.1, 'valido')","chan":"stdout","logger":"task"}
{"timestamp":"2025-07-14T11:02:09.906613Z","level":"info","event":"[22.02, 22.93, 23.63, 24.33, 49.66, 50.14, 50.87, 51.75, 77.01, 77.81, 78.78, 79.86, 111.83, 112.33, 113.27, 114.39, 159.98, 160.41, 161.4, 162.27, 198.5, 199.31, 200.05, 200.64, 226.35, 226.94, 227.9, 229.1]","chan":"stdout","logger":"task"}
{"timestamp":"2025-07-14T11:02:09.906878Z","level":"info","event":"media 121.90928571428572 - desviacion 71.2524154943221","chan":"stdout","logger":"task"}
{"timestamp":"2025-07-14T11:02:09.907044Z","level":"info","event":"lim_inf -20.59554527435847","chan":"stdout","logger":"task"}
{"timestamp":"2025-07-14T11:02:09.907187Z","level":"info","event":"lim_sup 264.4141167029299","chan":"stdout","logger":"task"}
{"timestamp":"2025-07-14T11:02:09.907349Z","level":"info","event":"CORRECTO","chan":"stdout","logger":"task"}
{"timestamp":"2025-07-14T11:02:09.909920Z","level":"info","event":"ultimo (216854, 51, datetime.datetime(2025, 7, 7, 14, 45), 212.29, 'valido')","chan":"stdout","logger":"task"}
{"timestamp":"2025-07-14T11:02:09.913068Z","level":"info","event":"[18.71, 19.49, 20.03, 20.54, 56.53, 56.53, 57.78, 58.8, 84.79, 85.34, 85.97, 87.02, 115.97, 117.22, 118.15, 118.72, 145.63, 146.65, 147.35, 148.35, 172.13, 173.05, 173.93, 174.71, 208.95, 210.21, 211.38, 212.29]","chan":"stdout","logger":"task"}
{"timestamp":"2025-07-14T11:02:09.913340Z","level":"info","event":"media 115.93642857142856 - desviacion 61.946218852340294","chan":"stdout","logger":"task"}
{"timestamp":"2025-07-14T11:02:09.913497Z","level":"info","event":"lim_inf -7.956009133252024","chan":"stdout","logger":"task"}
{"timestamp":"2025-07-14T11:02:09.913636Z","level":"info","event":"lim_sup 239.82886627610915","chan":"stdout","logger":"task"}
{"timestamp":"2025-07-14T11:02:09.913767Z","level":"info","event":"CORRECTO","chan":"stdout","logger":"task"}
{"timestamp":"2025-07-14T11:02:09.916357Z","level":"info","event":"ultimo (217218, 52, datetime.datetime(2025, 7, 7, 14, 45), 213.03, 'valido')","chan":"stdout","logger":"task"}
{"timestamp":"2025-07-14T11:02:09.919321Z","level":"info","event":"[22.52, 23.57, 24.27, 24.76, 53.53, 54.29, 54.75, 55.28, 85.12, 86.12, 87.16, 87.76, 115.16, 115.96, 116.54, 117.65, 142.33, 143.01, 143.6, 144.05, 170.09, 170.86, 171.94, 172.67, 210.78, 211.32, 212.17, 213.03]","chan":"stdout","logger":"task"}
{"timestamp":"2025-07-14T11:02:09.919595Z","level":"info","event":"media 115.36750000000002 - desviacion 61.12584668563466","chan":"stdout","logger":"task"}
{"timestamp":"2025-07-14T11:02:09.919755Z","level":"info","event":"lim_inf -6.884193371269305","chan":"stdout","logger":"task"}
{"timestamp":"2025-07-14T11:02:09.919896Z","level":"info","event":"lim_sup 237.61919337126935","chan":"stdout","logger":"task"}
{"timestamp":"2025-07-14T11:02:09.920048Z","level":"info","event":"CORRECTO","chan":"stdout","logger":"task"}
{"timestamp":"2025-07-14T11:02:09.922620Z","level":"info","event":"ultimo (217582, 53, datetime.datetime(2025, 7, 7, 14, 45), 201.78, 'valido')","chan":"stdout","logger":"task"}
{"timestamp":"2025-07-14T11:02:09.926084Z","level":"info","event":"[22.69, 23.13, 23.6, 24.6, 50.64, 51.64, 52.76, 54.0, 79.8, 80.72, 81.52, 82.07, 107.41, 108.32, 109.23, 110.38, 137.26, 138.2, 138.77, 139.81, 171.48, 171.94, 172.57, 173.02, 198.86, 199.96, 201.12, 201.78]","chan":"stdout","logger":"task"}
{"timestamp":"2025-07-14T11:02:09.926377Z","level":"info","event":"media 110.97428571428573 - desviacion 59.186935299980526","chan":"stdout","logger":"task"}
{"timestamp":"2025-07-14T11:02:09.926529Z","level":"info","event":"lim_inf -7.399584885675324","chan":"stdout","logger":"task"}
{"timestamp":"2025-07-14T11:02:09.926668Z","level":"info","event":"lim_sup 229.34815631424678","chan":"stdout","logger":"task"}
{"timestamp":"2025-07-14T11:02:09.926820Z","level":"info","event":"CORRECTO","chan":"stdout","logger":"task"}
{"timestamp":"2025-07-14T11:02:09.929814Z","level":"info","event":"ultimo (217946, 54, datetime.datetime(2025, 7, 7, 14, 45), 227.18, 'valido')","chan":"stdout","logger":"task"}
{"timestamp":"2025-07-14T11:02:09.932762Z","level":"info","event":"[26.47, 27.56, 28.72, 29.24, 60.61, 61.23, 62.51, 63.37, 92.26, 93.16, 93.7, 94.92, 120.17, 121.03, 122.33, 123.28, 156.19, 156.91, 157.48, 158.46, 192.9, 193.76, 194.77, 195.27, 224.67, 225.29, 226.01, 227.18]","chan":"stdout","logger":"task"}
{"timestamp":"2025-07-14T11:02:09.933034Z","level":"info","event":"media 126.05178571428573 - desviacion 65.87121884261155","chan":"stdout","logger":"task"}
{"timestamp":"2025-07-14T11:02:09.933187Z","level":"info","event":"lim_inf -5.690651970937381","chan":"stdout","logger":"task"}
{"timestamp":"2025-07-14T11:02:09.933326Z","level":"info","event":"lim_sup 257.79422339950884","chan":"stdout","logger":"task"}
{"timestamp":"2025-07-14T11:02:09.933456Z","level":"info","event":"CORRECTO","chan":"stdout","logger":"task"}
{"timestamp":"2025-07-14T11:02:09.936037Z","level":"info","event":"ultimo (218310, 55, datetime.datetime(2025, 7, 7, 14, 45), 218.12, 'valido')","chan":"stdout","logger":"task"}
{"timestamp":"2025-07-14T11:02:09.938983Z","level":"info","event":"[22.06, 22.71, 23.61, 24.55, 55.26, 55.26, 55.99, 56.44, 83.43, 83.87, 85.04, 86.11, 115.39, 116.5, 117.39, 118.29, 154.9, 155.52, 156.14, 157.29, 182.86, 183.77, 184.25, 184.92, 215.37, 216.0, 217.05, 218.12]","chan":"stdout","logger":"task"}
{"timestamp":"2025-07-14T11:02:09.939284Z","level":"info","event":"media 119.57464285714286 - desviacion 64.8969838327386","chan":"stdout","logger":"task"}
{"timestamp":"2025-07-14T11:02:09.939446Z","level":"info","event":"lim_inf -10.219324808334335","chan":"stdout","logger":"task"}
{"timestamp":"2025-07-14T11:02:09.939583Z","level":"info","event":"lim_sup 249.36861052262006","chan":"stdout","logger":"task"}
{"timestamp":"2025-07-14T11:02:09.939713Z","level":"info","event":"CORRECTO","chan":"stdout","logger":"task"}
{"timestamp":"2025-07-14T11:02:09.942262Z","level":"info","event":"ultimo (218674, 56, datetime.datetime(2025, 7, 7, 14, 45), 203.26, 'valido')","chan":"stdout","logger":"task"}
{"timestamp":"2025-07-14T11:02:09.945322Z","level":"info","event":"[18.87, 20.13, 20.71, 21.37, 48.92, 49.42, 50.31, 51.33, 81.64, 82.26, 82.95, 84.08, 110.7, 111.41, 112.61, 113.55, 143.53, 144.6, 145.84, 146.88, 170.54, 171.38, 172.13, 173.09, 200.13, 201.01, 202.25, 203.26]","chan":"stdout","logger":"task"}
{"timestamp":"2025-07-14T11:02:09.945635Z","level":"info","event":"media 111.9607142857143 - desviacion 60.756982898415615","chan":"stdout","logger":"task"}
{"timestamp":"2025-07-14T11:02:09.945798Z","level":"info","event":"lim_inf -9.553251511116926","chan":"stdout","logger":"task"}
{"timestamp":"2025-07-14T11:02:09.945934Z","level":"info","event":"lim_sup 233.47468008254555","chan":"stdout","logger":"task"}
{"timestamp":"2025-07-14T11:02:09.946085Z","level":"info","event":"CORRECTO","chan":"stdout","logger":"task"}
{"timestamp":"2025-07-14T11:02:09.948610Z","level":"info","event":"ultimo (219038, 57, datetime.datetime(2025, 7, 7, 14, 45), 214.43, 'valido')","chan":"stdout","logger":"task"}
{"timestamp":"2025-07-14T11:02:09.951563Z","level":"info","event":"[21.28, 22.47, 23.76, 24.44, 52.63, 53.2, 53.2, 54.27, 84.76, 86.05, 87.28, 88.36, 113.63, 114.33, 114.85, 116.11, 153.12, 153.62, 154.75, 155.68, 183.95, 184.48, 184.48, 185.65, 212.1, 212.54, 213.64, 214.43]","chan":"stdout","logger":"task"}
{"timestamp":"2025-07-14T11:02:09.951834Z","level":"info","event":"media 118.53785714285712 - desviacion 64.39558388569507","chan":"stdout","logger":"task"}
{"timestamp":"2025-07-14T11:02:09.951990Z","level":"info","event":"lim_inf -10.253310628533029","chan":"stdout","logger":"task"}
{"timestamp":"2025-07-14T11:02:09.952126Z","level":"info","event":"lim_sup 247.32902491424727","chan":"stdout","logger":"task"}
{"timestamp":"2025-07-14T11:02:09.952261Z","level":"info","event":"CORRECTO","chan":"stdout","logger":"task"}
{"timestamp":"2025-07-14T11:02:09.954850Z","level":"info","event":"ultimo (219402, 58, datetime.datetime(2025, 7, 7, 14, 45), 207.89, 'valido')","chan":"stdout","logger":"task"}
{"timestamp":"2025-07-14T11:02:09.957797Z","level":"info","event":"[20.38, 21.21, 21.83, 22.47, 50.75, 52.01, 52.93, 53.72, 81.47, 82.1, 83.39, 84.24, 114.77, 115.93, 116.93, 118.2, 145.19, 146.16, 146.91, 147.73, 176.45, 177.63, 178.35, 179.33, 204.62, 205.88, 206.99, 207.89]","chan":"stdout","logger":"task"}
{"timestamp":"2025-07-14T11:02:09.958100Z","level":"info","event":"media 114.83785714285713 - desviacion 62.12475233392098","chan":"stdout","logger":"task"}
{"timestamp":"2025-07-14T11:02:09.958254Z","level":"info","event":"lim_inf -9.41164752498483","chan":"stdout","logger":"task"}
{"timestamp":"2025-07-14T11:02:09.958394Z","level":"info","event":"lim_sup 239.0873618106991","chan":"stdout","logger":"task"}
{"timestamp":"2025-07-14T11:02:09.958519Z","level":"info","event":"CORRECTO","chan":"stdout","logger":"task"}
{"timestamp":"2025-07-14T11:02:09.961184Z","level":"info","event":"ultimo (219766, 59, datetime.datetime(2025, 7, 7, 14, 45), 215.15, 'valido')","chan":"stdout","logger":"task"}
{"timestamp":"2025-07-14T11:02:09.964534Z","level":"info","event":"[20.65, 21.52, 22.05, 23.07, 49.19, 50.0, 50.79, 51.49, 83.19, 84.13, 85.2, 86.06, 115.48, 116.02, 116.66, 117.39, 146.89, 147.73, 148.81, 149.68, 182.8, 183.51, 184.18, 185.47, 212.53, 213.03, 213.98, 215.15]","chan":"stdout","logger":"task"}
{"timestamp":"2025-07-14T11:02:09.964808Z","level":"info","event":"media 117.0232142857143 - desviacion 64.76733695387621","chan":"stdout","logger":"task"}
{"timestamp":"2025-07-14T11:02:09.964922Z","level":"info","event":"lim_inf -12.511459622038117","chan":"stdout","logger":"task"}
{"timestamp":"2025-07-14T11:02:09.965019Z","level":"info","event":"lim_sup 246.55788819346674","chan":"stdout","logger":"task"}
{"timestamp":"2025-07-14T11:02:09.965113Z","level":"info","event":"CORRECTO","chan":"stdout","logger":"task"}
{"timestamp":"2025-07-14T11:02:09.968949Z","level":"info","event":"ultimo (220130, 60, datetime.datetime(2025, 7, 7, 14, 45), 201.86, 'valido')","chan":"stdout","logger":"task"}
{"timestamp":"2025-07-14T11:02:09.972403Z","level":"info","event":"[26.04, 26.96, 28.02, 28.64, 53.01, 54.05, 54.6, 55.54, 83.12, 83.89, 84.32, 85.18, 114.0, 114.6, 115.34, 115.99, 142.64, 143.91, 145.07, 145.99, 170.95, 171.55, 172.8, 173.88, 199.59, 200.05, 200.99, 201.86]","chan":"stdout","logger":"task"}
{"timestamp":"2025-07-14T11:02:09.972779Z","level":"info","event":"media 114.0207142857143 - desviacion 58.29363013036253","chan":"stdout","logger":"task"}
{"timestamp":"2025-07-14T11:02:09.972897Z","level":"info","event":"lim_inf -2.5665459750107544","chan":"stdout","logger":"task"}
{"timestamp":"2025-07-14T11:02:09.972992Z","level":"info","event":"lim_sup 230.60797454643938","chan":"stdout","logger":"task"}
{"timestamp":"2025-07-14T11:02:09.973101Z","level":"info","event":"CORRECTO","chan":"stdout","logger":"task"}
{"timestamp":"2025-07-14T11:02:09.976065Z","level":"info","event":"ultimo (220494, 61, datetime.datetime(2025, 7, 7, 14, 45), 222.24, 'valido')","chan":"stdout","logger":"task"}
{"timestamp":"2025-07-14T11:02:09.979451Z","level":"info","event":"[22.83, 24.01, 24.84, 25.72, 53.04, 53.8, 55.01, 56.0, 82.18, 82.78, 83.91, 84.46, 130.42, 131.32, 132.04, 132.86, 160.88, 161.44, 162.03, 163.33, 190.7, 191.63, 192.22, 192.69, 219.64, 220.5, 220.97, 222.24]","chan":"stdout","logger":"task"}
{"timestamp":"2025-07-14T11:02:09.979742Z","level":"info","event":"media 124.05321428571428 - desviacion 67.50450863532701","chan":"stdout","logger":"task"}
{"timestamp":"2025-07-14T11:02:09.979888Z","level":"info","event":"lim_inf -10.955802984939751","chan":"stdout","logger":"task"}
{"timestamp":"2025-07-14T11:02:09.980025Z","level":"info","event":"lim_sup 259.0622315563683","chan":"stdout","logger":"task"}
{"timestamp":"2025-07-14T11:02:09.980154Z","level":"info","event":"CORRECTO","chan":"stdout","logger":"task"}
{"timestamp":"2025-07-14T11:02:09.983323Z","level":"info","event":"ultimo (220858, 62, datetime.datetime(2025, 7, 7, 14, 45), 205.88, 'valido')","chan":"stdout","logger":"task"}
{"timestamp":"2025-07-14T11:02:09.987172Z","level":"info","event":"[22.91, 23.49, 24.55, 25.49, 57.85, 58.83, 59.66, 60.73, 89.94, 90.86, 91.64, 92.72, 118.51, 119.56, 120.37, 121.01, 147.98, 149.08, 149.86, 150.68, 175.94, 176.64, 177.64, 178.46, 203.39, 204.4, 204.92, 205.88]","chan":"stdout","logger":"task"}
{"timestamp":"2025-07-14T11:02:09.987526Z","level":"info","event":"media 117.96392857142857 - desviacion 59.74147048140523","chan":"stdout","logger":"task"}
{"timestamp":"2025-07-14T11:02:09.987688Z","level":"info","event":"lim_inf -1.5190123913818923","chan":"stdout","logger":"task"}
{"timestamp":"2025-07-14T11:02:09.987799Z","level":"info","event":"lim_sup 237.44686953423903","chan":"stdout","logger":"task"}
{"timestamp":"2025-07-14T11:02:09.987902Z","level":"info","event":"CORRECTO","chan":"stdout","logger":"task"}
{"timestamp":"2025-07-14T11:02:09.990841Z","level":"info","event":"ultimo (221166, 63, datetime.datetime(2025, 7, 4, 14, 45), 118.75, 'valido')","chan":"stdout","logger":"task"}
{"timestamp":"2025-07-14T11:02:09.994944Z","level":"info","event":"[20.64, 21.27, 22.5, 23.39, 52.16, 52.97, 53.9, 54.83, 83.32, 84.26, 84.93, 85.93, 116.01, 116.75, 117.72, 118.75]","chan":"stdout","logger":"task"}
{"timestamp":"2025-07-14T11:02:09.995213Z","level":"info","event":"media 69.333125 - desviacion 35.48235278253649","chan":"stdout","logger":"task"}
{"timestamp":"2025-07-14T11:02:09.995387Z","level":"info","event":"lim_inf -1.63158056507298","chan":"stdout","logger":"task"}
{"timestamp":"2025-07-14T11:02:09.995516Z","level":"info","event":"lim_sup 140.29783056507296","chan":"stdout","logger":"task"}
{"timestamp":"2025-07-14T11:02:09.995644Z","level":"info","event":"CORRECTO","chan":"stdout","logger":"task"}
{"timestamp":"2025-07-14T11:02:09.998326Z","level":"info","event":"ultimo None","chan":"stdout","logger":"task"}
{"timestamp":"2025-07-14T11:02:09.998388","level":"error","event":"Task failed with exception","logger":"task","error_detail":[{"exc_type":"TypeError","exc_value":"object of type 'NoneType' has no len()","exc_notes":[],"syntax_error":null,"is_cause":false,"frames":[{"filename":"/home/airflow/.local/lib/python3.12/site-packages/airflow/sdk/execution_time/task_runner.py","lineno":867,"name":"run"},{"filename":"/home/airflow/.local/lib/python3.12/site-packages/airflow/sdk/execution_time/task_runner.py","lineno":1159,"name":"_execute_task"},{"filename":"/home/airflow/.local/lib/python3.12/site-packages/airflow/sdk/bases/operator.py","lineno":397,"name":"wrapper"},{"filename":"/home/airflow/.local/lib/python3.12/site-packages/airflow/providers/standard/operators/python.py","lineno":216,"name":"execute"},{"filename":"/home/airflow/.local/lib/python3.12/site-packages/airflow/providers/standard/operators/python.py","lineno":239,"name":"execute_callable"},{"filename":"/home/airflow/.local/lib/python3.12/site-packages/airflow/sdk/execution_time/callback_runner.py","lineno":81,"name":"run"},{"filename":"/opt/airflow/dags/dag_analisis.py","lineno":115,"name":"detectar_desviacion"}],"is_group":false,"exceptions":[]}]}
{"timestamp":"2025-07-14T11:02:09.999438Z","level":"info","event":"Task instance in failure state","chan":"stdout","logger":"task"}
{"timestamp":"2025-07-14T11:02:09.999620Z","level":"info","event":"Task start","chan":"stdout","logger":"task"}
{"timestamp":"2025-07-14T11:02:09.999731Z","level":"info","event":"Task:<Task(PythonOperator): detectar_desviacion>","chan":"stdout","logger":"task"}
{"timestamp":"2025-07-14T11:02:09.999832Z","level":"info","event":"Failure caused by object of type 'NoneType' has no len()","chan":"stdout","logger":"task"}
