{"timestamp":"2025-07-14T10:42:55.314196","level":"info","event":"DAG bundles loaded: dags-folder, example_dags","logger":"airflow.dag_processing.bundles.manager.DagBundlesManager"}
{"timestamp":"2025-07-14T10:42:55.319125","level":"info","event":"Filling up the DagBag from /opt/airflow/dags/dag_analisis.py","logger":"airflow.models.dagbag.DagBag"}
{"timestamp":"2025-07-14T10:42:55.362941","level":"warning","event":"/opt/airflow/dags/dag_analisis.py:69: UserWarning: pandas only supports SQLAlchemy connectable (engine/connection) or database string URI or sqlite3 DBAPI2 connection. Other DBAPI2 objects are not tested. Please consider using SQLAlchemy.\n  df = pd.read_sql(query, conn)\n","logger":"py.warnings"}
{"timestamp":"2025-07-14T10:42:55.440854Z","level":"info","event":"Task instance is in running state","chan":"stdout","logger":"task"}
{"timestamp":"2025-07-14T10:42:55.441220Z","level":"info","event":" Previous state of the Task instance: TaskInstanceState.QUEUED","chan":"stdout","logger":"task"}
{"timestamp":"2025-07-14T10:42:55.441460Z","level":"info","event":"Current task name:deteccion_valores_congelados","chan":"stdout","logger":"task"}
{"timestamp":"2025-07-14T10:42:55.441678Z","level":"info","event":"Dag name:a2","chan":"stdout","logger":"task"}
{"timestamp":"2025-07-14T10:42:55.485138Z","level":"info","event":"0      158964","chan":"stdout","logger":"task"}
{"timestamp":"2025-07-14T10:42:55.485536Z","level":"info","event":"1      158965","chan":"stdout","logger":"task"}
{"timestamp":"2025-07-14T10:42:55.485795Z","level":"info","event":"2      158966","chan":"stdout","logger":"task"}
{"timestamp":"2025-07-14T10:42:55.486033Z","level":"info","event":"3      159328","chan":"stdout","logger":"task"}
{"timestamp":"2025-07-14T10:42:55.486258Z","level":"info","event":"4      159329","chan":"stdout","logger":"task"}
{"timestamp":"2025-07-14T10:42:55.486486Z","level":"info","event":"        ...","chan":"stdout","logger":"task"}
{"timestamp":"2025-07-14T10:42:55.486712Z","level":"info","event":"295    194637","chan":"stdout","logger":"task"}
{"timestamp":"2025-07-14T10:42:55.486943Z","level":"info","event":"296    194638","chan":"stdout","logger":"task"}
{"timestamp":"2025-07-14T10:42:55.487176Z","level":"info","event":"297    195000","chan":"stdout","logger":"task"}
{"timestamp":"2025-07-14T10:42:55.487443Z","level":"info","event":"298    195001","chan":"stdout","logger":"task"}
{"timestamp":"2025-07-14T10:42:55.487679Z","level":"info","event":"299    195002","chan":"stdout","logger":"task"}
{"timestamp":"2025-07-14T10:42:55.490442Z","level":"info","event":"Name: id, Length: 300, dtype: int64","chan":"stdout","logger":"task"}
{"timestamp":"2025-07-14T10:42:55.521142Z","level":"info","event":"todo bien","chan":"stdout","logger":"task"}
{"timestamp":"2025-07-14T10:42:55.520525","level":"info","event":"Done. Returned value was: None","logger":"airflow.task.operators.airflow.providers.standard.operators.python.PythonOperator"}
{"timestamp":"2025-07-14T10:42:55.523399Z","level":"info","event":"Task instance in success state","chan":"stdout","logger":"task"}
{"timestamp":"2025-07-14T10:42:55.523830Z","level":"info","event":" Previous state of the Task instance: TaskInstanceState.RUNNING","chan":"stdout","logger":"task"}
{"timestamp":"2025-07-14T10:42:55.573518Z","level":"info","event":"Task operator:<Task(PythonOperator): deteccion_valores_congelados>","chan":"stdout","logger":"task"}
