{"timestamp":"2025-07-13T06:56:50.016359","level":"info","event":"DAG bundles loaded: dags-folder, example_dags","logger":"airflow.dag_processing.bundles.manager.DagBundlesManager"}
{"timestamp":"2025-07-13T06:56:50.021746","level":"info","event":"Filling up the DagBag from /opt/airflow/dags/dag_analisis.py","logger":"airflow.models.dagbag.DagBag"}
{"timestamp":"2025-07-13T06:56:50.082817Z","level":"info","event":"Task instance is in running state","chan":"stdout","logger":"task"}
{"timestamp":"2025-07-13T06:56:50.083585Z","level":"info","event":" Previous state of the Task instance: TaskInstanceState.QUEUED","chan":"stdout","logger":"task"}
{"timestamp":"2025-07-13T06:56:50.084310Z","level":"info","event":"Current task name:detectar_pico","chan":"stdout","logger":"task"}
{"timestamp":"2025-07-13T06:56:50.085408Z","level":"info","event":"Dag name:a2","chan":"stdout","logger":"task"}
{"timestamp":"2025-07-13T06:56:50.068815","level":"warning","event":"/opt/airflow/dags/dag_analisis.py:96: UserWarning: pandas only supports SQLAlchemy connectable (engine/connection) or database string URI or sqlite3 DBAPI2 connection. Other DBAPI2 objects are not tested. Please consider using SQLAlchemy.\n  ultimos_df = pd.read_sql(\"\"\"\n","logger":"py.warnings"}
{"timestamp":"2025-07-13T06:56:50.127645","level":"warning","event":"/opt/airflow/dags/dag_analisis.py:103: UserWarning: pandas only supports SQLAlchemy connectable (engine/connection) or database string URI or sqlite3 DBAPI2 connection. Other DBAPI2 objects are not tested. Please consider using SQLAlchemy.\n  historico_df = pd.read_sql(\"SELECT * FROM franja_valores_historicos\", conn)\n","logger":"py.warnings"}
{"timestamp":"2025-07-13T06:56:50.246733Z","level":"info","event":"breve","chan":"stdout","logger":"task"}
{"timestamp":"2025-07-13T06:56:50.250023Z","level":"info","event":"breve","chan":"stdout","logger":"task"}
{"timestamp":"2025-07-13T06:56:50.253027Z","level":"info","event":"breve","chan":"stdout","logger":"task"}
{"timestamp":"2025-07-13T06:56:50.255873Z","level":"info","event":"breve","chan":"stdout","logger":"task"}
{"timestamp":"2025-07-13T06:56:50.259193Z","level":"info","event":"breve","chan":"stdout","logger":"task"}
{"timestamp":"2025-07-13T06:56:50.262204Z","level":"info","event":"breve","chan":"stdout","logger":"task"}
{"timestamp":"2025-07-13T06:56:50.265247Z","level":"info","event":"breve","chan":"stdout","logger":"task"}
{"timestamp":"2025-07-13T06:56:50.268810Z","level":"info","event":"breve","chan":"stdout","logger":"task"}
{"timestamp":"2025-07-13T06:56:50.273510Z","level":"info","event":"breve","chan":"stdout","logger":"task"}
{"timestamp":"2025-07-13T06:56:50.276743Z","level":"info","event":"breve","chan":"stdout","logger":"task"}
{"timestamp":"2025-07-13T06:56:50.279447Z","level":"info","event":"breve","chan":"stdout","logger":"task"}
{"timestamp":"2025-07-13T06:56:50.282408Z","level":"info","event":"breve","chan":"stdout","logger":"task"}
{"timestamp":"2025-07-13T06:56:50.285691Z","level":"info","event":"breve","chan":"stdout","logger":"task"}
{"timestamp":"2025-07-13T06:56:50.288619Z","level":"info","event":"breve","chan":"stdout","logger":"task"}
{"timestamp":"2025-07-13T06:56:50.291308Z","level":"info","event":"breve","chan":"stdout","logger":"task"}
{"timestamp":"2025-07-13T06:56:50.293990Z","level":"info","event":"breve","chan":"stdout","logger":"task"}
{"timestamp":"2025-07-13T06:56:50.296589Z","level":"info","event":"breve","chan":"stdout","logger":"task"}
{"timestamp":"2025-07-13T06:56:50.298879Z","level":"info","event":"breve","chan":"stdout","logger":"task"}
{"timestamp":"2025-07-13T06:56:50.302031Z","level":"info","event":"breve","chan":"stdout","logger":"task"}
{"timestamp":"2025-07-13T06:56:50.305828Z","level":"info","event":"breve","chan":"stdout","logger":"task"}
{"timestamp":"2025-07-13T06:56:50.309613Z","level":"info","event":"breve","chan":"stdout","logger":"task"}
{"timestamp":"2025-07-13T06:56:50.312612Z","level":"info","event":"breve","chan":"stdout","logger":"task"}
{"timestamp":"2025-07-13T06:56:50.316285Z","level":"info","event":"breve","chan":"stdout","logger":"task"}
{"timestamp":"2025-07-13T06:56:50.319376Z","level":"info","event":"breve","chan":"stdout","logger":"task"}
{"timestamp":"2025-07-13T06:56:50.323525Z","level":"info","event":"breve","chan":"stdout","logger":"task"}
{"timestamp":"2025-07-13T06:56:50.326621Z","level":"info","event":"breve","chan":"stdout","logger":"task"}
{"timestamp":"2025-07-13T06:56:50.329477Z","level":"info","event":"breve","chan":"stdout","logger":"task"}
{"timestamp":"2025-07-13T06:56:50.332289Z","level":"info","event":"breve","chan":"stdout","logger":"task"}
{"timestamp":"2025-07-13T06:56:50.335035Z","level":"info","event":"breve","chan":"stdout","logger":"task"}
{"timestamp":"2025-07-13T06:56:50.337765Z","level":"info","event":"breve","chan":"stdout","logger":"task"}
{"timestamp":"2025-07-13T06:56:50.340461Z","level":"info","event":"breve","chan":"stdout","logger":"task"}
{"timestamp":"2025-07-13T06:56:50.343218Z","level":"info","event":"breve","chan":"stdout","logger":"task"}
{"timestamp":"2025-07-13T06:56:50.346587Z","level":"info","event":"breve","chan":"stdout","logger":"task"}
{"timestamp":"2025-07-13T06:56:50.349766Z","level":"info","event":"breve","chan":"stdout","logger":"task"}
{"timestamp":"2025-07-13T06:56:50.352736Z","level":"info","event":"breve","chan":"stdout","logger":"task"}
{"timestamp":"2025-07-13T06:56:50.356046Z","level":"info","event":"breve","chan":"stdout","logger":"task"}
{"timestamp":"2025-07-13T06:56:50.359267Z","level":"info","event":"breve","chan":"stdout","logger":"task"}
{"timestamp":"2025-07-13T06:56:50.362222Z","level":"info","event":"breve","chan":"stdout","logger":"task"}
{"timestamp":"2025-07-13T06:56:50.365060Z","level":"info","event":"breve","chan":"stdout","logger":"task"}
{"timestamp":"2025-07-13T06:56:50.367999Z","level":"info","event":"breve","chan":"stdout","logger":"task"}
{"timestamp":"2025-07-13T06:56:50.371159Z","level":"info","event":"breve","chan":"stdout","logger":"task"}
{"timestamp":"2025-07-13T06:56:50.374316Z","level":"info","event":"breve","chan":"stdout","logger":"task"}
{"timestamp":"2025-07-13T06:56:50.377147Z","level":"info","event":"breve","chan":"stdout","logger":"task"}
{"timestamp":"2025-07-13T06:56:50.379848Z","level":"info","event":"breve","chan":"stdout","logger":"task"}
{"timestamp":"2025-07-13T06:56:50.382690Z","level":"info","event":"breve","chan":"stdout","logger":"task"}
{"timestamp":"2025-07-13T06:56:50.386685Z","level":"info","event":"breve","chan":"stdout","logger":"task"}
{"timestamp":"2025-07-13T06:56:50.389957Z","level":"info","event":"breve","chan":"stdout","logger":"task"}
{"timestamp":"2025-07-13T06:56:50.392956Z","level":"info","event":"breve","chan":"stdout","logger":"task"}
{"timestamp":"2025-07-13T06:56:50.395880Z","level":"info","event":"breve","chan":"stdout","logger":"task"}
{"timestamp":"2025-07-13T06:56:50.398714Z","level":"info","event":"breve","chan":"stdout","logger":"task"}
{"timestamp":"2025-07-13T06:56:50.401462Z","level":"info","event":"breve","chan":"stdout","logger":"task"}
{"timestamp":"2025-07-13T06:56:50.404186Z","level":"info","event":"breve","chan":"stdout","logger":"task"}
{"timestamp":"2025-07-13T06:56:50.406950Z","level":"info","event":"breve","chan":"stdout","logger":"task"}
{"timestamp":"2025-07-13T06:56:50.409974Z","level":"info","event":"breve","chan":"stdout","logger":"task"}
{"timestamp":"2025-07-13T06:56:50.413312Z","level":"info","event":"breve","chan":"stdout","logger":"task"}
{"timestamp":"2025-07-13T06:56:50.416093Z","level":"info","event":"breve","chan":"stdout","logger":"task"}
{"timestamp":"2025-07-13T06:56:50.418693Z","level":"info","event":"breve","chan":"stdout","logger":"task"}
{"timestamp":"2025-07-13T06:56:50.421433Z","level":"info","event":"breve","chan":"stdout","logger":"task"}
{"timestamp":"2025-07-13T06:56:50.424793Z","level":"info","event":"breve","chan":"stdout","logger":"task"}
{"timestamp":"2025-07-13T06:56:50.428070Z","level":"info","event":"breve","chan":"stdout","logger":"task"}
{"timestamp":"2025-07-13T06:56:50.430659Z","level":"info","event":"breve","chan":"stdout","logger":"task"}
{"timestamp":"2025-07-13T06:56:50.433251Z","level":"info","event":"breve","chan":"stdout","logger":"task"}
{"timestamp":"2025-07-13T06:56:50.435964Z","level":"info","event":"breve","chan":"stdout","logger":"task"}
{"timestamp":"2025-07-13T06:56:50.438916Z","level":"info","event":"breve","chan":"stdout","logger":"task"}
{"timestamp":"2025-07-13T06:56:50.441775Z","level":"info","event":"breve","chan":"stdout","logger":"task"}
{"timestamp":"2025-07-13T06:56:50.444520Z","level":"info","event":"breve","chan":"stdout","logger":"task"}
{"timestamp":"2025-07-13T06:56:50.447131Z","level":"info","event":"breve","chan":"stdout","logger":"task"}
{"timestamp":"2025-07-13T06:56:50.449733Z","level":"info","event":"breve","chan":"stdout","logger":"task"}
{"timestamp":"2025-07-13T06:56:50.452112Z","level":"info","event":"breve","chan":"stdout","logger":"task"}
{"timestamp":"2025-07-13T06:56:50.454547Z","level":"info","event":"breve","chan":"stdout","logger":"task"}
{"timestamp":"2025-07-13T06:56:50.456834Z","level":"info","event":"breve","chan":"stdout","logger":"task"}
{"timestamp":"2025-07-13T06:56:50.459191Z","level":"info","event":"breve","chan":"stdout","logger":"task"}
{"timestamp":"2025-07-13T06:56:50.461528Z","level":"info","event":"breve","chan":"stdout","logger":"task"}
{"timestamp":"2025-07-13T06:56:50.463781Z","level":"info","event":"breve","chan":"stdout","logger":"task"}
{"timestamp":"2025-07-13T06:56:50.466097Z","level":"info","event":"breve","chan":"stdout","logger":"task"}
{"timestamp":"2025-07-13T06:56:50.469197Z","level":"info","event":"breve","chan":"stdout","logger":"task"}
{"timestamp":"2025-07-13T06:56:50.472294Z","level":"info","event":"breve","chan":"stdout","logger":"task"}
{"timestamp":"2025-07-13T06:56:50.475272Z","level":"info","event":"breve","chan":"stdout","logger":"task"}
{"timestamp":"2025-07-13T06:56:50.478146Z","level":"info","event":"breve","chan":"stdout","logger":"task"}
{"timestamp":"2025-07-13T06:56:50.480711Z","level":"info","event":"breve","chan":"stdout","logger":"task"}
{"timestamp":"2025-07-13T06:56:50.484108Z","level":"info","event":"breve","chan":"stdout","logger":"task"}
{"timestamp":"2025-07-13T06:56:50.487575Z","level":"info","event":"breve","chan":"stdout","logger":"task"}
{"timestamp":"2025-07-13T06:56:50.490674Z","level":"info","event":"breve","chan":"stdout","logger":"task"}
{"timestamp":"2025-07-13T06:56:50.493985Z","level":"info","event":"breve","chan":"stdout","logger":"task"}
{"timestamp":"2025-07-13T06:56:50.496875Z","level":"info","event":"breve","chan":"stdout","logger":"task"}
{"timestamp":"2025-07-13T06:56:50.499715Z","level":"info","event":"breve","chan":"stdout","logger":"task"}
{"timestamp":"2025-07-13T06:56:50.502944Z","level":"info","event":"breve","chan":"stdout","logger":"task"}
{"timestamp":"2025-07-13T06:56:50.507054Z","level":"info","event":"breve","chan":"stdout","logger":"task"}
{"timestamp":"2025-07-13T06:56:50.510096Z","level":"info","event":"breve","chan":"stdout","logger":"task"}
{"timestamp":"2025-07-13T06:56:50.512950Z","level":"info","event":"breve","chan":"stdout","logger":"task"}
{"timestamp":"2025-07-13T06:56:50.515633Z","level":"info","event":"breve","chan":"stdout","logger":"task"}
{"timestamp":"2025-07-13T06:56:50.518049Z","level":"info","event":"breve","chan":"stdout","logger":"task"}
{"timestamp":"2025-07-13T06:56:50.521294Z","level":"info","event":"breve","chan":"stdout","logger":"task"}
{"timestamp":"2025-07-13T06:56:50.523859Z","level":"info","event":"breve","chan":"stdout","logger":"task"}
{"timestamp":"2025-07-13T06:56:50.526453Z","level":"info","event":"breve","chan":"stdout","logger":"task"}
{"timestamp":"2025-07-13T06:56:50.528576Z","level":"info","event":"breve","chan":"stdout","logger":"task"}
{"timestamp":"2025-07-13T06:56:50.530674Z","level":"info","event":"breve","chan":"stdout","logger":"task"}
{"timestamp":"2025-07-13T06:56:50.532670Z","level":"info","event":"breve","chan":"stdout","logger":"task"}
{"timestamp":"2025-07-13T06:56:50.534772Z","level":"info","event":"breve","chan":"stdout","logger":"task"}
{"timestamp":"2025-07-13T06:56:50.536991Z","level":"info","event":"breve","chan":"stdout","logger":"task"}
{"timestamp":"2025-07-13T06:56:50.538122","level":"info","event":"Done. Returned value was: None","logger":"airflow.task.operators.airflow.providers.standard.operators.python.PythonOperator"}
{"timestamp":"2025-07-13T06:56:50.560884Z","level":"info","event":"Task instance in success state","chan":"stdout","logger":"task"}
{"timestamp":"2025-07-13T06:56:50.561163Z","level":"info","event":" Previous state of the Task instance: TaskInstanceState.RUNNING","chan":"stdout","logger":"task"}
{"timestamp":"2025-07-13T06:56:50.561339Z","level":"info","event":"Task operator:<Task(PythonOperator): detectar_pico>","chan":"stdout","logger":"task"}
