{"timestamp":"2025-07-11T18:39:25.020138","level":"info","event":"DAG bundles loaded: dags-folder, example_dags","logger":"airflow.dag_processing.bundles.manager.DagBundlesManager"}
{"timestamp":"2025-07-11T18:39:25.020887","level":"info","event":"Filling up the DagBag from /opt/airflow/dags/test1.py","logger":"airflow.models.dagbag.DagBag"}
{"timestamp":"2025-07-11T18:39:25.072120Z","level":"info","event":"Task instance is in running state","chan":"stdout","logger":"task"}
{"timestamp":"2025-07-11T18:39:25.072377Z","level":"info","event":" Previous state of the Task instance: TaskInstanceState.QUEUED","chan":"stdout","logger":"task"}
{"timestamp":"2025-07-11T18:39:25.072539Z","level":"info","event":"Current task name:templated","chan":"stdout","logger":"task"}
{"timestamp":"2025-07-11T18:39:25.072707Z","level":"info","event":"Dag name:tutorial-p","chan":"stdout","logger":"task"}
{"timestamp":"2025-07-11T18:39:25.041937","level":"info","event":"Tmp dir root location: /tmp","logger":"airflow.task.hooks.airflow.providers.standard.hooks.subprocess.SubprocessHook"}
{"timestamp":"2025-07-11T18:39:25.043694","level":"info","event":"Running command: ['/usr/bin/bash', '-c', '\\n\\n    echo \"2025-07-11\"\\n    echo \"2025-07-18\"\\n\\n    echo \"2025-07-11\"\\n    echo \"2025-07-18\"\\n\\n    echo \"2025-07-11\"\\n    echo \"2025-07-18\"\\n\\n    echo \"2025-07-11\"\\n    echo \"2025-07-18\"\\n\\n    echo \"2025-07-11\"\\n    echo \"2025-07-18\"\\n']","logger":"airflow.task.hooks.airflow.providers.standard.hooks.subprocess.SubprocessHook"}
{"timestamp":"2025-07-11T18:39:25.078664","level":"info","event":"Output:","logger":"airflow.task.hooks.airflow.providers.standard.hooks.subprocess.SubprocessHook"}
{"timestamp":"2025-07-11T18:39:25.081253","level":"info","event":"2025-07-11","logger":"airflow.task.hooks.airflow.providers.standard.hooks.subprocess.SubprocessHook"}
{"timestamp":"2025-07-11T18:39:25.081499","level":"info","event":"2025-07-18","logger":"airflow.task.hooks.airflow.providers.standard.hooks.subprocess.SubprocessHook"}
{"timestamp":"2025-07-11T18:39:25.081691","level":"info","event":"2025-07-11","logger":"airflow.task.hooks.airflow.providers.standard.hooks.subprocess.SubprocessHook"}
{"timestamp":"2025-07-11T18:39:25.081861","level":"info","event":"2025-07-18","logger":"airflow.task.hooks.airflow.providers.standard.hooks.subprocess.SubprocessHook"}
{"timestamp":"2025-07-11T18:39:25.082044","level":"info","event":"2025-07-11","logger":"airflow.task.hooks.airflow.providers.standard.hooks.subprocess.SubprocessHook"}
{"timestamp":"2025-07-11T18:39:25.082205","level":"info","event":"2025-07-18","logger":"airflow.task.hooks.airflow.providers.standard.hooks.subprocess.SubprocessHook"}
{"timestamp":"2025-07-11T18:39:25.082370","level":"info","event":"2025-07-11","logger":"airflow.task.hooks.airflow.providers.standard.hooks.subprocess.SubprocessHook"}
{"timestamp":"2025-07-11T18:39:25.082531","level":"info","event":"2025-07-18","logger":"airflow.task.hooks.airflow.providers.standard.hooks.subprocess.SubprocessHook"}
{"timestamp":"2025-07-11T18:39:25.082682","level":"info","event":"2025-07-11","logger":"airflow.task.hooks.airflow.providers.standard.hooks.subprocess.SubprocessHook"}
{"timestamp":"2025-07-11T18:39:25.082841","level":"info","event":"2025-07-18","logger":"airflow.task.hooks.airflow.providers.standard.hooks.subprocess.SubprocessHook"}
{"timestamp":"2025-07-11T18:39:25.083101","level":"info","event":"Command exited with return code 0","logger":"airflow.task.hooks.airflow.providers.standard.hooks.subprocess.SubprocessHook"}
{"timestamp":"2025-07-11T18:39:25.084098","level":"info","event":"Pushing xcom","ti":"RuntimeTaskInstance(id=UUID('0197fac8-ef22-7653-9e7e-d2b39f78b4c5'), task_id='templated', dag_id='tutorial-p', run_id='manual__2025-07-11T18:39:21.867487+00:00', try_number=1, map_index=-1, hostname='a41821eaaead', context_carrier={}, task=<Task(BashOperator): templated>, bundle_instance=LocalDagBundle(name=dags-folder), max_tries=1, start_date=datetime.datetime(2025, 7, 11, 18, 39, 24, 244581, tzinfo=TzInfo(UTC)), end_date=None, state=<TaskInstanceState.RUNNING: 'running'>, is_mapped=False, rendered_map_index=None)","logger":"task"}
{"timestamp":"2025-07-11T18:39:25.122567Z","level":"info","event":"Task instance in success state","chan":"stdout","logger":"task"}
{"timestamp":"2025-07-11T18:39:25.122843Z","level":"info","event":" Previous state of the Task instance: TaskInstanceState.RUNNING","chan":"stdout","logger":"task"}
{"timestamp":"2025-07-11T18:39:25.123026Z","level":"info","event":"Task operator:<Task(BashOperator): templated>","chan":"stdout","logger":"task"}
