{"timestamp":"2025-07-13T19:09:33.242965","level":"info","event":"DAG bundles loaded: dags-folder, example_dags","logger":"airflow.dag_processing.bundles.manager.DagBundlesManager"}
{"timestamp":"2025-07-13T19:09:33.243485","level":"info","event":"Filling up the DagBag from /opt/airflow/dags/dag_analisis.py","logger":"airflow.models.dagbag.DagBag"}
{"timestamp":"2025-07-13T19:09:33.288022Z","level":"info","event":"Task instance is in running state","chan":"stdout","logger":"task"}
{"timestamp":"2025-07-13T19:09:33.288211Z","level":"info","event":" Previous state of the Task instance: TaskInstanceState.QUEUED","chan":"stdout","logger":"task"}
{"timestamp":"2025-07-13T19:09:33.288294Z","level":"info","event":"Current task name:detectar_pico","chan":"stdout","logger":"task"}
{"timestamp":"2025-07-13T19:09:33.288371Z","level":"info","event":"Dag name:a2","chan":"stdout","logger":"task"}
{"timestamp":"2025-07-13T19:09:33.267233","level":"warning","event":"/opt/airflow/dags/dag_analisis.py:104: UserWarning: pandas only supports SQLAlchemy connectable (engine/connection) or database string URI or sqlite3 DBAPI2 connection. Other DBAPI2 objects are not tested. Please consider using SQLAlchemy.\n  ultimos_df = pd.read_sql(\"\"\"\n","logger":"py.warnings"}
{"timestamp":"2025-07-13T19:09:33.304680","level":"warning","event":"/opt/airflow/dags/dag_analisis.py:111: UserWarning: pandas only supports SQLAlchemy connectable (engine/connection) or database string URI or sqlite3 DBAPI2 connection. Other DBAPI2 objects are not tested. Please consider using SQLAlchemy.\n  historico_df = pd.read_sql(\"SELECT * FROM franja_valores_historicos\", conn)\n","logger":"py.warnings"}
{"timestamp":"2025-07-13T19:09:33.364759Z","level":"info","event":"breve","chan":"stdout","logger":"task"}
{"timestamp":"2025-07-13T19:09:33.366260Z","level":"info","event":"breve","chan":"stdout","logger":"task"}
{"timestamp":"2025-07-13T19:09:33.367672Z","level":"info","event":"breve","chan":"stdout","logger":"task"}
{"timestamp":"2025-07-13T19:09:33.369034Z","level":"info","event":"breve","chan":"stdout","logger":"task"}
{"timestamp":"2025-07-13T19:09:33.371502Z","level":"info","event":"breve","chan":"stdout","logger":"task"}
{"timestamp":"2025-07-13T19:09:33.373280Z","level":"info","event":"breve","chan":"stdout","logger":"task"}
{"timestamp":"2025-07-13T19:09:33.374705Z","level":"info","event":"breve","chan":"stdout","logger":"task"}
{"timestamp":"2025-07-13T19:09:33.376242Z","level":"info","event":"breve","chan":"stdout","logger":"task"}
{"timestamp":"2025-07-13T19:09:33.377697Z","level":"info","event":"breve","chan":"stdout","logger":"task"}
{"timestamp":"2025-07-13T19:09:33.379252Z","level":"info","event":"breve","chan":"stdout","logger":"task"}
{"timestamp":"2025-07-13T19:09:33.381171Z","level":"info","event":"breve","chan":"stdout","logger":"task"}
{"timestamp":"2025-07-13T19:09:33.382862Z","level":"info","event":"breve","chan":"stdout","logger":"task"}
{"timestamp":"2025-07-13T19:09:33.384399Z","level":"info","event":"breve","chan":"stdout","logger":"task"}
{"timestamp":"2025-07-13T19:09:33.385876Z","level":"info","event":"breve","chan":"stdout","logger":"task"}
{"timestamp":"2025-07-13T19:09:33.387414Z","level":"info","event":"breve","chan":"stdout","logger":"task"}
{"timestamp":"2025-07-13T19:09:33.389085Z","level":"info","event":"breve","chan":"stdout","logger":"task"}
{"timestamp":"2025-07-13T19:09:33.390881Z","level":"info","event":"breve","chan":"stdout","logger":"task"}
{"timestamp":"2025-07-13T19:09:33.392642Z","level":"info","event":"breve","chan":"stdout","logger":"task"}
{"timestamp":"2025-07-13T19:09:33.394170Z","level":"info","event":"breve","chan":"stdout","logger":"task"}
{"timestamp":"2025-07-13T19:09:33.395780Z","level":"info","event":"atipico","chan":"stdout","logger":"task"}
{"timestamp":"2025-07-13T19:09:33.410758Z","level":"info","event":"atipico","chan":"stdout","logger":"task"}
{"timestamp":"2025-07-13T19:09:33.421505Z","level":"info","event":"breve","chan":"stdout","logger":"task"}
{"timestamp":"2025-07-13T19:09:33.423424Z","level":"info","event":"breve","chan":"stdout","logger":"task"}
{"timestamp":"2025-07-13T19:09:33.425321Z","level":"info","event":"breve","chan":"stdout","logger":"task"}
{"timestamp":"2025-07-13T19:09:33.427194Z","level":"info","event":"breve","chan":"stdout","logger":"task"}
{"timestamp":"2025-07-13T19:09:33.428974Z","level":"info","event":"breve","chan":"stdout","logger":"task"}
{"timestamp":"2025-07-13T19:09:33.430498Z","level":"info","event":"breve","chan":"stdout","logger":"task"}
{"timestamp":"2025-07-13T19:09:33.432280Z","level":"info","event":"breve","chan":"stdout","logger":"task"}
{"timestamp":"2025-07-13T19:09:33.434007Z","level":"info","event":"breve","chan":"stdout","logger":"task"}
{"timestamp":"2025-07-13T19:09:33.435451Z","level":"info","event":"breve","chan":"stdout","logger":"task"}
{"timestamp":"2025-07-13T19:09:33.437957Z","level":"info","event":"breve","chan":"stdout","logger":"task"}
{"timestamp":"2025-07-13T19:09:33.439738Z","level":"info","event":"breve","chan":"stdout","logger":"task"}
{"timestamp":"2025-07-13T19:09:33.441241Z","level":"info","event":"breve","chan":"stdout","logger":"task"}
{"timestamp":"2025-07-13T19:09:33.442819Z","level":"info","event":"atipico","chan":"stdout","logger":"task"}
{"timestamp":"2025-07-13T19:09:33.453778Z","level":"info","event":"breve","chan":"stdout","logger":"task"}
{"timestamp":"2025-07-13T19:09:33.455248Z","level":"info","event":"breve","chan":"stdout","logger":"task"}
{"timestamp":"2025-07-13T19:09:33.456682Z","level":"info","event":"breve","chan":"stdout","logger":"task"}
{"timestamp":"2025-07-13T19:09:33.457998Z","level":"info","event":"breve","chan":"stdout","logger":"task"}
{"timestamp":"2025-07-13T19:09:33.459331Z","level":"info","event":"atipico","chan":"stdout","logger":"task"}
{"timestamp":"2025-07-13T19:09:33.470739Z","level":"info","event":"breve","chan":"stdout","logger":"task"}
{"timestamp":"2025-07-13T19:09:33.473103Z","level":"info","event":"breve","chan":"stdout","logger":"task"}
{"timestamp":"2025-07-13T19:09:33.474624Z","level":"info","event":"atipico","chan":"stdout","logger":"task"}
{"timestamp":"2025-07-13T19:09:33.486075Z","level":"info","event":"breve","chan":"stdout","logger":"task"}
{"timestamp":"2025-07-13T19:09:33.490369Z","level":"info","event":"breve","chan":"stdout","logger":"task"}
{"timestamp":"2025-07-13T19:09:33.494288Z","level":"info","event":"breve","chan":"stdout","logger":"task"}
{"timestamp":"2025-07-13T19:09:33.497844Z","level":"info","event":"breve","chan":"stdout","logger":"task"}
{"timestamp":"2025-07-13T19:09:33.501572Z","level":"info","event":"breve","chan":"stdout","logger":"task"}
{"timestamp":"2025-07-13T19:09:33.506464Z","level":"info","event":"breve","chan":"stdout","logger":"task"}
{"timestamp":"2025-07-13T19:09:33.509961Z","level":"info","event":"atipico","chan":"stdout","logger":"task"}
{"timestamp":"2025-07-13T19:09:33.521021Z","level":"info","event":"breve","chan":"stdout","logger":"task"}
{"timestamp":"2025-07-13T19:09:33.524503Z","level":"info","event":"breve","chan":"stdout","logger":"task"}
{"timestamp":"2025-07-13T19:09:33.528112Z","level":"info","event":"breve","chan":"stdout","logger":"task"}
{"timestamp":"2025-07-13T19:09:33.531680Z","level":"info","event":"breve","chan":"stdout","logger":"task"}
{"timestamp":"2025-07-13T19:09:33.535132Z","level":"info","event":"breve","chan":"stdout","logger":"task"}
{"timestamp":"2025-07-13T19:09:33.540069Z","level":"info","event":"breve","chan":"stdout","logger":"task"}
{"timestamp":"2025-07-13T19:09:33.544911Z","level":"info","event":"breve","chan":"stdout","logger":"task"}
{"timestamp":"2025-07-13T19:09:33.547336Z","level":"info","event":"breve","chan":"stdout","logger":"task"}
{"timestamp":"2025-07-13T19:09:33.549157Z","level":"info","event":"breve","chan":"stdout","logger":"task"}
{"timestamp":"2025-07-13T19:09:33.550597Z","level":"info","event":"breve","chan":"stdout","logger":"task"}
{"timestamp":"2025-07-13T19:09:33.552158Z","level":"info","event":"atipico","chan":"stdout","logger":"task"}
{"timestamp":"2025-07-13T19:09:33.563696Z","level":"info","event":"breve","chan":"stdout","logger":"task"}
{"timestamp":"2025-07-13T19:09:33.566321Z","level":"info","event":"atipico","chan":"stdout","logger":"task"}
{"timestamp":"2025-07-13T19:09:33.579001Z","level":"info","event":"breve","chan":"stdout","logger":"task"}
{"timestamp":"2025-07-13T19:09:33.581784Z","level":"info","event":"breve","chan":"stdout","logger":"task"}
{"timestamp":"2025-07-13T19:09:33.583546Z","level":"info","event":"breve","chan":"stdout","logger":"task"}
{"timestamp":"2025-07-13T19:09:33.585281Z","level":"info","event":"breve","chan":"stdout","logger":"task"}
{"timestamp":"2025-07-13T19:09:33.587204Z","level":"info","event":"breve","chan":"stdout","logger":"task"}
{"timestamp":"2025-07-13T19:09:33.589189Z","level":"info","event":"atipico","chan":"stdout","logger":"task"}
{"timestamp":"2025-07-13T19:09:33.601530Z","level":"info","event":"breve","chan":"stdout","logger":"task"}
{"timestamp":"2025-07-13T19:09:33.604077Z","level":"info","event":"breve","chan":"stdout","logger":"task"}
{"timestamp":"2025-07-13T19:09:33.606187Z","level":"info","event":"breve","chan":"stdout","logger":"task"}
{"timestamp":"2025-07-13T19:09:33.608289Z","level":"info","event":"breve","chan":"stdout","logger":"task"}
{"timestamp":"2025-07-13T19:09:33.610378Z","level":"info","event":"atipico","chan":"stdout","logger":"task"}
{"timestamp":"2025-07-13T19:09:33.622587Z","level":"info","event":"breve","chan":"stdout","logger":"task"}
{"timestamp":"2025-07-13T19:09:33.624627Z","level":"info","event":"breve","chan":"stdout","logger":"task"}
{"timestamp":"2025-07-13T19:09:33.626621Z","level":"info","event":"breve","chan":"stdout","logger":"task"}
{"timestamp":"2025-07-13T19:09:33.628667Z","level":"info","event":"breve","chan":"stdout","logger":"task"}
{"timestamp":"2025-07-13T19:09:33.630714Z","level":"info","event":"breve","chan":"stdout","logger":"task"}
{"timestamp":"2025-07-13T19:09:33.632724Z","level":"info","event":"breve","chan":"stdout","logger":"task"}
{"timestamp":"2025-07-13T19:09:33.634660Z","level":"info","event":"atipico","chan":"stdout","logger":"task"}
{"timestamp":"2025-07-13T19:09:33.645912Z","level":"info","event":"atipico","chan":"stdout","logger":"task"}
{"timestamp":"2025-07-13T19:09:33.656614Z","level":"info","event":"atipico","chan":"stdout","logger":"task"}
{"timestamp":"2025-07-13T19:09:33.669978Z","level":"info","event":"atipico","chan":"stdout","logger":"task"}
{"timestamp":"2025-07-13T19:09:33.685567Z","level":"info","event":"breve","chan":"stdout","logger":"task"}
{"timestamp":"2025-07-13T19:09:33.687948Z","level":"info","event":"breve","chan":"stdout","logger":"task"}
{"timestamp":"2025-07-13T19:09:33.690100Z","level":"info","event":"atipico","chan":"stdout","logger":"task"}
{"timestamp":"2025-07-13T19:09:33.704563Z","level":"info","event":"atipico","chan":"stdout","logger":"task"}
{"timestamp":"2025-07-13T19:09:33.718228Z","level":"info","event":"breve","chan":"stdout","logger":"task"}
{"timestamp":"2025-07-13T19:09:33.720579Z","level":"info","event":"breve","chan":"stdout","logger":"task"}
{"timestamp":"2025-07-13T19:09:33.722917Z","level":"info","event":"breve","chan":"stdout","logger":"task"}
{"timestamp":"2025-07-13T19:09:33.725166Z","level":"info","event":"breve","chan":"stdout","logger":"task"}
{"timestamp":"2025-07-13T19:09:33.727474Z","level":"info","event":"breve","chan":"stdout","logger":"task"}
{"timestamp":"2025-07-13T19:09:33.729943Z","level":"info","event":"breve","chan":"stdout","logger":"task"}
{"timestamp":"2025-07-13T19:09:33.732279Z","level":"info","event":"breve","chan":"stdout","logger":"task"}
{"timestamp":"2025-07-13T19:09:33.734233Z","level":"info","event":"breve","chan":"stdout","logger":"task"}
{"timestamp":"2025-07-13T19:09:33.736307Z","level":"info","event":"breve","chan":"stdout","logger":"task"}
{"timestamp":"2025-07-13T19:09:33.738739Z","level":"info","event":"breve","chan":"stdout","logger":"task"}
{"timestamp":"2025-07-13T19:09:33.740835Z","level":"info","event":"atipico","chan":"stdout","logger":"task"}
{"timestamp":"2025-07-13T19:09:33.755252Z","level":"info","event":"breve","chan":"stdout","logger":"task"}
{"timestamp":"2025-07-13T19:09:33.757215Z","level":"info","event":"breve","chan":"stdout","logger":"task"}
{"timestamp":"2025-07-13T19:09:33.757942","level":"info","event":"Done. Returned value was: None","logger":"airflow.task.operators.airflow.providers.standard.operators.python.PythonOperator"}
{"timestamp":"2025-07-13T19:09:33.787110Z","level":"info","event":"Task instance in success state","chan":"stdout","logger":"task"}
{"timestamp":"2025-07-13T19:09:33.787408Z","level":"info","event":" Previous state of the Task instance: TaskInstanceState.RUNNING","chan":"stdout","logger":"task"}
{"timestamp":"2025-07-13T19:09:33.787570Z","level":"info","event":"Task operator:<Task(PythonOperator): detectar_pico>","chan":"stdout","logger":"task"}
