{"timestamp":"2025-07-13T15:39:48.588880","level":"info","event":"DAG bundles loaded: dags-folder, example_dags","logger":"airflow.dag_processing.bundles.manager.DagBundlesManager"}
{"timestamp":"2025-07-13T15:39:48.589506","level":"info","event":"Filling up the DagBag from /opt/airflow/dags/dag_analisis.py","logger":"airflow.models.dagbag.DagBag"}
{"timestamp":"2025-07-13T15:39:48.634412Z","level":"info","event":"Task instance is in running state","chan":"stdout","logger":"task"}
{"timestamp":"2025-07-13T15:39:48.634771Z","level":"info","event":" Previous state of the Task instance: TaskInstanceState.QUEUED","chan":"stdout","logger":"task"}
{"timestamp":"2025-07-13T15:39:48.634989Z","level":"info","event":"Current task name:deteccion_valores_congelados","chan":"stdout","logger":"task"}
{"timestamp":"2025-07-13T15:39:48.635175Z","level":"info","event":"Dag name:a2","chan":"stdout","logger":"task"}
{"timestamp":"2025-07-13T15:39:48.612283","level":"warning","event":"/opt/airflow/dags/dag_analisis.py:69: UserWarning: pandas only supports SQLAlchemy connectable (engine/connection) or database string URI or sqlite3 DBAPI2 connection. Other DBAPI2 objects are not tested. Please consider using SQLAlchemy.\n  df = pd.read_sql(query, conn)\n","logger":"py.warnings"}
{"timestamp":"2025-07-13T15:39:48.664570Z","level":"info","event":"         id  device_id           timestamp  value  rn","chan":"stdout","logger":"task"}
{"timestamp":"2025-07-13T15:39:48.664854Z","level":"info","event":"0    271284          1 2025-07-08 09:15:00    0.0   3","chan":"stdout","logger":"task"}
{"timestamp":"2025-07-13T15:39:48.665068Z","level":"info","event":"1    271384          1 2025-07-08 09:30:00    0.0   2","chan":"stdout","logger":"task"}
{"timestamp":"2025-07-13T15:39:48.665230Z","level":"info","event":"2    271484          1 2025-07-08 09:45:00    0.0   1","chan":"stdout","logger":"task"}
{"timestamp":"2025-07-13T15:39:48.665385Z","level":"info","event":"3    271285          2 2025-07-08 09:15:00    0.0   3","chan":"stdout","logger":"task"}
{"timestamp":"2025-07-13T15:39:48.665533Z","level":"info","event":"4    271385          2 2025-07-08 09:30:00    0.0   2","chan":"stdout","logger":"task"}
{"timestamp":"2025-07-13T15:39:48.665678Z","level":"info","event":"..      ...        ...                 ...    ...  ..","chan":"stdout","logger":"task"}
{"timestamp":"2025-07-13T15:39:48.665822Z","level":"info","event":"295  271482         99 2025-07-08 09:30:00    0.0   2","chan":"stdout","logger":"task"}
{"timestamp":"2025-07-13T15:39:48.665967Z","level":"info","event":"296  271582         99 2025-07-08 09:45:00    0.0   1","chan":"stdout","logger":"task"}
{"timestamp":"2025-07-13T15:39:48.666110Z","level":"info","event":"297  271383        100 2025-07-08 09:15:00    0.0   3","chan":"stdout","logger":"task"}
{"timestamp":"2025-07-13T15:39:48.666254Z","level":"info","event":"298  271483        100 2025-07-08 09:30:00    0.0   2","chan":"stdout","logger":"task"}
{"timestamp":"2025-07-13T15:39:48.666397Z","level":"info","event":"299  271583        100 2025-07-08 09:45:00    0.0   1","chan":"stdout","logger":"task"}
{"timestamp":"2025-07-13T15:39:48.666541Z","level":"info","event":"","chan":"stdout","logger":"task"}
{"timestamp":"2025-07-13T15:39:48.666686Z","level":"info","event":"[300 rows x 5 columns]","chan":"stdout","logger":"task"}
{"timestamp":"2025-07-13T15:39:48.672800Z","level":"info","event":"Hay congelados  [1, 2, 3, 4, 5, 6, 7, 8, 9, 10, 11, 12, 13, 14, 15, 16, 17, 18, 19, 20, 21, 22, 23, 24, 25, 26, 27, 28, 29, 30, 31, 32, 33, 34, 35, 36, 37, 38, 39, 40, 41, 42, 43, 44, 45, 46, 47, 48, 49, 50, 51, 52, 53, 54, 55, 56, 57, 58, 59, 60, 61, 62, 63, 64, 65, 66, 67, 68, 69, 70, 71, 72, 73, 74, 75, 76, 77, 78, 79, 80, 81, 82, 83, 84, 85, 86, 87, 88, 89, 90, 91, 92, 93, 94, 95, 96, 97, 98, 99, 100]","chan":"stdout","logger":"task"}
{"timestamp":"2025-07-13T15:39:48.673466","level":"info","event":"Done. Returned value was: None","logger":"airflow.task.operators.airflow.providers.standard.operators.python.PythonOperator"}
{"timestamp":"2025-07-13T15:39:48.698768Z","level":"info","event":"Task instance in success state","chan":"stdout","logger":"task"}
{"timestamp":"2025-07-13T15:39:48.699134Z","level":"info","event":" Previous state of the Task instance: TaskInstanceState.RUNNING","chan":"stdout","logger":"task"}
{"timestamp":"2025-07-13T15:39:48.699428Z","level":"info","event":"Task operator:<Task(PythonOperator): deteccion_valores_congelados>","chan":"stdout","logger":"task"}
