{"timestamp":"2025-07-13T22:21:58.498625","level":"info","event":"DAG bundles loaded: dags-folder, example_dags","logger":"airflow.dag_processing.bundles.manager.DagBundlesManager"}
{"timestamp":"2025-07-13T22:21:58.499061","level":"info","event":"Filling up the DagBag from /opt/airflow/dags/dag_analisis.py","logger":"airflow.models.dagbag.DagBag"}
{"timestamp":"2025-07-13T22:21:58.542368Z","level":"info","event":"Task instance is in running state","chan":"stdout","logger":"task"}
{"timestamp":"2025-07-13T22:21:58.542540Z","level":"info","event":" Previous state of the Task instance: TaskInstanceState.QUEUED","chan":"stdout","logger":"task"}
{"timestamp":"2025-07-13T22:21:58.542636Z","level":"info","event":"Current task name:detectar_desviacion","chan":"stdout","logger":"task"}
{"timestamp":"2025-07-13T22:21:58.542725Z","level":"info","event":"Dag name:a2","chan":"stdout","logger":"task"}
{"timestamp":"2025-07-13T22:21:58.542806Z","level":"info","event":"[29.51, 30.02, 30.85, 31.88, 58.73, 59.55, 60.82, 61.94, 93.23, 94.22, 94.9, 95.78, 124.61, 125.7, 126.7, 127.35, 155.84, 157.04, 157.49, 158.09, 186.0, 187.3, 188.16, 188.98, 218.04, 219.18, 220.07, 221.09]","chan":"stdout","logger":"task"}
{"timestamp":"2025-07-13T22:21:58.542893Z","level":"info","event":"media 125.10964285714286 - desviacion 63.18410313645485","chan":"stdout","logger":"task"}
{"timestamp":"2025-07-13T22:21:58.542976Z","level":"info","event":"[25.36, 26.16, 26.82, 27.73, 53.53, 54.28, 54.76, 55.37, 80.92, 81.57, 82.6, 83.48, 110.45, 110.97, 111.77, 112.79, 138.99, 140.29, 141.03, 141.98, 172.91, 173.65, 174.11, 174.66, 198.53, 199.7, 200.71, 200.71]","chan":"stdout","logger":"task"}
{"timestamp":"2025-07-13T22:21:58.543049Z","level":"info","event":"media 112.70821428571428 - desviacion 58.40383897934716","chan":"stdout","logger":"task"}
{"timestamp":"2025-07-13T22:21:58.543114Z","level":"info","event":"[28.98, 29.89, 30.57, 31.67, 59.32, 60.13, 60.8, 61.45, 90.57, 91.63, 92.43, 93.01, 118.52, 119.75, 120.72, 121.22, 148.93, 149.66, 150.45, 151.69, 176.33, 176.78, 178.03, 179.19, 206.48, 207.67, 208.81, 209.43]","chan":"stdout","logger":"task"}
{"timestamp":"2025-07-13T22:21:58.543183Z","level":"info","event":"media 119.78964285714285 - desviacion 59.01937009407183","chan":"stdout","logger":"task"}
{"timestamp":"2025-07-13T22:21:58.543251Z","level":"info","event":"[28.33, 29.21, 30.13, 31.05, 57.94, 59.16, 59.87, 60.92, 96.21, 97.11, 97.97, 99.23, 124.97, 125.9, 126.73, 127.87, 159.3, 159.93, 160.42, 161.19, 188.51, 189.55, 190.85, 191.55, 219.75, 219.75, 220.67, 221.68]","chan":"stdout","logger":"task"}
{"timestamp":"2025-07-13T22:21:58.543335Z","level":"info","event":"media 126.2767857142857 - desviacion 64.0526574141247","chan":"stdout","logger":"task"}
{"timestamp":"2025-07-13T22:21:58.543401Z","level":"info","event":"[27.24, 28.32, 28.96, 29.64, 56.22, 57.21, 58.05, 59.07, 90.33, 90.9, 91.34, 91.89, 117.13, 117.9, 118.74, 119.91, 146.92, 147.4, 148.12, 148.83, 178.66, 179.43, 180.7, 181.36, 210.14, 210.78, 211.6, 212.62]","chan":"stdout","logger":"task"}
{"timestamp":"2025-07-13T22:21:58.543465Z","level":"info","event":"media 119.26464285714285 - desviacion 60.714919764546394","chan":"stdout","logger":"task"}
{"timestamp":"2025-07-13T22:21:58.543529Z","level":"info","event":"[21.3, 22.55, 23.12, 23.77, 52.04, 52.86, 53.79, 54.29, 82.85, 83.97, 85.01, 86.0, 112.03, 113.07, 113.7, 113.7, 141.56, 142.0, 142.45, 143.12, 172.18, 173.45, 174.57, 175.35, 203.71, 204.38, 204.86, 204.86]","chan":"stdout","logger":"task"}
{"timestamp":"2025-07-13T22:21:58.543592Z","level":"info","event":"media 113.44785714285716 - desviacion 60.32584818876464","chan":"stdout","logger":"task"}
{"timestamp":"2025-07-13T22:21:58.547792Z","level":"info","event":"[21.11, 22.21, 23.51, 23.99, 56.17, 56.95, 57.42, 58.64, 87.08, 87.66, 88.44, 88.44, 117.55, 118.5, 119.08, 120.27, 146.14, 147.42, 148.5, 149.4, 177.31, 178.54, 179.74, 180.75, 206.21, 207.14, 207.72, 209.0]","chan":"stdout","logger":"task"}
{"timestamp":"2025-07-13T22:21:58.548032Z","level":"info","event":"media 117.31749999999998 - desviacion 61.31141181501206","chan":"stdout","logger":"task"}
{"timestamp":"2025-07-13T22:21:58.552414Z","level":"info","event":"[27.97, 29.02, 29.83, 30.93, 59.09, 59.81, 60.41, 61.0, 88.61, 89.77, 89.77, 90.21, 119.67, 120.56, 121.7, 122.75, 153.29, 153.29, 153.72, 154.78, 188.87, 190.06, 191.33, 192.22, 219.12, 219.69, 220.36, 221.02]","chan":"stdout","logger":"task"}
{"timestamp":"2025-07-13T22:21:58.552743Z","level":"info","event":"media 123.53035714285714 - desviacion 64.11388915059908","chan":"stdout","logger":"task"}
{"timestamp":"2025-07-13T22:21:58.556461Z","level":"info","event":"[21.93, 22.88, 24.13, 24.9, 53.87, 54.88, 55.7, 57.0, 82.58, 83.5, 84.01, 84.78, 111.56, 112.16, 113.29, 113.75, 143.46, 144.73, 145.59, 146.82, 175.72, 176.51, 177.1, 178.33, 214.66, 215.95, 217.01, 217.72]","chan":"stdout","logger":"task"}
{"timestamp":"2025-07-13T22:21:58.556837Z","level":"info","event":"media 116.23285714285711 - desviacion 63.16477572062403","chan":"stdout","logger":"task"}
{"timestamp":"2025-07-13T22:21:58.560525Z","level":"info","event":"[20.59, 21.71, 22.53, 23.66, 50.95, 51.95, 53.08, 53.98, 83.21, 83.21, 84.1, 84.7, 112.02, 113.02, 113.47, 114.72, 142.79, 143.45, 144.54, 145.25, 174.32, 174.96, 175.66, 175.66, 208.42, 209.64, 209.64, 210.67]","chan":"stdout","logger":"task"}
{"timestamp":"2025-07-13T22:21:58.560900Z","level":"info","event":"media 114.35357142857141 - desviacion 62.01354369434641","chan":"stdout","logger":"task"}
{"timestamp":"2025-07-13T22:21:58.564260Z","level":"info","event":"[20.26, 21.2, 22.31, 23.19, 51.34, 52.19, 52.7, 53.5, 81.68, 82.17, 82.87, 83.56, 111.08, 111.9, 112.52, 117.63, 144.01, 145.18, 146.38, 147.56, 175.1, 176.31, 177.49, 178.39, 214.56, 215.74, 217.02, 217.61]","chan":"stdout","logger":"task"}
{"timestamp":"2025-07-13T22:21:58.564593Z","level":"info","event":"media 115.55178571428571 - desviacion 64.02659447747205","chan":"stdout","logger":"task"}
{"timestamp":"2025-07-13T22:21:58.568311Z","level":"info","event":"[21.46, 22.71, 22.71, 24.0, 49.05, 49.51, 50.23, 51.12, 78.45, 79.3, 79.85, 80.87, 107.52, 108.25, 109.39, 110.4, 138.67, 139.36, 140.31, 140.9, 166.7, 167.4, 168.12, 168.86, 207.59, 208.14, 209.31, 210.45]","chan":"stdout","logger":"task"}
{"timestamp":"2025-07-13T22:21:58.568693Z","level":"info","event":"media 111.09392857142856 - desviacion 61.11373894745563","chan":"stdout","logger":"task"}
{"timestamp":"2025-07-13T22:21:58.572425Z","level":"info","event":"[21.06, 22.36, 22.81, 23.49, 50.53, 51.36, 51.92, 53.03, 85.07, 85.07, 85.95, 87.1, 113.66, 114.49, 114.95, 115.85, 142.31, 149.44, 150.44, 151.6, 189.95, 191.06, 191.81, 192.59, 219.65, 220.88, 221.81, 222.34]","chan":"stdout","logger":"task"}
{"timestamp":"2025-07-13T22:21:58.572779Z","level":"info","event":"media 119.37785714285715 - desviacion 67.11620910018378","chan":"stdout","logger":"task"}
{"timestamp":"2025-07-13T22:21:58.576113Z","level":"info","event":"[22.27, 23.32, 23.95, 24.65, 49.86, 50.48, 51.47, 52.38, 90.15, 91.32, 91.98, 92.68, 120.21, 120.75, 121.75, 122.51, 148.33, 148.33, 149.36, 150.48, 174.12, 175.2, 176.36, 177.07, 207.03, 207.78, 208.39, 209.38]","chan":"stdout","logger":"task"}
{"timestamp":"2025-07-13T22:21:58.576480Z","level":"info","event":"media 117.19857142857144 - desviacion 61.57427597824353","chan":"stdout","logger":"task"}
{"timestamp":"2025-07-13T22:21:58.580249Z","level":"info","event":"[23.26, 23.74, 25.04, 26.16, 55.41, 56.26, 56.99, 58.28, 88.76, 89.49, 90.16, 91.26, 124.72, 125.17, 125.79, 127.06, 156.9, 157.34, 158.59, 159.5, 186.55, 187.6, 188.39, 189.14, 219.93, 220.69, 221.17, 221.64]","chan":"stdout","logger":"task"}
{"timestamp":"2025-07-13T22:21:58.580612Z","level":"info","event":"media 123.39250000000001 - desviacion 65.69616925258492","chan":"stdout","logger":"task"}
{"timestamp":"2025-07-13T22:21:58.584171Z","level":"info","event":"[21.67, 22.69, 23.51, 24.63, 56.96, 56.96, 57.77, 59.01, 88.42, 89.64, 89.64, 90.18, 118.55, 119.43, 120.07, 120.71, 149.03, 150.24, 151.41, 151.95, 179.19, 179.72, 180.5, 181.49, 210.11, 210.11, 210.79, 211.8]","chan":"stdout","logger":"task"}
{"timestamp":"2025-07-13T22:21:58.584518Z","level":"info","event":"media 118.79214285714286 - desviacion 62.09490859949462","chan":"stdout","logger":"task"}
{"timestamp":"2025-07-13T22:21:58.587799Z","level":"info","event":"[24.86, 25.79, 26.48, 27.37, 62.35, 63.14, 63.72, 64.26, 90.38, 91.02, 91.76, 92.68, 130.37, 131.08, 131.87, 132.76, 160.38, 161.17, 161.68, 162.13, 195.37, 196.52, 197.74, 198.54, 221.3, 222.4, 223.14, 223.64]","chan":"stdout","logger":"task"}
{"timestamp":"2025-07-13T22:21:58.588134Z","level":"info","event":"media 127.63928571428572 - desviacion 66.2672286993337","chan":"stdout","logger":"task"}
{"timestamp":"2025-07-13T22:21:58.591760Z","level":"info","event":"[22.68, 22.68, 23.76, 24.22, 52.9, 53.38, 53.82, 54.96, 87.09, 87.75, 88.65, 89.4, 123.91, 124.58, 125.76, 126.98, 155.91, 156.34, 157.13, 158.04, 186.05, 186.96, 188.11, 189.1, 213.04, 213.51, 214.32, 215.51]","chan":"stdout","logger":"task"}
{"timestamp":"2025-07-13T22:21:58.592080Z","level":"info","event":"media 121.30499999999999 - desviacion 64.96057669848692","chan":"stdout","logger":"task"}
{"timestamp":"2025-07-13T22:21:58.595690Z","level":"info","event":"[19.28, 20.27, 20.72, 21.97, 48.88, 49.46, 50.29, 50.88, 76.49, 76.93, 77.39, 78.09, 105.81, 107.04, 108.29, 109.07, 133.44, 134.18, 135.13, 135.84, 161.7, 162.97, 163.54, 164.7, 194.25, 194.79, 195.61, 196.13]","chan":"stdout","logger":"task"}
{"timestamp":"2025-07-13T22:21:58.595975Z","level":"info","event":"media 106.89785714285715 - desviacion 57.733182916706376","chan":"stdout","logger":"task"}
{"timestamp":"2025-07-13T22:21:58.599085Z","level":"info","event":"[206.81, 208.09, 209.25, 210.43, 237.9, 238.89, 239.93, 240.71, 103.0, 103.68, 104.49, 105.44, 135.41, 136.49, 137.61, 138.59, 49.25, 50.43, 51.39, 52.51, 167.53, 168.69, 169.8, 170.8, 20.91, 21.88, 22.96, 24.23]","chan":"stdout","logger":"task"}
{"timestamp":"2025-07-13T22:21:58.599369Z","level":"info","event":"media 133.1107142857143 - desviacion 73.82935381813985","chan":"stdout","logger":"task"}
{"timestamp":"2025-07-13T22:21:58.602512Z","level":"info","event":"[158.1, 21.53, 22.5, 23.08, 23.78, 196.87, 197.66, 198.24, 198.86, 225.76, 226.78, 227.91, 228.48, 155.3, 156.43, 157.36, 60.38, 60.94, 61.56, 62.86, 87.69, 88.86, 89.9, 91.08, 119.29, 120.24, 120.73, 121.18]","chan":"stdout","logger":"task"}
{"timestamp":"2025-07-13T22:21:58.602769Z","level":"info","event":"media 125.11964285714285 - desviacion 68.21774850130085","chan":"stdout","logger":"task"}
{"timestamp":"2025-07-13T22:21:58.606048Z","level":"info","event":"[19.81, 21.03, 22.19, 22.71, 50.78, 51.67, 52.41, 53.45, 86.3, 87.18, 88.32, 89.27, 119.21, 119.8, 120.47, 121.22, 146.79, 147.36, 148.09, 149.0, 177.07, 177.89, 178.77, 179.41, 208.05, 209.02, 210.12, 210.8]","chan":"stdout","logger":"task"}
{"timestamp":"2025-07-13T22:21:58.606303Z","level":"info","event":"media 116.72107142857145 - desviacion 62.654584505575706","chan":"stdout","logger":"task"}
{"timestamp":"2025-07-13T22:21:58.609478Z","level":"info","event":"[24.12, 25.32, 26.25, 27.16, 55.74, 56.26, 57.4, 58.69, 93.18, 94.4, 95.52, 96.17, 125.77, 126.58, 127.48, 128.48, 155.73, 156.92, 157.98, 158.75, 185.82, 186.97, 187.77, 189.01, 217.21, 217.98, 219.23, 220.1]","chan":"stdout","logger":"task"}
{"timestamp":"2025-07-13T22:21:58.609731Z","level":"info","event":"media 123.99964285714285 - desviacion 64.47767994109849","chan":"stdout","logger":"task"}
{"timestamp":"2025-07-13T22:21:58.612843Z","level":"info","event":"[25.16, 25.85, 26.32, 26.89, 55.27, 55.93, 56.55, 57.25, 82.02, 83.2, 83.89, 84.91, 111.47, 112.15, 113.23, 114.51, 149.17, 150.22, 150.79, 151.81, 180.35, 180.78, 181.24, 182.37, 210.37, 211.4, 212.64, 213.67]","chan":"stdout","logger":"task"}
{"timestamp":"2025-07-13T22:21:58.613119Z","level":"info","event":"media 117.47892857142857 - desviacion 62.53703995800555","chan":"stdout","logger":"task"}
{"timestamp":"2025-07-13T22:21:58.616632Z","level":"info","event":"[18.67, 19.68, 20.3, 21.31, 52.6, 53.57, 54.75, 55.54, 81.94, 82.94, 83.48, 84.03, 120.65, 121.66, 122.23, 122.82, 149.24, 150.44, 151.21, 151.96, 180.01, 181.24, 181.78, 182.22, 218.46, 219.41, 220.47, 220.92]","chan":"stdout","logger":"task"}
{"timestamp":"2025-07-13T22:21:58.617062Z","level":"info","event":"media 118.69749999999999 - desviacion 65.86531021849493","chan":"stdout","logger":"task"}
{"timestamp":"2025-07-13T22:21:58.620062Z","level":"info","event":"[21.43, 22.63, 23.75, 24.24, 49.81, 50.34, 51.36, 52.57, 78.89, 79.44, 80.3, 81.47, 108.55, 109.81, 110.31, 111.01, 138.39, 139.12, 140.18, 141.29, 169.1, 170.07, 171.16, 172.42, 201.28, 202.57, 203.13, 203.95]","chan":"stdout","logger":"task"}
{"timestamp":"2025-07-13T22:21:58.620428Z","level":"info","event":"media 111.02035714285716 - desviacion 59.894499656964854","chan":"stdout","logger":"task"}
{"timestamp":"2025-07-13T22:21:58.624797Z","level":"info","event":"[18.09, 18.52, 18.96, 20.1, 49.29, 49.92, 51.09, 51.55, 79.2, 80.42, 81.27, 82.41, 110.89, 111.67, 112.72, 113.35, 139.63, 140.77, 141.65, 142.53, 168.87, 169.71, 170.48, 170.97, 199.6, 200.79, 201.58, 202.07]","chan":"stdout","logger":"task"}
{"timestamp":"2025-07-13T22:21:58.625166Z","level":"info","event":"media 110.64642857142857 - desviacion 60.419580861924324","chan":"stdout","logger":"task"}
{"timestamp":"2025-07-13T22:21:58.629452Z","level":"info","event":"[20.09, 20.85, 21.67, 22.84, 58.22, 59.0, 59.9, 60.37, 86.63, 87.16, 87.63, 88.14, 113.74, 114.76, 115.47, 116.13, 143.87, 144.34, 145.09, 146.29, 175.23, 175.74, 176.62, 177.75, 212.43, 212.87, 214.03, 214.55]","chan":"stdout","logger":"task"}
{"timestamp":"2025-07-13T22:21:58.629859Z","level":"info","event":"media 116.83607142857143 - desviacion 62.05826964228779","chan":"stdout","logger":"task"}
{"timestamp":"2025-07-13T22:21:58.633794Z","level":"info","event":"[29.11, 30.11, 31.04, 32.17, 61.7, 62.87, 63.32, 64.16, 97.88, 99.11, 100.2, 100.72, 125.23, 126.35, 130.33, 131.31, 163.05, 164.34, 165.09, 165.82, 193.11, 193.64, 194.9, 195.51, 219.95, 220.72, 221.93, 223.12]","chan":"stdout","logger":"task"}
{"timestamp":"2025-07-13T22:21:58.634161Z","level":"info","event":"media 128.81392857142853 - desviacion 64.35637277464589","chan":"stdout","logger":"task"}
{"timestamp":"2025-07-13T22:21:58.637324Z","level":"info","event":"[22.4, 22.99, 23.82, 24.78, 59.46, 59.46, 60.71, 61.34, 98.58, 99.72, 100.78, 101.87, 127.87, 135.32, 136.35, 136.97, 164.74, 165.36, 165.83, 167.12, 194.23, 195.09, 195.79, 196.97, 223.98, 224.47, 225.2, 226.47]","chan":"stdout","logger":"task"}
{"timestamp":"2025-07-13T22:21:58.637691Z","level":"info","event":"media 129.2025 - desviacion 67.32524126660924","chan":"stdout","logger":"task"}
{"timestamp":"2025-07-13T22:21:58.640725Z","level":"info","event":"[32.64, 33.76, 34.57, 38.13, 66.61, 67.2, 68.45, 69.61, 96.54, 97.37, 97.88, 98.63, 130.94, 131.46, 132.52, 133.43, 162.15, 163.03, 164.1, 164.82, 192.13, 192.66, 193.71, 194.27, 221.96, 222.77, 223.73, 224.83]","chan":"stdout","logger":"task"}
{"timestamp":"2025-07-13T22:21:58.641073Z","level":"info","event":"media 130.35357142857143 - desviacion 63.024960260331206","chan":"stdout","logger":"task"}
{"timestamp":"2025-07-13T22:21:58.644133Z","level":"info","event":"[25.43, 26.16, 26.16, 27.34, 52.08, 53.37, 53.93, 53.93, 89.12, 90.31, 91.56, 92.38, 120.53, 121.68, 122.42, 123.42, 148.51, 148.98, 149.9, 150.81, 177.74, 178.88, 179.4, 179.86, 207.89, 208.64, 209.36, 210.55]","chan":"stdout","logger":"task"}
{"timestamp":"2025-07-13T22:21:58.644485Z","level":"info","event":"media 118.58357142857142 - desviacion 61.37419066759284","chan":"stdout","logger":"task"}
{"timestamp":"2025-07-13T22:21:58.647543Z","level":"info","event":"[20.75, 21.98, 22.82, 23.59, 65.87, 66.63, 67.19, 67.65, 95.71, 96.36, 97.64, 98.21, 131.82, 132.7, 133.24, 134.27, 161.59, 162.75, 163.62, 164.83, 193.19, 193.72, 194.27, 195.32, 223.91, 224.85, 226.07, 227.04]","chan":"stdout","logger":"task"}
{"timestamp":"2025-07-13T22:21:58.647883Z","level":"info","event":"media 128.8425 - desviacion 66.56599634009844","chan":"stdout","logger":"task"}
{"timestamp":"2025-07-13T22:21:58.650947Z","level":"info","event":"[96.44, 161.95, 163.13, 163.59, 164.84, 125.74, 126.48, 93.75, 94.59, 95.44, 189.25, 190.32, 190.32, 124.44, 125.18, 21.06, 21.77, 22.29, 23.55, 191.03, 56.63, 57.89, 59.15, 59.67, 220.7, 221.17, 222.46, 223.32]","chan":"stdout","logger":"task"}
{"timestamp":"2025-07-13T22:21:58.651323Z","level":"info","event":"media 125.21964285714286 - desviacion 66.59200099337022","chan":"stdout","logger":"task"}
{"timestamp":"2025-07-13T22:21:58.654390Z","level":"info","event":"[20.07, 21.11, 22.02, 23.05, 55.8, 56.69, 57.5, 58.01, 84.77, 85.77, 86.23, 86.8, 112.79, 114.04, 114.54, 115.02, 143.14, 144.39, 145.69, 146.41, 174.49, 175.17, 176.07, 176.94, 204.94, 206.14, 206.64, 207.21]","chan":"stdout","logger":"task"}
{"timestamp":"2025-07-13T22:21:58.654759Z","level":"info","event":"media 115.05142857142857 - desviacion 60.765661926681545","chan":"stdout","logger":"task"}
{"timestamp":"2025-07-13T22:21:58.657805Z","level":"info","event":"[21.96, 22.64, 23.08, 23.93, 51.34, 52.43, 53.15, 53.89, 79.23, 80.44, 80.98, 81.66, 114.39, 115.33, 116.28, 117.55, 151.71, 152.98, 154.06, 154.94, 182.47, 183.34, 183.93, 184.58, 210.48, 211.5, 212.23, 213.28]","chan":"stdout","logger":"task"}
{"timestamp":"2025-07-13T22:21:58.658147Z","level":"info","event":"media 117.27785714285714 - desviacion 64.45680211013656","chan":"stdout","logger":"task"}
{"timestamp":"2025-07-13T22:21:58.661255Z","level":"info","event":"[18.82, 19.44, 20.31, 21.15, 48.46, 48.94, 49.6, 50.15, 75.94, 77.17, 78.26, 78.7, 107.8, 109.04, 110.32, 111.45, 140.07, 140.76, 141.39, 142.22, 169.38, 170.42, 171.19, 172.42, 198.66, 199.83, 200.83, 201.63]","chan":"stdout","logger":"task"}
{"timestamp":"2025-07-13T22:21:58.661613Z","level":"info","event":"media 109.79821428571428 - desviacion 60.56227179249774","chan":"stdout","logger":"task"}
{"timestamp":"2025-07-13T22:21:58.664713Z","level":"info","event":"[21.87, 22.75, 23.9, 24.98, 53.59, 54.19, 54.84, 56.13, 84.22, 84.95, 85.58, 86.77, 130.87, 131.93, 132.84, 133.35, 160.77, 161.39, 162.58, 163.56, 191.89, 192.35, 193.3, 194.53, 221.29, 222.08, 222.58, 223.07]","chan":"stdout","logger":"task"}
{"timestamp":"2025-07-13T22:21:58.665074Z","level":"info","event":"media 124.71964285714286 - desviacion 67.9908864944488","chan":"stdout","logger":"task"}
{"timestamp":"2025-07-13T22:21:58.668270Z","level":"info","event":"[85.9, 86.33, 87.14, 87.76, 186.45, 187.26, 187.8, 152.1, 152.59, 153.83, 154.91, 215.82, 216.89, 217.62, 218.86, 185.43, 119.38, 120.32, 121.44, 122.46, 24.23, 24.98, 30.16, 31.28, 60.17, 60.67, 61.65, 62.67]","chan":"stdout","logger":"task"}
{"timestamp":"2025-07-13T22:21:58.668619Z","level":"info","event":"media 122.00357142857145 - desviacion 63.35597075337131","chan":"stdout","logger":"task"}
{"timestamp":"2025-07-13T22:21:58.671725Z","level":"info","event":"[21.81, 22.76, 24.04, 25.19, 53.8, 54.38, 55.15, 56.11, 83.07, 83.97, 84.54, 85.14, 111.31, 111.95, 112.57, 113.48, 141.1, 142.06, 143.3, 144.32, 172.25, 173.34, 174.48, 175.25, 202.06, 202.59, 203.27, 204.23]","chan":"stdout","logger":"task"}
{"timestamp":"2025-07-13T22:21:58.672076Z","level":"info","event":"media 113.48285714285714 - desviacion 59.671429982215514","chan":"stdout","logger":"task"}
{"timestamp":"2025-07-13T22:21:58.675117Z","level":"info","event":"[21.41, 21.88, 22.93, 23.92, 54.58, 55.62, 56.76, 57.27, 90.58, 91.12, 92.05, 92.62, 118.55, 119.6, 120.24, 121.25, 147.08, 147.98, 148.61, 149.35, 175.49, 176.07, 176.92, 177.91, 220.18, 221.19, 222.38, 223.14]","chan":"stdout","logger":"task"}
{"timestamp":"2025-07-13T22:21:58.675477Z","level":"info","event":"media 119.52428571428571 - desviacion 64.08586937118997","chan":"stdout","logger":"task"}
{"timestamp":"2025-07-13T22:21:58.678543Z","level":"info","event":"[157.23, 87.34, 88.22, 89.35, 157.81, 159.05, 160.09, 190.54, 219.36, 220.07, 221.24, 222.49, 125.07, 125.61, 126.26, 127.07, 90.62, 187.94, 189.2, 189.76, 23.22, 23.78, 24.98, 52.66, 53.47, 54.61, 55.56, 25.64]","chan":"stdout","logger":"task"}
{"timestamp":"2025-07-13T22:21:58.678897Z","level":"info","event":"media 123.15142857142857 - desviacion 66.42096053174166","chan":"stdout","logger":"task"}
{"timestamp":"2025-07-13T22:21:58.682017Z","level":"info","event":"[24.52, 25.04, 25.04, 25.7, 51.43, 52.22, 52.83, 53.36, 80.91, 81.96, 83.05, 84.03, 112.13, 112.58, 113.84, 114.36, 141.56, 142.38, 143.18, 143.94, 174.77, 176.06, 176.88, 177.79, 206.66, 207.33, 208.57, 209.11]","chan":"stdout","logger":"task"}
{"timestamp":"2025-07-13T22:21:58.682375Z","level":"info","event":"media 114.32964285714286 - desviacion 61.21636828741983","chan":"stdout","logger":"task"}
{"timestamp":"2025-07-13T22:21:58.685389Z","level":"info","event":"[20.54, 21.51, 22.12, 22.58, 54.21, 55.3, 56.47, 57.73, 84.05, 84.92, 85.63, 86.89, 116.5, 117.74, 119.0, 119.62, 149.07, 150.21, 150.81, 151.61, 176.8, 177.58, 178.66, 179.21, 206.93, 208.22, 209.39, 209.95]","chan":"stdout","logger":"task"}
{"timestamp":"2025-07-13T22:21:58.685740Z","level":"info","event":"media 116.9017857142857 - desviacion 62.18000982479196","chan":"stdout","logger":"task"}
{"timestamp":"2025-07-13T22:21:58.688814Z","level":"info","event":"[22.14, 23.3, 23.8, 24.54, 52.09, 53.09, 53.8, 54.43, 84.8, 85.51, 90.11, 91.39, 120.95, 122.18, 123.44, 124.04, 152.1, 152.76, 153.9, 155.17, 188.88, 189.6, 190.61, 191.67, 216.27, 216.79, 217.23, 218.35]","chan":"stdout","logger":"task"}
{"timestamp":"2025-07-13T22:21:58.689168Z","level":"info","event":"media 121.17642857142857 - desviacion 65.78212399463017","chan":"stdout","logger":"task"}
{"timestamp":"2025-07-13T22:21:58.692341Z","level":"info","event":"[21.26, 21.82, 22.63, 22.63, 48.99, 49.44, 50.02, 50.53, 82.59, 83.36, 84.38, 84.99, 114.78, 115.35, 116.25, 117.39, 145.28, 146.26, 147.32, 148.16, 172.16, 172.16, 173.25, 174.39, 213.05, 213.59, 214.63, 215.87]","chan":"stdout","logger":"task"}
{"timestamp":"2025-07-13T22:21:58.692685Z","level":"info","event":"media 115.09035714285714 - desviacion 63.35639895983802","chan":"stdout","logger":"task"}
{"timestamp":"2025-07-13T22:21:58.695775Z","level":"info","event":"[27.78, 28.55, 29.16, 29.97, 67.28, 67.95, 68.68, 69.54, 97.03, 98.14, 98.93, 99.37, 124.01, 124.81, 125.73, 126.4, 152.7, 153.65, 154.53, 155.15, 181.91, 182.83, 184.07, 184.91, 214.61, 215.7, 216.44, 217.47]","chan":"stdout","logger":"task"}
{"timestamp":"2025-07-13T22:21:58.696140Z","level":"info","event":"media 124.90357142857142 - desviacion 60.60618363160442","chan":"stdout","logger":"task"}
{"timestamp":"2025-07-13T22:21:58.699198Z","level":"info","event":"[23.47, 23.47, 24.53, 25.53, 54.16, 54.88, 55.97, 57.19, 88.32, 89.39, 89.91, 90.39, 120.46, 121.32, 121.98, 122.88, 151.05, 151.89, 152.63, 153.73, 180.65, 181.68, 182.85, 183.56, 208.52, 209.7, 210.65, 211.32]","chan":"stdout","logger":"task"}
{"timestamp":"2025-07-13T22:21:58.699582Z","level":"info","event":"media 119.36 - desviacion 62.42598074062251","chan":"stdout","logger":"task"}
{"timestamp":"2025-07-13T22:21:58.702643Z","level":"info","event":"[29.83, 99.94, 99.94, 100.38, 101.52, 189.06, 69.11, 69.87, 70.44, 71.03, 219.61, 220.24, 186.44, 186.91, 187.94, 26.38, 27.28, 28.55, 217.84, 218.48, 157.66, 158.6, 158.6, 159.74, 127.15, 127.73, 128.17, 128.94]","chan":"stdout","logger":"task"}
{"timestamp":"2025-07-13T22:21:58.703004Z","level":"info","event":"media 127.40642857142858 - desviacion 61.97936299482997","chan":"stdout","logger":"task"}
{"timestamp":"2025-07-13T22:21:58.706068Z","level":"info","event":"[21.23, 21.7, 22.28, 23.0, 49.18, 49.74, 50.74, 51.82, 82.04, 82.89, 83.98, 84.82, 115.93, 116.94, 117.58, 118.21, 145.99, 145.99, 146.81, 146.81, 175.55, 176.05, 176.05, 177.31, 205.21, 206.21, 207.35, 208.58]","chan":"stdout","logger":"task"}
{"timestamp":"2025-07-13T22:21:58.706411Z","level":"info","event":"media 114.64250000000001 - desviacion 62.09721678977017","chan":"stdout","logger":"task"}
{"timestamp":"2025-07-13T22:21:58.709445Z","level":"info","event":"[26.55, 27.08, 27.62, 28.21, 55.83, 56.57, 57.62, 58.85, 84.85, 85.98, 86.8, 87.82, 114.48, 115.13, 116.07, 116.51, 141.12, 141.8, 142.6, 143.51, 168.77, 169.65, 170.14, 171.32, 197.62, 198.11, 199.31, 200.35]","chan":"stdout","logger":"task"}
{"timestamp":"2025-07-13T22:21:58.709818Z","level":"info","event":"media 113.93821428571428 - desviacion 56.861443693895794","chan":"stdout","logger":"task"}
{"timestamp":"2025-07-13T22:21:58.712851Z","level":"info","event":"[23.22, 24.21, 25.21, 26.23, 57.6, 58.49, 59.76, 60.96, 87.71, 88.15, 88.82, 89.34, 116.01, 116.7, 126.26, 127.08, 160.79, 161.43, 162.12, 163.14, 189.59, 190.79, 191.3, 191.3, 216.96, 217.75, 218.21, 219.48]","chan":"stdout","logger":"task"}
{"timestamp":"2025-07-13T22:21:58.713213Z","level":"info","event":"media 123.52178571428571 - desviacion 65.57018540974524","chan":"stdout","logger":"task"}
{"timestamp":"2025-07-13T22:21:58.716244Z","level":"info","event":"[19.99, 20.74, 21.89, 22.52, 48.04, 49.26, 50.54, 51.78, 83.1, 83.72, 84.57, 85.51, 119.56, 120.19, 120.72, 121.23, 155.67, 156.26, 157.08, 158.26, 184.8, 185.81, 186.53, 187.78, 215.12, 216.38, 217.0, 218.04]","chan":"stdout","logger":"task"}
{"timestamp":"2025-07-13T22:21:58.716585Z","level":"info","event":"media 119.36035714285713 - desviacion 66.57193587617098","chan":"stdout","logger":"task"}
{"timestamp":"2025-07-13T22:21:58.719697Z","level":"info","event":"[25.32, 26.38, 26.99, 27.62, 56.33, 57.55, 58.22, 59.02, 85.96, 86.81, 87.62, 88.71, 114.39, 115.21, 116.02, 125.82, 149.11, 150.14, 150.97, 151.88, 179.52, 180.66, 181.68, 181.68, 209.74, 210.64, 211.55, 212.28]","chan":"stdout","logger":"task"}
{"timestamp":"2025-07-13T22:21:58.720058Z","level":"info","event":"media 118.85071428571428 - desviacion 61.66915719782293","chan":"stdout","logger":"task"}
{"timestamp":"2025-07-13T22:21:58.723094Z","level":"info","event":"[22.24, 23.39, 24.67, 25.19, 55.08, 56.33, 56.92, 57.68, 84.86, 85.51, 86.52, 86.97, 112.95, 113.89, 114.92, 115.99, 144.58, 145.7, 146.92, 147.93, 185.0, 186.1, 186.56, 187.77, 217.32, 217.97, 225.59, 226.71]","chan":"stdout","logger":"task"}
{"timestamp":"2025-07-13T22:21:58.723462Z","level":"info","event":"media 119.3307142857143 - desviacion 65.42265831436664","chan":"stdout","logger":"task"}
{"timestamp":"2025-07-13T22:21:58.726511Z","level":"info","event":"[20.6, 21.51, 22.44, 23.31, 50.53, 51.82, 52.68, 53.56, 85.36, 86.09, 86.8, 87.53, 115.57, 116.85, 117.7, 118.53, 152.8, 153.74, 154.68, 155.74, 184.66, 185.83, 186.75, 187.93, 216.17, 216.78, 217.68, 218.68]","chan":"stdout","logger":"task"}
{"timestamp":"2025-07-13T22:21:58.726858Z","level":"info","event":"media 119.36857142857141 - desviacion 65.89319928676174","chan":"stdout","logger":"task"}
{"timestamp":"2025-07-13T22:21:58.733908Z","level":"info","event":"[20.06, 20.81, 21.94, 22.58, 51.18, 51.86, 52.57, 53.44, 78.81, 79.6, 80.4, 80.97, 107.48, 108.64, 109.39, 110.32, 136.64, 137.65, 138.16, 138.9, 166.19, 167.36, 168.22, 169.0, 193.79, 194.64, 195.81, 197.11]","chan":"stdout","logger":"task"}
{"timestamp":"2025-07-13T22:21:58.734285Z","level":"info","event":"media 109.05428571428571 - desviacion 57.92061774708625","chan":"stdout","logger":"task"}
{"timestamp":"2025-07-13T22:21:58.738387Z","level":"info","event":"[22.2, 23.22, 24.29, 24.73, 52.74, 53.74, 54.36, 55.19, 83.43, 84.36, 85.64, 86.08, 114.22, 115.39, 116.56, 117.53, 145.93, 146.54, 147.42, 148.62, 177.31, 177.86, 178.85, 179.84, 202.8, 203.64, 204.22, 205.13]","chan":"stdout","logger":"task"}
{"timestamp":"2025-07-13T22:21:58.738785Z","level":"info","event":"media 115.42285714285715 - desviacion 60.89559014394714","chan":"stdout","logger":"task"}
{"timestamp":"2025-07-13T22:21:58.742795Z","level":"info","event":"[24.16, 25.43, 25.91, 26.51, 55.68, 56.47, 57.24, 58.22, 84.66, 85.43, 86.31, 87.24, 113.4, 114.62, 115.13, 116.04, 149.2, 150.37, 151.48, 152.61, 180.5, 181.46, 182.39, 183.45, 209.5, 210.15, 210.64, 211.27]","chan":"stdout","logger":"task"}
{"timestamp":"2025-07-13T22:21:58.743166Z","level":"info","event":"media 118.0525 - desviacion 62.156834621613186","chan":"stdout","logger":"task"}
{"timestamp":"2025-07-13T22:21:58.747295Z","level":"info","event":"[163.93, 164.83, 165.58, 166.59, 134.26, 135.32, 136.04, 224.09, 224.96, 226.0, 226.64, 194.96, 91.62, 92.49, 93.38, 94.21, 195.56, 196.78, 197.84, 126.74, 21.14, 22.23, 22.7, 23.25, 52.16, 53.36, 53.9, 54.6]","chan":"stdout","logger":"task"}
{"timestamp":"2025-07-13T22:21:58.747702Z","level":"info","event":"media 126.97 - desviacion 69.20358785083742","chan":"stdout","logger":"task"}
{"timestamp":"2025-07-13T22:21:58.751927Z","level":"info","event":"[22.84, 23.73, 24.84, 25.75, 57.33, 58.59, 58.59, 59.45, 92.67, 93.8, 94.52, 95.76, 123.84, 124.32, 125.15, 125.73, 158.58, 159.64, 160.7, 161.92, 191.4, 192.31, 192.98, 194.02, 221.82, 222.88, 223.68, 224.88]","chan":"stdout","logger":"task"}
{"timestamp":"2025-07-13T22:21:58.752258Z","level":"info","event":"media 125.41857142857144 - desviacion 66.555490205772","chan":"stdout","logger":"task"}
{"timestamp":"2025-07-13T22:21:58.755998Z","level":"info","event":"[164.12, 165.11, 165.75, 166.39, 225.76, 226.25, 227.45, 228.28, 194.73, 195.74, 196.47, 197.63, 134.33, 135.48, 136.74, 137.66, 29.72, 30.36, 30.83, 31.88, 64.51, 73.15, 103.28, 104.0, 105.29, 106.15, 74.2, 74.2]","chan":"stdout","logger":"task"}
{"timestamp":"2025-07-13T22:21:58.756294Z","level":"info","event":"media 133.05214285714285 - desviacion 64.29520801723557","chan":"stdout","logger":"task"}
{"timestamp":"2025-07-13T22:21:58.759969Z","level":"info","event":"[21.48, 22.71, 23.28, 23.93, 52.9, 53.89, 54.77, 55.24, 84.48, 85.25, 86.29, 87.21, 114.15, 114.76, 114.76, 114.76, 142.43, 142.89, 143.84, 144.88, 170.47, 170.96, 172.22, 172.97, 208.58, 209.08, 210.07, 210.68]","chan":"stdout","logger":"task"}
{"timestamp":"2025-07-13T22:21:58.760289Z","level":"info","event":"media 114.60464285714285 - desviacion 60.9649281778433","chan":"stdout","logger":"task"}
{"timestamp":"2025-07-13T22:21:58.764015Z","level":"info","event":"[25.22, 26.05, 26.92, 27.75, 57.1, 57.89, 58.5, 59.2, 85.21, 86.49, 87.29, 87.29, 109.6, 110.11, 111.08, 111.89, 136.9, 137.61, 138.13, 139.22, 171.25, 172.53, 173.39, 173.94, 200.78, 201.25, 202.26, 202.89]","chan":"stdout","logger":"task"}
{"timestamp":"2025-07-13T22:21:58.764292Z","level":"info","event":"media 113.49071428571429 - desviacion 57.66871818093977","chan":"stdout","logger":"task"}
{"timestamp":"2025-07-13T22:21:58.767986Z","level":"info","event":"[19.4, 20.58, 21.46, 21.99, 48.89, 49.72, 50.99, 51.72, 79.34, 80.26, 81.52, 82.72, 114.42, 115.08, 116.35, 117.22, 143.72, 144.52, 145.68, 146.32, 173.09, 173.74, 174.83, 175.5, 203.64, 204.91, 205.7, 206.43]","chan":"stdout","logger":"task"}
{"timestamp":"2025-07-13T22:21:58.768289Z","level":"info","event":"media 113.205 - desviacion 61.80528378360081","chan":"stdout","logger":"task"}
{"timestamp":"2025-07-13T22:21:58.772057Z","level":"info","event":"[21.55, 22.38, 23.09, 23.55, 50.58, 51.12, 51.92, 52.89, 80.93, 81.37, 82.59, 83.14, 110.23, 110.9, 111.64, 112.38, 142.58, 143.63, 144.81, 145.6, 176.04, 176.85, 177.53, 178.11, 205.66, 206.71, 207.53, 208.02]","chan":"stdout","logger":"task"}
{"timestamp":"2025-07-13T22:21:58.772368Z","level":"info","event":"media 113.69035714285714 - desviacion 61.889918431388146","chan":"stdout","logger":"task"}
{"timestamp":"2025-07-13T22:21:58.776138Z","level":"info","event":"[20.0, 20.56, 21.86, 22.58, 64.04, 64.54, 65.74, 66.92, 93.23, 93.67, 94.42, 95.31, 121.11, 121.11, 121.85, 122.79, 149.29, 150.31, 151.06, 152.12, 176.58, 177.17, 177.17, 178.15, 208.37, 209.62, 210.73, 219.81]","chan":"stdout","logger":"task"}
{"timestamp":"2025-07-13T22:21:58.776464Z","level":"info","event":"media 120.36107142857142 - desviacion 61.117795125437056","chan":"stdout","logger":"task"}
{"timestamp":"2025-07-13T22:21:58.780192Z","level":"info","event":"[141.62, 142.27, 142.92, 143.46, 198.48, 113.1, 110.72, 111.64, 112.49, 197.93, 169.4, 170.22, 171.01, 171.01, 199.16, 199.97, 228.64, 229.44, 230.7, 231.63, 38.86, 40.01, 40.9, 41.82, 70.49, 71.54, 72.53, 73.81]","chan":"stdout","logger":"task"}
{"timestamp":"2025-07-13T22:21:58.780491Z","level":"info","event":"media 138.0632142857143 - desviacion 63.0352715352723","chan":"stdout","logger":"task"}
{"timestamp":"2025-07-13T22:21:58.787122Z","level":"info","event":"[19.34, 20.59, 21.05, 21.67, 54.71, 55.95, 55.95, 56.78, 82.73, 83.22, 83.95, 84.88, 113.95, 115.08, 115.96, 115.96, 148.76, 149.69, 150.53, 151.1, 178.03, 178.6, 179.35, 180.54, 207.26, 207.7, 208.27, 209.31]","chan":"stdout","logger":"task"}
{"timestamp":"2025-07-13T22:21:58.787519Z","level":"info","event":"media 116.10392857142857 - desviacion 62.55073559800908","chan":"stdout","logger":"task"}
{"timestamp":"2025-07-13T22:21:58.792130Z","level":"info","event":"[27.97, 28.79, 30.02, 30.51, 57.81, 58.33, 58.85, 59.75, 92.11, 92.11, 93.33, 94.39, 122.52, 123.35, 123.82, 123.82, 161.07, 161.68, 162.82, 163.46, 192.4, 193.5, 194.2, 194.64, 220.3, 220.91, 221.49, 222.14]","chan":"stdout","logger":"task"}
{"timestamp":"2025-07-13T22:21:58.792427Z","level":"info","event":"media 125.93178571428571 - desviacion 65.40014657331605","chan":"stdout","logger":"task"}
{"timestamp":"2025-07-13T22:21:58.797121Z","level":"info","event":"[21.59, 22.06, 23.13, 24.26, 52.26, 52.92, 53.76, 53.76, 83.1, 83.87, 84.66, 85.81, 113.07, 113.62, 114.29, 114.77, 141.63, 142.85, 143.32, 144.1, 170.01, 171.1, 171.92, 172.72, 200.69, 201.61, 202.21, 203.26]","chan":"stdout","logger":"task"}
{"timestamp":"2025-07-13T22:21:58.797446Z","level":"info","event":"media 112.94107142857145 - desviacion 59.4896928851236","chan":"stdout","logger":"task"}
{"timestamp":"2025-07-13T22:21:58.802123Z","level":"info","event":"[29.64, 30.53, 31.25, 32.38, 58.28, 58.89, 59.52, 60.59, 87.23, 87.92, 89.22, 90.46, 117.58, 118.13, 118.64, 119.37, 150.92, 151.99, 153.25, 154.41, 181.33, 182.03, 183.01, 183.95, 209.07, 209.77, 210.96, 212.22]","chan":"stdout","logger":"task"}
{"timestamp":"2025-07-13T22:21:58.802466Z","level":"info","event":"media 120.44785714285715 - desviacion 60.67835183261366","chan":"stdout","logger":"task"}
{"timestamp":"2025-07-13T22:21:58.807027Z","level":"info","event":"[84.0, 84.8, 86.08, 87.1, 50.26, 50.81, 51.95, 53.11, 184.49, 185.35, 186.08, 186.56, 118.58, 119.08, 119.62, 120.27, 154.81, 155.32, 156.4, 157.14, 223.8, 224.26, 224.97, 226.05, 23.72, 24.34, 25.41, 26.34]","chan":"stdout","logger":"task"}
{"timestamp":"2025-07-13T22:21:58.807408Z","level":"info","event":"media 121.09642857142858 - desviacion 67.06431450557025","chan":"stdout","logger":"task"}
{"timestamp":"2025-07-13T22:21:58.810841Z","level":"info","event":"[27.13, 27.64, 28.25, 29.41, 57.0, 57.88, 67.51, 68.71, 98.35, 102.78, 103.72, 104.62, 133.42, 134.29, 135.56, 136.13, 160.97, 161.87, 163.15, 163.83, 188.04, 188.52, 189.49, 190.5, 214.24, 215.31, 216.0, 216.81]","chan":"stdout","logger":"task"}
{"timestamp":"2025-07-13T22:21:58.811163Z","level":"info","event":"media 127.89750000000001 - desviacion 62.76149505554456","chan":"stdout","logger":"task"}
{"timestamp":"2025-07-13T22:21:58.815060Z","level":"info","event":"[19.94, 20.85, 21.53, 22.64, 55.43, 56.5, 56.93, 57.45, 83.58, 84.6, 85.75, 86.47, 113.06, 113.94, 114.59, 115.38, 142.79, 143.77, 144.43, 145.71, 174.65, 174.65, 175.46, 175.9, 208.73, 209.17, 209.75, 210.27]","chan":"stdout","logger":"task"}
{"timestamp":"2025-07-13T22:21:58.815408Z","level":"info","event":"media 115.14 - desviacion 61.529632640355835","chan":"stdout","logger":"task"}
{"timestamp":"2025-07-13T22:21:58.818781Z","level":"info","event":"[21.02, 22.21, 23.45, 24.67, 51.26, 52.44, 53.72, 54.18, 83.91, 84.62, 85.46, 86.69, 114.03, 115.02, 116.1, 117.0, 145.43, 146.25, 146.82, 148.02, 173.14, 173.77, 174.55, 175.11, 201.07, 201.74, 202.22, 203.19]","chan":"stdout","logger":"task"}
{"timestamp":"2025-07-13T22:21:58.819198Z","level":"info","event":"media 114.18178571428572 - desviacion 60.1428770306635","chan":"stdout","logger":"task"}
{"timestamp":"2025-07-13T22:21:58.822707Z","level":"info","event":"[20.67, 21.36, 22.33, 23.36, 54.45, 55.68, 56.81, 57.31, 95.22, 95.69, 96.71, 97.63, 127.65, 128.9, 129.93, 130.84, 157.78, 158.4, 159.52, 160.68, 189.74, 190.47, 191.41, 192.58, 229.47, 229.99, 230.66, 231.9]","chan":"stdout","logger":"task"}
{"timestamp":"2025-07-13T22:21:58.823091Z","level":"info","event":"media 126.32642857142856 - desviacion 68.52454717702501","chan":"stdout","logger":"task"}
{"timestamp":"2025-07-13T22:21:58.826591Z","level":"info","event":"[21.94, 22.44, 23.43, 24.09, 51.57, 52.05, 53.24, 54.52, 82.6, 83.38, 83.94, 84.38, 115.04, 115.61, 116.11, 116.84, 142.63, 143.23, 144.2, 145.09, 172.86, 174.13, 174.94, 175.68, 204.56, 205.06, 206.35, 207.04]","chan":"stdout","logger":"task"}
{"timestamp":"2025-07-13T22:21:58.826966Z","level":"info","event":"media 114.17678571428569 - desviacion 60.844854228578264","chan":"stdout","logger":"task"}
{"timestamp":"2025-07-13T22:21:58.830535Z","level":"info","event":"[19.56, 20.36, 21.4, 22.61, 53.84, 53.84, 54.28, 55.18, 86.8, 87.58, 88.08, 89.03, 115.7, 116.54, 117.73, 118.69, 147.36, 148.24, 149.42, 150.46, 173.95, 175.07, 175.68, 176.29, 202.03, 202.9, 203.66, 204.37]","chan":"stdout","logger":"task"}
{"timestamp":"2025-07-13T22:21:58.830940Z","level":"info","event":"media 115.38035714285715 - desviacion 60.751076797167194","chan":"stdout","logger":"task"}
{"timestamp":"2025-07-13T22:21:58.834461Z","level":"info","event":"[160.07, 161.06, 162.23, 162.91, 190.22, 190.78, 191.56, 192.0, 92.85, 93.48, 103.69, 220.41, 221.1, 221.8, 222.28, 131.79, 132.52, 133.71, 134.89, 28.08, 29.28, 29.94, 31.2, 62.71, 63.89, 64.93, 66.21, 104.8]","chan":"stdout","logger":"task"}
{"timestamp":"2025-07-13T22:21:58.834841Z","level":"info","event":"media 128.58535714285716 - desviacion 63.77996654134671","chan":"stdout","logger":"task"}
{"timestamp":"2025-07-13T22:21:58.838712Z","level":"info","event":"[222.68, 223.56, 220.86, 221.76, 163.36, 164.45, 165.72, 166.7, 191.92, 193.07, 193.63, 194.39, 21.67, 22.74, 23.68, 24.77, 58.66, 59.66, 60.45, 60.92, 88.42, 89.46, 90.3, 91.13, 125.03, 126.15, 126.97, 128.24]","chan":"stdout","logger":"task"}
{"timestamp":"2025-07-13T22:21:58.839110Z","level":"info","event":"media 125.72678571428573 - desviacion 67.13828283335243","chan":"stdout","logger":"task"}
{"timestamp":"2025-07-13T22:21:58.842727Z","level":"info","event":"[182.18, 183.11, 183.83, 185.06, 215.29, 216.27, 216.85, 217.8, 155.25, 155.25, 153.23, 153.96, 23.31, 23.76, 24.6, 25.62, 52.75, 53.2, 54.37, 92.67, 93.47, 94.61, 95.36, 124.02, 124.5, 125.61, 126.27, 55.64]","chan":"stdout","logger":"task"}
{"timestamp":"2025-07-13T22:21:58.843119Z","level":"info","event":"media 121.70857142857143 - desviacion 64.07973602776275","chan":"stdout","logger":"task"}
{"timestamp":"2025-07-13T22:21:58.846548Z","level":"info","event":"[214.25, 93.97, 94.95, 128.77, 21.32, 22.47, 23.47, 24.77, 155.46, 156.25, 156.86, 157.82, 183.43, 184.45, 185.1, 215.03, 216.1, 217.0, 182.53, 61.83, 62.69, 63.95, 64.73, 95.4, 96.57, 126.85, 127.66, 128.77]","chan":"stdout","logger":"task"}
{"timestamp":"2025-07-13T22:21:58.846912Z","level":"info","event":"media 123.65892857142858 - desviacion 62.98769445235688","chan":"stdout","logger":"task"}
{"timestamp":"2025-07-13T22:21:58.850639Z","level":"info","event":"[19.81, 20.98, 21.53, 22.2, 49.44, 50.37, 51.26, 52.34, 79.71, 80.3, 81.36, 81.91, 109.77, 110.21, 110.77, 111.49, 140.4, 141.09, 142.37, 143.3, 171.19, 172.34, 172.96, 174.12, 202.64, 203.68, 204.73, 205.72]","chan":"stdout","logger":"task"}
{"timestamp":"2025-07-13T22:21:58.850898Z","level":"info","event":"media 111.71392857142857 - desviacion 60.994703361339134","chan":"stdout","logger":"task"}
{"timestamp":"2025-07-13T22:21:58.856558Z","level":"info","event":"[22.47, 23.39, 24.17, 24.17, 60.55, 61.34, 62.06, 63.21, 88.8, 90.1, 90.78, 91.98, 121.26, 122.35, 123.27, 123.96, 150.52, 151.0, 152.14, 153.09, 182.71, 183.3, 184.27, 185.47, 212.6, 213.36, 214.57, 215.29]","chan":"stdout","logger":"task"}
{"timestamp":"2025-07-13T22:21:58.856900Z","level":"info","event":"media 121.14928571428571 - desviacion 62.66805992851607","chan":"stdout","logger":"task"}
{"timestamp":"2025-07-13T22:21:58.861162Z","level":"info","event":"[227.9, 228.97, 233.38, 234.17, 126.68, 127.16, 164.12, 165.39, 165.83, 91.04, 92.18, 93.32, 94.38, 164.12, 193.91, 195.05, 195.57, 196.73, 125.06, 125.56, 23.27, 55.04, 56.3, 57.41, 58.31, 21.24, 21.71, 22.43]","chan":"stdout","logger":"task"}
{"timestamp":"2025-07-13T22:21:58.861456Z","level":"info","event":"media 127.00821428571427 - desviacion 69.74538433543067","chan":"stdout","logger":"task"}
{"timestamp":"2025-07-13T22:21:58.865540Z","level":"info","event":"[224.83, 110.85, 110.85, 111.9, 112.39, 139.74, 51.79, 52.86, 54.14, 54.63, 79.35, 79.86, 80.96, 82.22, 179.82, 225.76, 227.02, 227.94, 149.94, 150.47, 150.98, 180.88, 181.56, 182.06, 21.58, 22.78, 24.05, 24.51]","chan":"stdout","logger":"task"}
{"timestamp":"2025-07-13T22:21:58.865897Z","level":"info","event":"media 117.70428571428575 - desviacion 66.80771589465714","chan":"stdout","logger":"task"}
{"timestamp":"2025-07-13T22:21:58.869174Z","level":"info","event":"[22.28, 22.28, 23.35, 24.6, 51.64, 52.5, 53.33, 53.92, 81.31, 82.37, 82.37, 83.4, 111.85, 112.33, 113.53, 114.58, 147.26, 148.01, 148.59, 149.34, 184.15, 184.66, 185.48, 185.48, 212.52, 213.75, 214.8, 215.26]","chan":"stdout","logger":"task"}
{"timestamp":"2025-07-13T22:21:58.869495Z","level":"info","event":"media 116.96214285714288 - desviacion 64.5522998017412","chan":"stdout","logger":"task"}
{"timestamp":"2025-07-13T22:21:58.875466Z","level":"info","event":"[21.81, 22.84, 23.75, 24.95, 52.36, 53.5, 54.19, 54.63, 81.85, 83.09, 83.71, 84.17, 110.63, 111.26, 112.51, 113.24, 140.06, 141.33, 142.21, 143.4, 178.56, 179.66, 180.23, 181.35, 213.87, 214.8, 215.45, 216.32]","chan":"stdout","logger":"task"}
{"timestamp":"2025-07-13T22:21:58.875759Z","level":"info","event":"media 115.56178571428572 - desviacion 63.408998688422514","chan":"stdout","logger":"task"}
{"timestamp":"2025-07-13T22:21:58.879956Z","level":"info","event":"[22.43, 23.65, 24.33, 25.2, 51.35, 52.42, 53.08, 53.93, 83.01, 84.25, 85.51, 86.48, 117.68, 118.93, 120.2, 120.91, 148.49, 149.53, 150.2, 150.66, 177.53, 178.3, 179.37, 180.05, 209.06, 209.06, 210.02, 211.17]","chan":"stdout","logger":"task"}
{"timestamp":"2025-07-13T22:21:58.880184Z","level":"info","event":"media 117.02857142857142 - desviacion 62.51861881039267","chan":"stdout","logger":"task"}
{"timestamp":"2025-07-13T22:21:58.884702Z","level":"info","event":"[22.57, 23.16, 23.72, 24.58, 51.29, 52.43, 52.94, 53.93, 80.19, 81.23, 81.79, 82.3, 116.9, 117.89, 118.62, 118.62, 146.89, 147.81, 148.7, 149.15, 176.74, 177.42, 178.55, 179.23, 207.0, 207.94, 209.03, 209.71]","chan":"stdout","logger":"task"}
{"timestamp":"2025-07-13T22:21:58.884999Z","level":"info","event":"media 115.72607142857143 - desviacion 62.326743992520456","chan":"stdout","logger":"task"}
{"timestamp":"2025-07-13T22:21:58.889032Z","level":"info","event":"[20.81, 21.88, 22.82, 23.3, 56.09, 56.65, 57.78, 57.78, 92.33, 93.39, 94.48, 95.07, 123.42, 124.38, 125.52, 126.04, 152.6, 153.32, 154.28, 155.14, 185.65, 186.42, 187.42, 188.55, 216.95, 217.72, 218.77, 219.24]","chan":"stdout","logger":"task"}
{"timestamp":"2025-07-13T22:21:58.889374Z","level":"info","event":"media 122.42142857142855 - desviacion 64.88538415183046","chan":"stdout","logger":"task"}
{"timestamp":"2025-07-13T22:21:58.893253Z","level":"info","event":"[26.24, 27.36, 28.39, 29.4, 65.64, 66.22, 67.43, 68.57, 94.79, 95.3, 96.0, 96.63, 125.21, 126.05, 126.66, 127.61, 156.04, 156.72, 157.46, 157.89, 183.53, 184.15, 184.92, 186.2, 212.62, 213.36, 214.0, 214.86]","chan":"stdout","logger":"task"}
{"timestamp":"2025-07-13T22:21:58.893604Z","level":"info","event":"media 124.61607142857143 - desviacion 61.10016140610466","chan":"stdout","logger":"task"}
{"timestamp":"2025-07-13T22:21:58.897322Z","level":"info","event":"[23.28, 24.01, 24.69, 25.14, 51.2, 51.96, 52.6, 53.43, 80.34, 81.53, 82.42, 83.2, 112.35, 113.29, 113.79, 115.05, 141.28, 141.82, 142.6, 142.6, 168.32, 169.31, 170.5, 171.54, 207.05, 207.05, 207.69, 208.61]","chan":"stdout","logger":"task"}
{"timestamp":"2025-07-13T22:21:58.897615Z","level":"info","event":"media 113.09464285714287 - desviacion 60.43276668462369","chan":"stdout","logger":"task"}
{"timestamp":"2025-07-13T22:21:58.902794Z","level":"info","event":"[18.44, 19.53, 20.54, 21.38, 51.55, 51.55, 52.03, 52.7, 78.84, 79.33, 80.59, 81.52, 111.06, 111.76, 112.95, 113.99, 147.88, 148.61, 149.83, 150.82, 177.18, 177.97, 178.7, 179.18, 207.85, 218.12, 218.55, 219.49]","chan":"stdout","logger":"task"}
{"timestamp":"2025-07-13T22:21:58.903203Z","level":"info","event":"media 115.42642857142856 - desviacion 65.06753487252882","chan":"stdout","logger":"task"}
{"timestamp":"2025-07-13T22:21:58.908037Z","level":"info","event":"[21.04, 21.73, 22.41, 23.39, 51.08, 51.77, 52.35, 53.32, 86.13, 86.84, 87.85, 89.11, 116.0, 117.14, 118.27, 118.94, 144.11, 145.03, 145.93, 146.61, 174.16, 174.97, 175.73, 175.73, 203.59, 204.51, 205.25, 206.37]","chan":"stdout","logger":"task"}
{"timestamp":"2025-07-13T22:21:58.908332Z","level":"info","event":"media 114.97714285714285 - desviacion 60.91661964504918","chan":"stdout","logger":"task"}
{"timestamp":"2025-07-13T22:21:58.913363Z","level":"info","event":"[22.57, 23.09, 24.16, 25.37, 56.55, 57.0, 57.74, 58.81, 84.78, 85.81, 86.95, 87.87, 122.45, 123.25, 123.8, 124.77, 155.87, 156.86, 157.96, 158.4, 191.31, 191.89, 192.41, 193.16, 217.98, 218.88, 219.83, 220.5]","chan":"stdout","logger":"task"}
{"timestamp":"2025-07-13T22:21:58.913694Z","level":"info","event":"media 122.85785714285714 - desviacion 66.23879190135506","chan":"stdout","logger":"task"}
{"timestamp":"2025-07-13T22:21:58.918367Z","level":"info","event":"[190.95, 191.64, 192.29, 192.96, 152.6, 153.69, 163.3, 164.32, 230.87, 231.72, 232.21, 232.75, 21.08, 22.35, 22.84, 22.84, 51.82, 52.94, 53.48, 54.32, 91.53, 92.28, 93.02, 93.9, 122.02, 122.76, 123.75, 124.45]","chan":"stdout","logger":"task"}
{"timestamp":"2025-07-13T22:21:58.918742Z","level":"info","event":"media 124.80999999999999 - desviacion 69.51368287713474","chan":"stdout","logger":"task"}
{"timestamp":"2025-07-13T22:21:58.922885Z","level":"info","event":"[19.68, 20.21, 20.21, 21.49, 48.41, 48.41, 49.18, 50.28, 77.87, 78.53, 79.39, 80.12, 106.21, 107.34, 108.55, 109.24, 136.34, 137.48, 138.02, 138.89, 164.28, 164.95, 165.73, 166.68, 197.88, 198.61, 199.51, 200.36]","chan":"stdout","logger":"task"}
{"timestamp":"2025-07-13T22:21:58.923260Z","level":"info","event":"media 108.35178571428571 - desviacion 59.122610978830096","chan":"stdout","logger":"task"}
{"timestamp":"2025-07-13T22:21:58.927808Z","level":"info","event":"[21.2, 21.98, 22.49, 23.37, 50.84, 51.93, 52.96, 53.95, 85.04, 85.63, 86.07, 86.76, 123.74, 124.66, 125.23, 125.93, 154.15, 155.36, 156.26, 157.12, 183.64, 184.3, 184.79, 185.51, 221.24, 222.22, 223.44, 223.96]","chan":"stdout","logger":"task"}
{"timestamp":"2025-07-13T22:21:58.928117Z","level":"info","event":"media 121.2060714285714 - desviacion 66.86732708128012","chan":"stdout","logger":"task"}
{"timestamp":"2025-07-13T22:21:58.929185","level":"info","event":"Done. Returned value was: None","logger":"airflow.task.operators.airflow.providers.standard.operators.python.PythonOperator"}
{"timestamp":"2025-07-13T22:21:58.952071Z","level":"info","event":"Task instance in success state","chan":"stdout","logger":"task"}
{"timestamp":"2025-07-13T22:21:58.952427Z","level":"info","event":" Previous state of the Task instance: TaskInstanceState.RUNNING","chan":"stdout","logger":"task"}
{"timestamp":"2025-07-13T22:21:58.952725Z","level":"info","event":"Task operator:<Task(PythonOperator): detectar_desviacion>","chan":"stdout","logger":"task"}
