{"timestamp":"2025-07-13T14:45:51.516567","level":"info","event":"DAG bundles loaded: dags-folder, example_dags","logger":"airflow.dag_processing.bundles.manager.DagBundlesManager"}
{"timestamp":"2025-07-13T14:45:51.517468","level":"info","event":"Filling up the DagBag from /opt/airflow/dags/dag_analisis.py","logger":"airflow.models.dagbag.DagBag"}
{"timestamp":"2025-07-13T14:45:51.568007Z","level":"info","event":"Task instance is in running state","chan":"stdout","logger":"task"}
{"timestamp":"2025-07-13T14:45:51.568233Z","level":"info","event":" Previous state of the Task instance: TaskInstanceState.QUEUED","chan":"stdout","logger":"task"}
{"timestamp":"2025-07-13T14:45:51.568348Z","level":"info","event":"Current task name:detectar_pico","chan":"stdout","logger":"task"}
{"timestamp":"2025-07-13T14:45:51.568454Z","level":"info","event":"Dag name:a2","chan":"stdout","logger":"task"}
{"timestamp":"2025-07-13T14:45:51.555837","level":"warning","event":"/opt/airflow/dags/dag_analisis.py:96: UserWarning: pandas only supports SQLAlchemy connectable (engine/connection) or database string URI or sqlite3 DBAPI2 connection. Other DBAPI2 objects are not tested. Please consider using SQLAlchemy.\n  ultimos_df = pd.read_sql(\"\"\"\n","logger":"py.warnings"}
{"timestamp":"2025-07-13T14:45:51.592231","level":"warning","event":"/opt/airflow/dags/dag_analisis.py:103: UserWarning: pandas only supports SQLAlchemy connectable (engine/connection) or database string URI or sqlite3 DBAPI2 connection. Other DBAPI2 objects are not tested. Please consider using SQLAlchemy.\n  historico_df = pd.read_sql(\"SELECT * FROM franja_valores_historicos\", conn)\n","logger":"py.warnings"}
{"timestamp":"2025-07-13T14:45:51.681946Z","level":"info","event":"breve","chan":"stdout","logger":"task"}
{"timestamp":"2025-07-13T14:45:51.683878Z","level":"info","event":"breve","chan":"stdout","logger":"task"}
{"timestamp":"2025-07-13T14:45:51.685609Z","level":"info","event":"breve","chan":"stdout","logger":"task"}
{"timestamp":"2025-07-13T14:45:51.687982Z","level":"info","event":"breve","chan":"stdout","logger":"task"}
{"timestamp":"2025-07-13T14:45:51.691010Z","level":"info","event":"breve","chan":"stdout","logger":"task"}
{"timestamp":"2025-07-13T14:45:51.693711Z","level":"info","event":"breve","chan":"stdout","logger":"task"}
{"timestamp":"2025-07-13T14:45:51.696694Z","level":"info","event":"breve","chan":"stdout","logger":"task"}
{"timestamp":"2025-07-13T14:45:51.699019Z","level":"info","event":"breve","chan":"stdout","logger":"task"}
{"timestamp":"2025-07-13T14:45:51.701672Z","level":"info","event":"breve","chan":"stdout","logger":"task"}
{"timestamp":"2025-07-13T14:45:51.703725Z","level":"info","event":"breve","chan":"stdout","logger":"task"}
{"timestamp":"2025-07-13T14:45:51.705582Z","level":"info","event":"breve","chan":"stdout","logger":"task"}
{"timestamp":"2025-07-13T14:45:51.707625Z","level":"info","event":"breve","chan":"stdout","logger":"task"}
{"timestamp":"2025-07-13T14:45:51.709687Z","level":"info","event":"breve","chan":"stdout","logger":"task"}
{"timestamp":"2025-07-13T14:45:51.711705Z","level":"info","event":"breve","chan":"stdout","logger":"task"}
{"timestamp":"2025-07-13T14:45:51.713625Z","level":"info","event":"breve","chan":"stdout","logger":"task"}
{"timestamp":"2025-07-13T14:45:51.715492Z","level":"info","event":"breve","chan":"stdout","logger":"task"}
{"timestamp":"2025-07-13T14:45:51.717280Z","level":"info","event":"breve","chan":"stdout","logger":"task"}
{"timestamp":"2025-07-13T14:45:51.719070Z","level":"info","event":"breve","chan":"stdout","logger":"task"}
{"timestamp":"2025-07-13T14:45:51.721235Z","level":"info","event":"breve","chan":"stdout","logger":"task"}
{"timestamp":"2025-07-13T14:45:51.723146Z","level":"info","event":"breve","chan":"stdout","logger":"task"}
{"timestamp":"2025-07-13T14:45:51.725168Z","level":"info","event":"breve","chan":"stdout","logger":"task"}
{"timestamp":"2025-07-13T14:45:51.726993Z","level":"info","event":"breve","chan":"stdout","logger":"task"}
{"timestamp":"2025-07-13T14:45:51.728568Z","level":"info","event":"breve","chan":"stdout","logger":"task"}
{"timestamp":"2025-07-13T14:45:51.730096Z","level":"info","event":"breve","chan":"stdout","logger":"task"}
{"timestamp":"2025-07-13T14:45:51.731623Z","level":"info","event":"breve","chan":"stdout","logger":"task"}
{"timestamp":"2025-07-13T14:45:51.733148Z","level":"info","event":"breve","chan":"stdout","logger":"task"}
{"timestamp":"2025-07-13T14:45:51.734633Z","level":"info","event":"breve","chan":"stdout","logger":"task"}
{"timestamp":"2025-07-13T14:45:51.736812Z","level":"info","event":"breve","chan":"stdout","logger":"task"}
{"timestamp":"2025-07-13T14:45:51.739350Z","level":"info","event":"breve","chan":"stdout","logger":"task"}
{"timestamp":"2025-07-13T14:45:51.741678Z","level":"info","event":"breve","chan":"stdout","logger":"task"}
{"timestamp":"2025-07-13T14:45:51.743912Z","level":"info","event":"breve","chan":"stdout","logger":"task"}
{"timestamp":"2025-07-13T14:45:51.745747Z","level":"info","event":"breve","chan":"stdout","logger":"task"}
{"timestamp":"2025-07-13T14:45:51.747562Z","level":"info","event":"breve","chan":"stdout","logger":"task"}
{"timestamp":"2025-07-13T14:45:51.749468Z","level":"info","event":"breve","chan":"stdout","logger":"task"}
{"timestamp":"2025-07-13T14:45:51.751231Z","level":"info","event":"breve","chan":"stdout","logger":"task"}
{"timestamp":"2025-07-13T14:45:51.752909Z","level":"info","event":"breve","chan":"stdout","logger":"task"}
{"timestamp":"2025-07-13T14:45:51.754608Z","level":"info","event":"breve","chan":"stdout","logger":"task"}
{"timestamp":"2025-07-13T14:45:51.756493Z","level":"info","event":"breve","chan":"stdout","logger":"task"}
{"timestamp":"2025-07-13T14:45:51.758602Z","level":"info","event":"breve","chan":"stdout","logger":"task"}
{"timestamp":"2025-07-13T14:45:51.760827Z","level":"info","event":"breve","chan":"stdout","logger":"task"}
{"timestamp":"2025-07-13T14:45:51.762783Z","level":"info","event":"breve","chan":"stdout","logger":"task"}
{"timestamp":"2025-07-13T14:45:51.764689Z","level":"info","event":"breve","chan":"stdout","logger":"task"}
{"timestamp":"2025-07-13T14:45:51.766612Z","level":"info","event":"breve","chan":"stdout","logger":"task"}
{"timestamp":"2025-07-13T14:45:51.768265Z","level":"info","event":"breve","chan":"stdout","logger":"task"}
{"timestamp":"2025-07-13T14:45:51.769807Z","level":"info","event":"breve","chan":"stdout","logger":"task"}
{"timestamp":"2025-07-13T14:45:51.771246Z","level":"info","event":"breve","chan":"stdout","logger":"task"}
{"timestamp":"2025-07-13T14:45:51.773276Z","level":"info","event":"breve","chan":"stdout","logger":"task"}
{"timestamp":"2025-07-13T14:45:51.775116Z","level":"info","event":"breve","chan":"stdout","logger":"task"}
{"timestamp":"2025-07-13T14:45:51.776886Z","level":"info","event":"breve","chan":"stdout","logger":"task"}
{"timestamp":"2025-07-13T14:45:51.778596Z","level":"info","event":"breve","chan":"stdout","logger":"task"}
{"timestamp":"2025-07-13T14:45:51.781189Z","level":"info","event":"breve","chan":"stdout","logger":"task"}
{"timestamp":"2025-07-13T14:45:51.783749Z","level":"info","event":"breve","chan":"stdout","logger":"task"}
{"timestamp":"2025-07-13T14:45:51.785471Z","level":"info","event":"breve","chan":"stdout","logger":"task"}
{"timestamp":"2025-07-13T14:45:51.786911Z","level":"info","event":"breve","chan":"stdout","logger":"task"}
{"timestamp":"2025-07-13T14:45:51.788489Z","level":"info","event":"breve","chan":"stdout","logger":"task"}
{"timestamp":"2025-07-13T14:45:51.790332Z","level":"info","event":"breve","chan":"stdout","logger":"task"}
{"timestamp":"2025-07-13T14:45:51.792269Z","level":"info","event":"breve","chan":"stdout","logger":"task"}
{"timestamp":"2025-07-13T14:45:51.794155Z","level":"info","event":"breve","chan":"stdout","logger":"task"}
{"timestamp":"2025-07-13T14:45:51.795743Z","level":"info","event":"breve","chan":"stdout","logger":"task"}
{"timestamp":"2025-07-13T14:45:51.797120Z","level":"info","event":"breve","chan":"stdout","logger":"task"}
{"timestamp":"2025-07-13T14:45:51.798562Z","level":"info","event":"breve","chan":"stdout","logger":"task"}
{"timestamp":"2025-07-13T14:45:51.800097Z","level":"info","event":"breve","chan":"stdout","logger":"task"}
{"timestamp":"2025-07-13T14:45:51.801461Z","level":"info","event":"breve","chan":"stdout","logger":"task"}
{"timestamp":"2025-07-13T14:45:51.802769Z","level":"info","event":"breve","chan":"stdout","logger":"task"}
{"timestamp":"2025-07-13T14:45:51.804164Z","level":"info","event":"breve","chan":"stdout","logger":"task"}
{"timestamp":"2025-07-13T14:45:51.805725Z","level":"info","event":"breve","chan":"stdout","logger":"task"}
{"timestamp":"2025-07-13T14:45:51.807158Z","level":"info","event":"breve","chan":"stdout","logger":"task"}
{"timestamp":"2025-07-13T14:45:51.808550Z","level":"info","event":"breve","chan":"stdout","logger":"task"}
{"timestamp":"2025-07-13T14:45:51.809810Z","level":"info","event":"breve","chan":"stdout","logger":"task"}
{"timestamp":"2025-07-13T14:45:51.811029Z","level":"info","event":"breve","chan":"stdout","logger":"task"}
{"timestamp":"2025-07-13T14:45:51.812376Z","level":"info","event":"breve","chan":"stdout","logger":"task"}
{"timestamp":"2025-07-13T14:45:51.813650Z","level":"info","event":"breve","chan":"stdout","logger":"task"}
{"timestamp":"2025-07-13T14:45:51.814891Z","level":"info","event":"breve","chan":"stdout","logger":"task"}
{"timestamp":"2025-07-13T14:45:51.816126Z","level":"info","event":"breve","chan":"stdout","logger":"task"}
{"timestamp":"2025-07-13T14:45:51.817337Z","level":"info","event":"breve","chan":"stdout","logger":"task"}
{"timestamp":"2025-07-13T14:45:51.818620Z","level":"info","event":"breve","chan":"stdout","logger":"task"}
{"timestamp":"2025-07-13T14:45:51.819888Z","level":"info","event":"breve","chan":"stdout","logger":"task"}
{"timestamp":"2025-07-13T14:45:51.822127Z","level":"info","event":"breve","chan":"stdout","logger":"task"}
{"timestamp":"2025-07-13T14:45:51.825342Z","level":"info","event":"breve","chan":"stdout","logger":"task"}
{"timestamp":"2025-07-13T14:45:51.827211Z","level":"info","event":"breve","chan":"stdout","logger":"task"}
{"timestamp":"2025-07-13T14:45:51.830196Z","level":"info","event":"breve","chan":"stdout","logger":"task"}
{"timestamp":"2025-07-13T14:45:51.832638Z","level":"info","event":"breve","chan":"stdout","logger":"task"}
{"timestamp":"2025-07-13T14:45:51.834224Z","level":"info","event":"breve","chan":"stdout","logger":"task"}
{"timestamp":"2025-07-13T14:45:51.835789Z","level":"info","event":"breve","chan":"stdout","logger":"task"}
{"timestamp":"2025-07-13T14:45:51.837289Z","level":"info","event":"breve","chan":"stdout","logger":"task"}
{"timestamp":"2025-07-13T14:45:51.839023Z","level":"info","event":"breve","chan":"stdout","logger":"task"}
{"timestamp":"2025-07-13T14:45:51.840689Z","level":"info","event":"breve","chan":"stdout","logger":"task"}
{"timestamp":"2025-07-13T14:45:51.842175Z","level":"info","event":"breve","chan":"stdout","logger":"task"}
{"timestamp":"2025-07-13T14:45:51.843732Z","level":"info","event":"breve","chan":"stdout","logger":"task"}
{"timestamp":"2025-07-13T14:45:51.845283Z","level":"info","event":"breve","chan":"stdout","logger":"task"}
{"timestamp":"2025-07-13T14:45:51.846716Z","level":"info","event":"breve","chan":"stdout","logger":"task"}
{"timestamp":"2025-07-13T14:45:51.848121Z","level":"info","event":"breve","chan":"stdout","logger":"task"}
{"timestamp":"2025-07-13T14:45:51.849492Z","level":"info","event":"breve","chan":"stdout","logger":"task"}
{"timestamp":"2025-07-13T14:45:51.850829Z","level":"info","event":"breve","chan":"stdout","logger":"task"}
{"timestamp":"2025-07-13T14:45:51.852209Z","level":"info","event":"breve","chan":"stdout","logger":"task"}
{"timestamp":"2025-07-13T14:45:51.853565Z","level":"info","event":"breve","chan":"stdout","logger":"task"}
{"timestamp":"2025-07-13T14:45:51.854963Z","level":"info","event":"breve","chan":"stdout","logger":"task"}
{"timestamp":"2025-07-13T14:45:51.856455Z","level":"info","event":"breve","chan":"stdout","logger":"task"}
{"timestamp":"2025-07-13T14:45:51.857788Z","level":"info","event":"breve","chan":"stdout","logger":"task"}
{"timestamp":"2025-07-13T14:45:51.859105Z","level":"info","event":"breve","chan":"stdout","logger":"task"}
{"timestamp":"2025-07-13T14:45:51.859957","level":"info","event":"Done. Returned value was: None","logger":"airflow.task.operators.airflow.providers.standard.operators.python.PythonOperator"}
{"timestamp":"2025-07-13T14:45:51.882771Z","level":"info","event":"Task instance in success state","chan":"stdout","logger":"task"}
{"timestamp":"2025-07-13T14:45:51.883062Z","level":"info","event":" Previous state of the Task instance: TaskInstanceState.RUNNING","chan":"stdout","logger":"task"}
{"timestamp":"2025-07-13T14:45:51.883229Z","level":"info","event":"Task operator:<Task(PythonOperator): detectar_pico>","chan":"stdout","logger":"task"}
