{"timestamp":"2025-07-14T11:46:52.707723","level":"info","event":"DAG bundles loaded: dags-folder, example_dags","logger":"airflow.dag_processing.bundles.manager.DagBundlesManager"}
{"timestamp":"2025-07-14T11:46:52.708430","level":"info","event":"Filling up the DagBag from /opt/airflow/dags/dag_analisis.py","logger":"airflow.models.dagbag.DagBag"}
{"timestamp":"2025-07-14T11:46:52.759318Z","level":"info","event":"Task instance is in running state","chan":"stdout","logger":"task"}
{"timestamp":"2025-07-14T11:46:52.759588Z","level":"info","event":" Previous state of the Task instance: TaskInstanceState.QUEUED","chan":"stdout","logger":"task"}
{"timestamp":"2025-07-14T11:46:52.759759Z","level":"info","event":"Current task name:detectar_desviacion","chan":"stdout","logger":"task"}
{"timestamp":"2025-07-14T11:46:52.759919Z","level":"info","event":"Dag name:a2","chan":"stdout","logger":"task"}
{"timestamp":"2025-07-14T11:46:52.760069Z","level":"info","event":"franja 8 - 10","chan":"stdout","logger":"task"}
{"timestamp":"2025-07-14T11:46:52.760222Z","level":"info","event":"ultimo (236034, 1, datetime.datetime(2025, 7, 7, 9, 45), 198.64, 'valido')","chan":"stdout","logger":"task"}
{"timestamp":"2025-07-14T11:46:52.760376Z","level":"info","event":"[3.31, 4.35, 5.14, 5.97, 29.31, 30.18, 30.66, 31.7, 66.57, 67.15, 67.56, 68.56, 98.76, 99.47, 99.96, 100.51, 131.78, 132.35, 133.09, 133.83, 165.35, 166.39, 166.79, 167.55, 196.3, 197.27, 197.8]","chan":"stdout","logger":"task"}
{"timestamp":"2025-07-14T11:46:52.760528Z","level":"info","event":"media 96.20962962962965 - desviacion 63.779862576154834","chan":"stdout","logger":"task"}
{"timestamp":"2025-07-14T11:46:52.760674Z","level":"info","event":"lim_inf -31.35009552268002","chan":"stdout","logger":"task"}
{"timestamp":"2025-07-14T11:46:52.760816Z","level":"info","event":"lim_sup 223.7693547819393","chan":"stdout","logger":"task"}
{"timestamp":"2025-07-14T11:46:52.760968Z","level":"info","event":"CORRECTO","chan":"stdout","logger":"task"}
{"timestamp":"2025-07-14T11:46:52.761112Z","level":"info","event":"franja 8 - 10","chan":"stdout","logger":"task"}
{"timestamp":"2025-07-14T11:46:52.761252Z","level":"info","event":"ultimo (236398, 2, datetime.datetime(2025, 7, 7, 9, 45), 196.96, 'cuarentena')","chan":"stdout","logger":"task"}
{"timestamp":"2025-07-14T11:46:52.761396Z","level":"info","event":"Alerta perdida de energia, dato atipico","chan":"stdout","logger":"task"}
{"timestamp":"2025-07-14T11:46:52.759323","level":"info","event":"Done. Returned value was: None","logger":"airflow.task.operators.airflow.providers.standard.operators.python.PythonOperator"}
{"timestamp":"2025-07-14T11:46:52.785715Z","level":"info","event":"Task instance in success state","chan":"stdout","logger":"task"}
{"timestamp":"2025-07-14T11:46:52.785984Z","level":"info","event":" Previous state of the Task instance: TaskInstanceState.RUNNING","chan":"stdout","logger":"task"}
{"timestamp":"2025-07-14T11:46:52.786137Z","level":"info","event":"Task operator:<Task(PythonOperator): detectar_desviacion>","chan":"stdout","logger":"task"}
