{"timestamp":"2025-07-12T23:05:21.050381","level":"info","event":"DAG bundles loaded: dags-folder, example_dags","logger":"airflow.dag_processing.bundles.manager.DagBundlesManager"}
{"timestamp":"2025-07-12T23:05:21.051144","level":"info","event":"Filling up the DagBag from /opt/airflow/dags/dag_analisis.py","logger":"airflow.models.dagbag.DagBag"}
{"timestamp":"2025-07-12T23:05:21.104664Z","level":"info","event":"Task instance is in running state","chan":"stdout","logger":"task"}
{"timestamp":"2025-07-12T23:05:21.104913Z","level":"info","event":" Previous state of the Task instance: TaskInstanceState.QUEUED","chan":"stdout","logger":"task"}
{"timestamp":"2025-07-12T23:05:21.105064Z","level":"info","event":"Current task name:deteccion_valores_congelados","chan":"stdout","logger":"task"}
{"timestamp":"2025-07-12T23:05:21.105229Z","level":"info","event":"Dag name:a1","chan":"stdout","logger":"task"}
{"timestamp":"2025-07-12T23:05:21.083570","level":"warning","event":"/opt/airflow/dags/dag_analisis.py:68: UserWarning: pandas only supports SQLAlchemy connectable (engine/connection) or database string URI or sqlite3 DBAPI2 connection. Other DBAPI2 objects are not tested. Please consider using SQLAlchemy.\n  df = pd.read_sql(query, conn)\n","logger":"py.warnings"}
{"timestamp":"2025-07-12T23:05:21.161387Z","level":"info","event":"         id  device_id           timestamp  value  rn","chan":"stdout","logger":"task"}
{"timestamp":"2025-07-12T23:05:21.161821Z","level":"info","event":"0    230984          1 2025-07-08 07:15:00   0.28   3","chan":"stdout","logger":"task"}
{"timestamp":"2025-07-12T23:05:21.162088Z","level":"info","event":"1    231084          1 2025-07-08 07:30:00   0.19   2","chan":"stdout","logger":"task"}
{"timestamp":"2025-07-12T23:05:21.162335Z","level":"info","event":"2    231184          1 2025-07-08 07:45:00   0.17   1","chan":"stdout","logger":"task"}
{"timestamp":"2025-07-12T23:05:21.162582Z","level":"info","event":"3    230985          2 2025-07-08 07:15:00   0.28   3","chan":"stdout","logger":"task"}
{"timestamp":"2025-07-12T23:05:21.162828Z","level":"info","event":"4    231085          2 2025-07-08 07:30:00   0.19   2","chan":"stdout","logger":"task"}
{"timestamp":"2025-07-12T23:05:21.163077Z","level":"info","event":"..      ...        ...                 ...    ...  ..","chan":"stdout","logger":"task"}
{"timestamp":"2025-07-12T23:05:21.163333Z","level":"info","event":"295  231182         99 2025-07-08 07:30:00   0.27   2","chan":"stdout","logger":"task"}
{"timestamp":"2025-07-12T23:05:21.163586Z","level":"info","event":"296  231282         99 2025-07-08 07:45:00   0.33   1","chan":"stdout","logger":"task"}
{"timestamp":"2025-07-12T23:05:21.163839Z","level":"info","event":"297  231083        100 2025-07-08 07:15:00   0.39   3","chan":"stdout","logger":"task"}
{"timestamp":"2025-07-12T23:05:21.164084Z","level":"info","event":"298  231183        100 2025-07-08 07:30:00   0.23   2","chan":"stdout","logger":"task"}
{"timestamp":"2025-07-12T23:05:21.164328Z","level":"info","event":"299  231283        100 2025-07-08 07:45:00   0.15   1","chan":"stdout","logger":"task"}
{"timestamp":"2025-07-12T23:05:21.164573Z","level":"info","event":"","chan":"stdout","logger":"task"}
{"timestamp":"2025-07-12T23:05:21.164810Z","level":"info","event":"[300 rows x 5 columns]","chan":"stdout","logger":"task"}
{"timestamp":"2025-07-12T23:05:21.172970Z","level":"info","event":"congelados 36","chan":"stdout","logger":"task"}
{"timestamp":"2025-07-12T23:05:21.173776","level":"info","event":"Done. Returned value was: None","logger":"airflow.task.operators.airflow.providers.standard.operators.python.PythonOperator"}
{"timestamp":"2025-07-12T23:05:21.203878Z","level":"info","event":"Task instance in success state","chan":"stdout","logger":"task"}
{"timestamp":"2025-07-12T23:05:21.204146Z","level":"info","event":" Previous state of the Task instance: TaskInstanceState.RUNNING","chan":"stdout","logger":"task"}
{"timestamp":"2025-07-12T23:05:21.204310Z","level":"info","event":"Task operator:<Task(PythonOperator): deteccion_valores_congelados>","chan":"stdout","logger":"task"}
